#
# A fatal error has been detected by the Java Runtime Environment:
#
#  SIGSEGV (0xb) at pc=0x00007fff6d7c3f17, pid=5514, tid=0x0000000000000307
#
# JRE version: Java(TM) SE Runtime Environment (8.0_191-b12) (build 1.8.0_191-b12)
# Java VM: Java HotSpot(TM) 64-Bit Server VM (25.191-b12 mixed mode bsd-amd64 compressed oops)
# Problematic frame:
# C  [libobjc.A.dylib+0x8f17]  _class_initialize+0x25
#
# Failed to write core dump. Core dumps have been disabled. To enable core dumping, try "ulimit -c unlimited" before starting Java again
#
# If you would like to submit a bug report, please visit:
#   http://bugreport.java.com/bugreport/crash.jsp
# The crash happened outside the Java Virtual Machine in native code.
# See problematic frame for where to report the bug.
#

---------------  T H R E A D  ---------------

Current thread (0x00007fe91f1ae800):  JavaThread "AWT-AppKit" daemon [_thread_in_native, id=775, stack(0x00007ffee00cd000,0x00007ffee08cd000)]

siginfo: si_signo: 11 (SIGSEGV), si_code: 1 (SEGV_MAPERR), si_addr: 0x00000000000007e8

Registers:
RAX=0x00007fff9a0d0ef8, RBX=0x00007ffffffffff8, RCX=0x0000000000000000, RDX=0x00007fe921540400
RSP=0x00007ffee08c81f0, RBP=0x00007ffee08c8220, RSI=0x00007fe921540400, RDI=0x00007fff9a0d0ef8
R8 =0x0000000000000000, R9 =0x0000000000000001, R10=0x00007fff9a0d0ef8, R11=0x00007fff41a372fc
R12=0x00007fff9a0d0ef8, R13=0x00007fff3f7937eb, R14=0x00000000000007c8, R15=0x00007fe921540400
RIP=0x00007fff6d7c3f17, EFLAGS=0x0000000000010202, ERR=0x0000000000000004
  TRAPNO=0x000000000000000e

Top of Stack: (sp=0x00007ffee08c81f0)
0x00007ffee08c81f0:   00007fff9a0d0ef8 00007fe91ed09340
0x00007ffee08c8200:   00007fff9a0d0ef8 00007fff3f7937eb
0x00007ffee08c8210:   0000000000000001 00007fe921540400
0x00007ffee08c8220:   00007ffee08c8280 00007fff6d7c3a19
0x00007ffee08c8230:   00007ffee08c8350 fd00000070001003
0x00007ffee08c8240:   00007ffee08cffff 000000000000003f
0x00007ffee08c8250:   00000001e08c8268 000000011a9ca450
0x00007ffee08c8260:   0000000000000000 000000019a322c00
0x00007ffee08c8270:   000000011a9ca440 00007fe91f1ae800
0x00007ffee08c8280:   00007ffee08c8350 00007fff6d7c3494
0x00007ffee08c8290:   00007fe921000000 000000009210005c
0x00007ffee08c82a0:   0000000000000001 0000000000000000
0x00007ffee08c82b0:   00007fff3f7937eb 00007fe921540400
0x00007ffee08c82c0:   00007fe9217ddc40 00000001195ef000
0x00007ffee08c82d0:   0000000000000000 0000000000000000
0x00007ffee08c82e0:   00000000000000ff 0000000000000000
0x00007ffee08c82f0:   0000000000000000 0000000000000000
0x00007ffee08c8300:   6f63616d5f747761 534f63614d5f7873
0x00007ffee08c8310:   534f63614d5f7873 6e69575457414a58
0x00007ffee08c8320:   00000000c46a8000 0000000000000000
0x00007ffee08c8330:   0000000044960000 0000000000000000
0x00007ffee08c8340:   80000000c46a8000 0000000000000000
0x00007ffee08c8350:   00007ffee08c8410 000000011a9c8157
0x00007ffee08c8360:   00007ffee08c83b0 0000000000000003
0x00007ffee08c8370:   00007ffee08c8390 000000010fd43392
0x00007ffee08c8380:   000000019a322c00 000000019a322c00
0x00007ffee08c8390:   00007fe9217ddc40 000000011a9ca6a0
0x00007ffee08c83a0:   000000011a9ca710 00007fff9a08eca8
0x00007ffee08c83b0:   00007fff9b784e38 000000011a9ca450
0x00007ffee08c83c0:   000000011a9ca690 00007fe9217ddc40
0x00007ffee08c83d0:   00007fe921540400 00007fe91ed424d0
0x00007ffee08c83e0:   00007fe9217ddc40 00007fe921540400 

Instructions: (pc=0x00007fff6d7c3f17)
0x00007fff6d7c3ef7:   57 41 56 41 55 41 54 53 50 49 89 fc 48 bb f8 ff
0x00007fff6d7c3f07:   ff ff ff 7f 00 00 4d 8b 74 24 08 4d 85 f6 74 2b
0x00007fff6d7c3f17:   49 8b 46 20 48 21 d8 48 8b 48 08 f6 01 01 75 0d
0x00007fff6d7c3f27:   49 8b 06 48 21 d8 48 8b 40 20 48 21 d8 f6 40 03 

Register to memory mapping:

RAX=0x00007fff9a0d0ef8: __block_literal_global.67+0x4ba0 in /System/Library/Frameworks/CoreFoundation.framework/Versions/A/CoreFoundation at 0x00007fff41613000
RBX=0x00007ffffffffff8 is an unknown value
RCX=0x0000000000000000 is an unknown value
RDX=0x00007fe921540400 is an unknown value
RSP=0x00007ffee08c81f0 is pointing into the stack for thread: 0x00007fe91f1ae800
RBP=0x00007ffee08c8220 is pointing into the stack for thread: 0x00007fe91f1ae800
RSI=0x00007fe921540400 is an unknown value
RDI=0x00007fff9a0d0ef8: __block_literal_global.67+0x4ba0 in /System/Library/Frameworks/CoreFoundation.framework/Versions/A/CoreFoundation at 0x00007fff41613000
R8 =0x0000000000000000 is an unknown value
R9 =0x0000000000000001 is an unknown value
R10=0x00007fff9a0d0ef8: __block_literal_global.67+0x4ba0 in /System/Library/Frameworks/CoreFoundation.framework/Versions/A/CoreFoundation at 0x00007fff41613000
R11=0x00007fff41a372fc: _XMLPlistAppendDataUsingBase64.__CFPLDataEncodeTable+0x9c9cc in /System/Library/Frameworks/CoreFoundation.framework/Versions/A/CoreFoundation at 0x00007fff41613000
R12=0x00007fff9a0d0ef8: __block_literal_global.67+0x4ba0 in /System/Library/Frameworks/CoreFoundation.framework/Versions/A/CoreFoundation at 0x00007fff41613000
R13=0x00007fff3f7937eb: GCC_except_table7+0x9eaf in /System/Library/Frameworks/AppKit.framework/Versions/C/AppKit at 0x00007fff3eb84000
R14=0x00000000000007c8 is an unknown value
R15=0x00007fe921540400 is an unknown value


Stack: [0x00007ffee00cd000,0x00007ffee08cd000],  sp=0x00007ffee08c81f0,  free space=8172k
Native frames: (J=compiled Java code, j=interpreted, Vv=VM code, C=native code)
C  [libobjc.A.dylib+0x8f17]  _class_initialize+0x25
C  [libobjc.A.dylib+0x8a19]  lookUpImpOrForward+0xee
C  [libobjc.A.dylib+0x8494]  _objc_msgSend_uncached+0x44
C  [libnativewindow_macosx.jnilib+0x5157]  Java_jogamp_nativewindow_jawt_macosx_MacOSXJAWTWindow_UnsetJAWTRootSurfaceLayer0+0xe7
j  jogamp.nativewindow.jawt.macosx.MacOSXJAWTWindow.UnsetJAWTRootSurfaceLayer0(JJ)V+0
j  jogamp.nativewindow.jawt.macosx.MacOSXJAWTWindow.access$200(JJ)V+2
j  jogamp.nativewindow.jawt.macosx.MacOSXJAWTWindow$1.run()V+38
j  com.jogamp.common.util.RunnableTask.run()V+24
v  ~StubRoutines::call_stub
V  [libjvm.dylib+0x2ef9fe]  JavaCalls::call_helper(JavaValue*, methodHandle*, JavaCallArguments*, Thread*)+0x6ae
V  [libjvm.dylib+0x326d3c]  jni_invoke_nonstatic(JNIEnv_*, JavaValue*, _jobject*, JNICallType, _jmethodID*, JNI_ArgumentPusher*, Thread*)+0x2ec
V  [libjvm.dylib+0x31951f]  jni_CallVoidMethod+0x16b
C  [libnativewindow_macosx.jnilib+0x5326]  Java_jogamp_nativewindow_jawt_macosx_MacOSXJAWTWindow_UnsetJAWTRootSurfaceLayer0+0x2b6
C  [Foundation+0xb1bab]  __NSThreadPerformPerform+0x147
C  [CoreFoundation+0x58395]  __CFRUNLOOP_IS_CALLING_OUT_TO_A_SOURCE0_PERFORM_FUNCTION__+0x11
C  [CoreFoundation+0x5833b]  __CFRunLoopDoSource0+0x6c
C  [CoreFoundation+0x3bdd1]  __CFRunLoopDoSources0+0xc3
C  [CoreFoundation+0x3b37a]  __CFRunLoopRun+0x4c3
C  [CoreFoundation+0x3ac64]  CFRunLoopRunSpecific+0x1cf
C  [HIToolbox+0xaab5]  RunCurrentEventLoopInMode+0x125
C  [HIToolbox+0xa6f4]  ReceiveNextEventCommon+0x173
C  [HIToolbox+0xa568]  _BlockUntilNextEventMatchingListInModeWithFilter+0x40
C  [AppKit+0x1b363]  _DPSNextEvent+0x3e5
C  [AppKit+0x1a102]  -[NSApplication(NSEvent) _nextEventMatchingEventMask:untilDate:inMode:dequeue:]+0x552
C  [libosxapp.dylib+0x2328]  -[NSApplicationAWT nextEventMatchingMask:untilDate:inMode:dequeue:]+0x7c
C  [AppKit+0x14165]  -[NSApplication run]+0x2bb
C  [libosxapp.dylib+0x1f72]  +[NSApplicationAWT runAWTLoopWithApp:]+0x9c
C  [libawt_lwawt.dylib+0x4711f]  -[AWTStarter starter:]+0x389
C  [Foundation+0xb1bab]  __NSThreadPerformPerform+0x147
C  [CoreFoundation+0x58395]  __CFRUNLOOP_IS_CALLING_OUT_TO_A_SOURCE0_PERFORM_FUNCTION__+0x11
C  [CoreFoundation+0x5833b]  __CFRunLoopDoSource0+0x6c
C  [CoreFoundation+0x3bdd1]  __CFRunLoopDoSources0+0xc3
C  [CoreFoundation+0x3b37a]  __CFRunLoopRun+0x4c3
C  [CoreFoundation+0x3ac64]  CFRunLoopRunSpecific+0x1cf
C  [java+0x646e]  CreateExecutionEnvironment+0x367
C  [java+0x203c]  JLI_Launch+0x7a0
C  [java+0x84cb]  main+0x65
C  [java+0x1894]  start+0x34
C  0x0000000000000007

Java frames: (J=compiled Java code, j=interpreted, Vv=VM code)
j  jogamp.nativewindow.jawt.macosx.MacOSXJAWTWindow.UnsetJAWTRootSurfaceLayer0(JJ)V+0
j  jogamp.nativewindow.jawt.macosx.MacOSXJAWTWindow.access$200(JJ)V+2
j  jogamp.nativewindow.jawt.macosx.MacOSXJAWTWindow$1.run()V+38
j  com.jogamp.common.util.RunnableTask.run()V+24
v  ~StubRoutines::call_stub

---------------  P R O C E S S  ---------------

Java Threads: ( => current thread )
  0x00007fe9204ed000 JavaThread "Thread-19" [_thread_blocked, id=57627, stack(0x000070000bb9e000,0x000070000bc9e000)]
  0x00007fe91fabd000 JavaThread "Image Fetcher 3" daemon [_thread_blocked, id=67843, stack(0x000070000c2b3000,0x000070000c3b3000)]
  0x00007fe920cee000 JavaThread "Image Fetcher 2" daemon [_thread_blocked, id=68099, stack(0x000070000c1b0000,0x000070000c2b0000)]
  0x00007fe920ced000 JavaThread "Image Fetcher 1" daemon [_thread_blocked, id=58627, stack(0x000070000c0ad000,0x000070000c1ad000)]
  0x00007fe9208bc000 JavaThread "Image Fetcher 0" daemon [_thread_blocked, id=68867, stack(0x000070000bfaa000,0x000070000c0aa000)]
  0x00007fe91fb30000 JavaThread "Keep-Alive-Timer" daemon [_thread_blocked, id=71963, stack(0x000070000ba18000,0x000070000bb18000)]
  0x00007fe920a02800 JavaThread "AWT-EventQueue-1" [_thread_blocked, id=72999, stack(0x000070000b915000,0x000070000ba15000)]
  0x00007fe920802000 JavaThread "DestroyJavaVM" [_thread_blocked, id=10243, stack(0x000070000a24a000,0x000070000a34a000)]
  0x00007fe920208800 JavaThread "AWT-EventQueue-0" [_thread_blocked, id=77587, stack(0x000070000b70f000,0x000070000b80f000)]
  0x00007fe91f1d6000 JavaThread "Java2D Disposer" daemon [_thread_blocked, id=49939, stack(0x000070000b486000,0x000070000b586000)]
  0x00007fe92095e800 JavaThread "Java2D Queue Flusher" daemon [_thread_blocked, id=81167, stack(0x000070000b383000,0x000070000b483000)]
  0x00007fe920102000 JavaThread "AWT-Shutdown" [_thread_blocked, id=25611, stack(0x000070000b0f7000,0x000070000b1f7000)]
=>0x00007fe91f1ae800 JavaThread "AWT-AppKit" daemon [_thread_in_native, id=775, stack(0x00007ffee00cd000,0x00007ffee08cd000)]
  0x00007fe91f012000 JavaThread "Service Thread" daemon [_thread_blocked, id=14595, stack(0x000070000ae6e000,0x000070000af6e000)]
  0x00007fe91f021000 JavaThread "C1 CompilerThread2" daemon [_thread_blocked, id=18179, stack(0x000070000ad6b000,0x000070000ae6b000)]
  0x00007fe91f020800 JavaThread "C2 CompilerThread1" daemon [_thread_blocked, id=14083, stack(0x000070000ac68000,0x000070000ad68000)]
  0x00007fe91f01e800 JavaThread "C2 CompilerThread0" daemon [_thread_blocked, id=18691, stack(0x000070000ab65000,0x000070000ac65000)]
  0x00007fe91f001000 JavaThread "Signal Dispatcher" daemon [_thread_blocked, id=13315, stack(0x000070000aa62000,0x000070000ab62000)]
  0x00007fe92002f000 JavaThread "Finalizer" daemon [_thread_blocked, id=20483, stack(0x000070000a95f000,0x000070000aa5f000)]
  0x00007fe91f824000 JavaThread "Reference Handler" daemon [_thread_blocked, id=11779, stack(0x000070000a85c000,0x000070000a95c000)]

Other Threads:
  0x00007fe91f807000 VMThread [stack: 0x000070000a759000,0x000070000a859000] [id=20995]
  0x00007fe91f014800 WatcherThread [stack: 0x000070000af71000,0x000070000b071000] [id=14851]

VM state:not at safepoint (normal execution)

VM Mutex/Monitor currently owned by a thread: None

Heap:
 PSYoungGen      total 54272K, used 11750K [0x0000000795580000, 0x0000000799080000, 0x00000007c0000000)
  eden space 49152K, 13% used [0x0000000795580000,0x0000000795c01800,0x0000000798580000)
  from space 5120K, 99% used [0x0000000798b80000,0x0000000799078170,0x0000000799080000)
  to   space 5120K, 0% used [0x0000000798680000,0x0000000798680000,0x0000000798b80000)
 ParOldGen       total 64000K, used 21107K [0x0000000740000000, 0x0000000743e80000, 0x0000000795580000)
  object space 64000K, 32% used [0x0000000740000000,0x000000074149cfe0,0x0000000743e80000)
 Metaspace       used 24368K, capacity 24787K, committed 25008K, reserved 1071104K
  class space    used 2472K, capacity 2624K, committed 2736K, reserved 1048576K

Card table byte_map: [0x0000000110f74000,0x0000000111375000] byte_map_base: 0x000000010d574000

Marking Bits: (ParMarkBitMap*) 0x00000001104f9e00
 Begin Bits: [0x0000000111620000, 0x0000000113620000)
 End Bits:   [0x0000000113620000, 0x0000000115620000)

Polling page: 0x000000010f3a2000

CodeCache: size=245760Kb used=9769Kb max_used=9770Kb free=235990Kb
 bounds [0x000000011f02a000, 0x000000011f9ca000, 0x000000012e02a000]
 total_blobs=3790 nmethods=2839 adapters=864
 compilation: enabled

Compilation events (10 events):
Event: 5.843 Thread 0x00007fe91f021000 nmethod 2835 0x000000011f9b83d0 code [0x000000011f9b8540, 0x000000011f9b86b0]
Event: 5.843 Thread 0x00007fe91f021000 2833       1       sun.java2d.SurfaceData::isValid (5 bytes)
Event: 5.843 Thread 0x00007fe91f021000 nmethod 2833 0x000000011f9b8750 code [0x000000011f9b88a0, 0x000000011f9b89b0]
Event: 5.843 Thread 0x00007fe91f021000 2832       3       java.util.concurrent.locks.AbstractQueuedSynchronizer::isOnSyncQueue (33 bytes)
Event: 5.844 Thread 0x00007fe91f021000 nmethod 2832 0x000000011f9b8a10 code [0x000000011f9b8ba0, 0x000000011f9b8f30]
Event: 5.844 Thread 0x00007fe91f021000 2834       1       java.awt.Component::isEnabledImpl (5 bytes)
Event: 5.844 Thread 0x00007fe91f021000 nmethod 2834 0x000000011f9b9090 code [0x000000011f9b91e0, 0x000000011f9b92f0]
Event: 5.854 Thread 0x00007fe91f021000 2836       3       java.util.HashMap::clear (50 bytes)
Event: 5.855 Thread 0x00007fe91f021000 nmethod 2836 0x000000011f9b9350 code [0x000000011f9b94e0, 0x000000011f9b98b0]
Event: 5.858 Thread 0x00007fe91f020800 2837       4       java.awt.Rectangle::<init> (26 bytes)

GC Heap History (10 events):
Event: 2.320 GC heap before
{Heap before GC invocations=1 (full 0):
 PSYoungGen      total 38400K, used 33280K [0x0000000795580000, 0x0000000798000000, 0x00000007c0000000)
  eden space 33280K, 100% used [0x0000000795580000,0x0000000797600000,0x0000000797600000)
  from space 5120K, 0% used [0x0000000797b00000,0x0000000797b00000,0x0000000798000000)
  to   space 5120K, 0% used [0x0000000797600000,0x0000000797600000,0x0000000797b00000)
 ParOldGen       total 87552K, used 0K [0x0000000740000000, 0x0000000745580000, 0x0000000795580000)
  object space 87552K, 0% used [0x0000000740000000,0x0000000740000000,0x0000000745580000)
 Metaspace       used 16316K, capacity 16619K, committed 17024K, reserved 1064960K
  class space    used 1681K, capacity 1794K, committed 1920K, reserved 1048576K
Event: 2.327 GC heap after
Heap after GC invocations=1 (full 0):
 PSYoungGen      total 38400K, used 5094K [0x0000000795580000, 0x0000000798000000, 0x00000007c0000000)
  eden space 33280K, 0% used [0x0000000795580000,0x0000000795580000,0x0000000797600000)
  from space 5120K, 99% used [0x0000000797600000,0x0000000797af98d8,0x0000000797b00000)
  to   space 5120K, 0% used [0x0000000797b00000,0x0000000797b00000,0x0000000798000000)
 ParOldGen       total 87552K, used 16K [0x0000000740000000, 0x0000000745580000, 0x0000000795580000)
  object space 87552K, 0% used [0x0000000740000000,0x0000000740004000,0x0000000745580000)
 Metaspace       used 16316K, capacity 16619K, committed 17024K, reserved 1064960K
  class space    used 1681K, capacity 1794K, committed 1920K, reserved 1048576K
}
Event: 3.107 GC heap before
{Heap before GC invocations=2 (full 0):
 PSYoungGen      total 38400K, used 27261K [0x0000000795580000, 0x0000000798000000, 0x00000007c0000000)
  eden space 33280K, 66% used [0x0000000795580000,0x0000000796b25cc8,0x0000000797600000)
  from space 5120K, 99% used [0x0000000797600000,0x0000000797af98d8,0x0000000797b00000)
  to   space 5120K, 0% used [0x0000000797b00000,0x0000000797b00000,0x0000000798000000)
 ParOldGen       total 87552K, used 16K [0x0000000740000000, 0x0000000745580000, 0x0000000795580000)
  object space 87552K, 0% used [0x0000000740000000,0x0000000740004000,0x0000000745580000)
 Metaspace       used 20756K, capacity 21183K, committed 21296K, reserved 1069056K
  class space    used 2171K, capacity 2326K, committed 2352K, reserved 1048576K
Event: 3.116 GC heap after
Heap after GC invocations=2 (full 0):
 PSYoungGen      total 38400K, used 5099K [0x0000000795580000, 0x0000000798000000, 0x00000007c0000000)
  eden space 33280K, 0% used [0x0000000795580000,0x0000000795580000,0x0000000797600000)
  from space 5120K, 99% used [0x0000000797b00000,0x0000000797ffaeb0,0x0000000798000000)
  to   space 5120K, 0% used [0x0000000797600000,0x0000000797600000,0x0000000797b00000)
 ParOldGen       total 87552K, used 2761K [0x0000000740000000, 0x0000000745580000, 0x0000000795580000)
  object space 87552K, 3% used [0x0000000740000000,0x00000007402b2520,0x0000000745580000)
 Metaspace       used 20756K, capacity 21183K, committed 21296K, reserved 1069056K
  class space    used 2171K, capacity 2326K, committed 2352K, reserved 1048576K
}
Event: 3.116 GC heap before
{Heap before GC invocations=3 (full 1):
 PSYoungGen      total 38400K, used 5099K [0x0000000795580000, 0x0000000798000000, 0x00000007c0000000)
  eden space 33280K, 0% used [0x0000000795580000,0x0000000795580000,0x0000000797600000)
  from space 5120K, 99% used [0x0000000797b00000,0x0000000797ffaeb0,0x0000000798000000)
  to   space 5120K, 0% used [0x0000000797600000,0x0000000797600000,0x0000000797b00000)
 ParOldGen       total 87552K, used 2761K [0x0000000740000000, 0x0000000745580000, 0x0000000795580000)
  object space 87552K, 3% used [0x0000000740000000,0x00000007402b2520,0x0000000745580000)
 Metaspace       used 20756K, capacity 21183K, committed 21296K, reserved 1069056K
  class space    used 2171K, capacity 2326K, committed 2352K, reserved 1048576K
Event: 3.145 GC heap after
Heap after GC invocations=3 (full 1):
 PSYoungGen      total 38400K, used 0K [0x0000000795580000, 0x0000000798000000, 0x00000007c0000000)
  eden space 33280K, 0% used [0x0000000795580000,0x0000000795580000,0x0000000797600000)
  from space 5120K, 0% used [0x0000000797b00000,0x0000000797b00000,0x0000000798000000)
  to   space 5120K, 0% used [0x0000000797600000,0x0000000797600000,0x0000000797b00000)
 ParOldGen       total 64000K, used 7732K [0x0000000740000000, 0x0000000743e80000, 0x0000000795580000)
  object space 64000K, 12% used [0x0000000740000000,0x000000074078d050,0x0000000743e80000)
 Metaspace       used 20756K, capacity 21183K, committed 21296K, reserved 1069056K
  class space    used 2171K, capacity 2326K, committed 2352K, reserved 1048576K
}
Event: 3.733 GC heap before
{Heap before GC invocations=4 (full 1):
 PSYoungGen      total 38400K, used 33280K [0x0000000795580000, 0x0000000798000000, 0x00000007c0000000)
  eden space 33280K, 100% used [0x0000000795580000,0x0000000797600000,0x0000000797600000)
  from space 5120K, 0% used [0x0000000797b00000,0x0000000797b00000,0x0000000798000000)
  to   space 5120K, 0% used [0x0000000797600000,0x0000000797600000,0x0000000797b00000)
 ParOldGen       total 64000K, used 7732K [0x0000000740000000, 0x0000000743e80000, 0x0000000795580000)
  object space 64000K, 12% used [0x0000000740000000,0x000000074078d050,0x0000000743e80000)
 Metaspace       used 23795K, capacity 24221K, committed 24368K, reserved 1071104K
  class space    used 2458K, capacity 2589K, committed 2608K, reserved 1048576K
Event: 3.743 GC heap after
Heap after GC invocations=4 (full 1):
 PSYoungGen      total 38400K, used 5088K [0x0000000795580000, 0x0000000799080000, 0x00000007c0000000)
  eden space 33280K, 0% used [0x0000000795580000,0x0000000795580000,0x0000000797600000)
  from space 5120K, 99% used [0x0000000797600000,0x0000000797af8130,0x0000000797b00000)
  to   space 5120K, 0% used [0x0000000798b80000,0x0000000798b80000,0x0000000799080000)
 ParOldGen       total 64000K, used 17941K [0x0000000740000000, 0x0000000743e80000, 0x0000000795580000)
  object space 64000K, 28% used [0x0000000740000000,0x0000000741185540,0x0000000743e80000)
 Metaspace       used 23795K, capacity 24221K, committed 24368K, reserved 1071104K
  class space    used 2458K, capacity 2589K, committed 2608K, reserved 1048576K
}
Event: 5.277 GC heap before
{Heap before GC invocations=5 (full 1):
 PSYoungGen      total 38400K, used 38368K [0x0000000795580000, 0x0000000799080000, 0x00000007c0000000)
  eden space 33280K, 100% used [0x0000000795580000,0x0000000797600000,0x0000000797600000)
  from space 5120K, 99% used [0x0000000797600000,0x0000000797af8130,0x0000000797b00000)
  to   space 5120K, 0% used [0x0000000798b80000,0x0000000798b80000,0x0000000799080000)
 ParOldGen       total 64000K, used 17941K [0x0000000740000000, 0x0000000743e80000, 0x0000000795580000)
  object space 64000K, 28% used [0x0000000740000000,0x0000000741185540,0x0000000743e80000)
 Metaspace       used 24236K, capacity 24623K, committed 24880K, reserved 1071104K
  class space    used 2459K, capacity 2590K, committed 2608K, reserved 1048576K
Event: 5.286 GC heap after
Heap after GC invocations=5 (full 1):
 PSYoungGen      total 54272K, used 5088K [0x0000000795580000, 0x0000000799080000, 0x00000007c0000000)
  eden space 49152K, 0% used [0x0000000795580000,0x0000000795580000,0x0000000798580000)
  from space 5120K, 99% used [0x0000000798b80000,0x0000000799078170,0x0000000799080000)
  to   space 5120K, 0% used [0x0000000798680000,0x0000000798680000,0x0000000798b80000)
 ParOldGen       total 64000K, used 21107K [0x0000000740000000, 0x0000000743e80000, 0x0000000795580000)
  object space 64000K, 32% used [0x0000000740000000,0x000000074149cfe0,0x0000000743e80000)
 Metaspace       used 24236K, capacity 24623K, committed 24880K, reserved 1071104K
  class space    used 2459K, capacity 2590K, committed 2608K, reserved 1048576K
}

Deoptimization events (10 events):
Event: 3.600 Thread 0x00007fe920a02800 Uncommon trap: reason=class_check action=maybe_recompile pc=0x000000011f4f63bc method=java.util.regex.Matcher.search(I)Z @ 86
Event: 3.600 Thread 0x00007fe920a02800 Uncommon trap: reason=class_check action=maybe_recompile pc=0x000000011f4f63bc method=java.util.regex.Matcher.search(I)Z @ 86
Event: 3.600 Thread 0x00007fe920a02800 Uncommon trap: reason=class_check action=maybe_recompile pc=0x000000011f4f63bc method=java.util.regex.Matcher.search(I)Z @ 86
Event: 5.794 Thread 0x00007fe920a02800 Uncommon trap: reason=unstable_if action=reinterpret pc=0x000000011f78e228 method=com.jogamp.common.util.VersionNumber.compareTo(Lcom/jogamp/common/util/VersionNumber;)I @ 21
Event: 5.841 Thread 0x00007fe91f2bd000 Uncommon trap: reason=class_check action=maybe_recompile pc=0x000000011f45aa60 method=java.util.HashMap.putVal(ILjava/lang/Object;Ljava/lang/Object;ZZ)Ljava/lang/Object; @ 91
Event: 5.841 Thread 0x00007fe91f2bd000 Uncommon trap: reason=bimorphic action=maybe_recompile pc=0x000000011f592df8 method=java.util.HashMap.putVal(ILjava/lang/Object;Ljava/lang/Object;ZZ)Ljava/lang/Object; @ 91
Event: 5.841 Thread 0x00007fe91f2bd000 Uncommon trap: reason=bimorphic action=maybe_recompile pc=0x000000011f592df8 method=java.util.HashMap.putVal(ILjava/lang/Object;Ljava/lang/Object;ZZ)Ljava/lang/Object; @ 91
Event: 5.842 Thread 0x00007fe91f2bd000 Uncommon trap: reason=bimorphic action=maybe_recompile pc=0x000000011f592df8 method=java.util.HashMap.putVal(ILjava/lang/Object;Ljava/lang/Object;ZZ)Ljava/lang/Object; @ 91
Event: 5.842 Thread 0x00007fe91f2bd000 Uncommon trap: reason=bimorphic action=maybe_recompile pc=0x000000011f592df8 method=java.util.HashMap.putVal(ILjava/lang/Object;Ljava/lang/Object;ZZ)Ljava/lang/Object; @ 91
Event: 5.858 Thread 0x00007fe9204ed000 Uncommon trap: reason=predicate action=maybe_recompile pc=0x000000011f952414 method=java.util.Vector.indexOf(Ljava/lang/Object;I)I @ 44

Classes redefined (0 events):
No events

Internal exceptions (10 events):
Event: 0.155 Thread 0x00007fe920802000 Exception <a 'java/lang/NoSuchFieldError': method resolution failed> (0x00000007957a7218) thrown at [/Users/java_re/workspace/8-2-build-macosx-x86_64/jdk8u191/11896/hotspot/src/share/vm/prims/methodHandles.cpp, line 1167]
Event: 0.362 Thread 0x00007fe920802000 Exception <a 'java/io/FileNotFoundException'> (0x00000007958228c8) thrown at [/Users/java_re/workspace/8-2-build-macosx-x86_64/jdk8u191/11896/hotspot/src/share/vm/prims/jni.cpp, line 709]
Event: 0.363 Thread 0x00007fe920802000 Exception <a 'java/io/FileNotFoundException'> (0x0000000795823430) thrown at [/Users/java_re/workspace/8-2-build-macosx-x86_64/jdk8u191/11896/hotspot/src/share/vm/prims/jni.cpp, line 709]
Event: 0.479 Thread 0x00007fe920802000 Exception <a 'java/io/FileNotFoundException'> (0x00000007958a6938) thrown at [/Users/java_re/workspace/8-2-build-macosx-x86_64/jdk8u191/11896/hotspot/src/share/vm/prims/jni.cpp, line 709]
Event: 2.078 Thread 0x00007fe91f2e0000 Exception <a 'java/lang/UnsatisfiedLinkError': com.jogamp.common.util.JarUtil.fixNativeLibAttribs(Ljava/lang/String;)Z> (0x0000000796caa170) thrown at [/Users/java_re/workspace/8-2-build-macosx-x86_64/jdk8u191/11896/hotspot/src/share/vm/prims/nativeLookup
Event: 2.330 Thread 0x00007fe92002f000 Exception <a 'java/lang/NullPointerException'> (0x00000007956a3e30) thrown at [/Users/java_re/workspace/8-2-build-macosx-x86_64/jdk8u191/11896/hotspot/src/share/vm/interpreter/linkResolver.cpp, line 1185]
Event: 2.870 Thread 0x00007fe920a02800 Exception <a 'java/io/FileNotFoundException'> (0x0000000795fbab30) thrown at [/Users/java_re/workspace/8-2-build-macosx-x86_64/jdk8u191/11896/hotspot/src/share/vm/prims/jni.cpp, line 709]
Event: 2.871 Thread 0x00007fe920a02800 Exception <a 'java/io/FileNotFoundException'> (0x0000000795fc0c10) thrown at [/Users/java_re/workspace/8-2-build-macosx-x86_64/jdk8u191/11896/hotspot/src/share/vm/prims/jni.cpp, line 709]
Event: 2.871 Thread 0x00007fe920a02800 Implicit null exception at 0x000000011f219676 to 0x000000011f219a39
Event: 2.995 Thread 0x00007fe920a02800 Implicit null exception at 0x000000011f4034c6 to 0x000000011f40370d

Events (10 events):
Event: 5.857 loading class java/awt/event/AWTEventListenerProxy
Event: 5.857 loading class java/awt/event/AWTEventListenerProxy done
Event: 5.857 loading class java/awt/Toolkit$ToolkitEventMulticaster
Event: 5.857 loading class java/awt/Toolkit$ToolkitEventMulticaster done
Event: 5.858 Thread 0x00007fe91f2bd000 Thread exited: 0x00007fe91f2bd000
Event: 5.858 Thread 0x00007fe9204ed000 Uncommon trap: trap_request=0xffffff86 fr.pc=0x000000011f952414
Event: 5.858 Thread 0x00007fe9204ed000 DEOPT PACKING pc=0x000000011f952414 sp=0x000070000bc9d810
Event: 5.858 Thread 0x00007fe9204ed000 DEOPT UNPACKING pc=0x000000011f06f73a sp=0x000070000bc9d7c0 mode 2
Event: 5.858 loading class java/awt/Window$1DisposeAction
Event: 5.858 loading class java/awt/Window$1DisposeAction done


Dynamic libraries:
0x00007fff40df0000 	/System/Library/Frameworks/Cocoa.framework/Versions/A/Cocoa
0x00007fff4d0af000 	/System/Library/Frameworks/Security.framework/Versions/A/Security
0x00007fff3f9f7000 	/System/Library/Frameworks/ApplicationServices.framework/Versions/A/ApplicationServices
0x00007fff6e69e000 	/usr/lib/libz.1.dylib
0x00007fff6bd13000 	/usr/lib/libSystem.B.dylib
0x00007fff6d7bb000 	/usr/lib/libobjc.A.dylib
0x00007fff41613000 	/System/Library/Frameworks/CoreFoundation.framework/Versions/A/CoreFoundation
0x00007fff43998000 	/System/Library/Frameworks/Foundation.framework/Versions/C/Foundation
0x00007fff3eb84000 	/System/Library/Frameworks/AppKit.framework/Versions/C/AppKit
0x00007fff41187000 	/System/Library/Frameworks/CoreData.framework/Versions/A/CoreData
0x00007fff64ee1000 	/System/Library/PrivateFrameworks/RemoteViewServices.framework/Versions/A/RemoteViewServices
0x00007fff699e1000 	/System/Library/PrivateFrameworks/UIFoundation.framework/Versions/A/UIFoundation
0x00007fff6b199000 	/System/Library/PrivateFrameworks/XCTTargetBootstrap.framework/Versions/A/XCTTargetBootstrap
0x00007fff5f9e4000 	/System/Library/PrivateFrameworks/IconServices.framework/Versions/A/IconServices
0x00007fff46262000 	/System/Library/Frameworks/Metal.framework/Versions/A/Metal
0x00007fff56be6000 	/System/Library/PrivateFrameworks/DesktopServicesPriv.framework/Versions/A/DesktopServicesPriv
0x00007fff6cace000 	/usr/lib/libenergytrace.dylib
0x00007fff67752000 	/System/Library/PrivateFrameworks/SkyLight.framework/Versions/A/SkyLight
0x00007fff41a62000 	/System/Library/Frameworks/CoreGraphics.framework/Versions/A/CoreGraphics
0x00007fff3d93f000 	/System/Library/Frameworks/Accelerate.framework/Versions/A/Accelerate
0x00007fff44122000 	/System/Library/Frameworks/IOSurface.framework/Versions/A/IOSurface
0x00007fff56a48000 	/System/Library/PrivateFrameworks/DFRFoundation.framework/Versions/A/DFRFoundation
0x00007fff3fefc000 	/System/Library/Frameworks/AudioToolbox.framework/Versions/A/AudioToolbox
0x00007fff4019b000 	/System/Library/Frameworks/AudioUnit.framework/Versions/A/AudioUnit
0x00007fff56adf000 	/System/Library/PrivateFrameworks/DataDetectorsCore.framework/Versions/A/DataDetectorsCore
0x00007fff408da000 	/System/Library/Frameworks/Carbon.framework/Versions/A/Frameworks/HIToolbox.framework/Versions/A/HIToolbox
0x00007fff6cc29000 	/usr/lib/libicucore.A.dylib
0x00007fff4c602000 	/System/Library/Frameworks/QuartzCore.framework/Versions/A/QuartzCore
0x00007fff40cc1000 	/System/Library/Frameworks/Carbon.framework/Versions/A/Frameworks/SpeechRecognition.framework/Versions/A/SpeechRecognition
0x00007fff6be76000 	/usr/lib/libauto.dylib
0x00007fff6e591000 	/usr/lib/libxml2.2.dylib
0x00007fff56647000 	/System/Library/PrivateFrameworks/CoreUI.framework/Versions/A/CoreUI
0x00007fff41065000 	/System/Library/Frameworks/CoreAudio.framework/Versions/A/CoreAudio
0x00007fff437ca000 	/System/Library/Frameworks/DiskArbitration.framework/Versions/A/DiskArbitration
0x00007fff6ced9000 	/usr/lib/liblangid.dylib
0x00007fff60e94000 	/System/Library/PrivateFrameworks/MultitouchSupport.framework/Versions/A/MultitouchSupport
0x00007fff4408d000 	/System/Library/Frameworks/IOKit.framework/Versions/A/IOKit
0x00007fff6b961000 	/usr/lib/libDiagnosticMessagesClient.dylib
0x00007fff428d0000 	/System/Library/Frameworks/CoreServices.framework/Versions/A/CoreServices
0x00007fff62bca000 	/System/Library/PrivateFrameworks/PerformanceAnalysis.framework/Versions/A/PerformanceAnalysis
0x00007fff4b797000 	/System/Library/Frameworks/OpenGL.framework/Versions/A/OpenGL
0x00007fff40dfe000 	/System/Library/Frameworks/ColorSync.framework/Versions/A/ColorSync
0x00007fff420f1000 	/System/Library/Frameworks/CoreImage.framework/Versions/A/CoreImage
0x00007fff43313000 	/System/Library/Frameworks/CoreText.framework/Versions/A/CoreText
0x00007fff44183000 	/System/Library/Frameworks/ImageIO.framework/Versions/A/ImageIO
0x00007fff52c82000 	/System/Library/PrivateFrameworks/Backup.framework/Versions/A/Backup
0x00007fff6bdc9000 	/usr/lib/libarchive.2.dylib
0x00007fff404ff000 	/System/Library/Frameworks/CFNetwork.framework/Versions/A/CFNetwork
0x00007fff4d85a000 	/System/Library/Frameworks/SystemConfiguration.framework/Versions/A/SystemConfiguration
0x00007fff6b88a000 	/usr/lib/libCRFSuite.dylib
0x00007fff6bf6d000 	/usr/lib/libc++.1.dylib
0x00007fff6bfc5000 	/usr/lib/libc++abi.dylib
0x00007fff6e721000 	/usr/lib/system/libcache.dylib
0x00007fff6e726000 	/usr/lib/system/libcommonCrypto.dylib
0x00007fff6e731000 	/usr/lib/system/libcompiler_rt.dylib
0x00007fff6e739000 	/usr/lib/system/libcopyfile.dylib
0x00007fff6e743000 	/usr/lib/system/libcorecrypto.dylib
0x00007fff6e84e000 	/usr/lib/system/libdispatch.dylib
0x00007fff6e889000 	/usr/lib/system/libdyld.dylib
0x00007fff6e8b9000 	/usr/lib/system/libkeymgr.dylib
0x00007fff6e8c7000 	/usr/lib/system/liblaunch.dylib
0x00007fff6e8c8000 	/usr/lib/system/libmacho.dylib
0x00007fff6e8ce000 	/usr/lib/system/libquarantine.dylib
0x00007fff6e8d1000 	/usr/lib/system/libremovefile.dylib
0x00007fff6e8d3000 	/usr/lib/system/libsystem_asl.dylib
0x00007fff6e8eb000 	/usr/lib/system/libsystem_blocks.dylib
0x00007fff6e8ec000 	/usr/lib/system/libsystem_c.dylib
0x00007fff6e975000 	/usr/lib/system/libsystem_configuration.dylib
0x00007fff6e979000 	/usr/lib/system/libsystem_coreservices.dylib
0x00007fff6e97d000 	/usr/lib/system/libsystem_darwin.dylib
0x00007fff6e984000 	/usr/lib/system/libsystem_dnssd.dylib
0x00007fff6e98b000 	/usr/lib/system/libsystem_info.dylib
0x00007fff6ea01000 	/usr/lib/system/libsystem_m.dylib
0x00007fff6ea4d000 	/usr/lib/system/libsystem_malloc.dylib
0x00007fff6ea72000 	/usr/lib/system/libsystem_networkextension.dylib
0x00007fff6ea7e000 	/usr/lib/system/libsystem_notify.dylib
0x00007fff6ea9b000 	/usr/lib/system/libsystem_sandbox.dylib
0x00007fff6ea9f000 	/usr/lib/system/libsystem_secinit.dylib
0x00007fff6e9d8000 	/usr/lib/system/libsystem_kernel.dylib
0x00007fff6ea86000 	/usr/lib/system/libsystem_platform.dylib
0x00007fff6ea90000 	/usr/lib/system/libsystem_pthread.dylib
0x00007fff6eaa2000 	/usr/lib/system/libsystem_symptoms.dylib
0x00007fff6eaaa000 	/usr/lib/system/libsystem_trace.dylib
0x00007fff6eac1000 	/usr/lib/system/libunwind.dylib
0x00007fff6eac7000 	/usr/lib/system/libxpc.dylib
0x00007fff6bf4d000 	/usr/lib/libbsm.0.dylib
0x00007fff6e8ba000 	/usr/lib/system/libkxld.dylib
0x00007fff51f2f000 	/System/Library/PrivateFrameworks/AppleFSCompression.framework/Versions/A/AppleFSCompression
0x00007fff6bbd2000 	/usr/lib/libOpenScriptingUtil.dylib
0x00007fff6c2b0000 	/usr/lib/libcoretls.dylib
0x00007fff6c2c7000 	/usr/lib/libcoretls_cfhelpers.dylib
0x00007fff6df54000 	/usr/lib/libpam.2.dylib
0x00007fff6e117000 	/usr/lib/libsqlite3.dylib
0x00007fff6e57f000 	/usr/lib/libxar.1.dylib
0x00007fff6bf5e000 	/usr/lib/libbz2.1.0.dylib
0x00007fff6cedb000 	/usr/lib/liblzma.5.dylib
0x00007fff6d3d1000 	/usr/lib/libnetwork.dylib
0x00007fff6bdb2000 	/usr/lib/libapple_nghttp2.dylib
0x00007fff6df5b000 	/usr/lib/libpcap.A.dylib
0x00007fff42c74000 	/System/Library/Frameworks/CoreServices.framework/Versions/A/Frameworks/FSEvents.framework/Versions/A/FSEvents
0x00007fff42950000 	/System/Library/Frameworks/CoreServices.framework/Versions/A/Frameworks/CarbonCore.framework/Versions/A/CarbonCore
0x00007fff42e49000 	/System/Library/Frameworks/CoreServices.framework/Versions/A/Frameworks/Metadata.framework/Versions/A/Metadata
0x00007fff42eec000 	/System/Library/Frameworks/CoreServices.framework/Versions/A/Frameworks/OSServices.framework/Versions/A/OSServices
0x00007fff42f38000 	/System/Library/Frameworks/CoreServices.framework/Versions/A/Frameworks/SearchKit.framework/Versions/A/SearchKit
0x00007fff428d1000 	/System/Library/Frameworks/CoreServices.framework/Versions/A/Frameworks/AE.framework/Versions/A/AE
0x00007fff42c7d000 	/System/Library/Frameworks/CoreServices.framework/Versions/A/Frameworks/LaunchServices.framework/Versions/A/LaunchServices
0x00007fff42c29000 	/System/Library/Frameworks/CoreServices.framework/Versions/A/Frameworks/DictionaryServices.framework/Versions/A/DictionaryServices
0x00007fff42fa7000 	/System/Library/Frameworks/CoreServices.framework/Versions/A/Frameworks/SharedFileList.framework/Versions/A/SharedFileList
0x00007fff47728000 	/System/Library/Frameworks/NetFS.framework/Versions/A/NetFS
0x00007fff61131000 	/System/Library/PrivateFrameworks/NetAuth.framework/Versions/A/NetAuth
0x00007fff6b5cd000 	/System/Library/PrivateFrameworks/login.framework/Versions/A/Frameworks/loginsupport.framework/Versions/A/loginsupport
0x00007fff695d9000 	/System/Library/PrivateFrameworks/TCC.framework/Versions/A/TCC
0x00007fff55c4f000 	/System/Library/PrivateFrameworks/CoreNLP.framework/Versions/A/CoreNLP
0x00007fff60b85000 	/System/Library/PrivateFrameworks/MetadataUtilities.framework/Versions/A/MetadataUtilities
0x00007fff6cfbc000 	/usr/lib/libmecabra.dylib
0x00007fff3f9f8000 	/System/Library/Frameworks/ApplicationServices.framework/Versions/A/Frameworks/ATS.framework/Versions/A/ATS
0x00007fff3fd63000 	/System/Library/Frameworks/ApplicationServices.framework/Versions/A/Frameworks/ColorSyncLegacy.framework/Versions/A/ColorSyncLegacy
0x00007fff3fe04000 	/System/Library/Frameworks/ApplicationServices.framework/Versions/A/Frameworks/HIServices.framework/Versions/A/HIServices
0x00007fff3fe57000 	/System/Library/Frameworks/ApplicationServices.framework/Versions/A/Frameworks/LangAnalysis.framework/Versions/A/LangAnalysis
0x00007fff3fe66000 	/System/Library/Frameworks/ApplicationServices.framework/Versions/A/Frameworks/PrintCore.framework/Versions/A/PrintCore
0x00007fff3feb3000 	/System/Library/Frameworks/ApplicationServices.framework/Versions/A/Frameworks/QD.framework/Versions/A/QD
0x00007fff3feef000 	/System/Library/Frameworks/ApplicationServices.framework/Versions/A/Frameworks/SpeechSynthesis.framework/Versions/A/SpeechSynthesis
0x00007fff6bfed000 	/usr/lib/libcompression.dylib
0x00007fff41529000 	/System/Library/Frameworks/CoreDisplay.framework/Versions/A/CoreDisplay
0x00007fff4652a000 	/System/Library/Frameworks/MetalPerformanceShaders.framework/Versions/A/MetalPerformanceShaders
0x00007fff3d957000 	/System/Library/Frameworks/Accelerate.framework/Versions/A/Frameworks/vImage.framework/Versions/A/vImage
0x00007fff3e9d3000 	/System/Library/Frameworks/Accelerate.framework/Versions/A/Frameworks/vecLib.framework/Versions/A/vecLib
0x00007fff3e91d000 	/System/Library/Frameworks/Accelerate.framework/Versions/A/Frameworks/vecLib.framework/Versions/A/libvMisc.dylib
0x00007fff3e738000 	/System/Library/Frameworks/Accelerate.framework/Versions/A/Frameworks/vecLib.framework/Versions/A/libvDSP.dylib
0x00007fff3dff8000 	/System/Library/Frameworks/Accelerate.framework/Versions/A/Frameworks/vecLib.framework/Versions/A/libBLAS.dylib
0x00007fff3e2e3000 	/System/Library/Frameworks/Accelerate.framework/Versions/A/Frameworks/vecLib.framework/Versions/A/libLAPACK.dylib
0x00007fff3e68a000 	/System/Library/Frameworks/Accelerate.framework/Versions/A/Frameworks/vecLib.framework/Versions/A/libLinearAlgebra.dylib
0x00007fff3e724000 	/System/Library/Frameworks/Accelerate.framework/Versions/A/Frameworks/vecLib.framework/Versions/A/libSparseBLAS.dylib
0x00007fff3e6a0000 	/System/Library/Frameworks/Accelerate.framework/Versions/A/Frameworks/vecLib.framework/Versions/A/libQuadrature.dylib
0x00007fff3e270000 	/System/Library/Frameworks/Accelerate.framework/Versions/A/Frameworks/vecLib.framework/Versions/A/libBNNS.dylib
0x00007fff3e6a6000 	/System/Library/Frameworks/Accelerate.framework/Versions/A/Frameworks/vecLib.framework/Versions/A/libSparse.dylib
0x00007fff5d176000 	/System/Library/PrivateFrameworks/GPUWrangler.framework/Versions/A/GPUWrangler
0x00007fff5f5ab000 	/System/Library/PrivateFrameworks/IOAccelerator.framework/Versions/A/IOAccelerator
0x00007fff5f5b6000 	/System/Library/PrivateFrameworks/IOPresentment.framework/Versions/A/IOPresentment
0x00007fff56a58000 	/System/Library/PrivateFrameworks/DSExternalDisplay.framework/Versions/A/DSExternalDisplay
0x00007fff4abdc000 	/System/Library/Frameworks/OpenGL.framework/Versions/A/Libraries/libCoreFSCache.dylib
0x00007fff46312000 	/System/Library/Frameworks/MetalPerformanceShaders.framework/Frameworks/MPSCore.framework/Versions/A/MPSCore
0x00007fff46333000 	/System/Library/Frameworks/MetalPerformanceShaders.framework/Frameworks/MPSImage.framework/Versions/A/MPSImage
0x00007fff463db000 	/System/Library/Frameworks/MetalPerformanceShaders.framework/Frameworks/MPSNeuralNetwork.framework/Versions/A/MPSNeuralNetwork
0x00007fff463b2000 	/System/Library/Frameworks/MetalPerformanceShaders.framework/Frameworks/MPSMatrix.framework/Versions/A/MPSMatrix
0x00007fff4650e000 	/System/Library/Frameworks/MetalPerformanceShaders.framework/Frameworks/MPSRayIntersector.framework/Versions/A/MPSRayIntersector
0x00007fff60bae000 	/System/Library/PrivateFrameworks/MetalTools.framework/Versions/A/MetalTools
0x00007fff51629000 	/System/Library/PrivateFrameworks/AggregateDictionary.framework/Versions/A/AggregateDictionary
0x00007fff6bbb2000 	/usr/lib/libMobileGestalt.dylib
0x00007fff43479000 	/System/Library/Frameworks/CoreVideo.framework/Versions/A/CoreVideo
0x00007fff5dfe6000 	/System/Library/PrivateFrameworks/GraphVisualizer.framework/Versions/A/GraphVisualizer
0x00007fff57d81000 	/System/Library/PrivateFrameworks/FaceCore.framework/Versions/A/FaceCore
0x00007fff4a1f4000 	/System/Library/Frameworks/OpenCL.framework/Versions/A/OpenCL
0x00007fff6b999000 	/usr/lib/libFosl_dynamic.dylib
0x00007fff61a09000 	/System/Library/PrivateFrameworks/OTSVG.framework/Versions/A/OTSVG
0x00007fff3fafc000 	/System/Library/Frameworks/ApplicationServices.framework/Versions/A/Frameworks/ATS.framework/Versions/A/Resources/libFontParser.dylib
0x00007fff3fc1c000 	/System/Library/Frameworks/ApplicationServices.framework/Versions/A/Frameworks/ATS.framework/Versions/A/Resources/libFontRegistry.dylib
0x00007fff4440d000 	/System/Library/Frameworks/ImageIO.framework/Versions/A/Resources/libJPEG.dylib
0x00007fff4472f000 	/System/Library/Frameworks/ImageIO.framework/Versions/A/Resources/libTIFF.dylib
0x00007fff44705000 	/System/Library/Frameworks/ImageIO.framework/Versions/A/Resources/libPng.dylib
0x00007fff44322000 	/System/Library/Frameworks/ImageIO.framework/Versions/A/Resources/libGIF.dylib
0x00007fff44327000 	/System/Library/Frameworks/ImageIO.framework/Versions/A/Resources/libJP2.dylib
0x00007fff4472c000 	/System/Library/Frameworks/ImageIO.framework/Versions/A/Resources/libRadiance.dylib
0x00007fff52088000 	/System/Library/PrivateFrameworks/AppleJPEG.framework/Versions/A/AppleJPEG
0x00007fff4abe7000 	/System/Library/Frameworks/OpenGL.framework/Versions/A/Libraries/libGFXShared.dylib
0x00007fff4adaa000 	/System/Library/Frameworks/OpenGL.framework/Versions/A/Libraries/libGLU.dylib
0x00007fff4abf0000 	/System/Library/Frameworks/OpenGL.framework/Versions/A/Libraries/libGL.dylib
0x00007fff4abfc000 	/System/Library/Frameworks/OpenGL.framework/Versions/A/Libraries/libGLImage.dylib
0x00007fff4abd9000 	/System/Library/Frameworks/OpenGL.framework/Versions/A/Libraries/libCVMSPluginSupport.dylib
0x00007fff4abe2000 	/System/Library/Frameworks/OpenGL.framework/Versions/A/Libraries/libCoreVMClient.dylib
0x00007fff6c93f000 	/usr/lib/libcups.2.dylib
0x00007fff45827000 	/System/Library/Frameworks/Kerberos.framework/Versions/A/Kerberos
0x00007fff43dd7000 	/System/Library/Frameworks/GSS.framework/Versions/A/GSS
0x00007fff6e0ab000 	/usr/lib/libresolv.9.dylib
0x00007fff6cb37000 	/usr/lib/libiconv.2.dylib
0x00007fff5e146000 	/System/Library/PrivateFrameworks/Heimdal.framework/Versions/A/Heimdal
0x00007fff6cb06000 	/usr/lib/libheimdal-asn1.dylib
0x00007fff4a26a000 	/System/Library/Frameworks/OpenDirectory.framework/Versions/A/OpenDirectory
0x00007fff5494b000 	/System/Library/PrivateFrameworks/CommonAuth.framework/Versions/A/CommonAuth
0x00007fff4a24d000 	/System/Library/Frameworks/OpenDirectory.framework/Versions/A/Frameworks/CFOpenDirectory.framework/Versions/A/CFOpenDirectory
0x00007fff4d3d8000 	/System/Library/Frameworks/SecurityFoundation.framework/Versions/A/SecurityFoundation
0x00007fff50b38000 	/System/Library/PrivateFrameworks/APFS.framework/Versions/A/APFS
0x00007fff6e57b000 	/usr/lib/libutil.dylib
0x00007fff6bfdb000 	/usr/lib/libcharset.1.dylib
0x00007fff52324000 	/System/Library/PrivateFrameworks/AppleSauce.framework/Versions/A/AppleSauce
0x00007fff524b2000 	/System/Library/PrivateFrameworks/AssertionServices.framework/Versions/A/AssertionServices
0x00007fff52d25000 	/System/Library/PrivateFrameworks/BaseBoard.framework/Versions/A/BaseBoard
0x00007fff6cf0b000 	/usr/lib/libmecab.1.0.0.dylib
0x00007fff6cb00000 	/usr/lib/libgermantok.dylib
0x00007fff6bd9e000 	/usr/lib/libThaiTokenizer.dylib
0x00007fff6b8c5000 	/usr/lib/libChineseTokenizer.dylib
0x00007fff5fce2000 	/System/Library/PrivateFrameworks/LanguageModeling.framework/Versions/A/LanguageModeling
0x00007fff55665000 	/System/Library/PrivateFrameworks/CoreEmoji.framework/Versions/A/CoreEmoji
0x00007fff5fdda000 	/System/Library/PrivateFrameworks/Lexicon.framework/Versions/A/Lexicon
0x00007fff5fe22000 	/System/Library/PrivateFrameworks/LinguisticData.framework/Versions/A/LinguisticData
0x00007fff6bfdc000 	/usr/lib/libcmph.dylib
0x00007fff4d499000 	/System/Library/Frameworks/ServiceManagement.framework/Versions/A/ServiceManagement
0x00007fff52c78000 	/System/Library/PrivateFrameworks/BackgroundTaskManagement.framework/Versions/A/BackgroundTaskManagement
0x00007fff6e675000 	/usr/lib/libxslt.1.dylib
0x00007fff40bec000 	/System/Library/Frameworks/Carbon.framework/Versions/A/Frameworks/Ink.framework/Versions/A/Ink
0x00007fff69859000 	/System/Library/PrivateFrameworks/TextureIO.framework/Versions/A/TextureIO
0x00007fff6bdf3000 	/usr/lib/libate.dylib
0x00007fff569b4000 	/System/Library/PrivateFrameworks/CrashReporterSupport.framework/Versions/A/CrashReporterSupport
0x00007fff6687a000 	/System/Library/PrivateFrameworks/Sharing.framework/Versions/A/Sharing
0x00007fff52804000 	/System/Library/PrivateFrameworks/AuthKit.framework/Versions/A/AuthKit
0x00007fff51c27000 	/System/Library/PrivateFrameworks/Apple80211.framework/Versions/A/Apple80211
0x00007fff56774000 	/System/Library/PrivateFrameworks/CoreUtils.framework/Versions/A/CoreUtils
0x00007fff434b7000 	/System/Library/Frameworks/CoreWLAN.framework/Versions/A/CoreWLAN
0x00007fff43f21000 	/System/Library/Frameworks/IOBluetooth.framework/Versions/A/IOBluetooth
0x00007fff64b98000 	/System/Library/PrivateFrameworks/ProtocolBuffer.framework/Versions/A/ProtocolBuffer
0x00007fff60deb000 	/System/Library/PrivateFrameworks/MobileKeyBag.framework/Versions/A/MobileKeyBag
0x00007fff55f8c000 	/System/Library/PrivateFrameworks/CorePhoneNumbers.framework/Versions/A/CorePhoneNumbers
0x00007fff5203c000 	/System/Library/PrivateFrameworks/AppleIDAuthSupport.framework/Versions/A/AppleIDAuthSupport
0x00007fff5fcb3000 	/System/Library/PrivateFrameworks/KeychainCircle.framework/Versions/A/KeychainCircle
0x00007fff64d65000 	/System/Library/PrivateFrameworks/ROCKit.framework/Versions/A/ROCKit
0x00007fff56950000 	/System/Library/PrivateFrameworks/CoreWiFi.framework/Versions/A/CoreWiFi
0x00007fff4115b000 	/System/Library/Frameworks/CoreBluetooth.framework/Versions/A/CoreBluetooth
0x00007fff56ba4000 	/System/Library/PrivateFrameworks/DebugSymbols.framework/Versions/A/DebugSymbols
0x00007fff56529000 	/System/Library/PrivateFrameworks/CoreSymbolication.framework/Versions/A/CoreSymbolication
0x00007fff69043000 	/System/Library/PrivateFrameworks/Symbolication.framework/Versions/A/Symbolication
0x00007fff681d5000 	/System/Library/PrivateFrameworks/SpeechRecognitionCore.framework/Versions/A/SpeechRecognitionCore
0x000000010fc00000 	/Library/Java/JavaVirtualMachines/jdk1.8.0_191.jdk/Contents/Home/jre/lib/server/libjvm.dylib
0x00007fff6e43f000 	/usr/lib/libstdc++.6.dylib
0x000000010f35e000 	/Library/Java/JavaVirtualMachines/jdk1.8.0_191.jdk/Contents/Home/jre/lib/libverify.dylib
0x000000010f36c000 	/Library/Java/JavaVirtualMachines/jdk1.8.0_191.jdk/Contents/Home/jre/lib/libjava.dylib
0x000000010f3ec000 	/Library/Java/JavaVirtualMachines/jdk1.8.0_191.jdk/Contents/Home/jre/lib/libzip.dylib
0x0000000117564000 	/Library/Java/JavaVirtualMachines/jdk1.8.0_191.jdk/Contents/Home/jre/lib/libawt.dylib
0x000000011760e000 	/Library/Java/JavaVirtualMachines/jdk1.8.0_191.jdk/Contents/Home/jre/lib/./libmlib_image.dylib
0x00007fff45810000 	/System/Library/Frameworks/JavaVM.framework/Versions/A/Frameworks/JavaNativeFoundation.framework/Versions/A/JavaNativeFoundation
0x00007fff45819000 	/System/Library/Frameworks/JavaVM.framework/Versions/A/Frameworks/JavaRuntimeSupport.framework/Versions/A/JavaRuntimeSupport
0x00007fff45822000 	/System/Library/Frameworks/JavaVM.framework/Versions/A/JavaVM
0x00007fff5fbca000 	/System/Library/PrivateFrameworks/JavaLaunching.framework/Versions/A/JavaLaunching
0x00007fff408d5000 	/System/Library/Frameworks/Carbon.framework/Versions/A/Carbon
0x00007fff408d6000 	/System/Library/Frameworks/Carbon.framework/Versions/A/Frameworks/CommonPanels.framework/Versions/A/CommonPanels
0x00007fff40be2000 	/System/Library/Frameworks/Carbon.framework/Versions/A/Frameworks/Help.framework/Versions/A/Help
0x00007fff40be6000 	/System/Library/Frameworks/Carbon.framework/Versions/A/Frameworks/ImageCapture.framework/Versions/A/ImageCapture
0x00007fff40c81000 	/System/Library/Frameworks/Carbon.framework/Versions/A/Frameworks/OpenScripting.framework/Versions/A/OpenScripting
0x00007fff40cbc000 	/System/Library/Frameworks/Carbon.framework/Versions/A/Frameworks/Print.framework/Versions/A/Print
0x00007fff40cbe000 	/System/Library/Frameworks/Carbon.framework/Versions/A/Frameworks/SecurityHI.framework/Versions/A/SecurityHI
0x00000001176da000 	/Library/Java/JavaVirtualMachines/jdk1.8.0_191.jdk/Contents/Home/jre/lib/libawt_lwawt.dylib
0x0000000117794000 	/Library/Java/JavaVirtualMachines/jdk1.8.0_191.jdk/Contents/Home/jre/lib/./libosxapp.dylib
0x00007fff43970000 	/System/Library/Frameworks/ExceptionHandling.framework/Versions/A/ExceptionHandling
0x00007fff56123000 	/System/Library/PrivateFrameworks/CoreServicesInternal.framework/Versions/A/CoreServicesInternal
0x00007fff374a8000 	/System/Library/CoreServices/RawCamera.bundle/Contents/MacOS/RawCamera
0x00007fff60c55000 	/System/Library/PrivateFrameworks/MobileAsset.framework/Versions/A/MobileAsset
0x00007fff688c7000 	/System/Library/PrivateFrameworks/StreamingZip.framework/Versions/A/StreamingZip
0x00007fff45bc2000 	/System/Library/Frameworks/MediaToolbox.framework/Versions/A/MediaToolbox
0x00007fff551ea000 	/System/Library/PrivateFrameworks/CoreAVCHD.framework/Versions/A/CoreAVCHD
0x00007fff45afe000 	/System/Library/Frameworks/MediaAccessibility.framework/Versions/A/MediaAccessibility
0x00007fff60687000 	/System/Library/PrivateFrameworks/Mangrove.framework/Versions/A/Mangrove
0x00007fff4276b000 	/System/Library/Frameworks/CoreMedia.framework/Versions/A/CoreMedia
0x00007fff4db2b000 	/System/Library/Frameworks/VideoToolbox.framework/Versions/A/VideoToolbox
0x00007fff54e12000 	/System/Library/PrivateFrameworks/CoreAUC.framework/Versions/A/CoreAUC
0x00007fff6e115000 	/usr/lib/libspindump.dylib
0x00007fff52417000 	/System/Library/PrivateFrameworks/AppleVA.framework/Versions/A/AppleVA
0x00007fff3d940000 	/System/Library/Frameworks/Accelerate.framework/Versions/A/Frameworks/vImage.framework/Versions/A/Libraries/libCGInterfaces.dylib
0x00007fff3fcc6000 	/System/Library/Frameworks/ApplicationServices.framework/Versions/A/Frameworks/ATS.framework/Versions/A/Resources/libTrueTypeScaler.dylib
0x00007fff3abef000 	/System/Library/Extensions/AppleIntelKBLGraphicsMTLDriver.bundle/Contents/MacOS/AppleIntelKBLGraphicsMTLDriver
0x00007fff5bacb000 	/System/Library/PrivateFrameworks/GPUCompiler.framework/Versions/3902/Libraries/libmetal_timestamp.dylib
0x00007fff581b3000 	/System/Library/PrivateFrameworks/FamilyControls.framework/Versions/A/FamilyControls
0x00007fff5493e000 	/System/Library/PrivateFrameworks/CommerceKit.framework/Versions/A/Frameworks/CommerceCore.framework/Versions/A/CommerceCore
0x00007fff6932c000 	/System/Library/PrivateFrameworks/SystemAdministration.framework/Versions/A/SystemAdministration
0x00007fff51b21000 	/System/Library/PrivateFrameworks/AppContainer.framework/Versions/A/AppContainer
0x00007fff51b3e000 	/System/Library/PrivateFrameworks/AppSandbox.framework/Versions/A/AppSandbox
0x00007fff66712000 	/System/Library/PrivateFrameworks/SecCodeWrapper.framework/Versions/A/SecCodeWrapper
0x00007fff6e0c5000 	/usr/lib/libsandbox.1.dylib
0x00007fff6bb7d000 	/usr/lib/libMatch.1.dylib
0x00007fff56f44000 	/System/Library/PrivateFrameworks/DiskManagement.framework/Versions/A/DiskManagement
0x00007fff436dd000 	/System/Library/Frameworks/DirectoryService.framework/Versions/A/DirectoryService
0x00007fff56e71000 	/System/Library/PrivateFrameworks/DiskImages.framework/Versions/A/DiskImages
0x00007fff5ff21000 	/System/Library/PrivateFrameworks/LoginUIKit.framework/Versions/A/Frameworks/LoginUICore.framework/Versions/A/LoginUICore
0x00007fff6b8d1000 	/usr/lib/libCoreStorage.dylib
0x00007fff6c92b000 	/usr/lib/libcsfde.dylib
0x00007fff6df42000 	/usr/lib/libodfde.dylib
0x00007fff607a8000 	/System/Library/PrivateFrameworks/MediaKit.framework/Versions/A/MediaKit
0x00007fff436e9000 	/System/Library/Frameworks/DiscRecording.framework/Versions/A/DiscRecording
0x00007fff570b1000 	/System/Library/PrivateFrameworks/EFILogin.framework/Versions/A/EFILogin
0x00007fff64b40000 	/System/Library/PrivateFrameworks/ProtectedCloudStorage.framework/Versions/A/ProtectedCloudStorage
0x00007fff6c9c0000 	/usr/lib/libcurl.4.dylib
0x00007fff6c792000 	/usr/lib/libcrypto.42.dylib
0x00007fff6e3f1000 	/usr/lib/libssl.44.dylib
0x00007fff45841000 	/System/Library/Frameworks/LDAP.framework/Versions/A/LDAP
0x00007fff699da000 	/System/Library/PrivateFrameworks/TrustEvaluationAgent.framework/Versions/A/TrustEvaluationAgent
0x00007fff6e102000 	/usr/lib/libsasl2.2.dylib
0x00007fff55449000 	/System/Library/PrivateFrameworks/CoreDaemon.framework/Versions/B/CoreDaemon
0x00007fff5231f000 	/System/Library/PrivateFrameworks/AppleSRP.framework/Versions/A/AppleSRP
0x00007fff6a88a000 	/System/Library/PrivateFrameworks/ViewBridge.framework/Versions/A/ViewBridge
0x00007fff4b7a7000 	/System/Library/Frameworks/OpenGL.framework/Versions/A/Resources/GLEngine.bundle/GLEngine
0x00007fff4ac37000 	/System/Library/Frameworks/OpenGL.framework/Versions/A/Libraries/libGLProgrammability.dylib
0x00007fff39e0e000 	/System/Library/Extensions/AppleIntelKBLGraphicsGLDriver.bundle/Contents/MacOS/AppleIntelKBLGraphicsGLDriver
0x00007fff5d16a000 	/System/Library/PrivateFrameworks/GPUSupport.framework/Versions/A/Libraries/libGPUSupportMercury.dylib
0x00007fff4b93e000 	/System/Library/Frameworks/OpenGL.framework/Versions/A/Resources/GLRendererFloat.bundle/GLRendererFloat
0x00007fff4a1eb000 	/System/Library/Frameworks/OpenCL.framework/Versions/A/Libraries/libcldcpuengine.dylib
0x00007fff6c467000 	/usr/lib/libcrypto.35.dylib
0x000000011ce1a000 	/Library/Java/JavaVirtualMachines/jdk1.8.0_191.jdk/Contents/Home/jre/lib/libfontmanager.dylib
0x000000011ce81000 	/usr/lib/libobjc-trampolines.dylib
0x000000011e24a000 	/Library/Java/JavaVirtualMachines/jdk1.8.0_191.jdk/Contents/Home/jre/lib/libosxui.dylib
0x000000011ef20000 	/Library/Java/JavaVirtualMachines/jdk1.8.0_191.jdk/Contents/Home/jre/lib/libnet.dylib
0x000000011ef37000 	/Library/Java/JavaVirtualMachines/jdk1.8.0_191.jdk/Contents/Home/jre/lib/libnio.dylib
0x000000011a9b8000 	/private/var/folders/_m/yh4n20q10h157qj87mnyrcjr0000gn/T/jogamp_0000/file_cache/jln6217454686775404008/jln4600192551596791100/libgluegen-rt.jnilib
0x000000011a9bd000 	/private/var/folders/_m/yh4n20q10h157qj87mnyrcjr0000gn/T/jogamp_0000/file_cache/jln6217454686775404008/jln4600192551596791100/libnativewindow_awt.jnilib
0x000000011a9c0000 	/Library/Java/JavaVirtualMachines/jdk1.8.0_191.jdk/Contents/Home/jre/lib/libjawt.dylib
0x000000011a9c3000 	/private/var/folders/_m/yh4n20q10h157qj87mnyrcjr0000gn/T/jogamp_0000/file_cache/jln6217454686775404008/jln4600192551596791100/libnativewindow_macosx.jnilib
0x00000001a239e000 	/private/var/folders/_m/yh4n20q10h157qj87mnyrcjr0000gn/T/jogamp_0000/file_cache/jln6217454686775404008/jln4600192551596791100/libjogl_desktop.jnilib
0x000000011e1e7000 	/Library/Java/JavaVirtualMachines/jdk1.8.0_191.jdk/Contents/Home/jre/lib/libsunec.dylib
0x000000011b6e0000 	/Library/Java/JavaVirtualMachines/jdk1.8.0_191.jdk/Contents/Home/jre/lib/libjpeg.dylib
0x00000001a9fbd000 	/Library/Java/JavaVirtualMachines/jdk1.8.0_191.jdk/Contents/Home/jre/lib/libt2k.dylib

VM Arguments:
jvm_args: -Djava.security.policy=java.policy.applet -Dfile.encoding=UTF-8 
java_command: sun.applet.AppletViewer module3.EarthquakeCityMap1549920995621.html
java_class_path (initial): /Users/philip/EclipseWorkspace/UCSDUnfoldingMaps/build:/Users/philip/EclipseWorkspace/UCSDUnfoldingMaps/lib/core.jar:/Users/philip/EclipseWorkspace/UCSDUnfoldingMaps/lib/gluegen-rt.jar:/Users/philip/EclipseWorkspace/UCSDUnfoldingMaps/lib/jogl-all.jar:/Users/philip/EclipseWorkspace/UCSDUnfoldingMaps/lib/log4j-1.2.15.jar:/Users/philip/EclipseWorkspace/UCSDUnfoldingMaps/lib/sqlite-jdbc-3.7.2.jar:/Users/philip/EclipseWorkspace/UCSDUnfoldingMaps/lib/json4processing.jar:/Users/philip/EclipseWorkspace/UCSDUnfoldingMaps/lib/libTUIO.jar:/Users/philip/EclipseWorkspace/UCSDUnfoldingMaps/lib/unfolding.0.9.7-uscd.jar
Launcher Type: SUN_STANDARD

Environment Variables:
PATH=/usr/bin:/bin:/usr/sbin:/sbin
SHELL=/bin/bash

Signal Handlers:
SIGSEGV: [libjvm.dylib+0x5b5de9], sa_mask[0]=11111111011111110111111111111111, sa_flags=SA_ONSTACK|SA_RESTART|SA_SIGINFO
SIGBUS: [libjvm.dylib+0x5b5de9], sa_mask[0]=11111111011111110111111111111111, sa_flags=SA_RESTART|SA_SIGINFO
SIGFPE: [libjvm.dylib+0x48b6b0], sa_mask[0]=11111111011111110111111111111111, sa_flags=SA_RESTART|SA_SIGINFO
SIGPIPE: [libjvm.dylib+0x48b6b0], sa_mask[0]=11111111011111110111111111111111, sa_flags=SA_RESTART|SA_SIGINFO
SIGXFSZ: [libjvm.dylib+0x48b6b0], sa_mask[0]=11111111011111110111111111111111, sa_flags=SA_RESTART|SA_SIGINFO
SIGILL: [libjvm.dylib+0x48b6b0], sa_mask[0]=11111111011111110111111111111111, sa_flags=SA_RESTART|SA_SIGINFO
SIGUSR1: SIG_DFL, sa_mask[0]=00000000000000000000000000000000, sa_flags=none
SIGUSR2: [libjvm.dylib+0x48b1ce], sa_mask[0]=00100000000000000000000000000000, sa_flags=SA_RESTART|SA_SIGINFO
SIGHUP: [libjvm.dylib+0x489759], sa_mask[0]=11111111011111110111111111111111, sa_flags=SA_RESTART|SA_SIGINFO
SIGINT: [libjvm.dylib+0x489759], sa_mask[0]=11111111011111110111111111111111, sa_flags=SA_RESTART|SA_SIGINFO
SIGTERM: [libjvm.dylib+0x489759], sa_mask[0]=11111111011111110111111111111111, sa_flags=SA_RESTART|SA_SIGINFO
SIGQUIT: [libjvm.dylib+0x489759], sa_mask[0]=11111111011111110111111111111111, sa_flags=SA_RESTART|SA_SIGINFO


---------------  S Y S T E M  ---------------

OS:Bsduname:Darwin 18.2.0 Darwin Kernel Version 18.2.0: Thu Dec 20 20:46:53 PST 2018; root:xnu-4903.241.1~1/RELEASE_X86_64 x86_64
rlimit: STACK 8192k, CORE 0k, NPROC 709, NOFILE 10240, AS infinity
load average:1.81 1.76 1.88

CPU:total 4 (initial active 4) (2 cores per cpu, 2 threads per core) family 6 model 142 stepping 9, cmov, cx8, fxsr, mmx, sse, sse2, sse3, ssse3, sse4.1, sse4.2, popcnt, avx, avx2, aes, clmul, erms, rtm, 3dnowpref, lzcnt, ht, tsc, tscinvbit, bmi1, bmi2, adx

Memory: 4k page, physical 8388608k(76032k free)

/proc/meminfo:


vm_info: Java HotSpot(TM) 64-Bit Server VM (25.191-b12) for bsd-amd64 JRE (1.8.0_191-b12), built on Oct  6 2018 08:37:07 by "java_re" with gcc 4.2.1 (Based on Apple Inc. build 5658) (LLVM build 2336.11.00)

time: Mon Feb 11 16:36:41 2019
elapsed time: 5 seconds (0d 0h 0m 5s)

