#
# A fatal error has been detected by the Java Runtime Environment:
#
#  SIGSEGV (0xb) at pc=0x00007fff6d7c2a1d, pid=4964, tid=0x0000000000000307
#
# JRE version: Java(TM) SE Runtime Environment (8.0_191-b12) (build 1.8.0_191-b12)
# Java VM: Java HotSpot(TM) 64-Bit Server VM (25.191-b12 mixed mode bsd-amd64 compressed oops)
# Problematic frame:
# C  [libobjc.A.dylib+0x7a1d]  objc_msgSend+0x1d
#
# Failed to write core dump. Core dumps have been disabled. To enable core dumping, try "ulimit -c unlimited" before starting Java again
#
# If you would like to submit a bug report, please visit:
#   http://bugreport.java.com/bugreport/crash.jsp
# The crash happened outside the Java Virtual Machine in native code.
# See problematic frame for where to report the bug.
#

---------------  T H R E A D  ---------------

Current thread (0x00007fc99a9c1800):  JavaThread "AWT-AppKit" daemon [_thread_in_native, id=775, stack(0x00007ffeea262000,0x00007ffeeaa62000)]

siginfo: si_signo: 11 (SIGSEGV), si_code: 1 (SEGV_MAPERR), si_addr: 0x0000000000000018

Registers:
RAX=0x00007fc99d00dcd0, RBX=0x000000018f8f3450, RCX=0x0000000000000001, RDX=0x0000000000000000
RSP=0x00007ffeeaa5d2f8, RBP=0x00007ffeeaa5d3b0, RSI=0x00007fff3f7937eb, RDI=0x00007fc99d0400b0
R8 =0x0000000099b80175, R9 =0x00007fc99b800000, R10=0x0000000000000000, R11=0x00007fff3f7937eb
R12=0x0000000000000000, R13=0x000000019017fb50, R14=0x000000018f8f3440, R15=0x00007fc99a9c1800
RIP=0x00007fff6d7c2a1d, EFLAGS=0x0000000000010246, ERR=0x0000000000000004
  TRAPNO=0x000000000000000e

Top of Stack: (sp=0x00007ffeeaa5d2f8)
0x00007ffeeaa5d2f8:   000000018f8f1157 00007ffeeaa5d350
0x00007ffeeaa5d308:   0000000000000003 00007ffeeaa5d330
0x00007ffeeaa5d318:   0000000105c56392 000000019017fb50
0x00007ffeeaa5d328:   000000019017fb50 00007fc99d00dcd0
0x00007ffeeaa5d338:   000000018f8f36a0 000000018f8f3710
0x00007ffeeaa5d348:   00007fff9a08eca8 00007fff9b784e38
0x00007ffeeaa5d358:   000000018f8f3450 000000018f8f3690
0x00007ffeeaa5d368:   00007fc99d00dcd0 00007fc99d0400b0
0x00007ffeeaa5d378:   00007fc999420a70 00007fc99d00dcd0
0x00007ffeeaa5d388:   00007fc99d0400b0 00007ffeeaa5d438
0x00007ffeeaa5d398:   00007fc99a9c19f8 000000019017fb50
0x00007ffeeaa5d3a8:   00007ffeeaa5d460 00007ffeeaa5d428
0x00007ffeeaa5d3b8:   0000000106b55667 000000019017fb50
0x00007ffeeaa5d3c8:   00007ffeeaa5d460 00007ffeeaa5d428
0x00007ffeeaa5d3d8:   0000000106b553c7 0000000106b55382
0x00007ffeeaa5d3e8:   00007ffeeaa5d3e8 000000019017fb50
0x00007ffeeaa5d3f8:   00007ffeeaa5d460 0000000190182788
0x00007ffeeaa5d408:   0000000000000000 000000019017fb50
0x00007ffeeaa5d418:   0000000000000000 00007ffeeaa5d448
0x00007ffeeaa5d428:   00007ffeeaa5d4a8 0000000106b452bd
0x00007ffeeaa5d438:   0000000740a246e0 0000000106b4ed18
0x00007ffeeaa5d448:   00007fc99d00dcd0 00007ffeeaa5d4a8
0x00007ffeeaa5d458:   00007fc99d0400b0 0000000106b50782
0x00007ffeeaa5d468:   00007ffeeaa5d468 000000019017fd1a
0x00007ffeeaa5d478:   00007ffeeaa5d4d0 0000000190182788
0x00007ffeeaa5d488:   0000000000000000 000000019017fd28
0x00007ffeeaa5d498:   00007ffeeaa5d448 00007ffeeaa5d4b8
0x00007ffeeaa5d4a8:   00007ffeeaa5d518 0000000106b452bd
0x00007ffeeaa5d4b8:   00007fc99d00dcd0 0000000740a15738
0x00007ffeeaa5d4c8:   00007fc99d0400b0 0000000740a15738
0x00007ffeeaa5d4d8:   00007ffeeaa5d4d8 00000001982a71fe
0x00007ffeeaa5d4e8:   00007ffeeaa5d528 00000001982a72b8 

Instructions: (pc=0x00007fff6d7c2a1d)
0x00007fff6d7c29fd:   0f 1f 00 48 85 ff 2e 74 62 40 f6 c7 01 2e 75 66
0x00007fff6d7c2a0d:   49 ba f8 ff ff ff ff 7f 00 00 4c 23 17 49 89 f3
0x00007fff6d7c2a1d:   45 23 5a 18 49 c1 e3 04 4d 03 5a 10 49 3b 33 75
0x00007fff6d7c2a2d:   04 41 ff 63 08 49 83 3b 01 76 0d 49 83 c3 10 49 

Register to memory mapping:

RAX=0x00007fc99d00dcd0 is an unknown value
RBX=0x000000018f8f3450: Java_jogamp_nativewindow_macosx_OSXUtil_GetScreenRefreshRate0+0x1cf0 in /private/var/folders/_m/yh4n20q10h157qj87mnyrcjr0000gn/T/jogamp_0000/file_cache/jln8312030560664372992/jln6798014966144683042/libnativewindow_macosx.jnilib at 0x000000018f8ec000
RCX=0x0000000000000001 is an unknown value
RDX=0x0000000000000000 is an unknown value
RSP=0x00007ffeeaa5d2f8 is pointing into the stack for thread: 0x00007fc99a9c1800
RBP=0x00007ffeeaa5d3b0 is pointing into the stack for thread: 0x00007fc99a9c1800
RSI=0x00007fff3f7937eb: GCC_except_table7+0x9eaf in /System/Library/Frameworks/AppKit.framework/Versions/C/AppKit at 0x00007fff3eb84000
RDI=0x00007fc99d0400b0 is an unknown value
R8 =0x0000000099b80175 is an unknown value
R9 =0x00007fc99b800000 is an unknown value
R10=0x0000000000000000 is an unknown value
R11=0x00007fff3f7937eb: GCC_except_table7+0x9eaf in /System/Library/Frameworks/AppKit.framework/Versions/C/AppKit at 0x00007fff3eb84000
R12=0x0000000000000000 is an unknown value
R13={method} {0x000000019017fb50} 'UnsetJAWTRootSurfaceLayer0' '(JJ)V' in 'jogamp/nativewindow/jawt/macosx/MacOSXJAWTWindow'
R14=0x000000018f8f3440: Java_jogamp_nativewindow_macosx_OSXUtil_GetScreenRefreshRate0+0x1ce0 in /private/var/folders/_m/yh4n20q10h157qj87mnyrcjr0000gn/T/jogamp_0000/file_cache/jln8312030560664372992/jln6798014966144683042/libnativewindow_macosx.jnilib at 0x000000018f8ec000
R15=0x00007fc99a9c1800 is a thread


Stack: [0x00007ffeea262000,0x00007ffeeaa62000],  sp=0x00007ffeeaa5d2f8,  free space=8172k
Native frames: (J=compiled Java code, j=interpreted, Vv=VM code, C=native code)
C  [libobjc.A.dylib+0x7a1d]  objc_msgSend+0x1d
j  jogamp.nativewindow.jawt.macosx.MacOSXJAWTWindow.UnsetJAWTRootSurfaceLayer0(JJ)V+0
j  jogamp.nativewindow.jawt.macosx.MacOSXJAWTWindow.access$200(JJ)V+2
j  jogamp.nativewindow.jawt.macosx.MacOSXJAWTWindow$1.run()V+38
j  com.jogamp.common.util.RunnableTask.run()V+24
v  ~StubRoutines::call_stub
V  [libjvm.dylib+0x2ef9fe]  JavaCalls::call_helper(JavaValue*, methodHandle*, JavaCallArguments*, Thread*)+0x6ae
V  [libjvm.dylib+0x326d3c]  jni_invoke_nonstatic(JNIEnv_*, JavaValue*, _jobject*, JNICallType, _jmethodID*, JNI_ArgumentPusher*, Thread*)+0x2ec
V  [libjvm.dylib+0x31951f]  jni_CallVoidMethod+0x16b
C  [libnativewindow_macosx.jnilib+0x5326]  Java_jogamp_nativewindow_jawt_macosx_MacOSXJAWTWindow_UnsetJAWTRootSurfaceLayer0+0x2b6
C  [Foundation+0xb1bab]  __NSThreadPerformPerform+0x147
C  [CoreFoundation+0x58395]  __CFRUNLOOP_IS_CALLING_OUT_TO_A_SOURCE0_PERFORM_FUNCTION__+0x11
C  [CoreFoundation+0x5833b]  __CFRunLoopDoSource0+0x6c
C  [CoreFoundation+0x3bdd1]  __CFRunLoopDoSources0+0xc3
C  [CoreFoundation+0x3b37a]  __CFRunLoopRun+0x4c3
C  [CoreFoundation+0x3ac64]  CFRunLoopRunSpecific+0x1cf
C  [HIToolbox+0xaab5]  RunCurrentEventLoopInMode+0x125
C  [HIToolbox+0xa6f4]  ReceiveNextEventCommon+0x173
C  [HIToolbox+0xa568]  _BlockUntilNextEventMatchingListInModeWithFilter+0x40
C  [AppKit+0x1b363]  _DPSNextEvent+0x3e5
C  [AppKit+0x1a102]  -[NSApplication(NSEvent) _nextEventMatchingEventMask:untilDate:inMode:dequeue:]+0x552
C  [libosxapp.dylib+0x2328]  -[NSApplicationAWT nextEventMatchingMask:untilDate:inMode:dequeue:]+0x7c
C  [AppKit+0x14165]  -[NSApplication run]+0x2bb
C  [libosxapp.dylib+0x1f72]  +[NSApplicationAWT runAWTLoopWithApp:]+0x9c
C  [libawt_lwawt.dylib+0x4711f]  -[AWTStarter starter:]+0x389
C  [Foundation+0xb1bab]  __NSThreadPerformPerform+0x147
C  [CoreFoundation+0x58395]  __CFRUNLOOP_IS_CALLING_OUT_TO_A_SOURCE0_PERFORM_FUNCTION__+0x11
C  [CoreFoundation+0x5833b]  __CFRunLoopDoSource0+0x6c
C  [CoreFoundation+0x3bdd1]  __CFRunLoopDoSources0+0xc3
C  [CoreFoundation+0x3b37a]  __CFRunLoopRun+0x4c3
C  [CoreFoundation+0x3ac64]  CFRunLoopRunSpecific+0x1cf
C  [java+0x646e]  CreateExecutionEnvironment+0x367
C  [java+0x203c]  JLI_Launch+0x7a0
C  [java+0x84cb]  main+0x65
C  [java+0x1894]  start+0x34
C  0x0000000000000007

Java frames: (J=compiled Java code, j=interpreted, Vv=VM code)
j  jogamp.nativewindow.jawt.macosx.MacOSXJAWTWindow.UnsetJAWTRootSurfaceLayer0(JJ)V+0
j  jogamp.nativewindow.jawt.macosx.MacOSXJAWTWindow.access$200(JJ)V+2
j  jogamp.nativewindow.jawt.macosx.MacOSXJAWTWindow$1.run()V+38
j  com.jogamp.common.util.RunnableTask.run()V+24
v  ~StubRoutines::call_stub

---------------  P R O C E S S  ---------------

Java Threads: ( => current thread )
  0x00007fc99ab92800 JavaThread "NativeWindowFactory_ShutdownHook" [_thread_in_Java, id=55075, stack(0x0000700002e29000,0x0000700002f29000)]
  0x00007fc99d820000 JavaThread "Thread-7" [_thread_blocked, id=30983, stack(0x0000700003135000,0x0000700003235000)]
  0x00007fc99b145000 JavaThread "AWT-EventQueue-1" [_thread_blocked, id=70671, stack(0x0000700002faf000,0x00007000030af000)]
  0x00007fc9999eb000 JavaThread "DestroyJavaVM" [_thread_blocked, id=10499, stack(0x0000700001861000,0x0000700001961000)]
  0x00007fc99a2eb000 JavaThread "AWT-EventQueue-0" [_thread_blocked, id=49931, stack(0x0000700002d26000,0x0000700002e26000)]
  0x00007fc99993a800 JavaThread "Java2D Disposer" daemon [_thread_blocked, id=44907, stack(0x0000700002a9d000,0x0000700002b9d000)]
  0x00007fc999922800 JavaThread "Java2D Queue Flusher" daemon [_thread_blocked, id=80675, stack(0x000070000299a000,0x0000700002a9a000)]
  0x00007fc99b0c1800 JavaThread "AWT-Shutdown" [_thread_blocked, id=37671, stack(0x000070000270e000,0x000070000280e000)]
=>0x00007fc99a9c1800 JavaThread "AWT-AppKit" daemon [_thread_in_native, id=775, stack(0x00007ffeea262000,0x00007ffeeaa62000)]
  0x00007fc99a865000 JavaThread "Service Thread" daemon [_thread_blocked, id=16899, stack(0x0000700002508000,0x0000700002608000)]
  0x00007fc99982b800 JavaThread "C1 CompilerThread2" daemon [_thread_blocked, id=17155, stack(0x0000700002405000,0x0000700002505000)]
  0x00007fc99a810800 JavaThread "C2 CompilerThread1" daemon [_thread_blocked, id=17411, stack(0x0000700002302000,0x0000700002402000)]
  0x00007fc99b04c800 JavaThread "C2 CompilerThread0" daemon [_thread_blocked, id=12547, stack(0x00007000021ff000,0x00007000022ff000)]
  0x00007fc999822000 JavaThread "Signal Dispatcher" daemon [_thread_blocked, id=17923, stack(0x00007000020fc000,0x00007000021fc000)]
  0x00007fc99b033800 JavaThread "Finalizer" daemon [_thread_blocked, id=11779, stack(0x0000700001f76000,0x0000700002076000)]
  0x00007fc99b003000 JavaThread "Reference Handler" daemon [_thread_blocked, id=20483, stack(0x0000700001e73000,0x0000700001f73000)]

Other Threads:
  0x00007fc99a801800 VMThread [stack: 0x0000700001d70000,0x0000700001e70000] [id=20995]
  0x00007fc99b04d800 WatcherThread [stack: 0x000070000260b000,0x000070000270b000] [id=13571]

VM state:not at safepoint (normal execution)

VM Mutex/Monitor currently owned by a thread: None

Heap:
 PSYoungGen      total 24576K, used 7116K [0x0000000795580000, 0x0000000796e80000, 0x00000007c0000000)
  eden space 24064K, 29% used [0x0000000795580000,0x0000000795c63160,0x0000000796d00000)
  from space 512K, 12% used [0x0000000796e00000,0x0000000796e10000,0x0000000796e80000)
  to   space 512K, 0% used [0x0000000796d80000,0x0000000796d80000,0x0000000796e00000)
 ParOldGen       total 87552K, used 11811K [0x0000000740000000, 0x0000000745580000, 0x0000000795580000)
  object space 87552K, 13% used [0x0000000740000000,0x0000000740b88e38,0x0000000745580000)
 Metaspace       used 19847K, capacity 20169K, committed 20352K, reserved 1067008K
  class space    used 1986K, capacity 2099K, committed 2176K, reserved 1048576K

Card table byte_map: [0x0000000115efd000,0x00000001162fe000] byte_map_base: 0x00000001124fd000

Marking Bits: (ParMarkBitMap*) 0x000000010640ce00
 Begin Bits: [0x00000001165a9000, 0x00000001185a9000)
 End Bits:   [0x00000001185a9000, 0x000000011a5a9000)

Polling page: 0x00000001051d7000

CodeCache: size=245760Kb used=8671Kb max_used=9398Kb free=237088Kb
 bounds [0x0000000106b3d000, 0x000000010748d000, 0x0000000115b3d000]
 total_blobs=3251 nmethods=2351 adapters=813
 compilation: enabled

Compilation events (10 events):
Event: 1723.710 Thread 0x00007fc99982b800 2549       2       java.awt.geom.AffineTransform::getScaleY (5 bytes)
Event: 1723.710 Thread 0x00007fc99a810800 2548       4       java.awt.geom.AffineTransform::getScaleX (5 bytes)
Event: 1723.710 Thread 0x00007fc99982b800 nmethod 2549 0x0000000106d240d0 code [0x0000000106d24220, 0x0000000106d24370]
Event: 1723.710 Thread 0x00007fc99a810800 nmethod 2548 0x0000000106cb8590 code [0x0000000106cb86e0, 0x0000000106cb8738]
Event: 1723.711 Thread 0x00007fc99b04c800 2550       4       sun.awt.image.PixelConverter$ArgbPre::rgbToPixel (100 bytes)
Event: 1723.711 Thread 0x00007fc99b04c800 nmethod 2550 0x0000000106cb4090 code [0x0000000106cb41e0, 0x0000000106cb4298]
Event: 1723.717 Thread 0x00007fc99a810800 2551       4       java.awt.geom.AffineTransform::getTranslateX (5 bytes)
Event: 1723.717 Thread 0x00007fc99a810800 nmethod 2551 0x0000000107012cd0 code [0x0000000107012e20, 0x0000000107012e78]
Event: 1723.717 Thread 0x00007fc99982b800 2552       2       java.awt.geom.AffineTransform::getTranslateY (5 bytes)
Event: 1723.718 Thread 0x00007fc99982b800 nmethod 2552 0x0000000106d34f50 code [0x0000000106d350a0, 0x0000000106d351f0]

GC Heap History (10 events):
Event: 1653.052 GC heap before
{Heap before GC invocations=96 (full 0):
 PSYoungGen      total 24576K, used 24128K [0x0000000795580000, 0x0000000796e80000, 0x00000007c0000000)
  eden space 24064K, 100% used [0x0000000795580000,0x0000000796d00000,0x0000000796d00000)
  from space 512K, 12% used [0x0000000796d80000,0x0000000796d90000,0x0000000796e00000)
  to   space 512K, 0% used [0x0000000796e00000,0x0000000796e00000,0x0000000796e80000)
 ParOldGen       total 87552K, used 11811K [0x0000000740000000, 0x0000000745580000, 0x0000000795580000)
  object space 87552K, 13% used [0x0000000740000000,0x0000000740b88e38,0x0000000745580000)
 Metaspace       used 19782K, capacity 20165K, committed 20352K, reserved 1067008K
  class space    used 1972K, capacity 2097K, committed 2176K, reserved 1048576K
Event: 1653.054 GC heap after
Heap after GC invocations=96 (full 0):
 PSYoungGen      total 24576K, used 64K [0x0000000795580000, 0x0000000796e80000, 0x00000007c0000000)
  eden space 24064K, 0% used [0x0000000795580000,0x0000000795580000,0x0000000796d00000)
  from space 512K, 12% used [0x0000000796e00000,0x0000000796e10000,0x0000000796e80000)
  to   space 512K, 0% used [0x0000000796d80000,0x0000000796d80000,0x0000000796e00000)
 ParOldGen       total 87552K, used 11811K [0x0000000740000000, 0x0000000745580000, 0x0000000795580000)
  object space 87552K, 13% used [0x0000000740000000,0x0000000740b88e38,0x0000000745580000)
 Metaspace       used 19782K, capacity 20165K, committed 20352K, reserved 1067008K
  class space    used 1972K, capacity 2097K, committed 2176K, reserved 1048576K
}
Event: 1669.770 GC heap before
{Heap before GC invocations=97 (full 0):
 PSYoungGen      total 24576K, used 24128K [0x0000000795580000, 0x0000000796e80000, 0x00000007c0000000)
  eden space 24064K, 100% used [0x0000000795580000,0x0000000796d00000,0x0000000796d00000)
  from space 512K, 12% used [0x0000000796e00000,0x0000000796e10000,0x0000000796e80000)
  to   space 512K, 0% used [0x0000000796d80000,0x0000000796d80000,0x0000000796e00000)
 ParOldGen       total 87552K, used 11811K [0x0000000740000000, 0x0000000745580000, 0x0000000795580000)
  object space 87552K, 13% used [0x0000000740000000,0x0000000740b88e38,0x0000000745580000)
 Metaspace       used 19782K, capacity 20165K, committed 20352K, reserved 1067008K
  class space    used 1972K, capacity 2097K, committed 2176K, reserved 1048576K
Event: 1669.772 GC heap after
Heap after GC invocations=97 (full 0):
 PSYoungGen      total 24576K, used 96K [0x0000000795580000, 0x0000000796e80000, 0x00000007c0000000)
  eden space 24064K, 0% used [0x0000000795580000,0x0000000795580000,0x0000000796d00000)
  from space 512K, 18% used [0x0000000796d80000,0x0000000796d98000,0x0000000796e00000)
  to   space 512K, 0% used [0x0000000796e00000,0x0000000796e00000,0x0000000796e80000)
 ParOldGen       total 87552K, used 11811K [0x0000000740000000, 0x0000000745580000, 0x0000000795580000)
  object space 87552K, 13% used [0x0000000740000000,0x0000000740b88e38,0x0000000745580000)
 Metaspace       used 19782K, capacity 20165K, committed 20352K, reserved 1067008K
  class space    used 1972K, capacity 2097K, committed 2176K, reserved 1048576K
}
Event: 1686.437 GC heap before
{Heap before GC invocations=98 (full 0):
 PSYoungGen      total 24576K, used 24160K [0x0000000795580000, 0x0000000796e80000, 0x00000007c0000000)
  eden space 24064K, 100% used [0x0000000795580000,0x0000000796d00000,0x0000000796d00000)
  from space 512K, 18% used [0x0000000796d80000,0x0000000796d98000,0x0000000796e00000)
  to   space 512K, 0% used [0x0000000796e00000,0x0000000796e00000,0x0000000796e80000)
 ParOldGen       total 87552K, used 11811K [0x0000000740000000, 0x0000000745580000, 0x0000000795580000)
  object space 87552K, 13% used [0x0000000740000000,0x0000000740b88e38,0x0000000745580000)
 Metaspace       used 19782K, capacity 20165K, committed 20352K, reserved 1067008K
  class space    used 1972K, capacity 2097K, committed 2176K, reserved 1048576K
Event: 1686.438 GC heap after
Heap after GC invocations=98 (full 0):
 PSYoungGen      total 24576K, used 64K [0x0000000795580000, 0x0000000796e80000, 0x00000007c0000000)
  eden space 24064K, 0% used [0x0000000795580000,0x0000000795580000,0x0000000796d00000)
  from space 512K, 12% used [0x0000000796e00000,0x0000000796e10000,0x0000000796e80000)
  to   space 512K, 0% used [0x0000000796d80000,0x0000000796d80000,0x0000000796e00000)
 ParOldGen       total 87552K, used 11811K [0x0000000740000000, 0x0000000745580000, 0x0000000795580000)
  object space 87552K, 13% used [0x0000000740000000,0x0000000740b88e38,0x0000000745580000)
 Metaspace       used 19782K, capacity 20165K, committed 20352K, reserved 1067008K
  class space    used 1972K, capacity 2097K, committed 2176K, reserved 1048576K
}
Event: 1703.166 GC heap before
{Heap before GC invocations=99 (full 0):
 PSYoungGen      total 24576K, used 24128K [0x0000000795580000, 0x0000000796e80000, 0x00000007c0000000)
  eden space 24064K, 100% used [0x0000000795580000,0x0000000796d00000,0x0000000796d00000)
  from space 512K, 12% used [0x0000000796e00000,0x0000000796e10000,0x0000000796e80000)
  to   space 512K, 0% used [0x0000000796d80000,0x0000000796d80000,0x0000000796e00000)
 ParOldGen       total 87552K, used 11811K [0x0000000740000000, 0x0000000745580000, 0x0000000795580000)
  object space 87552K, 13% used [0x0000000740000000,0x0000000740b88e38,0x0000000745580000)
 Metaspace       used 19782K, capacity 20165K, committed 20352K, reserved 1067008K
  class space    used 1972K, capacity 2097K, committed 2176K, reserved 1048576K
Event: 1703.167 GC heap after
Heap after GC invocations=99 (full 0):
 PSYoungGen      total 24576K, used 96K [0x0000000795580000, 0x0000000796e80000, 0x00000007c0000000)
  eden space 24064K, 0% used [0x0000000795580000,0x0000000795580000,0x0000000796d00000)
  from space 512K, 18% used [0x0000000796d80000,0x0000000796d98000,0x0000000796e00000)
  to   space 512K, 0% used [0x0000000796e00000,0x0000000796e00000,0x0000000796e80000)
 ParOldGen       total 87552K, used 11811K [0x0000000740000000, 0x0000000745580000, 0x0000000795580000)
  object space 87552K, 13% used [0x0000000740000000,0x0000000740b88e38,0x0000000745580000)
 Metaspace       used 19782K, capacity 20165K, committed 20352K, reserved 1067008K
  class space    used 1972K, capacity 2097K, committed 2176K, reserved 1048576K
}
Event: 1719.893 GC heap before
{Heap before GC invocations=100 (full 0):
 PSYoungGen      total 24576K, used 24160K [0x0000000795580000, 0x0000000796e80000, 0x00000007c0000000)
  eden space 24064K, 100% used [0x0000000795580000,0x0000000796d00000,0x0000000796d00000)
  from space 512K, 18% used [0x0000000796d80000,0x0000000796d98000,0x0000000796e00000)
  to   space 512K, 0% used [0x0000000796e00000,0x0000000796e00000,0x0000000796e80000)
 ParOldGen       total 87552K, used 11811K [0x0000000740000000, 0x0000000745580000, 0x0000000795580000)
  object space 87552K, 13% used [0x0000000740000000,0x0000000740b88e38,0x0000000745580000)
 Metaspace       used 19782K, capacity 20165K, committed 20352K, reserved 1067008K
  class space    used 1972K, capacity 2097K, committed 2176K, reserved 1048576K
Event: 1719.894 GC heap after
Heap after GC invocations=100 (full 0):
 PSYoungGen      total 24576K, used 64K [0x0000000795580000, 0x0000000796e80000, 0x00000007c0000000)
  eden space 24064K, 0% used [0x0000000795580000,0x0000000795580000,0x0000000796d00000)
  from space 512K, 12% used [0x0000000796e00000,0x0000000796e10000,0x0000000796e80000)
  to   space 512K, 0% used [0x0000000796d80000,0x0000000796d80000,0x0000000796e00000)
 ParOldGen       total 87552K, used 11811K [0x0000000740000000, 0x0000000745580000, 0x0000000795580000)
  object space 87552K, 13% used [0x0000000740000000,0x0000000740b88e38,0x0000000745580000)
 Metaspace       used 19782K, capacity 20165K, committed 20352K, reserved 1067008K
  class space    used 1972K, capacity 2097K, committed 2176K, reserved 1048576K
}

Deoptimization events (10 events):
Event: 1723.717 Thread 0x00007fc99a2eb000 Uncommon trap: reason=unstable_if action=reinterpret pc=0x00000001073d18b4 method=sun.java2d.pipe.Region.intersectsQuickCheck(Lsun/java2d/pipe/Region;)Z @ 41
Event: 1723.740 Thread 0x00007fc99b0e9000 Uncommon trap: reason=unstable_if action=reinterpret pc=0x0000000107175160 method=java.util.HashMap.putVal(ILjava/lang/Object;Ljava/lang/Object;ZZ)Ljava/lang/Object; @ 81
Event: 1723.740 Thread 0x00007fc99b0e9000 Uncommon trap: reason=unstable_if action=reinterpret pc=0x0000000107178c7c method=java.util.HashMap.putVal(ILjava/lang/Object;Ljava/lang/Object;ZZ)Ljava/lang/Object; @ 81
Event: 1723.740 Thread 0x00007fc99a2eb000 Uncommon trap: reason=class_check action=maybe_recompile pc=0x000000010741f6ec method=java.awt.Component.getGraphics()Ljava/awt/Graphics; @ 114
Event: 1723.742 Thread 0x00007fc99a9c1800 Uncommon trap: reason=class_check action=maybe_recompile pc=0x0000000106cb5480 method=com.jogamp.common.util.RunnableTask.run()V @ 24
Event: 1723.742 Thread 0x00007fc99a9c1800 Uncommon trap: reason=unstable_if action=reinterpret pc=0x000000010742debc method=jogamp.nativewindow.macosx.OSXUtil.RunOnMainThread(ZZLjava/lang/Runnable;)V @ 3
Event: 1723.752 Thread 0x00007fc99b145000 Uncommon trap: reason=unstable_if action=reinterpret pc=0x000000010744b51c method=jogamp.opengl.GLContextImpl.release(Z)V @ 161
Event: 1723.753 Thread 0x00007fc99b145000 Uncommon trap: reason=unstable_if action=reinterpret pc=0x00000001073b0f58 method=java.util.LinkedList$ListItr.<init>(Ljava/util/LinkedList;I)V @ 26
Event: 1723.754 Thread 0x00007fc99b145000 Uncommon trap: reason=unstable_if action=reinterpret pc=0x0000000107204140 method=java.security.AccessControlContext.optimize()Ljava/security/AccessControlContext; @ 233
Event: 1723.755 Thread 0x00007fc99a9c1800 Uncommon trap: reason=class_check action=maybe_recompile pc=0x0000000106cb5480 method=com.jogamp.common.util.RunnableTask.run()V @ 24

Classes redefined (0 events):
No events

Internal exceptions (10 events):
Event: 0.227 Thread 0x00007fc99a002800 Exception <a 'java/lang/NoSuchFieldError': method resolution failed> (0x00000007957a7230) thrown at [/Users/java_re/workspace/8-2-build-macosx-x86_64/jdk8u191/11896/hotspot/src/share/vm/prims/methodHandles.cpp, line 1167]
Event: 0.426 Thread 0x00007fc99a002800 Exception <a 'java/io/FileNotFoundException'> (0x0000000795822b28) thrown at [/Users/java_re/workspace/8-2-build-macosx-x86_64/jdk8u191/11896/hotspot/src/share/vm/prims/jni.cpp, line 709]
Event: 0.426 Thread 0x00007fc99a002800 Exception <a 'java/io/FileNotFoundException'> (0x0000000795823690) thrown at [/Users/java_re/workspace/8-2-build-macosx-x86_64/jdk8u191/11896/hotspot/src/share/vm/prims/jni.cpp, line 709]
Event: 0.568 Thread 0x00007fc99a002800 Exception <a 'java/io/FileNotFoundException'> (0x00000007958a6bd0) thrown at [/Users/java_re/workspace/8-2-build-macosx-x86_64/jdk8u191/11896/hotspot/src/share/vm/prims/jni.cpp, line 709]
Event: 2.351 Thread 0x00007fc99a9fe000 Exception <a 'java/lang/UnsatisfiedLinkError': com.jogamp.common.util.JarUtil.fixNativeLibAttribs(Ljava/lang/String;)Z> (0x0000000796c96330) thrown at [/Users/java_re/workspace/8-2-build-macosx-x86_64/jdk8u191/11896/hotspot/src/share/vm/prims/nativeLookup
Event: 2.640 Thread 0x00007fc99b033800 Exception <a 'java/lang/NullPointerException'> (0x00000007956a3220) thrown at [/Users/java_re/workspace/8-2-build-macosx-x86_64/jdk8u191/11896/hotspot/src/share/vm/interpreter/linkResolver.cpp, line 1185]
Event: 3.179 Thread 0x00007fc99b145000 Exception <a 'java/io/FileNotFoundException'> (0x0000000795f9a870) thrown at [/Users/java_re/workspace/8-2-build-macosx-x86_64/jdk8u191/11896/hotspot/src/share/vm/prims/jni.cpp, line 709]
Event: 3.179 Thread 0x00007fc99b145000 Exception <a 'java/io/FileNotFoundException'> (0x0000000795fa0948) thrown at [/Users/java_re/workspace/8-2-build-macosx-x86_64/jdk8u191/11896/hotspot/src/share/vm/prims/jni.cpp, line 709]
Event: 3.179 Thread 0x00007fc99b145000 Implicit null exception at 0x0000000106d268f6 to 0x0000000106d26cb9
Event: 3.271 Thread 0x00007fc99b145000 Implicit null exception at 0x0000000106f12386 to 0x0000000106f125cd

Events (10 events):
Event: 1723.754 loading class java/awt/LightweightDispatcher$2 done
Event: 1723.754 loading class java/awt/event/AWTEventListenerProxy
Event: 1723.754 loading class java/awt/event/AWTEventListenerProxy done
Event: 1723.754 Executing VM operation: Deoptimize
Event: 1723.755 Executing VM operation: Deoptimize done
Event: 1723.755 loading class java/awt/Toolkit$ToolkitEventMulticaster
Event: 1723.755 Thread 0x00007fc99a9c1800 Uncommon trap: trap_request=0xffffffde fr.pc=0x0000000106cb5480
Event: 1723.755 Thread 0x00007fc99a9c1800 DEOPT PACKING pc=0x0000000106cb5480 sp=0x00007ffeeaa5d570
Event: 1723.755 Thread 0x00007fc99a9c1800 DEOPT UNPACKING pc=0x0000000106b8273a sp=0x00007ffeeaa5d518 mode 2
Event: 1723.755 loading class java/awt/Toolkit$ToolkitEventMulticaster done


Dynamic libraries:
0x00007fff40df0000 	/System/Library/Frameworks/Cocoa.framework/Versions/A/Cocoa
0x00007fff4d0af000 	/System/Library/Frameworks/Security.framework/Versions/A/Security
0x00007fff3f9f7000 	/System/Library/Frameworks/ApplicationServices.framework/Versions/A/ApplicationServices
0x00007fff6e69e000 	/usr/lib/libz.1.dylib
0x00007fff6bd13000 	/usr/lib/libSystem.B.dylib
0x00007fff6d7bb000 	/usr/lib/libobjc.A.dylib
0x00007fff41613000 	/System/Library/Frameworks/CoreFoundation.framework/Versions/A/CoreFoundation
0x00007fff43998000 	/System/Library/Frameworks/Foundation.framework/Versions/C/Foundation
0x00007fff3eb84000 	/System/Library/Frameworks/AppKit.framework/Versions/C/AppKit
0x00007fff41187000 	/System/Library/Frameworks/CoreData.framework/Versions/A/CoreData
0x00007fff64ee1000 	/System/Library/PrivateFrameworks/RemoteViewServices.framework/Versions/A/RemoteViewServices
0x00007fff699e1000 	/System/Library/PrivateFrameworks/UIFoundation.framework/Versions/A/UIFoundation
0x00007fff6b199000 	/System/Library/PrivateFrameworks/XCTTargetBootstrap.framework/Versions/A/XCTTargetBootstrap
0x00007fff5f9e4000 	/System/Library/PrivateFrameworks/IconServices.framework/Versions/A/IconServices
0x00007fff46262000 	/System/Library/Frameworks/Metal.framework/Versions/A/Metal
0x00007fff56be6000 	/System/Library/PrivateFrameworks/DesktopServicesPriv.framework/Versions/A/DesktopServicesPriv
0x00007fff6cace000 	/usr/lib/libenergytrace.dylib
0x00007fff67752000 	/System/Library/PrivateFrameworks/SkyLight.framework/Versions/A/SkyLight
0x00007fff41a62000 	/System/Library/Frameworks/CoreGraphics.framework/Versions/A/CoreGraphics
0x00007fff3d93f000 	/System/Library/Frameworks/Accelerate.framework/Versions/A/Accelerate
0x00007fff44122000 	/System/Library/Frameworks/IOSurface.framework/Versions/A/IOSurface
0x00007fff56a48000 	/System/Library/PrivateFrameworks/DFRFoundation.framework/Versions/A/DFRFoundation
0x00007fff3fefc000 	/System/Library/Frameworks/AudioToolbox.framework/Versions/A/AudioToolbox
0x00007fff4019b000 	/System/Library/Frameworks/AudioUnit.framework/Versions/A/AudioUnit
0x00007fff56adf000 	/System/Library/PrivateFrameworks/DataDetectorsCore.framework/Versions/A/DataDetectorsCore
0x00007fff408da000 	/System/Library/Frameworks/Carbon.framework/Versions/A/Frameworks/HIToolbox.framework/Versions/A/HIToolbox
0x00007fff6cc29000 	/usr/lib/libicucore.A.dylib
0x00007fff4c602000 	/System/Library/Frameworks/QuartzCore.framework/Versions/A/QuartzCore
0x00007fff40cc1000 	/System/Library/Frameworks/Carbon.framework/Versions/A/Frameworks/SpeechRecognition.framework/Versions/A/SpeechRecognition
0x00007fff6be76000 	/usr/lib/libauto.dylib
0x00007fff6e591000 	/usr/lib/libxml2.2.dylib
0x00007fff56647000 	/System/Library/PrivateFrameworks/CoreUI.framework/Versions/A/CoreUI
0x00007fff41065000 	/System/Library/Frameworks/CoreAudio.framework/Versions/A/CoreAudio
0x00007fff437ca000 	/System/Library/Frameworks/DiskArbitration.framework/Versions/A/DiskArbitration
0x00007fff6ced9000 	/usr/lib/liblangid.dylib
0x00007fff60e94000 	/System/Library/PrivateFrameworks/MultitouchSupport.framework/Versions/A/MultitouchSupport
0x00007fff4408d000 	/System/Library/Frameworks/IOKit.framework/Versions/A/IOKit
0x00007fff6b961000 	/usr/lib/libDiagnosticMessagesClient.dylib
0x00007fff428d0000 	/System/Library/Frameworks/CoreServices.framework/Versions/A/CoreServices
0x00007fff62bca000 	/System/Library/PrivateFrameworks/PerformanceAnalysis.framework/Versions/A/PerformanceAnalysis
0x00007fff4b797000 	/System/Library/Frameworks/OpenGL.framework/Versions/A/OpenGL
0x00007fff40dfe000 	/System/Library/Frameworks/ColorSync.framework/Versions/A/ColorSync
0x00007fff420f1000 	/System/Library/Frameworks/CoreImage.framework/Versions/A/CoreImage
0x00007fff43313000 	/System/Library/Frameworks/CoreText.framework/Versions/A/CoreText
0x00007fff44183000 	/System/Library/Frameworks/ImageIO.framework/Versions/A/ImageIO
0x00007fff52c82000 	/System/Library/PrivateFrameworks/Backup.framework/Versions/A/Backup
0x00007fff6bdc9000 	/usr/lib/libarchive.2.dylib
0x00007fff404ff000 	/System/Library/Frameworks/CFNetwork.framework/Versions/A/CFNetwork
0x00007fff4d85a000 	/System/Library/Frameworks/SystemConfiguration.framework/Versions/A/SystemConfiguration
0x00007fff6b88a000 	/usr/lib/libCRFSuite.dylib
0x00007fff6bf6d000 	/usr/lib/libc++.1.dylib
0x00007fff6bfc5000 	/usr/lib/libc++abi.dylib
0x00007fff6e721000 	/usr/lib/system/libcache.dylib
0x00007fff6e726000 	/usr/lib/system/libcommonCrypto.dylib
0x00007fff6e731000 	/usr/lib/system/libcompiler_rt.dylib
0x00007fff6e739000 	/usr/lib/system/libcopyfile.dylib
0x00007fff6e743000 	/usr/lib/system/libcorecrypto.dylib
0x00007fff6e84e000 	/usr/lib/system/libdispatch.dylib
0x00007fff6e889000 	/usr/lib/system/libdyld.dylib
0x00007fff6e8b9000 	/usr/lib/system/libkeymgr.dylib
0x00007fff6e8c7000 	/usr/lib/system/liblaunch.dylib
0x00007fff6e8c8000 	/usr/lib/system/libmacho.dylib
0x00007fff6e8ce000 	/usr/lib/system/libquarantine.dylib
0x00007fff6e8d1000 	/usr/lib/system/libremovefile.dylib
0x00007fff6e8d3000 	/usr/lib/system/libsystem_asl.dylib
0x00007fff6e8eb000 	/usr/lib/system/libsystem_blocks.dylib
0x00007fff6e8ec000 	/usr/lib/system/libsystem_c.dylib
0x00007fff6e975000 	/usr/lib/system/libsystem_configuration.dylib
0x00007fff6e979000 	/usr/lib/system/libsystem_coreservices.dylib
0x00007fff6e97d000 	/usr/lib/system/libsystem_darwin.dylib
0x00007fff6e984000 	/usr/lib/system/libsystem_dnssd.dylib
0x00007fff6e98b000 	/usr/lib/system/libsystem_info.dylib
0x00007fff6ea01000 	/usr/lib/system/libsystem_m.dylib
0x00007fff6ea4d000 	/usr/lib/system/libsystem_malloc.dylib
0x00007fff6ea72000 	/usr/lib/system/libsystem_networkextension.dylib
0x00007fff6ea7e000 	/usr/lib/system/libsystem_notify.dylib
0x00007fff6ea9b000 	/usr/lib/system/libsystem_sandbox.dylib
0x00007fff6ea9f000 	/usr/lib/system/libsystem_secinit.dylib
0x00007fff6e9d8000 	/usr/lib/system/libsystem_kernel.dylib
0x00007fff6ea86000 	/usr/lib/system/libsystem_platform.dylib
0x00007fff6ea90000 	/usr/lib/system/libsystem_pthread.dylib
0x00007fff6eaa2000 	/usr/lib/system/libsystem_symptoms.dylib
0x00007fff6eaaa000 	/usr/lib/system/libsystem_trace.dylib
0x00007fff6eac1000 	/usr/lib/system/libunwind.dylib
0x00007fff6eac7000 	/usr/lib/system/libxpc.dylib
0x00007fff6bf4d000 	/usr/lib/libbsm.0.dylib
0x00007fff6e8ba000 	/usr/lib/system/libkxld.dylib
0x00007fff51f2f000 	/System/Library/PrivateFrameworks/AppleFSCompression.framework/Versions/A/AppleFSCompression
0x00007fff6bbd2000 	/usr/lib/libOpenScriptingUtil.dylib
0x00007fff6c2b0000 	/usr/lib/libcoretls.dylib
0x00007fff6c2c7000 	/usr/lib/libcoretls_cfhelpers.dylib
0x00007fff6df54000 	/usr/lib/libpam.2.dylib
0x00007fff6e117000 	/usr/lib/libsqlite3.dylib
0x00007fff6e57f000 	/usr/lib/libxar.1.dylib
0x00007fff6bf5e000 	/usr/lib/libbz2.1.0.dylib
0x00007fff6cedb000 	/usr/lib/liblzma.5.dylib
0x00007fff6d3d1000 	/usr/lib/libnetwork.dylib
0x00007fff6bdb2000 	/usr/lib/libapple_nghttp2.dylib
0x00007fff6df5b000 	/usr/lib/libpcap.A.dylib
0x00007fff42c74000 	/System/Library/Frameworks/CoreServices.framework/Versions/A/Frameworks/FSEvents.framework/Versions/A/FSEvents
0x00007fff42950000 	/System/Library/Frameworks/CoreServices.framework/Versions/A/Frameworks/CarbonCore.framework/Versions/A/CarbonCore
0x00007fff42e49000 	/System/Library/Frameworks/CoreServices.framework/Versions/A/Frameworks/Metadata.framework/Versions/A/Metadata
0x00007fff42eec000 	/System/Library/Frameworks/CoreServices.framework/Versions/A/Frameworks/OSServices.framework/Versions/A/OSServices
0x00007fff42f38000 	/System/Library/Frameworks/CoreServices.framework/Versions/A/Frameworks/SearchKit.framework/Versions/A/SearchKit
0x00007fff428d1000 	/System/Library/Frameworks/CoreServices.framework/Versions/A/Frameworks/AE.framework/Versions/A/AE
0x00007fff42c7d000 	/System/Library/Frameworks/CoreServices.framework/Versions/A/Frameworks/LaunchServices.framework/Versions/A/LaunchServices
0x00007fff42c29000 	/System/Library/Frameworks/CoreServices.framework/Versions/A/Frameworks/DictionaryServices.framework/Versions/A/DictionaryServices
0x00007fff42fa7000 	/System/Library/Frameworks/CoreServices.framework/Versions/A/Frameworks/SharedFileList.framework/Versions/A/SharedFileList
0x00007fff47728000 	/System/Library/Frameworks/NetFS.framework/Versions/A/NetFS
0x00007fff61131000 	/System/Library/PrivateFrameworks/NetAuth.framework/Versions/A/NetAuth
0x00007fff6b5cd000 	/System/Library/PrivateFrameworks/login.framework/Versions/A/Frameworks/loginsupport.framework/Versions/A/loginsupport
0x00007fff695d9000 	/System/Library/PrivateFrameworks/TCC.framework/Versions/A/TCC
0x00007fff55c4f000 	/System/Library/PrivateFrameworks/CoreNLP.framework/Versions/A/CoreNLP
0x00007fff60b85000 	/System/Library/PrivateFrameworks/MetadataUtilities.framework/Versions/A/MetadataUtilities
0x00007fff6cfbc000 	/usr/lib/libmecabra.dylib
0x00007fff3f9f8000 	/System/Library/Frameworks/ApplicationServices.framework/Versions/A/Frameworks/ATS.framework/Versions/A/ATS
0x00007fff3fd63000 	/System/Library/Frameworks/ApplicationServices.framework/Versions/A/Frameworks/ColorSyncLegacy.framework/Versions/A/ColorSyncLegacy
0x00007fff3fe04000 	/System/Library/Frameworks/ApplicationServices.framework/Versions/A/Frameworks/HIServices.framework/Versions/A/HIServices
0x00007fff3fe57000 	/System/Library/Frameworks/ApplicationServices.framework/Versions/A/Frameworks/LangAnalysis.framework/Versions/A/LangAnalysis
0x00007fff3fe66000 	/System/Library/Frameworks/ApplicationServices.framework/Versions/A/Frameworks/PrintCore.framework/Versions/A/PrintCore
0x00007fff3feb3000 	/System/Library/Frameworks/ApplicationServices.framework/Versions/A/Frameworks/QD.framework/Versions/A/QD
0x00007fff3feef000 	/System/Library/Frameworks/ApplicationServices.framework/Versions/A/Frameworks/SpeechSynthesis.framework/Versions/A/SpeechSynthesis
0x00007fff6bfed000 	/usr/lib/libcompression.dylib
0x00007fff41529000 	/System/Library/Frameworks/CoreDisplay.framework/Versions/A/CoreDisplay
0x00007fff4652a000 	/System/Library/Frameworks/MetalPerformanceShaders.framework/Versions/A/MetalPerformanceShaders
0x00007fff3d957000 	/System/Library/Frameworks/Accelerate.framework/Versions/A/Frameworks/vImage.framework/Versions/A/vImage
0x00007fff3e9d3000 	/System/Library/Frameworks/Accelerate.framework/Versions/A/Frameworks/vecLib.framework/Versions/A/vecLib
0x00007fff3e91d000 	/System/Library/Frameworks/Accelerate.framework/Versions/A/Frameworks/vecLib.framework/Versions/A/libvMisc.dylib
0x00007fff3e738000 	/System/Library/Frameworks/Accelerate.framework/Versions/A/Frameworks/vecLib.framework/Versions/A/libvDSP.dylib
0x00007fff3dff8000 	/System/Library/Frameworks/Accelerate.framework/Versions/A/Frameworks/vecLib.framework/Versions/A/libBLAS.dylib
0x00007fff3e2e3000 	/System/Library/Frameworks/Accelerate.framework/Versions/A/Frameworks/vecLib.framework/Versions/A/libLAPACK.dylib
0x00007fff3e68a000 	/System/Library/Frameworks/Accelerate.framework/Versions/A/Frameworks/vecLib.framework/Versions/A/libLinearAlgebra.dylib
0x00007fff3e724000 	/System/Library/Frameworks/Accelerate.framework/Versions/A/Frameworks/vecLib.framework/Versions/A/libSparseBLAS.dylib
0x00007fff3e6a0000 	/System/Library/Frameworks/Accelerate.framework/Versions/A/Frameworks/vecLib.framework/Versions/A/libQuadrature.dylib
0x00007fff3e270000 	/System/Library/Frameworks/Accelerate.framework/Versions/A/Frameworks/vecLib.framework/Versions/A/libBNNS.dylib
0x00007fff3e6a6000 	/System/Library/Frameworks/Accelerate.framework/Versions/A/Frameworks/vecLib.framework/Versions/A/libSparse.dylib
0x00007fff5d176000 	/System/Library/PrivateFrameworks/GPUWrangler.framework/Versions/A/GPUWrangler
0x00007fff5f5ab000 	/System/Library/PrivateFrameworks/IOAccelerator.framework/Versions/A/IOAccelerator
0x00007fff5f5b6000 	/System/Library/PrivateFrameworks/IOPresentment.framework/Versions/A/IOPresentment
0x00007fff56a58000 	/System/Library/PrivateFrameworks/DSExternalDisplay.framework/Versions/A/DSExternalDisplay
0x00007fff4abdc000 	/System/Library/Frameworks/OpenGL.framework/Versions/A/Libraries/libCoreFSCache.dylib
0x00007fff46312000 	/System/Library/Frameworks/MetalPerformanceShaders.framework/Frameworks/MPSCore.framework/Versions/A/MPSCore
0x00007fff46333000 	/System/Library/Frameworks/MetalPerformanceShaders.framework/Frameworks/MPSImage.framework/Versions/A/MPSImage
0x00007fff463db000 	/System/Library/Frameworks/MetalPerformanceShaders.framework/Frameworks/MPSNeuralNetwork.framework/Versions/A/MPSNeuralNetwork
0x00007fff463b2000 	/System/Library/Frameworks/MetalPerformanceShaders.framework/Frameworks/MPSMatrix.framework/Versions/A/MPSMatrix
0x00007fff4650e000 	/System/Library/Frameworks/MetalPerformanceShaders.framework/Frameworks/MPSRayIntersector.framework/Versions/A/MPSRayIntersector
0x00007fff60bae000 	/System/Library/PrivateFrameworks/MetalTools.framework/Versions/A/MetalTools
0x00007fff51629000 	/System/Library/PrivateFrameworks/AggregateDictionary.framework/Versions/A/AggregateDictionary
0x00007fff6bbb2000 	/usr/lib/libMobileGestalt.dylib
0x00007fff43479000 	/System/Library/Frameworks/CoreVideo.framework/Versions/A/CoreVideo
0x00007fff5dfe6000 	/System/Library/PrivateFrameworks/GraphVisualizer.framework/Versions/A/GraphVisualizer
0x00007fff57d81000 	/System/Library/PrivateFrameworks/FaceCore.framework/Versions/A/FaceCore
0x00007fff4a1f4000 	/System/Library/Frameworks/OpenCL.framework/Versions/A/OpenCL
0x00007fff6b999000 	/usr/lib/libFosl_dynamic.dylib
0x00007fff61a09000 	/System/Library/PrivateFrameworks/OTSVG.framework/Versions/A/OTSVG
0x00007fff3fafc000 	/System/Library/Frameworks/ApplicationServices.framework/Versions/A/Frameworks/ATS.framework/Versions/A/Resources/libFontParser.dylib
0x00007fff3fc1c000 	/System/Library/Frameworks/ApplicationServices.framework/Versions/A/Frameworks/ATS.framework/Versions/A/Resources/libFontRegistry.dylib
0x00007fff4440d000 	/System/Library/Frameworks/ImageIO.framework/Versions/A/Resources/libJPEG.dylib
0x00007fff4472f000 	/System/Library/Frameworks/ImageIO.framework/Versions/A/Resources/libTIFF.dylib
0x00007fff44705000 	/System/Library/Frameworks/ImageIO.framework/Versions/A/Resources/libPng.dylib
0x00007fff44322000 	/System/Library/Frameworks/ImageIO.framework/Versions/A/Resources/libGIF.dylib
0x00007fff44327000 	/System/Library/Frameworks/ImageIO.framework/Versions/A/Resources/libJP2.dylib
0x00007fff4472c000 	/System/Library/Frameworks/ImageIO.framework/Versions/A/Resources/libRadiance.dylib
0x00007fff52088000 	/System/Library/PrivateFrameworks/AppleJPEG.framework/Versions/A/AppleJPEG
0x00007fff4abe7000 	/System/Library/Frameworks/OpenGL.framework/Versions/A/Libraries/libGFXShared.dylib
0x00007fff4adaa000 	/System/Library/Frameworks/OpenGL.framework/Versions/A/Libraries/libGLU.dylib
0x00007fff4abf0000 	/System/Library/Frameworks/OpenGL.framework/Versions/A/Libraries/libGL.dylib
0x00007fff4abfc000 	/System/Library/Frameworks/OpenGL.framework/Versions/A/Libraries/libGLImage.dylib
0x00007fff4abd9000 	/System/Library/Frameworks/OpenGL.framework/Versions/A/Libraries/libCVMSPluginSupport.dylib
0x00007fff4abe2000 	/System/Library/Frameworks/OpenGL.framework/Versions/A/Libraries/libCoreVMClient.dylib
0x00007fff6c93f000 	/usr/lib/libcups.2.dylib
0x00007fff45827000 	/System/Library/Frameworks/Kerberos.framework/Versions/A/Kerberos
0x00007fff43dd7000 	/System/Library/Frameworks/GSS.framework/Versions/A/GSS
0x00007fff6e0ab000 	/usr/lib/libresolv.9.dylib
0x00007fff6cb37000 	/usr/lib/libiconv.2.dylib
0x00007fff5e146000 	/System/Library/PrivateFrameworks/Heimdal.framework/Versions/A/Heimdal
0x00007fff6cb06000 	/usr/lib/libheimdal-asn1.dylib
0x00007fff4a26a000 	/System/Library/Frameworks/OpenDirectory.framework/Versions/A/OpenDirectory
0x00007fff5494b000 	/System/Library/PrivateFrameworks/CommonAuth.framework/Versions/A/CommonAuth
0x00007fff4a24d000 	/System/Library/Frameworks/OpenDirectory.framework/Versions/A/Frameworks/CFOpenDirectory.framework/Versions/A/CFOpenDirectory
0x00007fff4d3d8000 	/System/Library/Frameworks/SecurityFoundation.framework/Versions/A/SecurityFoundation
0x00007fff50b38000 	/System/Library/PrivateFrameworks/APFS.framework/Versions/A/APFS
0x00007fff6e57b000 	/usr/lib/libutil.dylib
0x00007fff6bfdb000 	/usr/lib/libcharset.1.dylib
0x00007fff52324000 	/System/Library/PrivateFrameworks/AppleSauce.framework/Versions/A/AppleSauce
0x00007fff524b2000 	/System/Library/PrivateFrameworks/AssertionServices.framework/Versions/A/AssertionServices
0x00007fff52d25000 	/System/Library/PrivateFrameworks/BaseBoard.framework/Versions/A/BaseBoard
0x00007fff6cf0b000 	/usr/lib/libmecab.1.0.0.dylib
0x00007fff6cb00000 	/usr/lib/libgermantok.dylib
0x00007fff6bd9e000 	/usr/lib/libThaiTokenizer.dylib
0x00007fff6b8c5000 	/usr/lib/libChineseTokenizer.dylib
0x00007fff5fce2000 	/System/Library/PrivateFrameworks/LanguageModeling.framework/Versions/A/LanguageModeling
0x00007fff55665000 	/System/Library/PrivateFrameworks/CoreEmoji.framework/Versions/A/CoreEmoji
0x00007fff5fdda000 	/System/Library/PrivateFrameworks/Lexicon.framework/Versions/A/Lexicon
0x00007fff5fe22000 	/System/Library/PrivateFrameworks/LinguisticData.framework/Versions/A/LinguisticData
0x00007fff6bfdc000 	/usr/lib/libcmph.dylib
0x00007fff4d499000 	/System/Library/Frameworks/ServiceManagement.framework/Versions/A/ServiceManagement
0x00007fff52c78000 	/System/Library/PrivateFrameworks/BackgroundTaskManagement.framework/Versions/A/BackgroundTaskManagement
0x00007fff6e675000 	/usr/lib/libxslt.1.dylib
0x00007fff40bec000 	/System/Library/Frameworks/Carbon.framework/Versions/A/Frameworks/Ink.framework/Versions/A/Ink
0x00007fff69859000 	/System/Library/PrivateFrameworks/TextureIO.framework/Versions/A/TextureIO
0x00007fff6bdf3000 	/usr/lib/libate.dylib
0x00007fff569b4000 	/System/Library/PrivateFrameworks/CrashReporterSupport.framework/Versions/A/CrashReporterSupport
0x00007fff6687a000 	/System/Library/PrivateFrameworks/Sharing.framework/Versions/A/Sharing
0x00007fff52804000 	/System/Library/PrivateFrameworks/AuthKit.framework/Versions/A/AuthKit
0x00007fff51c27000 	/System/Library/PrivateFrameworks/Apple80211.framework/Versions/A/Apple80211
0x00007fff56774000 	/System/Library/PrivateFrameworks/CoreUtils.framework/Versions/A/CoreUtils
0x00007fff434b7000 	/System/Library/Frameworks/CoreWLAN.framework/Versions/A/CoreWLAN
0x00007fff43f21000 	/System/Library/Frameworks/IOBluetooth.framework/Versions/A/IOBluetooth
0x00007fff64b98000 	/System/Library/PrivateFrameworks/ProtocolBuffer.framework/Versions/A/ProtocolBuffer
0x00007fff60deb000 	/System/Library/PrivateFrameworks/MobileKeyBag.framework/Versions/A/MobileKeyBag
0x00007fff55f8c000 	/System/Library/PrivateFrameworks/CorePhoneNumbers.framework/Versions/A/CorePhoneNumbers
0x00007fff5203c000 	/System/Library/PrivateFrameworks/AppleIDAuthSupport.framework/Versions/A/AppleIDAuthSupport
0x00007fff5fcb3000 	/System/Library/PrivateFrameworks/KeychainCircle.framework/Versions/A/KeychainCircle
0x00007fff64d65000 	/System/Library/PrivateFrameworks/ROCKit.framework/Versions/A/ROCKit
0x00007fff56950000 	/System/Library/PrivateFrameworks/CoreWiFi.framework/Versions/A/CoreWiFi
0x00007fff4115b000 	/System/Library/Frameworks/CoreBluetooth.framework/Versions/A/CoreBluetooth
0x00007fff56ba4000 	/System/Library/PrivateFrameworks/DebugSymbols.framework/Versions/A/DebugSymbols
0x00007fff56529000 	/System/Library/PrivateFrameworks/CoreSymbolication.framework/Versions/A/CoreSymbolication
0x00007fff69043000 	/System/Library/PrivateFrameworks/Symbolication.framework/Versions/A/Symbolication
0x00007fff681d5000 	/System/Library/PrivateFrameworks/SpeechRecognitionCore.framework/Versions/A/SpeechRecognitionCore
0x0000000105b13000 	/Library/Java/JavaVirtualMachines/jdk1.8.0_191.jdk/Contents/Home/jre/lib/server/libjvm.dylib
0x00007fff6e43f000 	/usr/lib/libstdc++.6.dylib
0x00000001051c9000 	/Library/Java/JavaVirtualMachines/jdk1.8.0_191.jdk/Contents/Home/jre/lib/libverify.dylib
0x0000000106ac7000 	/Library/Java/JavaVirtualMachines/jdk1.8.0_191.jdk/Contents/Home/jre/lib/libjava.dylib
0x00000001051e1000 	/Library/Java/JavaVirtualMachines/jdk1.8.0_191.jdk/Contents/Home/jre/lib/libzip.dylib
0x000000011c4b0000 	/Library/Java/JavaVirtualMachines/jdk1.8.0_191.jdk/Contents/Home/jre/lib/libawt.dylib
0x000000011c55a000 	/Library/Java/JavaVirtualMachines/jdk1.8.0_191.jdk/Contents/Home/jre/lib/./libmlib_image.dylib
0x00007fff45810000 	/System/Library/Frameworks/JavaVM.framework/Versions/A/Frameworks/JavaNativeFoundation.framework/Versions/A/JavaNativeFoundation
0x00007fff45819000 	/System/Library/Frameworks/JavaVM.framework/Versions/A/Frameworks/JavaRuntimeSupport.framework/Versions/A/JavaRuntimeSupport
0x00007fff45822000 	/System/Library/Frameworks/JavaVM.framework/Versions/A/JavaVM
0x00007fff5fbca000 	/System/Library/PrivateFrameworks/JavaLaunching.framework/Versions/A/JavaLaunching
0x00007fff408d5000 	/System/Library/Frameworks/Carbon.framework/Versions/A/Carbon
0x00007fff408d6000 	/System/Library/Frameworks/Carbon.framework/Versions/A/Frameworks/CommonPanels.framework/Versions/A/CommonPanels
0x00007fff40be2000 	/System/Library/Frameworks/Carbon.framework/Versions/A/Frameworks/Help.framework/Versions/A/Help
0x00007fff40be6000 	/System/Library/Frameworks/Carbon.framework/Versions/A/Frameworks/ImageCapture.framework/Versions/A/ImageCapture
0x00007fff40c81000 	/System/Library/Frameworks/Carbon.framework/Versions/A/Frameworks/OpenScripting.framework/Versions/A/OpenScripting
0x00007fff40cbc000 	/System/Library/Frameworks/Carbon.framework/Versions/A/Frameworks/Print.framework/Versions/A/Print
0x00007fff40cbe000 	/System/Library/Frameworks/Carbon.framework/Versions/A/Frameworks/SecurityHI.framework/Versions/A/SecurityHI
0x000000011c626000 	/Library/Java/JavaVirtualMachines/jdk1.8.0_191.jdk/Contents/Home/jre/lib/libawt_lwawt.dylib
0x000000011c6e0000 	/Library/Java/JavaVirtualMachines/jdk1.8.0_191.jdk/Contents/Home/jre/lib/./libosxapp.dylib
0x00007fff43970000 	/System/Library/Frameworks/ExceptionHandling.framework/Versions/A/ExceptionHandling
0x00007fff56123000 	/System/Library/PrivateFrameworks/CoreServicesInternal.framework/Versions/A/CoreServicesInternal
0x00007fff374a8000 	/System/Library/CoreServices/RawCamera.bundle/Contents/MacOS/RawCamera
0x00007fff60c55000 	/System/Library/PrivateFrameworks/MobileAsset.framework/Versions/A/MobileAsset
0x00007fff688c7000 	/System/Library/PrivateFrameworks/StreamingZip.framework/Versions/A/StreamingZip
0x00007fff45bc2000 	/System/Library/Frameworks/MediaToolbox.framework/Versions/A/MediaToolbox
0x00007fff551ea000 	/System/Library/PrivateFrameworks/CoreAVCHD.framework/Versions/A/CoreAVCHD
0x00007fff45afe000 	/System/Library/Frameworks/MediaAccessibility.framework/Versions/A/MediaAccessibility
0x00007fff60687000 	/System/Library/PrivateFrameworks/Mangrove.framework/Versions/A/Mangrove
0x00007fff4276b000 	/System/Library/Frameworks/CoreMedia.framework/Versions/A/CoreMedia
0x00007fff4db2b000 	/System/Library/Frameworks/VideoToolbox.framework/Versions/A/VideoToolbox
0x00007fff54e12000 	/System/Library/PrivateFrameworks/CoreAUC.framework/Versions/A/CoreAUC
0x00007fff6e115000 	/usr/lib/libspindump.dylib
0x00007fff52417000 	/System/Library/PrivateFrameworks/AppleVA.framework/Versions/A/AppleVA
0x00007fff3d940000 	/System/Library/Frameworks/Accelerate.framework/Versions/A/Frameworks/vImage.framework/Versions/A/Libraries/libCGInterfaces.dylib
0x00007fff3fcc6000 	/System/Library/Frameworks/ApplicationServices.framework/Versions/A/Frameworks/ATS.framework/Versions/A/Resources/libTrueTypeScaler.dylib
0x00007fff3abef000 	/System/Library/Extensions/AppleIntelKBLGraphicsMTLDriver.bundle/Contents/MacOS/AppleIntelKBLGraphicsMTLDriver
0x00007fff5bacb000 	/System/Library/PrivateFrameworks/GPUCompiler.framework/Versions/3902/Libraries/libmetal_timestamp.dylib
0x00007fff581b3000 	/System/Library/PrivateFrameworks/FamilyControls.framework/Versions/A/FamilyControls
0x00007fff5493e000 	/System/Library/PrivateFrameworks/CommerceKit.framework/Versions/A/Frameworks/CommerceCore.framework/Versions/A/CommerceCore
0x00007fff6932c000 	/System/Library/PrivateFrameworks/SystemAdministration.framework/Versions/A/SystemAdministration
0x00007fff51b21000 	/System/Library/PrivateFrameworks/AppContainer.framework/Versions/A/AppContainer
0x00007fff51b3e000 	/System/Library/PrivateFrameworks/AppSandbox.framework/Versions/A/AppSandbox
0x00007fff66712000 	/System/Library/PrivateFrameworks/SecCodeWrapper.framework/Versions/A/SecCodeWrapper
0x00007fff6e0c5000 	/usr/lib/libsandbox.1.dylib
0x00007fff6bb7d000 	/usr/lib/libMatch.1.dylib
0x00007fff56f44000 	/System/Library/PrivateFrameworks/DiskManagement.framework/Versions/A/DiskManagement
0x00007fff436dd000 	/System/Library/Frameworks/DirectoryService.framework/Versions/A/DirectoryService
0x00007fff56e71000 	/System/Library/PrivateFrameworks/DiskImages.framework/Versions/A/DiskImages
0x00007fff5ff21000 	/System/Library/PrivateFrameworks/LoginUIKit.framework/Versions/A/Frameworks/LoginUICore.framework/Versions/A/LoginUICore
0x00007fff6b8d1000 	/usr/lib/libCoreStorage.dylib
0x00007fff6c92b000 	/usr/lib/libcsfde.dylib
0x00007fff6df42000 	/usr/lib/libodfde.dylib
0x00007fff607a8000 	/System/Library/PrivateFrameworks/MediaKit.framework/Versions/A/MediaKit
0x00007fff436e9000 	/System/Library/Frameworks/DiscRecording.framework/Versions/A/DiscRecording
0x00007fff570b1000 	/System/Library/PrivateFrameworks/EFILogin.framework/Versions/A/EFILogin
0x00007fff64b40000 	/System/Library/PrivateFrameworks/ProtectedCloudStorage.framework/Versions/A/ProtectedCloudStorage
0x00007fff6c9c0000 	/usr/lib/libcurl.4.dylib
0x00007fff6c792000 	/usr/lib/libcrypto.42.dylib
0x00007fff6e3f1000 	/usr/lib/libssl.44.dylib
0x00007fff45841000 	/System/Library/Frameworks/LDAP.framework/Versions/A/LDAP
0x00007fff699da000 	/System/Library/PrivateFrameworks/TrustEvaluationAgent.framework/Versions/A/TrustEvaluationAgent
0x00007fff6e102000 	/usr/lib/libsasl2.2.dylib
0x00007fff55449000 	/System/Library/PrivateFrameworks/CoreDaemon.framework/Versions/B/CoreDaemon
0x00007fff5231f000 	/System/Library/PrivateFrameworks/AppleSRP.framework/Versions/A/AppleSRP
0x00007fff6a88a000 	/System/Library/PrivateFrameworks/ViewBridge.framework/Versions/A/ViewBridge
0x00007fff4b7a7000 	/System/Library/Frameworks/OpenGL.framework/Versions/A/Resources/GLEngine.bundle/GLEngine
0x00007fff4ac37000 	/System/Library/Frameworks/OpenGL.framework/Versions/A/Libraries/libGLProgrammability.dylib
0x00007fff39e0e000 	/System/Library/Extensions/AppleIntelKBLGraphicsGLDriver.bundle/Contents/MacOS/AppleIntelKBLGraphicsGLDriver
0x00007fff5d16a000 	/System/Library/PrivateFrameworks/GPUSupport.framework/Versions/A/Libraries/libGPUSupportMercury.dylib
0x00007fff4b93e000 	/System/Library/Frameworks/OpenGL.framework/Versions/A/Resources/GLRendererFloat.bundle/GLRendererFloat
0x00007fff4a1eb000 	/System/Library/Frameworks/OpenCL.framework/Versions/A/Libraries/libcldcpuengine.dylib
0x00007fff6c467000 	/usr/lib/libcrypto.35.dylib
0x00000001219b6000 	/Library/Java/JavaVirtualMachines/jdk1.8.0_191.jdk/Contents/Home/jre/lib/libfontmanager.dylib
0x0000000121a1d000 	/usr/lib/libobjc-trampolines.dylib
0x000000012323e000 	/Library/Java/JavaVirtualMachines/jdk1.8.0_191.jdk/Contents/Home/jre/lib/libosxui.dylib
0x0000000123f10000 	/Library/Java/JavaVirtualMachines/jdk1.8.0_191.jdk/Contents/Home/jre/lib/libnet.dylib
0x0000000123f6f000 	/Library/Java/JavaVirtualMachines/jdk1.8.0_191.jdk/Contents/Home/jre/lib/libnio.dylib
0x000000011fac7000 	/private/var/folders/_m/yh4n20q10h157qj87mnyrcjr0000gn/T/jogamp_0000/file_cache/jln8312030560664372992/jln6798014966144683042/libgluegen-rt.jnilib
0x0000000122e9c000 	/private/var/folders/_m/yh4n20q10h157qj87mnyrcjr0000gn/T/jogamp_0000/file_cache/jln8312030560664372992/jln6798014966144683042/libnativewindow_awt.jnilib
0x0000000122e9f000 	/Library/Java/JavaVirtualMachines/jdk1.8.0_191.jdk/Contents/Home/jre/lib/libjawt.dylib
0x000000018f8ec000 	/private/var/folders/_m/yh4n20q10h157qj87mnyrcjr0000gn/T/jogamp_0000/file_cache/jln8312030560664372992/jln6798014966144683042/libnativewindow_macosx.jnilib
0x000000018fde9000 	/private/var/folders/_m/yh4n20q10h157qj87mnyrcjr0000gn/T/jogamp_0000/file_cache/jln8312030560664372992/jln6798014966144683042/libjogl_desktop.jnilib

VM Arguments:
jvm_args: -Djava.security.policy=java.policy.applet -Dfile.encoding=UTF-8 
java_command: sun.applet.AppletViewer demos.EarthquakeCityMapDemo1549914565174.html
java_class_path (initial): /Users/philip/EclipseWorkspace/UCSDUnfoldingMaps/build:/Users/philip/EclipseWorkspace/UCSDUnfoldingMaps/lib/core.jar:/Users/philip/EclipseWorkspace/UCSDUnfoldingMaps/lib/gluegen-rt.jar:/Users/philip/EclipseWorkspace/UCSDUnfoldingMaps/lib/jogl-all.jar:/Users/philip/EclipseWorkspace/UCSDUnfoldingMaps/lib/log4j-1.2.15.jar:/Users/philip/EclipseWorkspace/UCSDUnfoldingMaps/lib/sqlite-jdbc-3.7.2.jar:/Users/philip/EclipseWorkspace/UCSDUnfoldingMaps/lib/json4processing.jar:/Users/philip/EclipseWorkspace/UCSDUnfoldingMaps/lib/libTUIO.jar:/Users/philip/EclipseWorkspace/UCSDUnfoldingMaps/lib/unfolding.0.9.7-uscd.jar
Launcher Type: SUN_STANDARD

Environment Variables:
PATH=/usr/bin:/bin:/usr/sbin:/sbin
SHELL=/bin/bash

Signal Handlers:
SIGSEGV: [libjvm.dylib+0x5b5de9], sa_mask[0]=11111111011111110111111111111111, sa_flags=SA_ONSTACK|SA_RESTART|SA_SIGINFO
SIGBUS: [libjvm.dylib+0x5b5de9], sa_mask[0]=11111111011111110111111111111111, sa_flags=SA_RESTART|SA_SIGINFO
SIGFPE: [libjvm.dylib+0x48b6b0], sa_mask[0]=11111111011111110111111111111111, sa_flags=SA_RESTART|SA_SIGINFO
SIGPIPE: [libjvm.dylib+0x48b6b0], sa_mask[0]=11111111011111110111111111111111, sa_flags=SA_RESTART|SA_SIGINFO
SIGXFSZ: [libjvm.dylib+0x48b6b0], sa_mask[0]=11111111011111110111111111111111, sa_flags=SA_RESTART|SA_SIGINFO
SIGILL: [libjvm.dylib+0x48b6b0], sa_mask[0]=11111111011111110111111111111111, sa_flags=SA_RESTART|SA_SIGINFO
SIGUSR1: SIG_DFL, sa_mask[0]=00000000000000000000000000000000, sa_flags=none
SIGUSR2: [libjvm.dylib+0x48b1ce], sa_mask[0]=00100000000000000000000000000000, sa_flags=SA_RESTART|SA_SIGINFO
SIGHUP: [libjvm.dylib+0x489759], sa_mask[0]=11111111011111110111111111111111, sa_flags=SA_RESTART|SA_SIGINFO
SIGINT: [libjvm.dylib+0x489759], sa_mask[0]=11111111011111110111111111111111, sa_flags=SA_RESTART|SA_SIGINFO
SIGTERM: [libjvm.dylib+0x489759], sa_mask[0]=11111111011111110111111111111111, sa_flags=SA_RESTART|SA_SIGINFO
SIGQUIT: [libjvm.dylib+0x489759], sa_mask[0]=11111111011111110111111111111111, sa_flags=SA_RESTART|SA_SIGINFO


---------------  S Y S T E M  ---------------

OS:Bsduname:Darwin 18.2.0 Darwin Kernel Version 18.2.0: Thu Dec 20 20:46:53 PST 2018; root:xnu-4903.241.1~1/RELEASE_X86_64 x86_64
rlimit: STACK 8192k, CORE 0k, NPROC 709, NOFILE 10240, AS infinity
load average:2.69 2.64 2.79

CPU:total 4 (initial active 4) (2 cores per cpu, 2 threads per core) family 6 model 142 stepping 9, cmov, cx8, fxsr, mmx, sse, sse2, sse3, ssse3, sse4.1, sse4.2, popcnt, avx, avx2, aes, clmul, erms, rtm, 3dnowpref, lzcnt, ht, tsc, tscinvbit, bmi1, bmi2, adx

Memory: 4k page, physical 8388608k(470852k free)

/proc/meminfo:


vm_info: Java HotSpot(TM) 64-Bit Server VM (25.191-b12) for bsd-amd64 JRE (1.8.0_191-b12), built on Oct  6 2018 08:37:07 by "java_re" with gcc 4.2.1 (Based on Apple Inc. build 5658) (LLVM build 2336.11.00)

time: Mon Feb 11 15:18:09 2019
elapsed time: 1723 seconds (0d 0h 28m 43s)

