#
# A fatal error has been detected by the Java Runtime Environment:
#
#  SIGSEGV (0xb) at pc=0x00007fff5f8f1a1d, pid=22823, tid=0x0000000000000307
#
# JRE version: Java(TM) SE Runtime Environment (8.0_191-b12) (build 1.8.0_191-b12)
# Java VM: Java HotSpot(TM) 64-Bit Server VM (25.191-b12 mixed mode bsd-amd64 compressed oops)
# Problematic frame:
# C  [libobjc.A.dylib+0x7a1d]  objc_msgSend+0x1d
#
# Failed to write core dump. Core dumps have been disabled. To enable core dumping, try "ulimit -c unlimited" before starting Java again
#
# If you would like to submit a bug report, please visit:
#   http://bugreport.java.com/bugreport/crash.jsp
# The crash happened outside the Java Virtual Machine in native code.
# See problematic frame for where to report the bug.
#

---------------  T H R E A D  ---------------

Current thread (0x00007fcd1c098000):  JavaThread "AWT-AppKit" daemon [_thread_in_native, id=775, stack(0x00007ffee6d47000,0x00007ffee7547000)]

siginfo: si_signo: 11 (SIGSEGV), si_code: 1 (SEGV_MAPERR), si_addr: 0x0000000000000018

Registers:
RAX=0x00007fcd1f0cd580, RBX=0x0000000122eb8450, RCX=0x0000000000000001, RDX=0x0000000000000000
RSP=0x00007ffee7542258, RBP=0x00007ffee7542310, RSI=0x00007fff318c27eb, RDI=0x00007fcd1dfc2c60
R8 =0x0000000000000000, R9 =0x0000000000000000, R10=0x0000000000000000, R11=0x00007fff318c27eb
R12=0x0000000000000000, R13=0x00000001985524f0, R14=0x0000000122eb8440, R15=0x00007fcd1c098000
RIP=0x00007fff5f8f1a1d, EFLAGS=0x0000000000010246, ERR=0x0000000000000004
  TRAPNO=0x000000000000000e

Top of Stack: (sp=0x00007ffee7542258)
0x00007ffee7542258:   0000000122eb6157 00007ffee75422b0
0x00007ffee7542268:   0000000000000003 00007ffee7542290
0x00007ffee7542278:   0000000109143392 00000001985524f0
0x00007ffee7542288:   00000001985524f0 00007fcd1f0cd580
0x00007ffee7542298:   0000000122eb86a0 0000000122eb8710
0x00007ffee75422a8:   00007fff8c1bdca8 00007fff8d8b3e38
0x00007ffee75422b8:   0000000122eb8450 0000000122eb8690
0x00007ffee75422c8:   00007fcd1f0cd580 00007fcd1dfc2c60
0x00007ffee75422d8:   00007fcd1b436620 00007fcd1f0cd580
0x00007ffee75422e8:   00007fcd1dfc2c60 00007ffee7542398
0x00007ffee75422f8:   00007fcd1c0981f8 00000001985524f0
0x00007ffee7542308:   00007ffee75423c0 00007ffee7542388
0x00007ffee7542318:   000000010f893667 00000001985524f0
0x00007ffee7542328:   00007ffee75423c0 00007ffee7542388
0x00007ffee7542338:   000000010f8933c7 000000010f893382
0x00007ffee7542348:   00007ffee7542348 00000001985524f0
0x00007ffee7542358:   00007ffee75423c0 0000000198555128
0x00007ffee7542368:   0000000000000000 00000001985524f0
0x00007ffee7542378:   0000000000000000 00007ffee75423a8
0x00007ffee7542388:   00007ffee7542408 000000010f8832bd
0x00007ffee7542398:   00000007403fbf70 000000010f88cd18
0x00007ffee75423a8:   00007fcd1f0cd580 00007ffee7542408
0x00007ffee75423b8:   00007fcd1dfc2c60 000000010f88e782
0x00007ffee75423c8:   00007ffee75423c8 00000001985526ba
0x00007ffee75423d8:   00007ffee7542430 0000000198555128
0x00007ffee75423e8:   0000000000000000 00000001985526c8
0x00007ffee75423f8:   00007ffee75423a8 00007ffee7542418
0x00007ffee7542408:   00007ffee7542478 000000010f8832bd
0x00007ffee7542418:   00007fcd1f0cd580 00000007402c3388
0x00007ffee7542428:   00007fcd1dfc2c60 00000007402c3388
0x00007ffee7542438:   00007ffee7542438 000000019e672ffe
0x00007ffee7542448:   00007ffee7542488 000000019e6730b8 

Instructions: (pc=0x00007fff5f8f1a1d)
0x00007fff5f8f19fd:   0f 1f 00 48 85 ff 2e 74 62 40 f6 c7 01 2e 75 66
0x00007fff5f8f1a0d:   49 ba f8 ff ff ff ff 7f 00 00 4c 23 17 49 89 f3
0x00007fff5f8f1a1d:   45 23 5a 18 49 c1 e3 04 4d 03 5a 10 49 3b 33 75
0x00007fff5f8f1a2d:   04 41 ff 63 08 49 83 3b 01 76 0d 49 83 c3 10 49 

Register to memory mapping:

RAX=0x00007fcd1f0cd580 is an unknown value
RBX=0x0000000122eb8450: Java_jogamp_nativewindow_macosx_OSXUtil_GetScreenRefreshRate0+0x1cf0 in /private/var/folders/_m/yh4n20q10h157qj87mnyrcjr0000gn/T/jogamp_0000/file_cache/jln2445199750985839426/jln4225809557779847897/libnativewindow_macosx.jnilib at 0x0000000122eb1000
RCX=0x0000000000000001 is an unknown value
RDX=0x0000000000000000 is an unknown value
RSP=0x00007ffee7542258 is pointing into the stack for thread: 0x00007fcd1c098000
RBP=0x00007ffee7542310 is pointing into the stack for thread: 0x00007fcd1c098000
RSI=0x00007fff318c27eb: GCC_except_table7+0x9eaf in /System/Library/Frameworks/AppKit.framework/Versions/C/AppKit at 0x00007fff30cb3000
RDI=0x00007fcd1dfc2c60 is an unknown value
R8 =0x0000000000000000 is an unknown value
R9 =0x0000000000000000 is an unknown value
R10=0x0000000000000000 is an unknown value
R11=0x00007fff318c27eb: GCC_except_table7+0x9eaf in /System/Library/Frameworks/AppKit.framework/Versions/C/AppKit at 0x00007fff30cb3000
R12=0x0000000000000000 is an unknown value
R13={method} {0x00000001985524f0} 'UnsetJAWTRootSurfaceLayer0' '(JJ)V' in 'jogamp/nativewindow/jawt/macosx/MacOSXJAWTWindow'
R14=0x0000000122eb8440: Java_jogamp_nativewindow_macosx_OSXUtil_GetScreenRefreshRate0+0x1ce0 in /private/var/folders/_m/yh4n20q10h157qj87mnyrcjr0000gn/T/jogamp_0000/file_cache/jln2445199750985839426/jln4225809557779847897/libnativewindow_macosx.jnilib at 0x0000000122eb1000
R15=0x00007fcd1c098000 is a thread


Stack: [0x00007ffee6d47000,0x00007ffee7547000],  sp=0x00007ffee7542258,  free space=8172k
Native frames: (J=compiled Java code, j=interpreted, Vv=VM code, C=native code)
C  [libobjc.A.dylib+0x7a1d]  objc_msgSend+0x1d
j  jogamp.nativewindow.jawt.macosx.MacOSXJAWTWindow.UnsetJAWTRootSurfaceLayer0(JJ)V+0
j  jogamp.nativewindow.jawt.macosx.MacOSXJAWTWindow.access$200(JJ)V+2
j  jogamp.nativewindow.jawt.macosx.MacOSXJAWTWindow$1.run()V+38
J 3120 C1 com.jogamp.common.util.RunnableTask.run()V (345 bytes) @ 0x0000000110205bf4 [0x0000000110205a60+0x194]
v  ~StubRoutines::call_stub
V  [libjvm.dylib+0x2ef9fe]  JavaCalls::call_helper(JavaValue*, methodHandle*, JavaCallArguments*, Thread*)+0x6ae
V  [libjvm.dylib+0x326d3c]  jni_invoke_nonstatic(JNIEnv_*, JavaValue*, _jobject*, JNICallType, _jmethodID*, JNI_ArgumentPusher*, Thread*)+0x2ec
V  [libjvm.dylib+0x31951f]  jni_CallVoidMethod+0x16b
C  [libnativewindow_macosx.jnilib+0x5326]  Java_jogamp_nativewindow_jawt_macosx_MacOSXJAWTWindow_UnsetJAWTRootSurfaceLayer0+0x2b6
C  [Foundation+0xb1bab]  __NSThreadPerformPerform+0x147
C  [CoreFoundation+0x58395]  __CFRUNLOOP_IS_CALLING_OUT_TO_A_SOURCE0_PERFORM_FUNCTION__+0x11
C  [CoreFoundation+0x5833b]  __CFRunLoopDoSource0+0x6c
C  [CoreFoundation+0x3be29]  __CFRunLoopDoSources0+0x11b
C  [CoreFoundation+0x3b37a]  __CFRunLoopRun+0x4c3
C  [CoreFoundation+0x3ac64]  CFRunLoopRunSpecific+0x1cf
C  [HIToolbox+0xaab5]  RunCurrentEventLoopInMode+0x125
C  [HIToolbox+0xa6f4]  ReceiveNextEventCommon+0x173
C  [HIToolbox+0xa568]  _BlockUntilNextEventMatchingListInModeWithFilter+0x40
C  [AppKit+0x1b363]  _DPSNextEvent+0x3e5
C  [AppKit+0x1a102]  -[NSApplication(NSEvent) _nextEventMatchingEventMask:untilDate:inMode:dequeue:]+0x552
C  [libosxapp.dylib+0x2328]  -[NSApplicationAWT nextEventMatchingMask:untilDate:inMode:dequeue:]+0x7c
C  [AppKit+0x14165]  -[NSApplication run]+0x2bb
C  [libosxapp.dylib+0x1f72]  +[NSApplicationAWT runAWTLoopWithApp:]+0x9c
C  [libawt_lwawt.dylib+0x4711f]  -[AWTStarter starter:]+0x389
C  [Foundation+0xb1bab]  __NSThreadPerformPerform+0x147
C  [CoreFoundation+0x58395]  __CFRUNLOOP_IS_CALLING_OUT_TO_A_SOURCE0_PERFORM_FUNCTION__+0x11
C  [CoreFoundation+0x5833b]  __CFRunLoopDoSource0+0x6c
C  [CoreFoundation+0x3bdd1]  __CFRunLoopDoSources0+0xc3
C  [CoreFoundation+0x3b37a]  __CFRunLoopRun+0x4c3
C  [CoreFoundation+0x3ac64]  CFRunLoopRunSpecific+0x1cf
C  [java+0x646e]  CreateExecutionEnvironment+0x367
C  [java+0x203c]  JLI_Launch+0x7a0
C  [java+0x84cb]  main+0x65
C  [java+0x1894]  start+0x34
C  0x0000000000000007

Java frames: (J=compiled Java code, j=interpreted, Vv=VM code)
j  jogamp.nativewindow.jawt.macosx.MacOSXJAWTWindow.UnsetJAWTRootSurfaceLayer0(JJ)V+0
j  jogamp.nativewindow.jawt.macosx.MacOSXJAWTWindow.access$200(JJ)V+2
j  jogamp.nativewindow.jawt.macosx.MacOSXJAWTWindow$1.run()V+38
J 3120 C1 com.jogamp.common.util.RunnableTask.run()V (345 bytes) @ 0x0000000110205bf4 [0x0000000110205a60+0x194]
v  ~StubRoutines::call_stub

---------------  P R O C E S S  ---------------

Java Threads: ( => current thread )
  0x00007fcd1d18d800 JavaThread "Thread-19" [_thread_blocked, id=69407, stack(0x000070000aea6000,0x000070000afa6000)]
  0x00007fcd20069800 JavaThread "Keep-Alive-Timer" daemon [_thread_blocked, id=57867, stack(0x000070000ad20000,0x000070000ae20000)]
  0x00007fcd1c306800 JavaThread "AWT-EventQueue-1" [_thread_blocked, id=55095, stack(0x000070000ac1d000,0x000070000ad1d000)]
  0x00007fcd1b804800 JavaThread "DestroyJavaVM" [_thread_blocked, id=6147, stack(0x00007000095d5000,0x00007000096d5000)]
  0x00007fcd1c267800 JavaThread "AWT-EventQueue-0" [_thread_blocked, id=54027, stack(0x000070000aa17000,0x000070000ab17000)]
  0x00007fcd1ba65800 JavaThread "Java2D Disposer" daemon [_thread_blocked, id=77839, stack(0x000070000a78e000,0x000070000a88e000)]
  0x00007fcd1c90b000 JavaThread "Java2D Queue Flusher" daemon [_thread_blocked, id=80911, stack(0x000070000a68b000,0x000070000a78b000)]
  0x00007fcd1b936800 JavaThread "AWT-Shutdown" [_thread_blocked, id=39719, stack(0x000070000a505000,0x000070000a605000)]
=>0x00007fcd1c098000 JavaThread "AWT-AppKit" daemon [_thread_in_native, id=775, stack(0x00007ffee6d47000,0x00007ffee7547000)]
  0x00007fcd1c838800 JavaThread "Service Thread" daemon [_thread_blocked, id=17155, stack(0x000070000a1f9000,0x000070000a2f9000)]
  0x00007fcd1b826800 JavaThread "C1 CompilerThread2" daemon [_thread_blocked, id=17667, stack(0x000070000a0f6000,0x000070000a1f6000)]
  0x00007fcd1b826000 JavaThread "C2 CompilerThread1" daemon [_thread_blocked, id=18179, stack(0x0000700009ff3000,0x000070000a0f3000)]
  0x00007fcd1d00b000 JavaThread "C2 CompilerThread0" daemon [_thread_blocked, id=13571, stack(0x0000700009ef0000,0x0000700009ff0000)]
  0x00007fcd1d00a800 JavaThread "Signal Dispatcher" daemon [_thread_blocked, id=13059, stack(0x0000700009ded000,0x0000700009eed000)]
  0x00007fcd1c047800 JavaThread "Finalizer" daemon [_thread_blocked, id=19715, stack(0x0000700009cea000,0x0000700009dea000)]
  0x00007fcd1b823000 JavaThread "Reference Handler" daemon [_thread_blocked, id=11267, stack(0x0000700009be7000,0x0000700009ce7000)]

Other Threads:
  0x00007fcd1d001000 VMThread [stack: 0x0000700009ae4000,0x0000700009be4000] [id=20227]
  0x00007fcd1b84e800 WatcherThread [stack: 0x000070000a2fc000,0x000070000a3fc000] [id=14083]

VM state:not at safepoint (normal execution)

VM Mutex/Monitor currently owned by a thread: None

Heap:
 PSYoungGen      total 50176K, used 34105K [0x0000000795580000, 0x0000000798d00000, 0x00000007c0000000)
  eden space 45056K, 64% used [0x0000000795580000,0x00000007971d6450,0x0000000798180000)
  from space 5120K, 99% used [0x0000000798800000,0x0000000798cf8120,0x0000000798d00000)
  to   space 5120K, 0% used [0x0000000798300000,0x0000000798300000,0x0000000798800000)
 ParOldGen       total 66560K, used 16743K [0x0000000740000000, 0x0000000744100000, 0x0000000795580000)
  object space 66560K, 25% used [0x0000000740000000,0x0000000741059f68,0x0000000744100000)
 Metaspace       used 25054K, capacity 25449K, committed 25776K, reserved 1073152K
  class space    used 2502K, capacity 2627K, committed 2736K, reserved 1048576K

Card table byte_map: [0x000000010a374000,0x000000010a775000] byte_map_base: 0x0000000106974000

Marking Bits: (ParMarkBitMap*) 0x00000001098f9e00
 Begin Bits: [0x000000010aa20000, 0x000000010ca20000)
 End Bits:   [0x000000010ca20000, 0x000000010ea20000)

Polling page: 0x0000000108728000

CodeCache: size=245760Kb used=10619Kb max_used=10627Kb free=235140Kb
 bounds [0x000000010f87b000, 0x00000001102eb000, 0x000000011e87b000]
 total_blobs=4003 nmethods=3051 adapters=865
 compilation: enabled

Compilation events (10 events):
Event: 14.980 Thread 0x00007fcd1b826800 3372       1       sun.font.FontDesignMetrics::getDescent (10 bytes)
Event: 14.980 Thread 0x00007fcd1b826800 nmethod 3372 0x00000001102e4510 code [0x00000001102e4680, 0x00000001102e47d0]
Event: 15.244 Thread 0x00007fcd1b826800 3373       3       java.util.concurrent.locks.ReentrantReadWriteLock$Sync::exclusiveCount (5 bytes)
Event: 15.245 Thread 0x00007fcd1d00b000 3374       4       java.awt.geom.Rectangle2D::<init> (5 bytes)
Event: 15.245 Thread 0x00007fcd1b826800 nmethod 3373 0x00000001102e4810 code [0x00000001102e4960, 0x00000001102e4a90]
Event: 15.245 Thread 0x00007fcd1d00b000 nmethod 3374 0x000000010f97c010 code [0x000000010f97c160, 0x000000010f97c1b8]
Event: 15.274 Thread 0x00007fcd1b826800 3375       1       sun.java2d.SurfaceData::isValid (5 bytes)
Event: 15.275 Thread 0x00007fcd1b826800 nmethod 3375 0x00000001102e7150 code [0x00000001102e72a0, 0x00000001102e73b0]
Event: 15.275 Thread 0x00007fcd1b826800 3376       3       sun.java2d.pipe.RenderBuffer::putFloat (26 bytes)
Event: 15.275 Thread 0x00007fcd1b826800 nmethod 3376 0x00000001102e6d90 code [0x00000001102e6f00, 0x00000001102e7090]

GC Heap History (10 events):
Event: 4.151 GC heap before
{Heap before GC invocations=1 (full 0):
 PSYoungGen      total 38400K, used 33280K [0x0000000795580000, 0x0000000798000000, 0x00000007c0000000)
  eden space 33280K, 100% used [0x0000000795580000,0x0000000797600000,0x0000000797600000)
  from space 5120K, 0% used [0x0000000797b00000,0x0000000797b00000,0x0000000798000000)
  to   space 5120K, 0% used [0x0000000797600000,0x0000000797600000,0x0000000797b00000)
 ParOldGen       total 87552K, used 0K [0x0000000740000000, 0x0000000745580000, 0x0000000795580000)
  object space 87552K, 0% used [0x0000000740000000,0x0000000740000000,0x0000000745580000)
 Metaspace       used 16315K, capacity 16625K, committed 17024K, reserved 1064960K
  class space    used 1686K, capacity 1795K, committed 1920K, reserved 1048576K
Event: 4.161 GC heap after
Heap after GC invocations=1 (full 0):
 PSYoungGen      total 38400K, used 5103K [0x0000000795580000, 0x0000000798000000, 0x00000007c0000000)
  eden space 33280K, 0% used [0x0000000795580000,0x0000000795580000,0x0000000797600000)
  from space 5120K, 99% used [0x0000000797600000,0x0000000797afbd40,0x0000000797b00000)
  to   space 5120K, 0% used [0x0000000797b00000,0x0000000797b00000,0x0000000798000000)
 ParOldGen       total 87552K, used 53K [0x0000000740000000, 0x0000000745580000, 0x0000000795580000)
  object space 87552K, 0% used [0x0000000740000000,0x000000074000d750,0x0000000745580000)
 Metaspace       used 16315K, capacity 16625K, committed 17024K, reserved 1064960K
  class space    used 1686K, capacity 1795K, committed 1920K, reserved 1048576K
}
Event: 5.381 GC heap before
{Heap before GC invocations=2 (full 0):
 PSYoungGen      total 38400K, used 37588K [0x0000000795580000, 0x0000000798000000, 0x00000007c0000000)
  eden space 33280K, 97% used [0x0000000795580000,0x00000007975395a8,0x0000000797600000)
  from space 5120K, 99% used [0x0000000797600000,0x0000000797afbd40,0x0000000797b00000)
  to   space 5120K, 0% used [0x0000000797b00000,0x0000000797b00000,0x0000000798000000)
 ParOldGen       total 87552K, used 53K [0x0000000740000000, 0x0000000745580000, 0x0000000795580000)
  object space 87552K, 0% used [0x0000000740000000,0x000000074000d750,0x0000000745580000)
 Metaspace       used 20755K, capacity 21141K, committed 21296K, reserved 1069056K
  class space    used 2180K, capacity 2329K, committed 2352K, reserved 1048576K
Event: 5.390 GC heap after
Heap after GC invocations=2 (full 0):
 PSYoungGen      total 38400K, used 5104K [0x0000000795580000, 0x0000000798000000, 0x00000007c0000000)
  eden space 33280K, 0% used [0x0000000795580000,0x0000000795580000,0x0000000797600000)
  from space 5120K, 99% used [0x0000000797b00000,0x0000000797ffc070,0x0000000798000000)
  to   space 5120K, 0% used [0x0000000797600000,0x0000000797600000,0x0000000797b00000)
 ParOldGen       total 87552K, used 2923K [0x0000000740000000, 0x0000000745580000, 0x0000000795580000)
  object space 87552K, 3% used [0x0000000740000000,0x00000007402dad28,0x0000000745580000)
 Metaspace       used 20755K, capacity 21141K, committed 21296K, reserved 1069056K
  class space    used 2180K, capacity 2329K, committed 2352K, reserved 1048576K
}
Event: 5.390 GC heap before
{Heap before GC invocations=3 (full 1):
 PSYoungGen      total 38400K, used 5104K [0x0000000795580000, 0x0000000798000000, 0x00000007c0000000)
  eden space 33280K, 0% used [0x0000000795580000,0x0000000795580000,0x0000000797600000)
  from space 5120K, 99% used [0x0000000797b00000,0x0000000797ffc070,0x0000000798000000)
  to   space 5120K, 0% used [0x0000000797600000,0x0000000797600000,0x0000000797b00000)
 ParOldGen       total 87552K, used 2923K [0x0000000740000000, 0x0000000745580000, 0x0000000795580000)
  object space 87552K, 3% used [0x0000000740000000,0x00000007402dad28,0x0000000745580000)
 Metaspace       used 20755K, capacity 21141K, committed 21296K, reserved 1069056K
  class space    used 2180K, capacity 2329K, committed 2352K, reserved 1048576K
Event: 5.436 GC heap after
Heap after GC invocations=3 (full 1):
 PSYoungGen      total 38400K, used 0K [0x0000000795580000, 0x0000000798000000, 0x00000007c0000000)
  eden space 33280K, 0% used [0x0000000795580000,0x0000000795580000,0x0000000797600000)
  from space 5120K, 0% used [0x0000000797b00000,0x0000000797b00000,0x0000000798000000)
  to   space 5120K, 0% used [0x0000000797600000,0x0000000797600000,0x0000000797b00000)
 ParOldGen       total 66560K, used 7854K [0x0000000740000000, 0x0000000744100000, 0x0000000795580000)
  object space 66560K, 11% used [0x0000000740000000,0x00000007407ab890,0x0000000744100000)
 Metaspace       used 20755K, capacity 21141K, committed 21296K, reserved 1069056K
  class space    used 2180K, capacity 2329K, committed 2352K, reserved 1048576K
}
Event: 6.735 GC heap before
{Heap before GC invocations=4 (full 1):
 PSYoungGen      total 38400K, used 33280K [0x0000000795580000, 0x0000000798000000, 0x00000007c0000000)
  eden space 33280K, 100% used [0x0000000795580000,0x0000000797600000,0x0000000797600000)
  from space 5120K, 0% used [0x0000000797b00000,0x0000000797b00000,0x0000000798000000)
  to   space 5120K, 0% used [0x0000000797600000,0x0000000797600000,0x0000000797b00000)
 ParOldGen       total 66560K, used 7854K [0x0000000740000000, 0x0000000744100000, 0x0000000795580000)
  object space 66560K, 11% used [0x0000000740000000,0x00000007407ab890,0x0000000744100000)
 Metaspace       used 24197K, capacity 24613K, committed 25008K, reserved 1071104K
  class space    used 2489K, capacity 2625K, committed 2736K, reserved 1048576K
Event: 6.744 GC heap after
Heap after GC invocations=4 (full 1):
 PSYoungGen      total 38400K, used 5117K [0x0000000795580000, 0x0000000798d00000, 0x00000007c0000000)
  eden space 33280K, 0% used [0x0000000795580000,0x0000000795580000,0x0000000797600000)
  from space 5120K, 99% used [0x0000000797600000,0x0000000797aff460,0x0000000797b00000)
  to   space 5120K, 0% used [0x0000000798800000,0x0000000798800000,0x0000000798d00000)
 ParOldGen       total 66560K, used 14258K [0x0000000740000000, 0x0000000744100000, 0x0000000795580000)
  object space 66560K, 21% used [0x0000000740000000,0x0000000740decb98,0x0000000744100000)
 Metaspace       used 24197K, capacity 24613K, committed 25008K, reserved 1071104K
  class space    used 2489K, capacity 2625K, committed 2736K, reserved 1048576K
}
Event: 10.494 GC heap before
{Heap before GC invocations=5 (full 1):
 PSYoungGen      total 38400K, used 38397K [0x0000000795580000, 0x0000000798d00000, 0x00000007c0000000)
  eden space 33280K, 100% used [0x0000000795580000,0x0000000797600000,0x0000000797600000)
  from space 5120K, 99% used [0x0000000797600000,0x0000000797aff460,0x0000000797b00000)
  to   space 5120K, 0% used [0x0000000798800000,0x0000000798800000,0x0000000798d00000)
 ParOldGen       total 66560K, used 14258K [0x0000000740000000, 0x0000000744100000, 0x0000000795580000)
  object space 66560K, 21% used [0x0000000740000000,0x0000000740decb98,0x0000000744100000)
 Metaspace       used 24753K, capacity 25189K, committed 25520K, reserved 1073152K
  class space    used 2489K, capacity 2625K, committed 2736K, reserved 1048576K
Event: 10.500 GC heap after
Heap after GC invocations=5 (full 1):
 PSYoungGen      total 50176K, used 5088K [0x0000000795580000, 0x0000000798d00000, 0x00000007c0000000)
  eden space 45056K, 0% used [0x0000000795580000,0x0000000795580000,0x0000000798180000)
  from space 5120K, 99% used [0x0000000798800000,0x0000000798cf8120,0x0000000798d00000)
  to   space 5120K, 0% used [0x0000000798300000,0x0000000798300000,0x0000000798800000)
 ParOldGen       total 66560K, used 16743K [0x0000000740000000, 0x0000000744100000, 0x0000000795580000)
  object space 66560K, 25% used [0x0000000740000000,0x0000000741059f68,0x0000000744100000)
 Metaspace       used 24753K, capacity 25189K, committed 25520K, reserved 1073152K
  class space    used 2489K, capacity 2625K, committed 2736K, reserved 1048576K
}

Deoptimization events (10 events):
Event: 6.310 Thread 0x00007fcd1c306800 Uncommon trap: reason=unstable_if action=reinterpret pc=0x000000010fcae434 method=java.io.BufferedReader.readLine(Z)Ljava/lang/String; @ 153
Event: 6.311 Thread 0x00007fcd1c306800 Uncommon trap: reason=class_check action=maybe_recompile pc=0x000000010fe0d6bc method=java.util.regex.Matcher.search(I)Z @ 86
Event: 6.311 Thread 0x00007fcd1c306800 Uncommon trap: reason=class_check action=maybe_recompile pc=0x000000010fe0d6bc method=java.util.regex.Matcher.search(I)Z @ 86
Event: 6.311 Thread 0x00007fcd1c306800 Uncommon trap: reason=class_check action=maybe_recompile pc=0x000000010fe0d6bc method=java.util.regex.Matcher.search(I)Z @ 86
Event: 6.311 Thread 0x00007fcd1c306800 Uncommon trap: reason=class_check action=maybe_recompile pc=0x000000010fe0d6bc method=java.util.regex.Matcher.search(I)Z @ 86
Event: 15.243 Thread 0x00007fcd1c306800 Uncommon trap: reason=unstable_if action=reinterpret pc=0x000000010fa7b6a8 method=com.jogamp.common.util.VersionNumber.compareTo(Lcom/jogamp/common/util/VersionNumber;)I @ 21
Event: 15.245 Thread 0x00007fcd1c267800 Uncommon trap: reason=unstable_if action=reinterpret pc=0x00000001100e7368 method=java.awt.font.FontRenderContext.equals(Ljava/awt/font/FontRenderContext;)Z @ 2
Event: 15.257 Thread 0x00007fcd1c1d8000 Uncommon trap: reason=class_check action=maybe_recompile pc=0x000000010fd023fc method=java.util.HashMap.putVal(ILjava/lang/Object;Ljava/lang/Object;ZZ)Ljava/lang/Object; @ 91
Event: 15.257 Thread 0x00007fcd1c1d8000 Uncommon trap: reason=class_check action=maybe_recompile pc=0x000000010fd04ed8 method=java.util.HashMap.putVal(ILjava/lang/Object;Ljava/lang/Object;ZZ)Ljava/lang/Object; @ 91
Event: 15.258 Thread 0x00007fcd1c267800 Uncommon trap: reason=unstable_if action=reinterpret pc=0x00000001100e2bf8 method=java.awt.font.FontRenderContext.equals(Ljava/awt/font/FontRenderContext;)Z @ 2

Classes redefined (0 events):
No events

Internal exceptions (10 events):
Event: 0.456 Thread 0x00007fcd1b804800 Exception <a 'java/lang/NoSuchFieldError': method resolution failed> (0x00000007957a7218) thrown at [/Users/java_re/workspace/8-2-build-macosx-x86_64/jdk8u191/11896/hotspot/src/share/vm/prims/methodHandles.cpp, line 1167]
Event: 0.865 Thread 0x00007fcd1b804800 Exception <a 'java/io/FileNotFoundException'> (0x00000007958228d0) thrown at [/Users/java_re/workspace/8-2-build-macosx-x86_64/jdk8u191/11896/hotspot/src/share/vm/prims/jni.cpp, line 709]
Event: 0.865 Thread 0x00007fcd1b804800 Exception <a 'java/io/FileNotFoundException'> (0x0000000795823438) thrown at [/Users/java_re/workspace/8-2-build-macosx-x86_64/jdk8u191/11896/hotspot/src/share/vm/prims/jni.cpp, line 709]
Event: 1.085 Thread 0x00007fcd1b804800 Exception <a 'java/io/FileNotFoundException'> (0x00000007958a6940) thrown at [/Users/java_re/workspace/8-2-build-macosx-x86_64/jdk8u191/11896/hotspot/src/share/vm/prims/jni.cpp, line 709]
Event: 3.733 Thread 0x00007fcd1bb40800 Exception <a 'java/lang/UnsatisfiedLinkError': com.jogamp.common.util.JarUtil.fixNativeLibAttribs(Ljava/lang/String;)Z> (0x0000000796cac928) thrown at [/Users/java_re/workspace/8-2-build-macosx-x86_64/jdk8u191/11896/hotspot/src/share/vm/prims/nativeLookup
Event: 4.163 Thread 0x00007fcd1c047800 Exception <a 'java/lang/NullPointerException'> (0x00000007956a3c08) thrown at [/Users/java_re/workspace/8-2-build-macosx-x86_64/jdk8u191/11896/hotspot/src/share/vm/interpreter/linkResolver.cpp, line 1185]
Event: 4.746 Thread 0x00007fcd1c306800 Exception <a 'java/io/FileNotFoundException'> (0x0000000795fb7c08) thrown at [/Users/java_re/workspace/8-2-build-macosx-x86_64/jdk8u191/11896/hotspot/src/share/vm/prims/jni.cpp, line 709]
Event: 4.746 Thread 0x00007fcd1c306800 Exception <a 'java/io/FileNotFoundException'> (0x0000000795fbdce8) thrown at [/Users/java_re/workspace/8-2-build-macosx-x86_64/jdk8u191/11896/hotspot/src/share/vm/prims/jni.cpp, line 709]
Event: 4.746 Thread 0x00007fcd1c306800 Implicit null exception at 0x000000010fa69db6 to 0x000000010fa6a179
Event: 5.039 Thread 0x00007fcd1c306800 Implicit null exception at 0x000000010fc531c6 to 0x000000010fc5340d

Events (10 events):
Event: 15.273 loading class java/awt/LightweightDispatcher$2 done
Event: 15.273 loading class java/awt/event/AWTEventListenerProxy
Event: 15.273 loading class java/awt/event/AWTEventListenerProxy done
Event: 15.273 Executing VM operation: Deoptimize
Event: 15.274 Executing VM operation: Deoptimize done
Event: 15.274 loading class java/awt/Toolkit$ToolkitEventMulticaster
Event: 15.274 loading class java/awt/Toolkit$ToolkitEventMulticaster done
Event: 15.274 Thread 0x00007fcd1c1d8000 Thread exited: 0x00007fcd1c1d8000
Event: 15.274 loading class java/awt/Window$1DisposeAction
Event: 15.274 loading class java/awt/Window$1DisposeAction done


Dynamic libraries:
0x00007fff32f1f000 	/System/Library/Frameworks/Cocoa.framework/Versions/A/Cocoa
0x00007fff3f1de000 	/System/Library/Frameworks/Security.framework/Versions/A/Security
0x00007fff31b26000 	/System/Library/Frameworks/ApplicationServices.framework/Versions/A/ApplicationServices
0x00007fff607cd000 	/usr/lib/libz.1.dylib
0x00007fff5de42000 	/usr/lib/libSystem.B.dylib
0x00007fff5f8ea000 	/usr/lib/libobjc.A.dylib
0x00007fff33742000 	/System/Library/Frameworks/CoreFoundation.framework/Versions/A/CoreFoundation
0x00007fff35ac7000 	/System/Library/Frameworks/Foundation.framework/Versions/C/Foundation
0x00007fff30cb3000 	/System/Library/Frameworks/AppKit.framework/Versions/C/AppKit
0x00007fff332b6000 	/System/Library/Frameworks/CoreData.framework/Versions/A/CoreData
0x00007fff57010000 	/System/Library/PrivateFrameworks/RemoteViewServices.framework/Versions/A/RemoteViewServices
0x00007fff5bb10000 	/System/Library/PrivateFrameworks/UIFoundation.framework/Versions/A/UIFoundation
0x00007fff5d2c8000 	/System/Library/PrivateFrameworks/XCTTargetBootstrap.framework/Versions/A/XCTTargetBootstrap
0x00007fff51b13000 	/System/Library/PrivateFrameworks/IconServices.framework/Versions/A/IconServices
0x00007fff38391000 	/System/Library/Frameworks/Metal.framework/Versions/A/Metal
0x00007fff48d15000 	/System/Library/PrivateFrameworks/DesktopServicesPriv.framework/Versions/A/DesktopServicesPriv
0x00007fff5ebfd000 	/usr/lib/libenergytrace.dylib
0x00007fff59881000 	/System/Library/PrivateFrameworks/SkyLight.framework/Versions/A/SkyLight
0x00007fff33b91000 	/System/Library/Frameworks/CoreGraphics.framework/Versions/A/CoreGraphics
0x00007fff2fa6e000 	/System/Library/Frameworks/Accelerate.framework/Versions/A/Accelerate
0x00007fff36251000 	/System/Library/Frameworks/IOSurface.framework/Versions/A/IOSurface
0x00007fff48b77000 	/System/Library/PrivateFrameworks/DFRFoundation.framework/Versions/A/DFRFoundation
0x00007fff3202b000 	/System/Library/Frameworks/AudioToolbox.framework/Versions/A/AudioToolbox
0x00007fff322ca000 	/System/Library/Frameworks/AudioUnit.framework/Versions/A/AudioUnit
0x00007fff48c0e000 	/System/Library/PrivateFrameworks/DataDetectorsCore.framework/Versions/A/DataDetectorsCore
0x00007fff32a09000 	/System/Library/Frameworks/Carbon.framework/Versions/A/Frameworks/HIToolbox.framework/Versions/A/HIToolbox
0x00007fff5ed58000 	/usr/lib/libicucore.A.dylib
0x00007fff3e731000 	/System/Library/Frameworks/QuartzCore.framework/Versions/A/QuartzCore
0x00007fff32df0000 	/System/Library/Frameworks/Carbon.framework/Versions/A/Frameworks/SpeechRecognition.framework/Versions/A/SpeechRecognition
0x00007fff5dfa5000 	/usr/lib/libauto.dylib
0x00007fff606c0000 	/usr/lib/libxml2.2.dylib
0x00007fff48776000 	/System/Library/PrivateFrameworks/CoreUI.framework/Versions/A/CoreUI
0x00007fff33194000 	/System/Library/Frameworks/CoreAudio.framework/Versions/A/CoreAudio
0x00007fff358f9000 	/System/Library/Frameworks/DiskArbitration.framework/Versions/A/DiskArbitration
0x00007fff5f008000 	/usr/lib/liblangid.dylib
0x00007fff52fc3000 	/System/Library/PrivateFrameworks/MultitouchSupport.framework/Versions/A/MultitouchSupport
0x00007fff361bc000 	/System/Library/Frameworks/IOKit.framework/Versions/A/IOKit
0x00007fff5da90000 	/usr/lib/libDiagnosticMessagesClient.dylib
0x00007fff349ff000 	/System/Library/Frameworks/CoreServices.framework/Versions/A/CoreServices
0x00007fff54cf9000 	/System/Library/PrivateFrameworks/PerformanceAnalysis.framework/Versions/A/PerformanceAnalysis
0x00007fff3d8c6000 	/System/Library/Frameworks/OpenGL.framework/Versions/A/OpenGL
0x00007fff32f2d000 	/System/Library/Frameworks/ColorSync.framework/Versions/A/ColorSync
0x00007fff34220000 	/System/Library/Frameworks/CoreImage.framework/Versions/A/CoreImage
0x00007fff35442000 	/System/Library/Frameworks/CoreText.framework/Versions/A/CoreText
0x00007fff362b2000 	/System/Library/Frameworks/ImageIO.framework/Versions/A/ImageIO
0x00007fff44db1000 	/System/Library/PrivateFrameworks/Backup.framework/Versions/A/Backup
0x00007fff5def8000 	/usr/lib/libarchive.2.dylib
0x00007fff3262e000 	/System/Library/Frameworks/CFNetwork.framework/Versions/A/CFNetwork
0x00007fff3f989000 	/System/Library/Frameworks/SystemConfiguration.framework/Versions/A/SystemConfiguration
0x00007fff5d9b9000 	/usr/lib/libCRFSuite.dylib
0x00007fff5e09c000 	/usr/lib/libc++.1.dylib
0x00007fff5e0f4000 	/usr/lib/libc++abi.dylib
0x00007fff60850000 	/usr/lib/system/libcache.dylib
0x00007fff60855000 	/usr/lib/system/libcommonCrypto.dylib
0x00007fff60860000 	/usr/lib/system/libcompiler_rt.dylib
0x00007fff60868000 	/usr/lib/system/libcopyfile.dylib
0x00007fff60872000 	/usr/lib/system/libcorecrypto.dylib
0x00007fff6097d000 	/usr/lib/system/libdispatch.dylib
0x00007fff609b8000 	/usr/lib/system/libdyld.dylib
0x00007fff609e8000 	/usr/lib/system/libkeymgr.dylib
0x00007fff609f6000 	/usr/lib/system/liblaunch.dylib
0x00007fff609f7000 	/usr/lib/system/libmacho.dylib
0x00007fff609fd000 	/usr/lib/system/libquarantine.dylib
0x00007fff60a00000 	/usr/lib/system/libremovefile.dylib
0x00007fff60a02000 	/usr/lib/system/libsystem_asl.dylib
0x00007fff60a1a000 	/usr/lib/system/libsystem_blocks.dylib
0x00007fff60a1b000 	/usr/lib/system/libsystem_c.dylib
0x00007fff60aa4000 	/usr/lib/system/libsystem_configuration.dylib
0x00007fff60aa8000 	/usr/lib/system/libsystem_coreservices.dylib
0x00007fff60aac000 	/usr/lib/system/libsystem_darwin.dylib
0x00007fff60ab3000 	/usr/lib/system/libsystem_dnssd.dylib
0x00007fff60aba000 	/usr/lib/system/libsystem_info.dylib
0x00007fff60b30000 	/usr/lib/system/libsystem_m.dylib
0x00007fff60b7c000 	/usr/lib/system/libsystem_malloc.dylib
0x00007fff60ba1000 	/usr/lib/system/libsystem_networkextension.dylib
0x00007fff60bad000 	/usr/lib/system/libsystem_notify.dylib
0x00007fff60bca000 	/usr/lib/system/libsystem_sandbox.dylib
0x00007fff60bce000 	/usr/lib/system/libsystem_secinit.dylib
0x00007fff60b07000 	/usr/lib/system/libsystem_kernel.dylib
0x00007fff60bb5000 	/usr/lib/system/libsystem_platform.dylib
0x00007fff60bbf000 	/usr/lib/system/libsystem_pthread.dylib
0x00007fff60bd1000 	/usr/lib/system/libsystem_symptoms.dylib
0x00007fff60bd9000 	/usr/lib/system/libsystem_trace.dylib
0x00007fff60bf0000 	/usr/lib/system/libunwind.dylib
0x00007fff60bf6000 	/usr/lib/system/libxpc.dylib
0x00007fff5e07c000 	/usr/lib/libbsm.0.dylib
0x00007fff609e9000 	/usr/lib/system/libkxld.dylib
0x00007fff4405e000 	/System/Library/PrivateFrameworks/AppleFSCompression.framework/Versions/A/AppleFSCompression
0x00007fff5dd01000 	/usr/lib/libOpenScriptingUtil.dylib
0x00007fff5e3df000 	/usr/lib/libcoretls.dylib
0x00007fff5e3f6000 	/usr/lib/libcoretls_cfhelpers.dylib
0x00007fff60083000 	/usr/lib/libpam.2.dylib
0x00007fff60246000 	/usr/lib/libsqlite3.dylib
0x00007fff606ae000 	/usr/lib/libxar.1.dylib
0x00007fff5e08d000 	/usr/lib/libbz2.1.0.dylib
0x00007fff5f00a000 	/usr/lib/liblzma.5.dylib
0x00007fff5f500000 	/usr/lib/libnetwork.dylib
0x00007fff5dee1000 	/usr/lib/libapple_nghttp2.dylib
0x00007fff6008a000 	/usr/lib/libpcap.A.dylib
0x00007fff34da3000 	/System/Library/Frameworks/CoreServices.framework/Versions/A/Frameworks/FSEvents.framework/Versions/A/FSEvents
0x00007fff34a7f000 	/System/Library/Frameworks/CoreServices.framework/Versions/A/Frameworks/CarbonCore.framework/Versions/A/CarbonCore
0x00007fff34f78000 	/System/Library/Frameworks/CoreServices.framework/Versions/A/Frameworks/Metadata.framework/Versions/A/Metadata
0x00007fff3501b000 	/System/Library/Frameworks/CoreServices.framework/Versions/A/Frameworks/OSServices.framework/Versions/A/OSServices
0x00007fff35067000 	/System/Library/Frameworks/CoreServices.framework/Versions/A/Frameworks/SearchKit.framework/Versions/A/SearchKit
0x00007fff34a00000 	/System/Library/Frameworks/CoreServices.framework/Versions/A/Frameworks/AE.framework/Versions/A/AE
0x00007fff34dac000 	/System/Library/Frameworks/CoreServices.framework/Versions/A/Frameworks/LaunchServices.framework/Versions/A/LaunchServices
0x00007fff34d58000 	/System/Library/Frameworks/CoreServices.framework/Versions/A/Frameworks/DictionaryServices.framework/Versions/A/DictionaryServices
0x00007fff350d6000 	/System/Library/Frameworks/CoreServices.framework/Versions/A/Frameworks/SharedFileList.framework/Versions/A/SharedFileList
0x00007fff39857000 	/System/Library/Frameworks/NetFS.framework/Versions/A/NetFS
0x00007fff53260000 	/System/Library/PrivateFrameworks/NetAuth.framework/Versions/A/NetAuth
0x00007fff5d6fc000 	/System/Library/PrivateFrameworks/login.framework/Versions/A/Frameworks/loginsupport.framework/Versions/A/loginsupport
0x00007fff5b708000 	/System/Library/PrivateFrameworks/TCC.framework/Versions/A/TCC
0x00007fff47d7e000 	/System/Library/PrivateFrameworks/CoreNLP.framework/Versions/A/CoreNLP
0x00007fff52cb4000 	/System/Library/PrivateFrameworks/MetadataUtilities.framework/Versions/A/MetadataUtilities
0x00007fff5f0eb000 	/usr/lib/libmecabra.dylib
0x00007fff31b27000 	/System/Library/Frameworks/ApplicationServices.framework/Versions/A/Frameworks/ATS.framework/Versions/A/ATS
0x00007fff31e92000 	/System/Library/Frameworks/ApplicationServices.framework/Versions/A/Frameworks/ColorSyncLegacy.framework/Versions/A/ColorSyncLegacy
0x00007fff31f33000 	/System/Library/Frameworks/ApplicationServices.framework/Versions/A/Frameworks/HIServices.framework/Versions/A/HIServices
0x00007fff31f86000 	/System/Library/Frameworks/ApplicationServices.framework/Versions/A/Frameworks/LangAnalysis.framework/Versions/A/LangAnalysis
0x00007fff31f95000 	/System/Library/Frameworks/ApplicationServices.framework/Versions/A/Frameworks/PrintCore.framework/Versions/A/PrintCore
0x00007fff31fe2000 	/System/Library/Frameworks/ApplicationServices.framework/Versions/A/Frameworks/QD.framework/Versions/A/QD
0x00007fff3201e000 	/System/Library/Frameworks/ApplicationServices.framework/Versions/A/Frameworks/SpeechSynthesis.framework/Versions/A/SpeechSynthesis
0x00007fff5e11c000 	/usr/lib/libcompression.dylib
0x00007fff33658000 	/System/Library/Frameworks/CoreDisplay.framework/Versions/A/CoreDisplay
0x00007fff38659000 	/System/Library/Frameworks/MetalPerformanceShaders.framework/Versions/A/MetalPerformanceShaders
0x00007fff2fa86000 	/System/Library/Frameworks/Accelerate.framework/Versions/A/Frameworks/vImage.framework/Versions/A/vImage
0x00007fff30b02000 	/System/Library/Frameworks/Accelerate.framework/Versions/A/Frameworks/vecLib.framework/Versions/A/vecLib
0x00007fff30a4c000 	/System/Library/Frameworks/Accelerate.framework/Versions/A/Frameworks/vecLib.framework/Versions/A/libvMisc.dylib
0x00007fff30867000 	/System/Library/Frameworks/Accelerate.framework/Versions/A/Frameworks/vecLib.framework/Versions/A/libvDSP.dylib
0x00007fff30127000 	/System/Library/Frameworks/Accelerate.framework/Versions/A/Frameworks/vecLib.framework/Versions/A/libBLAS.dylib
0x00007fff30412000 	/System/Library/Frameworks/Accelerate.framework/Versions/A/Frameworks/vecLib.framework/Versions/A/libLAPACK.dylib
0x00007fff307b9000 	/System/Library/Frameworks/Accelerate.framework/Versions/A/Frameworks/vecLib.framework/Versions/A/libLinearAlgebra.dylib
0x00007fff30853000 	/System/Library/Frameworks/Accelerate.framework/Versions/A/Frameworks/vecLib.framework/Versions/A/libSparseBLAS.dylib
0x00007fff307cf000 	/System/Library/Frameworks/Accelerate.framework/Versions/A/Frameworks/vecLib.framework/Versions/A/libQuadrature.dylib
0x00007fff3039f000 	/System/Library/Frameworks/Accelerate.framework/Versions/A/Frameworks/vecLib.framework/Versions/A/libBNNS.dylib
0x00007fff307d5000 	/System/Library/Frameworks/Accelerate.framework/Versions/A/Frameworks/vecLib.framework/Versions/A/libSparse.dylib
0x00007fff4f2a5000 	/System/Library/PrivateFrameworks/GPUWrangler.framework/Versions/A/GPUWrangler
0x00007fff516da000 	/System/Library/PrivateFrameworks/IOAccelerator.framework/Versions/A/IOAccelerator
0x00007fff516e5000 	/System/Library/PrivateFrameworks/IOPresentment.framework/Versions/A/IOPresentment
0x00007fff48b87000 	/System/Library/PrivateFrameworks/DSExternalDisplay.framework/Versions/A/DSExternalDisplay
0x00007fff3cd0b000 	/System/Library/Frameworks/OpenGL.framework/Versions/A/Libraries/libCoreFSCache.dylib
0x00007fff38441000 	/System/Library/Frameworks/MetalPerformanceShaders.framework/Frameworks/MPSCore.framework/Versions/A/MPSCore
0x00007fff38462000 	/System/Library/Frameworks/MetalPerformanceShaders.framework/Frameworks/MPSImage.framework/Versions/A/MPSImage
0x00007fff3850a000 	/System/Library/Frameworks/MetalPerformanceShaders.framework/Frameworks/MPSNeuralNetwork.framework/Versions/A/MPSNeuralNetwork
0x00007fff384e1000 	/System/Library/Frameworks/MetalPerformanceShaders.framework/Frameworks/MPSMatrix.framework/Versions/A/MPSMatrix
0x00007fff3863d000 	/System/Library/Frameworks/MetalPerformanceShaders.framework/Frameworks/MPSRayIntersector.framework/Versions/A/MPSRayIntersector
0x00007fff52cdd000 	/System/Library/PrivateFrameworks/MetalTools.framework/Versions/A/MetalTools
0x00007fff43758000 	/System/Library/PrivateFrameworks/AggregateDictionary.framework/Versions/A/AggregateDictionary
0x00007fff5dce1000 	/usr/lib/libMobileGestalt.dylib
0x00007fff355a8000 	/System/Library/Frameworks/CoreVideo.framework/Versions/A/CoreVideo
0x00007fff50115000 	/System/Library/PrivateFrameworks/GraphVisualizer.framework/Versions/A/GraphVisualizer
0x00007fff49eb0000 	/System/Library/PrivateFrameworks/FaceCore.framework/Versions/A/FaceCore
0x00007fff3c323000 	/System/Library/Frameworks/OpenCL.framework/Versions/A/OpenCL
0x00007fff5dac8000 	/usr/lib/libFosl_dynamic.dylib
0x00007fff53b38000 	/System/Library/PrivateFrameworks/OTSVG.framework/Versions/A/OTSVG
0x00007fff31c2b000 	/System/Library/Frameworks/ApplicationServices.framework/Versions/A/Frameworks/ATS.framework/Versions/A/Resources/libFontParser.dylib
0x00007fff31d4b000 	/System/Library/Frameworks/ApplicationServices.framework/Versions/A/Frameworks/ATS.framework/Versions/A/Resources/libFontRegistry.dylib
0x00007fff3653c000 	/System/Library/Frameworks/ImageIO.framework/Versions/A/Resources/libJPEG.dylib
0x00007fff3685e000 	/System/Library/Frameworks/ImageIO.framework/Versions/A/Resources/libTIFF.dylib
0x00007fff36834000 	/System/Library/Frameworks/ImageIO.framework/Versions/A/Resources/libPng.dylib
0x00007fff36451000 	/System/Library/Frameworks/ImageIO.framework/Versions/A/Resources/libGIF.dylib
0x00007fff36456000 	/System/Library/Frameworks/ImageIO.framework/Versions/A/Resources/libJP2.dylib
0x00007fff3685b000 	/System/Library/Frameworks/ImageIO.framework/Versions/A/Resources/libRadiance.dylib
0x00007fff441b7000 	/System/Library/PrivateFrameworks/AppleJPEG.framework/Versions/A/AppleJPEG
0x00007fff3cd16000 	/System/Library/Frameworks/OpenGL.framework/Versions/A/Libraries/libGFXShared.dylib
0x00007fff3ced9000 	/System/Library/Frameworks/OpenGL.framework/Versions/A/Libraries/libGLU.dylib
0x00007fff3cd1f000 	/System/Library/Frameworks/OpenGL.framework/Versions/A/Libraries/libGL.dylib
0x00007fff3cd2b000 	/System/Library/Frameworks/OpenGL.framework/Versions/A/Libraries/libGLImage.dylib
0x00007fff3cd08000 	/System/Library/Frameworks/OpenGL.framework/Versions/A/Libraries/libCVMSPluginSupport.dylib
0x00007fff3cd11000 	/System/Library/Frameworks/OpenGL.framework/Versions/A/Libraries/libCoreVMClient.dylib
0x00007fff5ea6e000 	/usr/lib/libcups.2.dylib
0x00007fff37956000 	/System/Library/Frameworks/Kerberos.framework/Versions/A/Kerberos
0x00007fff35f06000 	/System/Library/Frameworks/GSS.framework/Versions/A/GSS
0x00007fff601da000 	/usr/lib/libresolv.9.dylib
0x00007fff5ec66000 	/usr/lib/libiconv.2.dylib
0x00007fff50275000 	/System/Library/PrivateFrameworks/Heimdal.framework/Versions/A/Heimdal
0x00007fff5ec35000 	/usr/lib/libheimdal-asn1.dylib
0x00007fff3c399000 	/System/Library/Frameworks/OpenDirectory.framework/Versions/A/OpenDirectory
0x00007fff46a7a000 	/System/Library/PrivateFrameworks/CommonAuth.framework/Versions/A/CommonAuth
0x00007fff3c37c000 	/System/Library/Frameworks/OpenDirectory.framework/Versions/A/Frameworks/CFOpenDirectory.framework/Versions/A/CFOpenDirectory
0x00007fff3f507000 	/System/Library/Frameworks/SecurityFoundation.framework/Versions/A/SecurityFoundation
0x00007fff42c67000 	/System/Library/PrivateFrameworks/APFS.framework/Versions/A/APFS
0x00007fff606aa000 	/usr/lib/libutil.dylib
0x00007fff5e10a000 	/usr/lib/libcharset.1.dylib
0x00007fff44453000 	/System/Library/PrivateFrameworks/AppleSauce.framework/Versions/A/AppleSauce
0x00007fff445e1000 	/System/Library/PrivateFrameworks/AssertionServices.framework/Versions/A/AssertionServices
0x00007fff44e54000 	/System/Library/PrivateFrameworks/BaseBoard.framework/Versions/A/BaseBoard
0x00007fff5f03a000 	/usr/lib/libmecab.1.0.0.dylib
0x00007fff5ec2f000 	/usr/lib/libgermantok.dylib
0x00007fff5decd000 	/usr/lib/libThaiTokenizer.dylib
0x00007fff5d9f4000 	/usr/lib/libChineseTokenizer.dylib
0x00007fff51e11000 	/System/Library/PrivateFrameworks/LanguageModeling.framework/Versions/A/LanguageModeling
0x00007fff47794000 	/System/Library/PrivateFrameworks/CoreEmoji.framework/Versions/A/CoreEmoji
0x00007fff51f09000 	/System/Library/PrivateFrameworks/Lexicon.framework/Versions/A/Lexicon
0x00007fff51f51000 	/System/Library/PrivateFrameworks/LinguisticData.framework/Versions/A/LinguisticData
0x00007fff5e10b000 	/usr/lib/libcmph.dylib
0x00007fff3f5c8000 	/System/Library/Frameworks/ServiceManagement.framework/Versions/A/ServiceManagement
0x00007fff44da7000 	/System/Library/PrivateFrameworks/BackgroundTaskManagement.framework/Versions/A/BackgroundTaskManagement
0x00007fff607a4000 	/usr/lib/libxslt.1.dylib
0x00007fff32d1b000 	/System/Library/Frameworks/Carbon.framework/Versions/A/Frameworks/Ink.framework/Versions/A/Ink
0x00007fff5b988000 	/System/Library/PrivateFrameworks/TextureIO.framework/Versions/A/TextureIO
0x00007fff5df22000 	/usr/lib/libate.dylib
0x00007fff48ae3000 	/System/Library/PrivateFrameworks/CrashReporterSupport.framework/Versions/A/CrashReporterSupport
0x00007fff589a9000 	/System/Library/PrivateFrameworks/Sharing.framework/Versions/A/Sharing
0x00007fff44933000 	/System/Library/PrivateFrameworks/AuthKit.framework/Versions/A/AuthKit
0x00007fff43d56000 	/System/Library/PrivateFrameworks/Apple80211.framework/Versions/A/Apple80211
0x00007fff488a3000 	/System/Library/PrivateFrameworks/CoreUtils.framework/Versions/A/CoreUtils
0x00007fff355e6000 	/System/Library/Frameworks/CoreWLAN.framework/Versions/A/CoreWLAN
0x00007fff36050000 	/System/Library/Frameworks/IOBluetooth.framework/Versions/A/IOBluetooth
0x00007fff56cc7000 	/System/Library/PrivateFrameworks/ProtocolBuffer.framework/Versions/A/ProtocolBuffer
0x00007fff52f1a000 	/System/Library/PrivateFrameworks/MobileKeyBag.framework/Versions/A/MobileKeyBag
0x00007fff480bb000 	/System/Library/PrivateFrameworks/CorePhoneNumbers.framework/Versions/A/CorePhoneNumbers
0x00007fff4416b000 	/System/Library/PrivateFrameworks/AppleIDAuthSupport.framework/Versions/A/AppleIDAuthSupport
0x00007fff51de2000 	/System/Library/PrivateFrameworks/KeychainCircle.framework/Versions/A/KeychainCircle
0x00007fff56e94000 	/System/Library/PrivateFrameworks/ROCKit.framework/Versions/A/ROCKit
0x00007fff48a7f000 	/System/Library/PrivateFrameworks/CoreWiFi.framework/Versions/A/CoreWiFi
0x00007fff3328a000 	/System/Library/Frameworks/CoreBluetooth.framework/Versions/A/CoreBluetooth
0x00007fff48cd3000 	/System/Library/PrivateFrameworks/DebugSymbols.framework/Versions/A/DebugSymbols
0x00007fff48658000 	/System/Library/PrivateFrameworks/CoreSymbolication.framework/Versions/A/CoreSymbolication
0x00007fff5b172000 	/System/Library/PrivateFrameworks/Symbolication.framework/Versions/A/Symbolication
0x00007fff5a304000 	/System/Library/PrivateFrameworks/SpeechRecognitionCore.framework/Versions/A/SpeechRecognitionCore
0x0000000109000000 	/Library/Java/JavaVirtualMachines/jdk1.8.0_191.jdk/Contents/Home/jre/lib/server/libjvm.dylib
0x00007fff6056e000 	/usr/lib/libstdc++.6.dylib
0x00000001086e4000 	/Library/Java/JavaVirtualMachines/jdk1.8.0_191.jdk/Contents/Home/jre/lib/libverify.dylib
0x00000001086f2000 	/Library/Java/JavaVirtualMachines/jdk1.8.0_191.jdk/Contents/Home/jre/lib/libjava.dylib
0x0000000108772000 	/Library/Java/JavaVirtualMachines/jdk1.8.0_191.jdk/Contents/Home/jre/lib/libzip.dylib
0x000000011f9cb000 	/Library/Java/JavaVirtualMachines/jdk1.8.0_191.jdk/Contents/Home/jre/lib/libawt.dylib
0x000000011fa75000 	/Library/Java/JavaVirtualMachines/jdk1.8.0_191.jdk/Contents/Home/jre/lib/./libmlib_image.dylib
0x00007fff3793f000 	/System/Library/Frameworks/JavaVM.framework/Versions/A/Frameworks/JavaNativeFoundation.framework/Versions/A/JavaNativeFoundation
0x00007fff37948000 	/System/Library/Frameworks/JavaVM.framework/Versions/A/Frameworks/JavaRuntimeSupport.framework/Versions/A/JavaRuntimeSupport
0x00007fff37951000 	/System/Library/Frameworks/JavaVM.framework/Versions/A/JavaVM
0x00007fff51cf9000 	/System/Library/PrivateFrameworks/JavaLaunching.framework/Versions/A/JavaLaunching
0x00007fff32a04000 	/System/Library/Frameworks/Carbon.framework/Versions/A/Carbon
0x00007fff32a05000 	/System/Library/Frameworks/Carbon.framework/Versions/A/Frameworks/CommonPanels.framework/Versions/A/CommonPanels
0x00007fff32d11000 	/System/Library/Frameworks/Carbon.framework/Versions/A/Frameworks/Help.framework/Versions/A/Help
0x00007fff32d15000 	/System/Library/Frameworks/Carbon.framework/Versions/A/Frameworks/ImageCapture.framework/Versions/A/ImageCapture
0x00007fff32db0000 	/System/Library/Frameworks/Carbon.framework/Versions/A/Frameworks/OpenScripting.framework/Versions/A/OpenScripting
0x00007fff32deb000 	/System/Library/Frameworks/Carbon.framework/Versions/A/Frameworks/Print.framework/Versions/A/Print
0x00007fff32ded000 	/System/Library/Frameworks/Carbon.framework/Versions/A/Frameworks/SecurityHI.framework/Versions/A/SecurityHI
0x000000011fb41000 	/Library/Java/JavaVirtualMachines/jdk1.8.0_191.jdk/Contents/Home/jre/lib/libawt_lwawt.dylib
0x000000011fbfb000 	/Library/Java/JavaVirtualMachines/jdk1.8.0_191.jdk/Contents/Home/jre/lib/./libosxapp.dylib
0x00007fff35a9f000 	/System/Library/Frameworks/ExceptionHandling.framework/Versions/A/ExceptionHandling
0x00007fff48252000 	/System/Library/PrivateFrameworks/CoreServicesInternal.framework/Versions/A/CoreServicesInternal
0x00007fff295d7000 	/System/Library/CoreServices/RawCamera.bundle/Contents/MacOS/RawCamera
0x00007fff52d84000 	/System/Library/PrivateFrameworks/MobileAsset.framework/Versions/A/MobileAsset
0x00007fff5a9f6000 	/System/Library/PrivateFrameworks/StreamingZip.framework/Versions/A/StreamingZip
0x00007fff37cf1000 	/System/Library/Frameworks/MediaToolbox.framework/Versions/A/MediaToolbox
0x00007fff47319000 	/System/Library/PrivateFrameworks/CoreAVCHD.framework/Versions/A/CoreAVCHD
0x00007fff37c2d000 	/System/Library/Frameworks/MediaAccessibility.framework/Versions/A/MediaAccessibility
0x00007fff527b6000 	/System/Library/PrivateFrameworks/Mangrove.framework/Versions/A/Mangrove
0x00007fff3489a000 	/System/Library/Frameworks/CoreMedia.framework/Versions/A/CoreMedia
0x00007fff3fc5a000 	/System/Library/Frameworks/VideoToolbox.framework/Versions/A/VideoToolbox
0x00007fff46f41000 	/System/Library/PrivateFrameworks/CoreAUC.framework/Versions/A/CoreAUC
0x00007fff60244000 	/usr/lib/libspindump.dylib
0x00007fff44546000 	/System/Library/PrivateFrameworks/AppleVA.framework/Versions/A/AppleVA
0x00007fff2fa6f000 	/System/Library/Frameworks/Accelerate.framework/Versions/A/Frameworks/vImage.framework/Versions/A/Libraries/libCGInterfaces.dylib
0x00007fff31df5000 	/System/Library/Frameworks/ApplicationServices.framework/Versions/A/Frameworks/ATS.framework/Versions/A/Resources/libTrueTypeScaler.dylib
0x00007fff2cd1e000 	/System/Library/Extensions/AppleIntelKBLGraphicsMTLDriver.bundle/Contents/MacOS/AppleIntelKBLGraphicsMTLDriver
0x00007fff4dbfa000 	/System/Library/PrivateFrameworks/GPUCompiler.framework/Versions/3902/Libraries/libmetal_timestamp.dylib
0x00007fff4a2e2000 	/System/Library/PrivateFrameworks/FamilyControls.framework/Versions/A/FamilyControls
0x00007fff46a6d000 	/System/Library/PrivateFrameworks/CommerceKit.framework/Versions/A/Frameworks/CommerceCore.framework/Versions/A/CommerceCore
0x00007fff5b45b000 	/System/Library/PrivateFrameworks/SystemAdministration.framework/Versions/A/SystemAdministration
0x00007fff43c50000 	/System/Library/PrivateFrameworks/AppContainer.framework/Versions/A/AppContainer
0x00007fff43c6d000 	/System/Library/PrivateFrameworks/AppSandbox.framework/Versions/A/AppSandbox
0x00007fff58841000 	/System/Library/PrivateFrameworks/SecCodeWrapper.framework/Versions/A/SecCodeWrapper
0x00007fff601f4000 	/usr/lib/libsandbox.1.dylib
0x00007fff5dcac000 	/usr/lib/libMatch.1.dylib
0x00007fff49073000 	/System/Library/PrivateFrameworks/DiskManagement.framework/Versions/A/DiskManagement
0x00007fff3580c000 	/System/Library/Frameworks/DirectoryService.framework/Versions/A/DirectoryService
0x00007fff48fa0000 	/System/Library/PrivateFrameworks/DiskImages.framework/Versions/A/DiskImages
0x00007fff52050000 	/System/Library/PrivateFrameworks/LoginUIKit.framework/Versions/A/Frameworks/LoginUICore.framework/Versions/A/LoginUICore
0x00007fff5da00000 	/usr/lib/libCoreStorage.dylib
0x00007fff5ea5a000 	/usr/lib/libcsfde.dylib
0x00007fff60071000 	/usr/lib/libodfde.dylib
0x00007fff528d7000 	/System/Library/PrivateFrameworks/MediaKit.framework/Versions/A/MediaKit
0x00007fff35818000 	/System/Library/Frameworks/DiscRecording.framework/Versions/A/DiscRecording
0x00007fff491e0000 	/System/Library/PrivateFrameworks/EFILogin.framework/Versions/A/EFILogin
0x00007fff56c6f000 	/System/Library/PrivateFrameworks/ProtectedCloudStorage.framework/Versions/A/ProtectedCloudStorage
0x00007fff5eaef000 	/usr/lib/libcurl.4.dylib
0x00007fff5e8c1000 	/usr/lib/libcrypto.42.dylib
0x00007fff60520000 	/usr/lib/libssl.44.dylib
0x00007fff37970000 	/System/Library/Frameworks/LDAP.framework/Versions/A/LDAP
0x00007fff5bb09000 	/System/Library/PrivateFrameworks/TrustEvaluationAgent.framework/Versions/A/TrustEvaluationAgent
0x00007fff60231000 	/usr/lib/libsasl2.2.dylib
0x00007fff47578000 	/System/Library/PrivateFrameworks/CoreDaemon.framework/Versions/B/CoreDaemon
0x00007fff4444e000 	/System/Library/PrivateFrameworks/AppleSRP.framework/Versions/A/AppleSRP
0x00007fff5c9b9000 	/System/Library/PrivateFrameworks/ViewBridge.framework/Versions/A/ViewBridge
0x00007fff3d8d6000 	/System/Library/Frameworks/OpenGL.framework/Versions/A/Resources/GLEngine.bundle/GLEngine
0x00007fff3cd66000 	/System/Library/Frameworks/OpenGL.framework/Versions/A/Libraries/libGLProgrammability.dylib
0x00007fff2bf3d000 	/System/Library/Extensions/AppleIntelKBLGraphicsGLDriver.bundle/Contents/MacOS/AppleIntelKBLGraphicsGLDriver
0x00007fff4f299000 	/System/Library/PrivateFrameworks/GPUSupport.framework/Versions/A/Libraries/libGPUSupportMercury.dylib
0x00007fff3da6d000 	/System/Library/Frameworks/OpenGL.framework/Versions/A/Resources/GLRendererFloat.bundle/GLRendererFloat
0x00007fff3c31a000 	/System/Library/Frameworks/OpenCL.framework/Versions/A/Libraries/libcldcpuengine.dylib
0x00007fff5e596000 	/usr/lib/libcrypto.35.dylib
0x00000001250c2000 	/Library/Java/JavaVirtualMachines/jdk1.8.0_191.jdk/Contents/Home/jre/lib/libfontmanager.dylib
0x0000000125129000 	/usr/lib/libobjc-trampolines.dylib
0x0000000126720000 	/Library/Java/JavaVirtualMachines/jdk1.8.0_191.jdk/Contents/Home/jre/lib/libosxui.dylib
0x00000001273d4000 	/Library/Java/JavaVirtualMachines/jdk1.8.0_191.jdk/Contents/Home/jre/lib/libnet.dylib
0x00000001271e7000 	/Library/Java/JavaVirtualMachines/jdk1.8.0_191.jdk/Contents/Home/jre/lib/libnio.dylib
0x0000000122ea6000 	/private/var/folders/_m/yh4n20q10h157qj87mnyrcjr0000gn/T/jogamp_0000/file_cache/jln2445199750985839426/jln4225809557779847897/libgluegen-rt.jnilib
0x0000000122eab000 	/private/var/folders/_m/yh4n20q10h157qj87mnyrcjr0000gn/T/jogamp_0000/file_cache/jln2445199750985839426/jln4225809557779847897/libnativewindow_awt.jnilib
0x0000000122eae000 	/Library/Java/JavaVirtualMachines/jdk1.8.0_191.jdk/Contents/Home/jre/lib/libjawt.dylib
0x0000000122eb1000 	/private/var/folders/_m/yh4n20q10h157qj87mnyrcjr0000gn/T/jogamp_0000/file_cache/jln2445199750985839426/jln4225809557779847897/libnativewindow_macosx.jnilib
0x000000019335b000 	/private/var/folders/_m/yh4n20q10h157qj87mnyrcjr0000gn/T/jogamp_0000/file_cache/jln2445199750985839426/jln4225809557779847897/libjogl_desktop.jnilib
0x0000000123941000 	/Library/Java/JavaVirtualMachines/jdk1.8.0_191.jdk/Contents/Home/jre/lib/libsunec.dylib
0x0000000125333000 	/Library/Java/JavaVirtualMachines/jdk1.8.0_191.jdk/Contents/Home/jre/lib/libt2k.dylib

VM Arguments:
jvm_args: -Djava.security.policy=java.policy.applet -Dfile.encoding=UTF-8 
java_command: sun.applet.AppletViewer module4.EarthquakeCityMap1550076458998.html
java_class_path (initial): /Users/philip/EclipseWorkspace/UCSDUnfoldingMaps/build:/Users/philip/EclipseWorkspace/UCSDUnfoldingMaps/lib/core.jar:/Users/philip/EclipseWorkspace/UCSDUnfoldingMaps/lib/gluegen-rt.jar:/Users/philip/EclipseWorkspace/UCSDUnfoldingMaps/lib/jogl-all.jar:/Users/philip/EclipseWorkspace/UCSDUnfoldingMaps/lib/log4j-1.2.15.jar:/Users/philip/EclipseWorkspace/UCSDUnfoldingMaps/lib/sqlite-jdbc-3.7.2.jar:/Users/philip/EclipseWorkspace/UCSDUnfoldingMaps/lib/json4processing.jar:/Users/philip/EclipseWorkspace/UCSDUnfoldingMaps/lib/libTUIO.jar:/Users/philip/EclipseWorkspace/UCSDUnfoldingMaps/lib/unfolding.0.9.7-uscd.jar
Launcher Type: SUN_STANDARD

Environment Variables:
PATH=/usr/bin:/bin:/usr/sbin:/sbin
SHELL=/bin/bash

Signal Handlers:
SIGSEGV: [libjvm.dylib+0x5b5de9], sa_mask[0]=11111111011111110111111111111111, sa_flags=SA_ONSTACK|SA_RESTART|SA_SIGINFO
SIGBUS: [libjvm.dylib+0x5b5de9], sa_mask[0]=11111111011111110111111111111111, sa_flags=SA_RESTART|SA_SIGINFO
SIGFPE: [libjvm.dylib+0x48b6b0], sa_mask[0]=11111111011111110111111111111111, sa_flags=SA_RESTART|SA_SIGINFO
SIGPIPE: [libjvm.dylib+0x48b6b0], sa_mask[0]=11111111011111110111111111111111, sa_flags=SA_RESTART|SA_SIGINFO
SIGXFSZ: [libjvm.dylib+0x48b6b0], sa_mask[0]=11111111011111110111111111111111, sa_flags=SA_RESTART|SA_SIGINFO
SIGILL: [libjvm.dylib+0x48b6b0], sa_mask[0]=11111111011111110111111111111111, sa_flags=SA_RESTART|SA_SIGINFO
SIGUSR1: SIG_DFL, sa_mask[0]=00000000000000000000000000000000, sa_flags=none
SIGUSR2: [libjvm.dylib+0x48b1ce], sa_mask[0]=00100000000000000000000000000000, sa_flags=SA_RESTART|SA_SIGINFO
SIGHUP: [libjvm.dylib+0x489759], sa_mask[0]=11111111011111110111111111111111, sa_flags=SA_RESTART|SA_SIGINFO
SIGINT: [libjvm.dylib+0x489759], sa_mask[0]=11111111011111110111111111111111, sa_flags=SA_RESTART|SA_SIGINFO
SIGTERM: [libjvm.dylib+0x489759], sa_mask[0]=11111111011111110111111111111111, sa_flags=SA_RESTART|SA_SIGINFO
SIGQUIT: [libjvm.dylib+0x489759], sa_mask[0]=11111111011111110111111111111111, sa_flags=SA_RESTART|SA_SIGINFO


---------------  S Y S T E M  ---------------

OS:Bsduname:Darwin 18.2.0 Darwin Kernel Version 18.2.0: Thu Dec 20 20:46:53 PST 2018; root:xnu-4903.241.1~1/RELEASE_X86_64 x86_64
rlimit: STACK 8192k, CORE 0k, NPROC 709, NOFILE 10240, AS infinity
load average:2.74 2.07 1.82

CPU:total 4 (initial active 4) (2 cores per cpu, 2 threads per core) family 6 model 142 stepping 9, cmov, cx8, fxsr, mmx, sse, sse2, sse3, ssse3, sse4.1, sse4.2, popcnt, avx, avx2, aes, clmul, erms, rtm, 3dnowpref, lzcnt, ht, tsc, tscinvbit, bmi1, bmi2, adx

Memory: 4k page, physical 8388608k(106584k free)

/proc/meminfo:


vm_info: Java HotSpot(TM) 64-Bit Server VM (25.191-b12) for bsd-amd64 JRE (1.8.0_191-b12), built on Oct  6 2018 08:37:07 by "java_re" with gcc 4.2.1 (Based on Apple Inc. build 5658) (LLVM build 2336.11.00)

time: Wed Feb 13 11:47:54 2019
elapsed time: 15 seconds (0d 0h 0m 15s)

