#
# A fatal error has been detected by the Java Runtime Environment:
#
#  SIGSEGV (0xb) at pc=0x00007fff6d7c2a29, pid=5344, tid=0x0000000000000307
#
# JRE version: Java(TM) SE Runtime Environment (8.0_191-b12) (build 1.8.0_191-b12)
# Java VM: Java HotSpot(TM) 64-Bit Server VM (25.191-b12 mixed mode bsd-amd64 compressed oops)
# Problematic frame:
# C  [libobjc.A.dylib+0x7a29]  objc_msgSend+0x29
#
# Failed to write core dump. Core dumps have been disabled. To enable core dumping, try "ulimit -c unlimited" before starting Java again
#
# If you would like to submit a bug report, please visit:
#   http://bugreport.java.com/bugreport/crash.jsp
# The crash happened outside the Java Virtual Machine in native code.
# See problematic frame for where to report the bug.
#

---------------  T H R E A D  ---------------

Current thread (0x00007fd92b88f800):  JavaThread "AWT-AppKit" daemon [_thread_in_native, id=775, stack(0x00007ffeed1e3000,0x00007ffeed9e3000)]

siginfo: si_signo: 11 (SIGSEGV), si_code: 1 (SEGV_MAPERR), si_addr: 0x0000012800000880

Registers:
RAX=0x00007fd92d977720, RBX=0x000000010d8b4450, RCX=0x0000000000000001, RDX=0x0000000000000000
RSP=0x00007ffeed9de348, RBP=0x00007ffeed9de400, RSI=0x00007fff3f7937eb, RDI=0x00007fd92d974840
R8 =0x0000000092c3000a, R9 =0x00007fd92c300000, R10=0x000000010fa39b90, R11=0x0000012800000880
R12=0x0000000000000000, R13=0x0000000196315a38, R14=0x000000010d8b4440, R15=0x00007fd92b88f800
RIP=0x00007fff6d7c2a29, EFLAGS=0x0000000000010202, ERR=0x0000000000000004
  TRAPNO=0x000000000000000e

Top of Stack: (sp=0x00007ffeed9de348)
0x00007ffeed9de348:   000000010d8b2157 00007ffeed9de3a0
0x00007ffeed9de358:   0000000000000003 00007ffeed9de380
0x00007ffeed9de368:   0000000102d43392 0000000196315a38
0x00007ffeed9de378:   0000000196315a38 00007fd92d977720
0x00007ffeed9de388:   000000010d8b46a0 000000010d8b4710
0x00007ffeed9de398:   00007fff9a08eca8 00007fff9b784e38
0x00007ffeed9de3a8:   000000010d8b4450 000000010d8b4690
0x00007ffeed9de3b8:   00007fd92d977720 00007fd92d974840
0x00007ffeed9de3c8:   00007fd929f24c50 00007fd92d977720
0x00007ffeed9de3d8:   00007fd92d974840 00007ffeed9de480
0x00007ffeed9de3e8:   00007fd92b88f9f8 0000000196315a38
0x00007ffeed9de3f8:   00007ffeed9de4a8 00007ffeed9de470
0x00007ffeed9de408:   000000010f112667 00007ffeed9de470
0x00007ffeed9de418:   000000010f1123b9 00007ffeed9de460
0x00007ffeed9de428:   000000010f112382 00007ffeed9de430
0x00007ffeed9de438:   0000000196315a38 00007ffeed9de4a8
0x00007ffeed9de448:   0000000196339028 0000000000000000
0x00007ffeed9de458:   0000000196315a38 0000000000000000
0x00007ffeed9de468:   00007ffeed9de490 00007ffeed9de4f0
0x00007ffeed9de478:   000000010f1022bd 00000007403f53d8
0x00007ffeed9de488:   000000010f10bd18 00007fd92d977720
0x00007ffeed9de498:   000000010f10d7b9 00007fd92d974840
0x00007ffeed9de4a8:   000000010f10d782 00007ffeed9de4b0
0x00007ffeed9de4b8:   0000000196315c02 00007ffeed9de518
0x00007ffeed9de4c8:   0000000196339028 0000000000000000
0x00007ffeed9de4d8:   0000000196315c10 00007ffeed9de490
0x00007ffeed9de4e8:   00007ffeed9de500 00007ffeed9de560
0x00007ffeed9de4f8:   000000010f1022bd 00007fd92d977720
0x00007ffeed9de508:   0000000740292870 00007fd92d974840
0x00007ffeed9de518:   0000000740292870 00007ffeed9de520
0x00007ffeed9de528:   0000000198c82f6e 00007ffeed9de570
0x00007ffeed9de538:   0000000198c83028 0000000000000000 

Instructions: (pc=0x00007fff6d7c2a29)
0x00007fff6d7c2a09:   01 2e 75 66 49 ba f8 ff ff ff ff 7f 00 00 4c 23
0x00007fff6d7c2a19:   17 49 89 f3 45 23 5a 18 49 c1 e3 04 4d 03 5a 10
0x00007fff6d7c2a29:   49 3b 33 75 04 41 ff 63 08 49 83 3b 01 76 0d 49
0x00007fff6d7c2a39:   83 c3 10 49 3b 33 75 f1 41 ff 63 08 72 68 4d 8b 

Register to memory mapping:

RAX=0x00007fd92d977720 is an unknown value
RBX=0x000000010d8b4450: Java_jogamp_nativewindow_macosx_OSXUtil_GetScreenRefreshRate0+0x1cf0 in /private/var/folders/_m/yh4n20q10h157qj87mnyrcjr0000gn/T/jogamp_0000/file_cache/jln583283840311619638/jln4650797426908247553/libnativewindow_macosx.jnilib at 0x000000010d8ad000
RCX=0x0000000000000001 is an unknown value
RDX=0x0000000000000000 is an unknown value
RSP=0x00007ffeed9de348 is pointing into the stack for thread: 0x00007fd92b88f800
RBP=0x00007ffeed9de400 is pointing into the stack for thread: 0x00007fd92b88f800
RSI=0x00007fff3f7937eb: GCC_except_table7+0x9eaf in /System/Library/Frameworks/AppKit.framework/Versions/C/AppKit at 0x00007fff3eb84000
RDI=0x00007fd92d974840 is an unknown value
R8 =0x0000000092c3000a is an unknown value
R9 =0x00007fd92c300000 is an unknown value
R10=0x000000010fa39b90 is at entry_point+-368 in (nmethod*)0x000000010fa39b90
R11=0x0000012800000880 is an unknown value
R12=0x0000000000000000 is an unknown value
R13={method} {0x0000000196315a38} 'UnsetJAWTRootSurfaceLayer0' '(JJ)V' in 'jogamp/nativewindow/jawt/macosx/MacOSXJAWTWindow'
R14=0x000000010d8b4440: Java_jogamp_nativewindow_macosx_OSXUtil_GetScreenRefreshRate0+0x1ce0 in /private/var/folders/_m/yh4n20q10h157qj87mnyrcjr0000gn/T/jogamp_0000/file_cache/jln583283840311619638/jln4650797426908247553/libnativewindow_macosx.jnilib at 0x000000010d8ad000
R15=0x00007fd92b88f800 is a thread


Stack: [0x00007ffeed1e3000,0x00007ffeed9e3000],  sp=0x00007ffeed9de348,  free space=8172k
Native frames: (J=compiled Java code, j=interpreted, Vv=VM code, C=native code)
C  [libobjc.A.dylib+0x7a29]  objc_msgSend+0x29
j  jogamp.nativewindow.jawt.macosx.MacOSXJAWTWindow.UnsetJAWTRootSurfaceLayer0(JJ)V+0
j  jogamp.nativewindow.jawt.macosx.MacOSXJAWTWindow.access$200(JJ)V+2
j  jogamp.nativewindow.jawt.macosx.MacOSXJAWTWindow$1.run()V+38
j  com.jogamp.common.util.RunnableTask.run()V+24
v  ~StubRoutines::call_stub
V  [libjvm.dylib+0x2ef9fe]  JavaCalls::call_helper(JavaValue*, methodHandle*, JavaCallArguments*, Thread*)+0x6ae
V  [libjvm.dylib+0x326d3c]  jni_invoke_nonstatic(JNIEnv_*, JavaValue*, _jobject*, JNICallType, _jmethodID*, JNI_ArgumentPusher*, Thread*)+0x2ec
V  [libjvm.dylib+0x31951f]  jni_CallVoidMethod+0x16b
C  [libnativewindow_macosx.jnilib+0x5326]  Java_jogamp_nativewindow_jawt_macosx_MacOSXJAWTWindow_UnsetJAWTRootSurfaceLayer0+0x2b6
C  [Foundation+0xb1bab]  __NSThreadPerformPerform+0x147
C  [CoreFoundation+0x58395]  __CFRUNLOOP_IS_CALLING_OUT_TO_A_SOURCE0_PERFORM_FUNCTION__+0x11
C  [CoreFoundation+0x5833b]  __CFRunLoopDoSource0+0x6c
C  [CoreFoundation+0x3bdd1]  __CFRunLoopDoSources0+0xc3
C  [CoreFoundation+0x3b37a]  __CFRunLoopRun+0x4c3
C  [CoreFoundation+0x3ac64]  CFRunLoopRunSpecific+0x1cf
C  [HIToolbox+0xaab5]  RunCurrentEventLoopInMode+0x125
C  [HIToolbox+0xa6f4]  ReceiveNextEventCommon+0x173
C  [HIToolbox+0xa568]  _BlockUntilNextEventMatchingListInModeWithFilter+0x40
C  [AppKit+0x1b363]  _DPSNextEvent+0x3e5
C  [AppKit+0x1a102]  -[NSApplication(NSEvent) _nextEventMatchingEventMask:untilDate:inMode:dequeue:]+0x552
C  [libosxapp.dylib+0x2328]  -[NSApplicationAWT nextEventMatchingMask:untilDate:inMode:dequeue:]+0x7c
C  [AppKit+0x14165]  -[NSApplication run]+0x2bb
C  [libosxapp.dylib+0x1f72]  +[NSApplicationAWT runAWTLoopWithApp:]+0x9c
C  [libawt_lwawt.dylib+0x4711f]  -[AWTStarter starter:]+0x389
C  [Foundation+0xb1bab]  __NSThreadPerformPerform+0x147
C  [CoreFoundation+0x58395]  __CFRUNLOOP_IS_CALLING_OUT_TO_A_SOURCE0_PERFORM_FUNCTION__+0x11
C  [CoreFoundation+0x5833b]  __CFRunLoopDoSource0+0x6c
C  [CoreFoundation+0x3bdd1]  __CFRunLoopDoSources0+0xc3
C  [CoreFoundation+0x3b37a]  __CFRunLoopRun+0x4c3
C  [CoreFoundation+0x3ac64]  CFRunLoopRunSpecific+0x1cf
C  [java+0x646e]  CreateExecutionEnvironment+0x367
C  [java+0x203c]  JLI_Launch+0x7a0
C  [java+0x84cb]  main+0x65
C  [java+0x1894]  start+0x34
C  0x0000000000000007

Java frames: (J=compiled Java code, j=interpreted, Vv=VM code)
j  jogamp.nativewindow.jawt.macosx.MacOSXJAWTWindow.UnsetJAWTRootSurfaceLayer0(JJ)V+0
j  jogamp.nativewindow.jawt.macosx.MacOSXJAWTWindow.access$200(JJ)V+2
j  jogamp.nativewindow.jawt.macosx.MacOSXJAWTWindow$1.run()V+38
j  com.jogamp.common.util.RunnableTask.run()V+24
v  ~StubRoutines::call_stub

---------------  P R O C E S S  ---------------

Java Threads: ( => current thread )
  0x00007fd92a0d2800 JavaThread "Thread-19" [_thread_blocked, id=66591, stack(0x000070000c03c000,0x000070000c13c000)]
  0x00007fd92a558000 JavaThread "Image Fetcher 3" daemon [_thread_blocked, id=66379, stack(0x000070000c751000,0x000070000c851000)]
  0x00007fd92ac7f800 JavaThread "Image Fetcher 2" daemon [_thread_blocked, id=65543, stack(0x000070000c64e000,0x000070000c74e000)]
  0x00007fd92a4fe000 JavaThread "Image Fetcher 1" daemon [_thread_blocked, id=56579, stack(0x000070000c54b000,0x000070000c64b000)]
  0x00007fd92b672000 JavaThread "Image Fetcher 0" daemon [_thread_blocked, id=56323, stack(0x000070000c448000,0x000070000c548000)]
  0x00007fd92bdd3800 JavaThread "Keep-Alive-Timer" daemon [_thread_blocked, id=54803, stack(0x000070000beb6000,0x000070000bfb6000)]
  0x00007fd92bb5a800 JavaThread "AWT-EventQueue-1" [_thread_blocked, id=70427, stack(0x000070000bdb3000,0x000070000beb3000)]
  0x00007fd92b983800 JavaThread "DestroyJavaVM" [_thread_blocked, id=9475, stack(0x000070000a6e8000,0x000070000a7e8000)]
  0x00007fd92a95e000 JavaThread "AWT-EventQueue-0" [_thread_blocked, id=74247, stack(0x000070000bbad000,0x000070000bcad000)]
  0x00007fd92b90d000 JavaThread "Java2D Disposer" daemon [_thread_blocked, id=49171, stack(0x000070000b924000,0x000070000ba24000)]
  0x00007fd92a8e7800 JavaThread "Java2D Queue Flusher" daemon [_thread_blocked, id=47887, stack(0x000070000b821000,0x000070000b921000)]
  0x00007fd92b11a800 JavaThread "AWT-Shutdown" [_thread_blocked, id=25639, stack(0x000070000b595000,0x000070000b695000)]
=>0x00007fd92b88f800 JavaThread "AWT-AppKit" daemon [_thread_in_native, id=775, stack(0x00007ffeed1e3000,0x00007ffeed9e3000)]
  0x00007fd92b000800 JavaThread "Service Thread" daemon [_thread_blocked, id=14595, stack(0x000070000b30c000,0x000070000b40c000)]
  0x00007fd92b004800 JavaThread "C1 CompilerThread2" daemon [_thread_blocked, id=18435, stack(0x000070000b209000,0x000070000b309000)]
  0x00007fd92b004000 JavaThread "C2 CompilerThread1" daemon [_thread_blocked, id=18947, stack(0x000070000b106000,0x000070000b206000)]
  0x00007fd92b002800 JavaThread "C2 CompilerThread0" daemon [_thread_blocked, id=19459, stack(0x000070000b003000,0x000070000b103000)]
  0x00007fd92b001800 JavaThread "Signal Dispatcher" daemon [_thread_blocked, id=14083, stack(0x000070000af00000,0x000070000b000000)]
  0x00007fd92a80e000 JavaThread "Finalizer" daemon [_thread_blocked, id=12547, stack(0x000070000adfd000,0x000070000aefd000)]
  0x00007fd92a045800 JavaThread "Reference Handler" daemon [_thread_blocked, id=21251, stack(0x000070000acfa000,0x000070000adfa000)]

Other Threads:
  0x00007fd92a03e800 VMThread [stack: 0x000070000abf7000,0x000070000acf7000] [id=12035]
  0x00007fd92b02a000 WatcherThread [stack: 0x000070000b40f000,0x000070000b50f000] [id=17667]

VM state:not at safepoint (normal execution)

VM Mutex/Monitor currently owned by a thread: None

Heap:
 PSYoungGen      total 53248K, used 7609K [0x0000000795580000, 0x0000000799000000, 0x00000007c0000000)
  eden space 48128K, 5% used [0x0000000795580000,0x00000007957f2140,0x0000000798480000)
  from space 5120K, 99% used [0x0000000798b00000,0x0000000798ffc520,0x0000000799000000)
  to   space 5120K, 0% used [0x0000000798600000,0x0000000798600000,0x0000000798b00000)
 ParOldGen       total 63488K, used 20757K [0x0000000740000000, 0x0000000743e00000, 0x0000000795580000)
  object space 63488K, 32% used [0x0000000740000000,0x0000000741445778,0x0000000743e00000)
 Metaspace       used 24250K, capacity 24665K, committed 25008K, reserved 1071104K
  class space    used 2472K, capacity 2625K, committed 2736K, reserved 1048576K

Card table byte_map: [0x0000000103f74000,0x0000000104375000] byte_map_base: 0x0000000100574000

Marking Bits: (ParMarkBitMap*) 0x00000001034f9e00
 Begin Bits: [0x0000000104620000, 0x0000000106620000)
 End Bits:   [0x0000000106620000, 0x0000000108620000)

Polling page: 0x000000010228c000

CodeCache: size=245760Kb used=9442Kb max_used=9442Kb free=236317Kb
 bounds [0x000000010f0fa000, 0x000000010fa4a000, 0x000000011e0fa000]
 total_blobs=3686 nmethods=2741 adapters=858
 compilation: enabled

Compilation events (10 events):
Event: 6.320 Thread 0x00007fd92b004800 2735   !   3       sun.misc.URLClassPath$JarLoader::getResource (353 bytes)
Event: 6.323 Thread 0x00007fd92b004800 nmethod 2735 0x000000010fa349d0 code [0x000000010fa34e00, 0x000000010fa36fd8]
Event: 6.323 Thread 0x00007fd92b004800 2738       3       sun.misc.URLClassPath$JarLoader$2::getCodeSigners (8 bytes)
Event: 6.323 Thread 0x00007fd92b004800 nmethod 2738 0x000000010fa38d10 code [0x000000010fa38e80, 0x000000010fa390a8]
Event: 6.323 Thread 0x00007fd92b004800 2739   !   3       java.util.jar.JarFile$JarFileEntry::getCodeSigners (78 bytes)
Event: 6.323 Thread 0x00007fd92b004800 nmethod 2739 0x000000010fa39150 code [0x000000010fa39320, 0x000000010fa39938]
Event: 6.323 Thread 0x00007fd92b004800 2736       3       sun.misc.URLClassPath$JarLoader$2::getInputStream (15 bytes)
Event: 6.324 Thread 0x00007fd92b004800 nmethod 2736 0x000000010fa39b90 code [0x000000010fa39d00, 0x000000010fa39f48]
Event: 6.324 Thread 0x00007fd92b004800 2737       3       sun.misc.URLClassPath$JarLoader$2::getContentLength (9 bytes)
Event: 6.324 Thread 0x00007fd92b004800 nmethod 2737 0x000000010fa3a050 code [0x000000010fa3a1c0, 0x000000010fa3a410]

GC Heap History (10 events):
Event: 2.309 GC heap before
{Heap before GC invocations=1 (full 0):
 PSYoungGen      total 38400K, used 33280K [0x0000000795580000, 0x0000000798000000, 0x00000007c0000000)
  eden space 33280K, 100% used [0x0000000795580000,0x0000000797600000,0x0000000797600000)
  from space 5120K, 0% used [0x0000000797b00000,0x0000000797b00000,0x0000000798000000)
  to   space 5120K, 0% used [0x0000000797600000,0x0000000797600000,0x0000000797b00000)
 ParOldGen       total 87552K, used 0K [0x0000000740000000, 0x0000000745580000, 0x0000000795580000)
  object space 87552K, 0% used [0x0000000740000000,0x0000000740000000,0x0000000745580000)
 Metaspace       used 16280K, capacity 16619K, committed 17024K, reserved 1064960K
  class space    used 1678K, capacity 1794K, committed 1920K, reserved 1048576K
Event: 2.314 GC heap after
Heap after GC invocations=1 (full 0):
 PSYoungGen      total 38400K, used 5044K [0x0000000795580000, 0x0000000798000000, 0x00000007c0000000)
  eden space 33280K, 0% used [0x0000000795580000,0x0000000795580000,0x0000000797600000)
  from space 5120K, 98% used [0x0000000797600000,0x0000000797aed010,0x0000000797b00000)
  to   space 5120K, 0% used [0x0000000797b00000,0x0000000797b00000,0x0000000798000000)
 ParOldGen       total 87552K, used 16K [0x0000000740000000, 0x0000000745580000, 0x0000000795580000)
  object space 87552K, 0% used [0x0000000740000000,0x0000000740004000,0x0000000745580000)
 Metaspace       used 16280K, capacity 16619K, committed 17024K, reserved 1064960K
  class space    used 1678K, capacity 1794K, committed 1920K, reserved 1048576K
}
Event: 3.113 GC heap before
{Heap before GC invocations=2 (full 0):
 PSYoungGen      total 38400K, used 26822K [0x0000000795580000, 0x0000000798000000, 0x00000007c0000000)
  eden space 33280K, 65% used [0x0000000795580000,0x0000000796ac4900,0x0000000797600000)
  from space 5120K, 98% used [0x0000000797600000,0x0000000797aed010,0x0000000797b00000)
  to   space 5120K, 0% used [0x0000000797b00000,0x0000000797b00000,0x0000000798000000)
 ParOldGen       total 87552K, used 16K [0x0000000740000000, 0x0000000745580000, 0x0000000795580000)
  object space 87552K, 0% used [0x0000000740000000,0x0000000740004000,0x0000000745580000)
 Metaspace       used 20755K, capacity 21187K, committed 21296K, reserved 1069056K
  class space    used 2167K, capacity 2326K, committed 2352K, reserved 1048576K
Event: 3.123 GC heap after
Heap after GC invocations=2 (full 0):
 PSYoungGen      total 38400K, used 5118K [0x0000000795580000, 0x0000000798000000, 0x00000007c0000000)
  eden space 33280K, 0% used [0x0000000795580000,0x0000000795580000,0x0000000797600000)
  from space 5120K, 99% used [0x0000000797b00000,0x0000000797fffb78,0x0000000798000000)
  to   space 5120K, 0% used [0x0000000797600000,0x0000000797600000,0x0000000797b00000)
 ParOldGen       total 87552K, used 2647K [0x0000000740000000, 0x0000000745580000, 0x0000000795580000)
  object space 87552K, 3% used [0x0000000740000000,0x0000000740295ed0,0x0000000745580000)
 Metaspace       used 20755K, capacity 21187K, committed 21296K, reserved 1069056K
  class space    used 2167K, capacity 2326K, committed 2352K, reserved 1048576K
}
Event: 3.123 GC heap before
{Heap before GC invocations=3 (full 1):
 PSYoungGen      total 38400K, used 5118K [0x0000000795580000, 0x0000000798000000, 0x00000007c0000000)
  eden space 33280K, 0% used [0x0000000795580000,0x0000000795580000,0x0000000797600000)
  from space 5120K, 99% used [0x0000000797b00000,0x0000000797fffb78,0x0000000798000000)
  to   space 5120K, 0% used [0x0000000797600000,0x0000000797600000,0x0000000797b00000)
 ParOldGen       total 87552K, used 2647K [0x0000000740000000, 0x0000000745580000, 0x0000000795580000)
  object space 87552K, 3% used [0x0000000740000000,0x0000000740295ed0,0x0000000745580000)
 Metaspace       used 20755K, capacity 21187K, committed 21296K, reserved 1069056K
  class space    used 2167K, capacity 2326K, committed 2352K, reserved 1048576K
Event: 3.153 GC heap after
Heap after GC invocations=3 (full 1):
 PSYoungGen      total 38400K, used 0K [0x0000000795580000, 0x0000000798000000, 0x00000007c0000000)
  eden space 33280K, 0% used [0x0000000795580000,0x0000000795580000,0x0000000797600000)
  from space 5120K, 0% used [0x0000000797b00000,0x0000000797b00000,0x0000000798000000)
  to   space 5120K, 0% used [0x0000000797600000,0x0000000797600000,0x0000000797b00000)
 ParOldGen       total 63488K, used 7630K [0x0000000740000000, 0x0000000743e00000, 0x0000000795580000)
  object space 63488K, 12% used [0x0000000740000000,0x00000007407739a0,0x0000000743e00000)
 Metaspace       used 20755K, capacity 21187K, committed 21296K, reserved 1069056K
  class space    used 2167K, capacity 2326K, committed 2352K, reserved 1048576K
}
Event: 3.679 GC heap before
{Heap before GC invocations=4 (full 1):
 PSYoungGen      total 38400K, used 33043K [0x0000000795580000, 0x0000000798000000, 0x00000007c0000000)
  eden space 33280K, 99% used [0x0000000795580000,0x00000007975c4f98,0x0000000797600000)
  from space 5120K, 0% used [0x0000000797b00000,0x0000000797b00000,0x0000000798000000)
  to   space 5120K, 0% used [0x0000000797600000,0x0000000797600000,0x0000000797b00000)
 ParOldGen       total 63488K, used 7630K [0x0000000740000000, 0x0000000743e00000, 0x0000000795580000)
  object space 63488K, 12% used [0x0000000740000000,0x00000007407739a0,0x0000000743e00000)
 Metaspace       used 23676K, capacity 24047K, committed 24368K, reserved 1071104K
  class space    used 2438K, capacity 2590K, committed 2608K, reserved 1048576K
Event: 3.687 GC heap after
Heap after GC invocations=4 (full 1):
 PSYoungGen      total 38400K, used 5098K [0x0000000795580000, 0x0000000799000000, 0x00000007c0000000)
  eden space 33280K, 0% used [0x0000000795580000,0x0000000795580000,0x0000000797600000)
  from space 5120K, 99% used [0x0000000797600000,0x0000000797afaac0,0x0000000797b00000)
  to   space 5120K, 0% used [0x0000000798b00000,0x0000000798b00000,0x0000000799000000)
 ParOldGen       total 63488K, used 17807K [0x0000000740000000, 0x0000000743e00000, 0x0000000795580000)
  object space 63488K, 28% used [0x0000000740000000,0x0000000741163e60,0x0000000743e00000)
 Metaspace       used 23676K, capacity 24047K, committed 24368K, reserved 1071104K
  class space    used 2438K, capacity 2590K, committed 2608K, reserved 1048576K
}
Event: 6.166 GC heap before
{Heap before GC invocations=5 (full 1):
 PSYoungGen      total 38400K, used 38378K [0x0000000795580000, 0x0000000799000000, 0x00000007c0000000)
  eden space 33280K, 100% used [0x0000000795580000,0x0000000797600000,0x0000000797600000)
  from space 5120K, 99% used [0x0000000797600000,0x0000000797afaac0,0x0000000797b00000)
  to   space 5120K, 0% used [0x0000000798b00000,0x0000000798b00000,0x0000000799000000)
 ParOldGen       total 63488K, used 17807K [0x0000000740000000, 0x0000000743e00000, 0x0000000795580000)
  object space 63488K, 28% used [0x0000000740000000,0x0000000741163e60,0x0000000743e00000)
 Metaspace       used 24170K, capacity 24565K, committed 24880K, reserved 1071104K
  class space    used 2458K, capacity 2591K, committed 2608K, reserved 1048576K
Event: 6.173 GC heap after
Heap after GC invocations=5 (full 1):
 PSYoungGen      total 53248K, used 5105K [0x0000000795580000, 0x0000000799000000, 0x00000007c0000000)
  eden space 48128K, 0% used [0x0000000795580000,0x0000000795580000,0x0000000798480000)
  from space 5120K, 99% used [0x0000000798b00000,0x0000000798ffc520,0x0000000799000000)
  to   space 5120K, 0% used [0x0000000798600000,0x0000000798600000,0x0000000798b00000)
 ParOldGen       total 63488K, used 20757K [0x0000000740000000, 0x0000000743e00000, 0x0000000795580000)
  object space 63488K, 32% used [0x0000000740000000,0x0000000741445778,0x0000000743e00000)
 Metaspace       used 24170K, capacity 24565K, committed 24880K, reserved 1071104K
  class space    used 2458K, capacity 2591K, committed 2608K, reserved 1048576K
}

Deoptimization events (10 events):
Event: 3.553 Thread 0x00007fd92bb5a800 Uncommon trap: reason=unstable_if action=reinterpret pc=0x000000010f7840bc method=com.jogamp.common.util.IntIntHashMap.get(I)I @ 28
Event: 3.584 Thread 0x00007fd92bb5a800 Uncommon trap: reason=class_check action=maybe_recompile pc=0x000000010f5deafc method=java.util.regex.Matcher.search(I)Z @ 86
Event: 3.584 Thread 0x00007fd92bb5a800 Uncommon trap: reason=class_check action=maybe_recompile pc=0x000000010f5deafc method=java.util.regex.Matcher.search(I)Z @ 86
Event: 3.584 Thread 0x00007fd92bb5a800 Uncommon trap: reason=class_check action=maybe_recompile pc=0x000000010f5deafc method=java.util.regex.Matcher.search(I)Z @ 86
Event: 3.584 Thread 0x00007fd92bb5a800 Uncommon trap: reason=class_check action=maybe_recompile pc=0x000000010f5deafc method=java.util.regex.Matcher.search(I)Z @ 86
Event: 3.644 Thread 0x00007fd92bb5a800 Uncommon trap: reason=unstable_if action=reinterpret pc=0x000000010f7e1a28 method=processing.opengl.PGraphicsOpenGL$InGeometry.addVertex(FFFIFFFFFIFIIIFIZ)I @ 218
Event: 5.443 Thread 0x00007fd92bb5a800 Uncommon trap: reason=unstable_if action=reinterpret pc=0x000000010f9a2a74 method=java.util.Vector.indexOf(Ljava/lang/Object;I)I @ 41
Event: 6.261 Thread 0x00007fd92bb5a800 Uncommon trap: reason=unstable_if action=reinterpret pc=0x000000010f8826a8 method=com.jogamp.common.util.VersionNumber.compareTo(Lcom/jogamp/common/util/VersionNumber;)I @ 21
Event: 6.309 Thread 0x00007fd92b285800 Uncommon trap: reason=class_check action=maybe_recompile pc=0x000000010f5fa2f0 method=java.util.HashMap.putVal(ILjava/lang/Object;Ljava/lang/Object;ZZ)Ljava/lang/Object; @ 91
Event: 6.309 Thread 0x00007fd92b285800 Uncommon trap: reason=class_check action=maybe_recompile pc=0x000000010f592ebc method=java.util.HashMap.putVal(ILjava/lang/Object;Ljava/lang/Object;ZZ)Ljava/lang/Object; @ 91

Classes redefined (0 events):
No events

Internal exceptions (10 events):
Event: 0.141 Thread 0x00007fd92a000000 Exception <a 'java/lang/NoSuchFieldError': method resolution failed> (0x00000007957a7218) thrown at [/Users/java_re/workspace/8-2-build-macosx-x86_64/jdk8u191/11896/hotspot/src/share/vm/prims/methodHandles.cpp, line 1167]
Event: 0.304 Thread 0x00007fd92a000000 Exception <a 'java/io/FileNotFoundException'> (0x00000007958228c8) thrown at [/Users/java_re/workspace/8-2-build-macosx-x86_64/jdk8u191/11896/hotspot/src/share/vm/prims/jni.cpp, line 709]
Event: 0.304 Thread 0x00007fd92a000000 Exception <a 'java/io/FileNotFoundException'> (0x0000000795823430) thrown at [/Users/java_re/workspace/8-2-build-macosx-x86_64/jdk8u191/11896/hotspot/src/share/vm/prims/jni.cpp, line 709]
Event: 0.429 Thread 0x00007fd92a000000 Exception <a 'java/io/FileNotFoundException'> (0x00000007958a6938) thrown at [/Users/java_re/workspace/8-2-build-macosx-x86_64/jdk8u191/11896/hotspot/src/share/vm/prims/jni.cpp, line 709]
Event: 2.068 Thread 0x00007fd92b32b800 Exception <a 'java/lang/UnsatisfiedLinkError': com.jogamp.common.util.JarUtil.fixNativeLibAttribs(Ljava/lang/String;)Z> (0x0000000796ca8520) thrown at [/Users/java_re/workspace/8-2-build-macosx-x86_64/jdk8u191/11896/hotspot/src/share/vm/prims/nativeLookup
Event: 2.316 Thread 0x00007fd92a80e000 Exception <a 'java/lang/NullPointerException'> (0x00000007956a2ed0) thrown at [/Users/java_re/workspace/8-2-build-macosx-x86_64/jdk8u191/11896/hotspot/src/share/vm/interpreter/linkResolver.cpp, line 1185]
Event: 2.859 Thread 0x00007fd92bb5a800 Exception <a 'java/io/FileNotFoundException'> (0x0000000795f66090) thrown at [/Users/java_re/workspace/8-2-build-macosx-x86_64/jdk8u191/11896/hotspot/src/share/vm/prims/jni.cpp, line 709]
Event: 2.859 Thread 0x00007fd92bb5a800 Exception <a 'java/io/FileNotFoundException'> (0x0000000795f6c170) thrown at [/Users/java_re/workspace/8-2-build-macosx-x86_64/jdk8u191/11896/hotspot/src/share/vm/prims/jni.cpp, line 709]
Event: 2.859 Thread 0x00007fd92bb5a800 Implicit null exception at 0x000000010f2e29f6 to 0x000000010f2e2db9
Event: 2.991 Thread 0x00007fd92bb5a800 Implicit null exception at 0x000000010f4d5e46 to 0x000000010f4d608d

Events (10 events):
Event: 6.321 loading class jogamp/nativewindow/jawt/macosx/MacOSXJAWTWindow$1 done
Event: 6.322 loading class java/awt/LightweightDispatcher$2
Event: 6.322 loading class java/awt/LightweightDispatcher$2 done
Event: 6.323 loading class java/awt/event/AWTEventListenerProxy
Event: 6.323 loading class java/awt/event/AWTEventListenerProxy done
Event: 6.323 loading class java/awt/Toolkit$ToolkitEventMulticaster
Event: 6.323 loading class java/awt/Toolkit$ToolkitEventMulticaster done
Event: 6.324 Thread 0x00007fd92b285800 Thread exited: 0x00007fd92b285800
Event: 6.324 loading class java/awt/Window$1DisposeAction
Event: 6.324 loading class java/awt/Window$1DisposeAction done


Dynamic libraries:
0x00007fff40df0000 	/System/Library/Frameworks/Cocoa.framework/Versions/A/Cocoa
0x00007fff4d0af000 	/System/Library/Frameworks/Security.framework/Versions/A/Security
0x00007fff3f9f7000 	/System/Library/Frameworks/ApplicationServices.framework/Versions/A/ApplicationServices
0x00007fff6e69e000 	/usr/lib/libz.1.dylib
0x00007fff6bd13000 	/usr/lib/libSystem.B.dylib
0x00007fff6d7bb000 	/usr/lib/libobjc.A.dylib
0x00007fff41613000 	/System/Library/Frameworks/CoreFoundation.framework/Versions/A/CoreFoundation
0x00007fff43998000 	/System/Library/Frameworks/Foundation.framework/Versions/C/Foundation
0x00007fff3eb84000 	/System/Library/Frameworks/AppKit.framework/Versions/C/AppKit
0x00007fff41187000 	/System/Library/Frameworks/CoreData.framework/Versions/A/CoreData
0x00007fff64ee1000 	/System/Library/PrivateFrameworks/RemoteViewServices.framework/Versions/A/RemoteViewServices
0x00007fff699e1000 	/System/Library/PrivateFrameworks/UIFoundation.framework/Versions/A/UIFoundation
0x00007fff6b199000 	/System/Library/PrivateFrameworks/XCTTargetBootstrap.framework/Versions/A/XCTTargetBootstrap
0x00007fff5f9e4000 	/System/Library/PrivateFrameworks/IconServices.framework/Versions/A/IconServices
0x00007fff46262000 	/System/Library/Frameworks/Metal.framework/Versions/A/Metal
0x00007fff56be6000 	/System/Library/PrivateFrameworks/DesktopServicesPriv.framework/Versions/A/DesktopServicesPriv
0x00007fff6cace000 	/usr/lib/libenergytrace.dylib
0x00007fff67752000 	/System/Library/PrivateFrameworks/SkyLight.framework/Versions/A/SkyLight
0x00007fff41a62000 	/System/Library/Frameworks/CoreGraphics.framework/Versions/A/CoreGraphics
0x00007fff3d93f000 	/System/Library/Frameworks/Accelerate.framework/Versions/A/Accelerate
0x00007fff44122000 	/System/Library/Frameworks/IOSurface.framework/Versions/A/IOSurface
0x00007fff56a48000 	/System/Library/PrivateFrameworks/DFRFoundation.framework/Versions/A/DFRFoundation
0x00007fff3fefc000 	/System/Library/Frameworks/AudioToolbox.framework/Versions/A/AudioToolbox
0x00007fff4019b000 	/System/Library/Frameworks/AudioUnit.framework/Versions/A/AudioUnit
0x00007fff56adf000 	/System/Library/PrivateFrameworks/DataDetectorsCore.framework/Versions/A/DataDetectorsCore
0x00007fff408da000 	/System/Library/Frameworks/Carbon.framework/Versions/A/Frameworks/HIToolbox.framework/Versions/A/HIToolbox
0x00007fff6cc29000 	/usr/lib/libicucore.A.dylib
0x00007fff4c602000 	/System/Library/Frameworks/QuartzCore.framework/Versions/A/QuartzCore
0x00007fff40cc1000 	/System/Library/Frameworks/Carbon.framework/Versions/A/Frameworks/SpeechRecognition.framework/Versions/A/SpeechRecognition
0x00007fff6be76000 	/usr/lib/libauto.dylib
0x00007fff6e591000 	/usr/lib/libxml2.2.dylib
0x00007fff56647000 	/System/Library/PrivateFrameworks/CoreUI.framework/Versions/A/CoreUI
0x00007fff41065000 	/System/Library/Frameworks/CoreAudio.framework/Versions/A/CoreAudio
0x00007fff437ca000 	/System/Library/Frameworks/DiskArbitration.framework/Versions/A/DiskArbitration
0x00007fff6ced9000 	/usr/lib/liblangid.dylib
0x00007fff60e94000 	/System/Library/PrivateFrameworks/MultitouchSupport.framework/Versions/A/MultitouchSupport
0x00007fff4408d000 	/System/Library/Frameworks/IOKit.framework/Versions/A/IOKit
0x00007fff6b961000 	/usr/lib/libDiagnosticMessagesClient.dylib
0x00007fff428d0000 	/System/Library/Frameworks/CoreServices.framework/Versions/A/CoreServices
0x00007fff62bca000 	/System/Library/PrivateFrameworks/PerformanceAnalysis.framework/Versions/A/PerformanceAnalysis
0x00007fff4b797000 	/System/Library/Frameworks/OpenGL.framework/Versions/A/OpenGL
0x00007fff40dfe000 	/System/Library/Frameworks/ColorSync.framework/Versions/A/ColorSync
0x00007fff420f1000 	/System/Library/Frameworks/CoreImage.framework/Versions/A/CoreImage
0x00007fff43313000 	/System/Library/Frameworks/CoreText.framework/Versions/A/CoreText
0x00007fff44183000 	/System/Library/Frameworks/ImageIO.framework/Versions/A/ImageIO
0x00007fff52c82000 	/System/Library/PrivateFrameworks/Backup.framework/Versions/A/Backup
0x00007fff6bdc9000 	/usr/lib/libarchive.2.dylib
0x00007fff404ff000 	/System/Library/Frameworks/CFNetwork.framework/Versions/A/CFNetwork
0x00007fff4d85a000 	/System/Library/Frameworks/SystemConfiguration.framework/Versions/A/SystemConfiguration
0x00007fff6b88a000 	/usr/lib/libCRFSuite.dylib
0x00007fff6bf6d000 	/usr/lib/libc++.1.dylib
0x00007fff6bfc5000 	/usr/lib/libc++abi.dylib
0x00007fff6e721000 	/usr/lib/system/libcache.dylib
0x00007fff6e726000 	/usr/lib/system/libcommonCrypto.dylib
0x00007fff6e731000 	/usr/lib/system/libcompiler_rt.dylib
0x00007fff6e739000 	/usr/lib/system/libcopyfile.dylib
0x00007fff6e743000 	/usr/lib/system/libcorecrypto.dylib
0x00007fff6e84e000 	/usr/lib/system/libdispatch.dylib
0x00007fff6e889000 	/usr/lib/system/libdyld.dylib
0x00007fff6e8b9000 	/usr/lib/system/libkeymgr.dylib
0x00007fff6e8c7000 	/usr/lib/system/liblaunch.dylib
0x00007fff6e8c8000 	/usr/lib/system/libmacho.dylib
0x00007fff6e8ce000 	/usr/lib/system/libquarantine.dylib
0x00007fff6e8d1000 	/usr/lib/system/libremovefile.dylib
0x00007fff6e8d3000 	/usr/lib/system/libsystem_asl.dylib
0x00007fff6e8eb000 	/usr/lib/system/libsystem_blocks.dylib
0x00007fff6e8ec000 	/usr/lib/system/libsystem_c.dylib
0x00007fff6e975000 	/usr/lib/system/libsystem_configuration.dylib
0x00007fff6e979000 	/usr/lib/system/libsystem_coreservices.dylib
0x00007fff6e97d000 	/usr/lib/system/libsystem_darwin.dylib
0x00007fff6e984000 	/usr/lib/system/libsystem_dnssd.dylib
0x00007fff6e98b000 	/usr/lib/system/libsystem_info.dylib
0x00007fff6ea01000 	/usr/lib/system/libsystem_m.dylib
0x00007fff6ea4d000 	/usr/lib/system/libsystem_malloc.dylib
0x00007fff6ea72000 	/usr/lib/system/libsystem_networkextension.dylib
0x00007fff6ea7e000 	/usr/lib/system/libsystem_notify.dylib
0x00007fff6ea9b000 	/usr/lib/system/libsystem_sandbox.dylib
0x00007fff6ea9f000 	/usr/lib/system/libsystem_secinit.dylib
0x00007fff6e9d8000 	/usr/lib/system/libsystem_kernel.dylib
0x00007fff6ea86000 	/usr/lib/system/libsystem_platform.dylib
0x00007fff6ea90000 	/usr/lib/system/libsystem_pthread.dylib
0x00007fff6eaa2000 	/usr/lib/system/libsystem_symptoms.dylib
0x00007fff6eaaa000 	/usr/lib/system/libsystem_trace.dylib
0x00007fff6eac1000 	/usr/lib/system/libunwind.dylib
0x00007fff6eac7000 	/usr/lib/system/libxpc.dylib
0x00007fff6bf4d000 	/usr/lib/libbsm.0.dylib
0x00007fff6e8ba000 	/usr/lib/system/libkxld.dylib
0x00007fff51f2f000 	/System/Library/PrivateFrameworks/AppleFSCompression.framework/Versions/A/AppleFSCompression
0x00007fff6bbd2000 	/usr/lib/libOpenScriptingUtil.dylib
0x00007fff6c2b0000 	/usr/lib/libcoretls.dylib
0x00007fff6c2c7000 	/usr/lib/libcoretls_cfhelpers.dylib
0x00007fff6df54000 	/usr/lib/libpam.2.dylib
0x00007fff6e117000 	/usr/lib/libsqlite3.dylib
0x00007fff6e57f000 	/usr/lib/libxar.1.dylib
0x00007fff6bf5e000 	/usr/lib/libbz2.1.0.dylib
0x00007fff6cedb000 	/usr/lib/liblzma.5.dylib
0x00007fff6d3d1000 	/usr/lib/libnetwork.dylib
0x00007fff6bdb2000 	/usr/lib/libapple_nghttp2.dylib
0x00007fff6df5b000 	/usr/lib/libpcap.A.dylib
0x00007fff42c74000 	/System/Library/Frameworks/CoreServices.framework/Versions/A/Frameworks/FSEvents.framework/Versions/A/FSEvents
0x00007fff42950000 	/System/Library/Frameworks/CoreServices.framework/Versions/A/Frameworks/CarbonCore.framework/Versions/A/CarbonCore
0x00007fff42e49000 	/System/Library/Frameworks/CoreServices.framework/Versions/A/Frameworks/Metadata.framework/Versions/A/Metadata
0x00007fff42eec000 	/System/Library/Frameworks/CoreServices.framework/Versions/A/Frameworks/OSServices.framework/Versions/A/OSServices
0x00007fff42f38000 	/System/Library/Frameworks/CoreServices.framework/Versions/A/Frameworks/SearchKit.framework/Versions/A/SearchKit
0x00007fff428d1000 	/System/Library/Frameworks/CoreServices.framework/Versions/A/Frameworks/AE.framework/Versions/A/AE
0x00007fff42c7d000 	/System/Library/Frameworks/CoreServices.framework/Versions/A/Frameworks/LaunchServices.framework/Versions/A/LaunchServices
0x00007fff42c29000 	/System/Library/Frameworks/CoreServices.framework/Versions/A/Frameworks/DictionaryServices.framework/Versions/A/DictionaryServices
0x00007fff42fa7000 	/System/Library/Frameworks/CoreServices.framework/Versions/A/Frameworks/SharedFileList.framework/Versions/A/SharedFileList
0x00007fff47728000 	/System/Library/Frameworks/NetFS.framework/Versions/A/NetFS
0x00007fff61131000 	/System/Library/PrivateFrameworks/NetAuth.framework/Versions/A/NetAuth
0x00007fff6b5cd000 	/System/Library/PrivateFrameworks/login.framework/Versions/A/Frameworks/loginsupport.framework/Versions/A/loginsupport
0x00007fff695d9000 	/System/Library/PrivateFrameworks/TCC.framework/Versions/A/TCC
0x00007fff55c4f000 	/System/Library/PrivateFrameworks/CoreNLP.framework/Versions/A/CoreNLP
0x00007fff60b85000 	/System/Library/PrivateFrameworks/MetadataUtilities.framework/Versions/A/MetadataUtilities
0x00007fff6cfbc000 	/usr/lib/libmecabra.dylib
0x00007fff3f9f8000 	/System/Library/Frameworks/ApplicationServices.framework/Versions/A/Frameworks/ATS.framework/Versions/A/ATS
0x00007fff3fd63000 	/System/Library/Frameworks/ApplicationServices.framework/Versions/A/Frameworks/ColorSyncLegacy.framework/Versions/A/ColorSyncLegacy
0x00007fff3fe04000 	/System/Library/Frameworks/ApplicationServices.framework/Versions/A/Frameworks/HIServices.framework/Versions/A/HIServices
0x00007fff3fe57000 	/System/Library/Frameworks/ApplicationServices.framework/Versions/A/Frameworks/LangAnalysis.framework/Versions/A/LangAnalysis
0x00007fff3fe66000 	/System/Library/Frameworks/ApplicationServices.framework/Versions/A/Frameworks/PrintCore.framework/Versions/A/PrintCore
0x00007fff3feb3000 	/System/Library/Frameworks/ApplicationServices.framework/Versions/A/Frameworks/QD.framework/Versions/A/QD
0x00007fff3feef000 	/System/Library/Frameworks/ApplicationServices.framework/Versions/A/Frameworks/SpeechSynthesis.framework/Versions/A/SpeechSynthesis
0x00007fff6bfed000 	/usr/lib/libcompression.dylib
0x00007fff41529000 	/System/Library/Frameworks/CoreDisplay.framework/Versions/A/CoreDisplay
0x00007fff4652a000 	/System/Library/Frameworks/MetalPerformanceShaders.framework/Versions/A/MetalPerformanceShaders
0x00007fff3d957000 	/System/Library/Frameworks/Accelerate.framework/Versions/A/Frameworks/vImage.framework/Versions/A/vImage
0x00007fff3e9d3000 	/System/Library/Frameworks/Accelerate.framework/Versions/A/Frameworks/vecLib.framework/Versions/A/vecLib
0x00007fff3e91d000 	/System/Library/Frameworks/Accelerate.framework/Versions/A/Frameworks/vecLib.framework/Versions/A/libvMisc.dylib
0x00007fff3e738000 	/System/Library/Frameworks/Accelerate.framework/Versions/A/Frameworks/vecLib.framework/Versions/A/libvDSP.dylib
0x00007fff3dff8000 	/System/Library/Frameworks/Accelerate.framework/Versions/A/Frameworks/vecLib.framework/Versions/A/libBLAS.dylib
0x00007fff3e2e3000 	/System/Library/Frameworks/Accelerate.framework/Versions/A/Frameworks/vecLib.framework/Versions/A/libLAPACK.dylib
0x00007fff3e68a000 	/System/Library/Frameworks/Accelerate.framework/Versions/A/Frameworks/vecLib.framework/Versions/A/libLinearAlgebra.dylib
0x00007fff3e724000 	/System/Library/Frameworks/Accelerate.framework/Versions/A/Frameworks/vecLib.framework/Versions/A/libSparseBLAS.dylib
0x00007fff3e6a0000 	/System/Library/Frameworks/Accelerate.framework/Versions/A/Frameworks/vecLib.framework/Versions/A/libQuadrature.dylib
0x00007fff3e270000 	/System/Library/Frameworks/Accelerate.framework/Versions/A/Frameworks/vecLib.framework/Versions/A/libBNNS.dylib
0x00007fff3e6a6000 	/System/Library/Frameworks/Accelerate.framework/Versions/A/Frameworks/vecLib.framework/Versions/A/libSparse.dylib
0x00007fff5d176000 	/System/Library/PrivateFrameworks/GPUWrangler.framework/Versions/A/GPUWrangler
0x00007fff5f5ab000 	/System/Library/PrivateFrameworks/IOAccelerator.framework/Versions/A/IOAccelerator
0x00007fff5f5b6000 	/System/Library/PrivateFrameworks/IOPresentment.framework/Versions/A/IOPresentment
0x00007fff56a58000 	/System/Library/PrivateFrameworks/DSExternalDisplay.framework/Versions/A/DSExternalDisplay
0x00007fff4abdc000 	/System/Library/Frameworks/OpenGL.framework/Versions/A/Libraries/libCoreFSCache.dylib
0x00007fff46312000 	/System/Library/Frameworks/MetalPerformanceShaders.framework/Frameworks/MPSCore.framework/Versions/A/MPSCore
0x00007fff46333000 	/System/Library/Frameworks/MetalPerformanceShaders.framework/Frameworks/MPSImage.framework/Versions/A/MPSImage
0x00007fff463db000 	/System/Library/Frameworks/MetalPerformanceShaders.framework/Frameworks/MPSNeuralNetwork.framework/Versions/A/MPSNeuralNetwork
0x00007fff463b2000 	/System/Library/Frameworks/MetalPerformanceShaders.framework/Frameworks/MPSMatrix.framework/Versions/A/MPSMatrix
0x00007fff4650e000 	/System/Library/Frameworks/MetalPerformanceShaders.framework/Frameworks/MPSRayIntersector.framework/Versions/A/MPSRayIntersector
0x00007fff60bae000 	/System/Library/PrivateFrameworks/MetalTools.framework/Versions/A/MetalTools
0x00007fff51629000 	/System/Library/PrivateFrameworks/AggregateDictionary.framework/Versions/A/AggregateDictionary
0x00007fff6bbb2000 	/usr/lib/libMobileGestalt.dylib
0x00007fff43479000 	/System/Library/Frameworks/CoreVideo.framework/Versions/A/CoreVideo
0x00007fff5dfe6000 	/System/Library/PrivateFrameworks/GraphVisualizer.framework/Versions/A/GraphVisualizer
0x00007fff57d81000 	/System/Library/PrivateFrameworks/FaceCore.framework/Versions/A/FaceCore
0x00007fff4a1f4000 	/System/Library/Frameworks/OpenCL.framework/Versions/A/OpenCL
0x00007fff6b999000 	/usr/lib/libFosl_dynamic.dylib
0x00007fff61a09000 	/System/Library/PrivateFrameworks/OTSVG.framework/Versions/A/OTSVG
0x00007fff3fafc000 	/System/Library/Frameworks/ApplicationServices.framework/Versions/A/Frameworks/ATS.framework/Versions/A/Resources/libFontParser.dylib
0x00007fff3fc1c000 	/System/Library/Frameworks/ApplicationServices.framework/Versions/A/Frameworks/ATS.framework/Versions/A/Resources/libFontRegistry.dylib
0x00007fff4440d000 	/System/Library/Frameworks/ImageIO.framework/Versions/A/Resources/libJPEG.dylib
0x00007fff4472f000 	/System/Library/Frameworks/ImageIO.framework/Versions/A/Resources/libTIFF.dylib
0x00007fff44705000 	/System/Library/Frameworks/ImageIO.framework/Versions/A/Resources/libPng.dylib
0x00007fff44322000 	/System/Library/Frameworks/ImageIO.framework/Versions/A/Resources/libGIF.dylib
0x00007fff44327000 	/System/Library/Frameworks/ImageIO.framework/Versions/A/Resources/libJP2.dylib
0x00007fff4472c000 	/System/Library/Frameworks/ImageIO.framework/Versions/A/Resources/libRadiance.dylib
0x00007fff52088000 	/System/Library/PrivateFrameworks/AppleJPEG.framework/Versions/A/AppleJPEG
0x00007fff4abe7000 	/System/Library/Frameworks/OpenGL.framework/Versions/A/Libraries/libGFXShared.dylib
0x00007fff4adaa000 	/System/Library/Frameworks/OpenGL.framework/Versions/A/Libraries/libGLU.dylib
0x00007fff4abf0000 	/System/Library/Frameworks/OpenGL.framework/Versions/A/Libraries/libGL.dylib
0x00007fff4abfc000 	/System/Library/Frameworks/OpenGL.framework/Versions/A/Libraries/libGLImage.dylib
0x00007fff4abd9000 	/System/Library/Frameworks/OpenGL.framework/Versions/A/Libraries/libCVMSPluginSupport.dylib
0x00007fff4abe2000 	/System/Library/Frameworks/OpenGL.framework/Versions/A/Libraries/libCoreVMClient.dylib
0x00007fff6c93f000 	/usr/lib/libcups.2.dylib
0x00007fff45827000 	/System/Library/Frameworks/Kerberos.framework/Versions/A/Kerberos
0x00007fff43dd7000 	/System/Library/Frameworks/GSS.framework/Versions/A/GSS
0x00007fff6e0ab000 	/usr/lib/libresolv.9.dylib
0x00007fff6cb37000 	/usr/lib/libiconv.2.dylib
0x00007fff5e146000 	/System/Library/PrivateFrameworks/Heimdal.framework/Versions/A/Heimdal
0x00007fff6cb06000 	/usr/lib/libheimdal-asn1.dylib
0x00007fff4a26a000 	/System/Library/Frameworks/OpenDirectory.framework/Versions/A/OpenDirectory
0x00007fff5494b000 	/System/Library/PrivateFrameworks/CommonAuth.framework/Versions/A/CommonAuth
0x00007fff4a24d000 	/System/Library/Frameworks/OpenDirectory.framework/Versions/A/Frameworks/CFOpenDirectory.framework/Versions/A/CFOpenDirectory
0x00007fff4d3d8000 	/System/Library/Frameworks/SecurityFoundation.framework/Versions/A/SecurityFoundation
0x00007fff50b38000 	/System/Library/PrivateFrameworks/APFS.framework/Versions/A/APFS
0x00007fff6e57b000 	/usr/lib/libutil.dylib
0x00007fff6bfdb000 	/usr/lib/libcharset.1.dylib
0x00007fff52324000 	/System/Library/PrivateFrameworks/AppleSauce.framework/Versions/A/AppleSauce
0x00007fff524b2000 	/System/Library/PrivateFrameworks/AssertionServices.framework/Versions/A/AssertionServices
0x00007fff52d25000 	/System/Library/PrivateFrameworks/BaseBoard.framework/Versions/A/BaseBoard
0x00007fff6cf0b000 	/usr/lib/libmecab.1.0.0.dylib
0x00007fff6cb00000 	/usr/lib/libgermantok.dylib
0x00007fff6bd9e000 	/usr/lib/libThaiTokenizer.dylib
0x00007fff6b8c5000 	/usr/lib/libChineseTokenizer.dylib
0x00007fff5fce2000 	/System/Library/PrivateFrameworks/LanguageModeling.framework/Versions/A/LanguageModeling
0x00007fff55665000 	/System/Library/PrivateFrameworks/CoreEmoji.framework/Versions/A/CoreEmoji
0x00007fff5fdda000 	/System/Library/PrivateFrameworks/Lexicon.framework/Versions/A/Lexicon
0x00007fff5fe22000 	/System/Library/PrivateFrameworks/LinguisticData.framework/Versions/A/LinguisticData
0x00007fff6bfdc000 	/usr/lib/libcmph.dylib
0x00007fff4d499000 	/System/Library/Frameworks/ServiceManagement.framework/Versions/A/ServiceManagement
0x00007fff52c78000 	/System/Library/PrivateFrameworks/BackgroundTaskManagement.framework/Versions/A/BackgroundTaskManagement
0x00007fff6e675000 	/usr/lib/libxslt.1.dylib
0x00007fff40bec000 	/System/Library/Frameworks/Carbon.framework/Versions/A/Frameworks/Ink.framework/Versions/A/Ink
0x00007fff69859000 	/System/Library/PrivateFrameworks/TextureIO.framework/Versions/A/TextureIO
0x00007fff6bdf3000 	/usr/lib/libate.dylib
0x00007fff569b4000 	/System/Library/PrivateFrameworks/CrashReporterSupport.framework/Versions/A/CrashReporterSupport
0x00007fff6687a000 	/System/Library/PrivateFrameworks/Sharing.framework/Versions/A/Sharing
0x00007fff52804000 	/System/Library/PrivateFrameworks/AuthKit.framework/Versions/A/AuthKit
0x00007fff51c27000 	/System/Library/PrivateFrameworks/Apple80211.framework/Versions/A/Apple80211
0x00007fff56774000 	/System/Library/PrivateFrameworks/CoreUtils.framework/Versions/A/CoreUtils
0x00007fff434b7000 	/System/Library/Frameworks/CoreWLAN.framework/Versions/A/CoreWLAN
0x00007fff43f21000 	/System/Library/Frameworks/IOBluetooth.framework/Versions/A/IOBluetooth
0x00007fff64b98000 	/System/Library/PrivateFrameworks/ProtocolBuffer.framework/Versions/A/ProtocolBuffer
0x00007fff60deb000 	/System/Library/PrivateFrameworks/MobileKeyBag.framework/Versions/A/MobileKeyBag
0x00007fff55f8c000 	/System/Library/PrivateFrameworks/CorePhoneNumbers.framework/Versions/A/CorePhoneNumbers
0x00007fff5203c000 	/System/Library/PrivateFrameworks/AppleIDAuthSupport.framework/Versions/A/AppleIDAuthSupport
0x00007fff5fcb3000 	/System/Library/PrivateFrameworks/KeychainCircle.framework/Versions/A/KeychainCircle
0x00007fff64d65000 	/System/Library/PrivateFrameworks/ROCKit.framework/Versions/A/ROCKit
0x00007fff56950000 	/System/Library/PrivateFrameworks/CoreWiFi.framework/Versions/A/CoreWiFi
0x00007fff4115b000 	/System/Library/Frameworks/CoreBluetooth.framework/Versions/A/CoreBluetooth
0x00007fff56ba4000 	/System/Library/PrivateFrameworks/DebugSymbols.framework/Versions/A/DebugSymbols
0x00007fff56529000 	/System/Library/PrivateFrameworks/CoreSymbolication.framework/Versions/A/CoreSymbolication
0x00007fff69043000 	/System/Library/PrivateFrameworks/Symbolication.framework/Versions/A/Symbolication
0x00007fff681d5000 	/System/Library/PrivateFrameworks/SpeechRecognitionCore.framework/Versions/A/SpeechRecognitionCore
0x0000000102c00000 	/Library/Java/JavaVirtualMachines/jdk1.8.0_191.jdk/Contents/Home/jre/lib/server/libjvm.dylib
0x00007fff6e43f000 	/usr/lib/libstdc++.6.dylib
0x0000000102248000 	/Library/Java/JavaVirtualMachines/jdk1.8.0_191.jdk/Contents/Home/jre/lib/libverify.dylib
0x0000000102256000 	/Library/Java/JavaVirtualMachines/jdk1.8.0_191.jdk/Contents/Home/jre/lib/libjava.dylib
0x00000001022d6000 	/Library/Java/JavaVirtualMachines/jdk1.8.0_191.jdk/Contents/Home/jre/lib/libzip.dylib
0x000000010a44e000 	/Library/Java/JavaVirtualMachines/jdk1.8.0_191.jdk/Contents/Home/jre/lib/libawt.dylib
0x000000010a4f8000 	/Library/Java/JavaVirtualMachines/jdk1.8.0_191.jdk/Contents/Home/jre/lib/./libmlib_image.dylib
0x00007fff45810000 	/System/Library/Frameworks/JavaVM.framework/Versions/A/Frameworks/JavaNativeFoundation.framework/Versions/A/JavaNativeFoundation
0x00007fff45819000 	/System/Library/Frameworks/JavaVM.framework/Versions/A/Frameworks/JavaRuntimeSupport.framework/Versions/A/JavaRuntimeSupport
0x00007fff45822000 	/System/Library/Frameworks/JavaVM.framework/Versions/A/JavaVM
0x00007fff5fbca000 	/System/Library/PrivateFrameworks/JavaLaunching.framework/Versions/A/JavaLaunching
0x00007fff408d5000 	/System/Library/Frameworks/Carbon.framework/Versions/A/Carbon
0x00007fff408d6000 	/System/Library/Frameworks/Carbon.framework/Versions/A/Frameworks/CommonPanels.framework/Versions/A/CommonPanels
0x00007fff40be2000 	/System/Library/Frameworks/Carbon.framework/Versions/A/Frameworks/Help.framework/Versions/A/Help
0x00007fff40be6000 	/System/Library/Frameworks/Carbon.framework/Versions/A/Frameworks/ImageCapture.framework/Versions/A/ImageCapture
0x00007fff40c81000 	/System/Library/Frameworks/Carbon.framework/Versions/A/Frameworks/OpenScripting.framework/Versions/A/OpenScripting
0x00007fff40cbc000 	/System/Library/Frameworks/Carbon.framework/Versions/A/Frameworks/Print.framework/Versions/A/Print
0x00007fff40cbe000 	/System/Library/Frameworks/Carbon.framework/Versions/A/Frameworks/SecurityHI.framework/Versions/A/SecurityHI
0x000000010a5c4000 	/Library/Java/JavaVirtualMachines/jdk1.8.0_191.jdk/Contents/Home/jre/lib/libawt_lwawt.dylib
0x000000010a67e000 	/Library/Java/JavaVirtualMachines/jdk1.8.0_191.jdk/Contents/Home/jre/lib/./libosxapp.dylib
0x00007fff43970000 	/System/Library/Frameworks/ExceptionHandling.framework/Versions/A/ExceptionHandling
0x00007fff56123000 	/System/Library/PrivateFrameworks/CoreServicesInternal.framework/Versions/A/CoreServicesInternal
0x00007fff374a8000 	/System/Library/CoreServices/RawCamera.bundle/Contents/MacOS/RawCamera
0x00007fff60c55000 	/System/Library/PrivateFrameworks/MobileAsset.framework/Versions/A/MobileAsset
0x00007fff688c7000 	/System/Library/PrivateFrameworks/StreamingZip.framework/Versions/A/StreamingZip
0x00007fff45bc2000 	/System/Library/Frameworks/MediaToolbox.framework/Versions/A/MediaToolbox
0x00007fff551ea000 	/System/Library/PrivateFrameworks/CoreAVCHD.framework/Versions/A/CoreAVCHD
0x00007fff45afe000 	/System/Library/Frameworks/MediaAccessibility.framework/Versions/A/MediaAccessibility
0x00007fff60687000 	/System/Library/PrivateFrameworks/Mangrove.framework/Versions/A/Mangrove
0x00007fff4276b000 	/System/Library/Frameworks/CoreMedia.framework/Versions/A/CoreMedia
0x00007fff4db2b000 	/System/Library/Frameworks/VideoToolbox.framework/Versions/A/VideoToolbox
0x00007fff54e12000 	/System/Library/PrivateFrameworks/CoreAUC.framework/Versions/A/CoreAUC
0x00007fff6e115000 	/usr/lib/libspindump.dylib
0x00007fff52417000 	/System/Library/PrivateFrameworks/AppleVA.framework/Versions/A/AppleVA
0x00007fff3d940000 	/System/Library/Frameworks/Accelerate.framework/Versions/A/Frameworks/vImage.framework/Versions/A/Libraries/libCGInterfaces.dylib
0x00007fff3fcc6000 	/System/Library/Frameworks/ApplicationServices.framework/Versions/A/Frameworks/ATS.framework/Versions/A/Resources/libTrueTypeScaler.dylib
0x00007fff3abef000 	/System/Library/Extensions/AppleIntelKBLGraphicsMTLDriver.bundle/Contents/MacOS/AppleIntelKBLGraphicsMTLDriver
0x00007fff5bacb000 	/System/Library/PrivateFrameworks/GPUCompiler.framework/Versions/3902/Libraries/libmetal_timestamp.dylib
0x00007fff581b3000 	/System/Library/PrivateFrameworks/FamilyControls.framework/Versions/A/FamilyControls
0x00007fff5493e000 	/System/Library/PrivateFrameworks/CommerceKit.framework/Versions/A/Frameworks/CommerceCore.framework/Versions/A/CommerceCore
0x00007fff6932c000 	/System/Library/PrivateFrameworks/SystemAdministration.framework/Versions/A/SystemAdministration
0x00007fff51b21000 	/System/Library/PrivateFrameworks/AppContainer.framework/Versions/A/AppContainer
0x00007fff51b3e000 	/System/Library/PrivateFrameworks/AppSandbox.framework/Versions/A/AppSandbox
0x00007fff66712000 	/System/Library/PrivateFrameworks/SecCodeWrapper.framework/Versions/A/SecCodeWrapper
0x00007fff6e0c5000 	/usr/lib/libsandbox.1.dylib
0x00007fff6bb7d000 	/usr/lib/libMatch.1.dylib
0x00007fff56f44000 	/System/Library/PrivateFrameworks/DiskManagement.framework/Versions/A/DiskManagement
0x00007fff436dd000 	/System/Library/Frameworks/DirectoryService.framework/Versions/A/DirectoryService
0x00007fff56e71000 	/System/Library/PrivateFrameworks/DiskImages.framework/Versions/A/DiskImages
0x00007fff5ff21000 	/System/Library/PrivateFrameworks/LoginUIKit.framework/Versions/A/Frameworks/LoginUICore.framework/Versions/A/LoginUICore
0x00007fff6b8d1000 	/usr/lib/libCoreStorage.dylib
0x00007fff6c92b000 	/usr/lib/libcsfde.dylib
0x00007fff6df42000 	/usr/lib/libodfde.dylib
0x00007fff607a8000 	/System/Library/PrivateFrameworks/MediaKit.framework/Versions/A/MediaKit
0x00007fff436e9000 	/System/Library/Frameworks/DiscRecording.framework/Versions/A/DiscRecording
0x00007fff570b1000 	/System/Library/PrivateFrameworks/EFILogin.framework/Versions/A/EFILogin
0x00007fff64b40000 	/System/Library/PrivateFrameworks/ProtectedCloudStorage.framework/Versions/A/ProtectedCloudStorage
0x00007fff6c9c0000 	/usr/lib/libcurl.4.dylib
0x00007fff6c792000 	/usr/lib/libcrypto.42.dylib
0x00007fff6e3f1000 	/usr/lib/libssl.44.dylib
0x00007fff45841000 	/System/Library/Frameworks/LDAP.framework/Versions/A/LDAP
0x00007fff699da000 	/System/Library/PrivateFrameworks/TrustEvaluationAgent.framework/Versions/A/TrustEvaluationAgent
0x00007fff6e102000 	/usr/lib/libsasl2.2.dylib
0x00007fff55449000 	/System/Library/PrivateFrameworks/CoreDaemon.framework/Versions/B/CoreDaemon
0x00007fff5231f000 	/System/Library/PrivateFrameworks/AppleSRP.framework/Versions/A/AppleSRP
0x00007fff6a88a000 	/System/Library/PrivateFrameworks/ViewBridge.framework/Versions/A/ViewBridge
0x00007fff4b7a7000 	/System/Library/Frameworks/OpenGL.framework/Versions/A/Resources/GLEngine.bundle/GLEngine
0x00007fff4ac37000 	/System/Library/Frameworks/OpenGL.framework/Versions/A/Libraries/libGLProgrammability.dylib
0x00007fff39e0e000 	/System/Library/Extensions/AppleIntelKBLGraphicsGLDriver.bundle/Contents/MacOS/AppleIntelKBLGraphicsGLDriver
0x00007fff5d16a000 	/System/Library/PrivateFrameworks/GPUSupport.framework/Versions/A/Libraries/libGPUSupportMercury.dylib
0x00007fff4b93e000 	/System/Library/Frameworks/OpenGL.framework/Versions/A/Resources/GLRendererFloat.bundle/GLRendererFloat
0x00007fff4a1eb000 	/System/Library/Frameworks/OpenCL.framework/Versions/A/Libraries/libcldcpuengine.dylib
0x00007fff6c467000 	/usr/lib/libcrypto.35.dylib
0x000000011ebc2000 	/Library/Java/JavaVirtualMachines/jdk1.8.0_191.jdk/Contents/Home/jre/lib/libfontmanager.dylib
0x000000010f012000 	/usr/lib/libobjc-trampolines.dylib
0x0000000120217000 	/Library/Java/JavaVirtualMachines/jdk1.8.0_191.jdk/Contents/Home/jre/lib/libosxui.dylib
0x0000000120eeb000 	/Library/Java/JavaVirtualMachines/jdk1.8.0_191.jdk/Contents/Home/jre/lib/libnet.dylib
0x0000000120f4a000 	/Library/Java/JavaVirtualMachines/jdk1.8.0_191.jdk/Contents/Home/jre/lib/libnio.dylib
0x000000010d8a2000 	/private/var/folders/_m/yh4n20q10h157qj87mnyrcjr0000gn/T/jogamp_0000/file_cache/jln583283840311619638/jln4650797426908247553/libgluegen-rt.jnilib
0x000000010d8a7000 	/private/var/folders/_m/yh4n20q10h157qj87mnyrcjr0000gn/T/jogamp_0000/file_cache/jln583283840311619638/jln4650797426908247553/libnativewindow_awt.jnilib
0x000000010d8aa000 	/Library/Java/JavaVirtualMachines/jdk1.8.0_191.jdk/Contents/Home/jre/lib/libjawt.dylib
0x000000010d8ad000 	/private/var/folders/_m/yh4n20q10h157qj87mnyrcjr0000gn/T/jogamp_0000/file_cache/jln583283840311619638/jln4650797426908247553/libnativewindow_macosx.jnilib
0x000000018d03f000 	/private/var/folders/_m/yh4n20q10h157qj87mnyrcjr0000gn/T/jogamp_0000/file_cache/jln583283840311619638/jln4650797426908247553/libjogl_desktop.jnilib
0x000000018c996000 	/Library/Java/JavaVirtualMachines/jdk1.8.0_191.jdk/Contents/Home/jre/lib/libsunec.dylib
0x000000011ec6b000 	/Library/Java/JavaVirtualMachines/jdk1.8.0_191.jdk/Contents/Home/jre/lib/libjpeg.dylib

VM Arguments:
jvm_args: -Djava.security.policy=java.policy.applet -Dfile.encoding=UTF-8 
java_command: sun.applet.AppletViewer module3.EarthquakeCityMap1549919934222.html
java_class_path (initial): /Users/philip/EclipseWorkspace/UCSDUnfoldingMaps/build:/Users/philip/EclipseWorkspace/UCSDUnfoldingMaps/lib/core.jar:/Users/philip/EclipseWorkspace/UCSDUnfoldingMaps/lib/gluegen-rt.jar:/Users/philip/EclipseWorkspace/UCSDUnfoldingMaps/lib/jogl-all.jar:/Users/philip/EclipseWorkspace/UCSDUnfoldingMaps/lib/log4j-1.2.15.jar:/Users/philip/EclipseWorkspace/UCSDUnfoldingMaps/lib/sqlite-jdbc-3.7.2.jar:/Users/philip/EclipseWorkspace/UCSDUnfoldingMaps/lib/json4processing.jar:/Users/philip/EclipseWorkspace/UCSDUnfoldingMaps/lib/libTUIO.jar:/Users/philip/EclipseWorkspace/UCSDUnfoldingMaps/lib/unfolding.0.9.7-uscd.jar
Launcher Type: SUN_STANDARD

Environment Variables:
PATH=/usr/bin:/bin:/usr/sbin:/sbin
SHELL=/bin/bash

Signal Handlers:
SIGSEGV: [libjvm.dylib+0x5b5de9], sa_mask[0]=11111111011111110111111111111111, sa_flags=SA_ONSTACK|SA_RESTART|SA_SIGINFO
SIGBUS: [libjvm.dylib+0x5b5de9], sa_mask[0]=11111111011111110111111111111111, sa_flags=SA_RESTART|SA_SIGINFO
SIGFPE: [libjvm.dylib+0x48b6b0], sa_mask[0]=11111111011111110111111111111111, sa_flags=SA_RESTART|SA_SIGINFO
SIGPIPE: [libjvm.dylib+0x48b6b0], sa_mask[0]=11111111011111110111111111111111, sa_flags=SA_RESTART|SA_SIGINFO
SIGXFSZ: [libjvm.dylib+0x48b6b0], sa_mask[0]=11111111011111110111111111111111, sa_flags=SA_RESTART|SA_SIGINFO
SIGILL: [libjvm.dylib+0x48b6b0], sa_mask[0]=11111111011111110111111111111111, sa_flags=SA_RESTART|SA_SIGINFO
SIGUSR1: SIG_DFL, sa_mask[0]=00000000000000000000000000000000, sa_flags=none
SIGUSR2: [libjvm.dylib+0x48b1ce], sa_mask[0]=00100000000000000000000000000000, sa_flags=SA_RESTART|SA_SIGINFO
SIGHUP: [libjvm.dylib+0x489759], sa_mask[0]=11111111011111110111111111111111, sa_flags=SA_RESTART|SA_SIGINFO
SIGINT: [libjvm.dylib+0x489759], sa_mask[0]=11111111011111110111111111111111, sa_flags=SA_RESTART|SA_SIGINFO
SIGTERM: [libjvm.dylib+0x489759], sa_mask[0]=11111111011111110111111111111111, sa_flags=SA_RESTART|SA_SIGINFO
SIGQUIT: [libjvm.dylib+0x489759], sa_mask[0]=11111111011111110111111111111111, sa_flags=SA_RESTART|SA_SIGINFO


---------------  S Y S T E M  ---------------

OS:Bsduname:Darwin 18.2.0 Darwin Kernel Version 18.2.0: Thu Dec 20 20:46:53 PST 2018; root:xnu-4903.241.1~1/RELEASE_X86_64 x86_64
rlimit: STACK 8192k, CORE 0k, NPROC 709, NOFILE 10240, AS infinity
load average:1.26 1.57 1.84

CPU:total 4 (initial active 4) (2 cores per cpu, 2 threads per core) family 6 model 142 stepping 9, cmov, cx8, fxsr, mmx, sse, sse2, sse3, ssse3, sse4.1, sse4.2, popcnt, avx, avx2, aes, clmul, erms, rtm, 3dnowpref, lzcnt, ht, tsc, tscinvbit, bmi1, bmi2, adx

Memory: 4k page, physical 8388608k(59012k free)

/proc/meminfo:


vm_info: Java HotSpot(TM) 64-Bit Server VM (25.191-b12) for bsd-amd64 JRE (1.8.0_191-b12), built on Oct  6 2018 08:37:07 by "java_re" with gcc 4.2.1 (Based on Apple Inc. build 5658) (LLVM build 2336.11.00)

time: Mon Feb 11 16:19:00 2019
elapsed time: 6 seconds (0d 0h 0m 6s)

