#
# A fatal error has been detected by the Java Runtime Environment:
#
#  SIGSEGV (0xb) at pc=0x00007fff6d7c2a1d, pid=5428, tid=0x0000000000000307
#
# JRE version: Java(TM) SE Runtime Environment (8.0_191-b12) (build 1.8.0_191-b12)
# Java VM: Java HotSpot(TM) 64-Bit Server VM (25.191-b12 mixed mode bsd-amd64 compressed oops)
# Problematic frame:
# C  [libobjc.A.dylib+0x7a1d]  objc_msgSend+0x1d
#
# Failed to write core dump. Core dumps have been disabled. To enable core dumping, try "ulimit -c unlimited" before starting Java again
#
# If you would like to submit a bug report, please visit:
#   http://bugreport.java.com/bugreport/crash.jsp
# The crash happened outside the Java Virtual Machine in native code.
# See problematic frame for where to report the bug.
#

---------------  T H R E A D  ---------------

Current thread (0x00007ff5708b2800):  JavaThread "AWT-AppKit" daemon [_thread_in_native, id=775, stack(0x00007ffeeeee2000,0x00007ffeef6e2000)]

siginfo: si_signo: 11 (SIGSEGV), si_code: 1 (SEGV_MAPERR), si_addr: 0x0000000000000018

Registers:
RAX=0x00007ff5727c81a0, RBX=0x000000011ac96450, RCX=0x0000000000000001, RDX=0x0000000000000000
RSP=0x00007ffeef6dd248, RBP=0x00007ffeef6dd300, RSI=0x00007fff3f7937eb, RDI=0x00007ff573a11fb0
R8 =0x0000000000000000, R9 =0x0000000000000000, R10=0x0000000000000000, R11=0x00007fff3f7937eb
R12=0x0000000000000000, R13=0x00000001935c2dd0, R14=0x000000011ac96440, R15=0x00007ff5708b2800
RIP=0x00007fff6d7c2a1d, EFLAGS=0x0000000000010246, ERR=0x0000000000000004
  TRAPNO=0x000000000000000e

Top of Stack: (sp=0x00007ffeef6dd248)
0x00007ffeef6dd248:   000000011ac94157 00007ffeef6dd2a0
0x00007ffeef6dd258:   0000000000000003 00007ffeef6dd280
0x00007ffeef6dd268:   000000010068c392 00000001935c2dd0
0x00007ffeef6dd278:   00000001935c2dd0 00007ff5727c81a0
0x00007ffeef6dd288:   000000011ac966a0 000000011ac96710
0x00007ffeef6dd298:   00007fff9a08eca8 00007fff9b784e38
0x00007ffeef6dd2a8:   000000011ac96450 000000011ac96690
0x00007ffeef6dd2b8:   00007ff5727c81a0 00007ff573a11fb0
0x00007ffeef6dd2c8:   00007ff56fc542c0 00007ff5727c81a0
0x00007ffeef6dd2d8:   00007ff573a11fb0 00007ffeef6dd388
0x00007ffeef6dd2e8:   00007ff5708b29f8 00000001935c2dd0
0x00007ffeef6dd2f8:   00007ffeef6dd3b0 00007ffeef6dd378
0x00007ffeef6dd308:   0000000103dc9667 00000001935c2dd0
0x00007ffeef6dd318:   00007ffeef6dd3b0 00007ffeef6dd378
0x00007ffeef6dd328:   0000000103dc93c7 0000000103dc9382
0x00007ffeef6dd338:   00007ffeef6dd338 00000001935c2dd0
0x00007ffeef6dd348:   00007ffeef6dd3b0 00000001935e6028
0x00007ffeef6dd358:   0000000000000000 00000001935c2dd0
0x00007ffeef6dd368:   0000000000000000 00007ffeef6dd398
0x00007ffeef6dd378:   00007ffeef6dd3f8 0000000103db92bd
0x00007ffeef6dd388:   00000007404a53b0 0000000103dc2d18
0x00007ffeef6dd398:   00007ff5727c81a0 00007ffeef6dd3f8
0x00007ffeef6dd3a8:   00007ff573a11fb0 0000000103dc4782
0x00007ffeef6dd3b8:   00007ffeef6dd3b8 00000001935c2f9a
0x00007ffeef6dd3c8:   00007ffeef6dd420 00000001935e6028
0x00007ffeef6dd3d8:   0000000000000000 00000001935c2fa8
0x00007ffeef6dd3e8:   00007ffeef6dd398 00007ffeef6dd408
0x00007ffeef6dd3f8:   00007ffeef6dd468 0000000103db92bd
0x00007ffeef6dd408:   00007ff5727c81a0 00000007402a5930
0x00007ffeef6dd418:   00007ff573a11fb0 00000007402a5930
0x00007ffeef6dd428:   00007ffeef6dd428 000000019bdb37d6
0x00007ffeef6dd438:   00007ffeef6dd478 000000019bdb3890 

Instructions: (pc=0x00007fff6d7c2a1d)
0x00007fff6d7c29fd:   0f 1f 00 48 85 ff 2e 74 62 40 f6 c7 01 2e 75 66
0x00007fff6d7c2a0d:   49 ba f8 ff ff ff ff 7f 00 00 4c 23 17 49 89 f3
0x00007fff6d7c2a1d:   45 23 5a 18 49 c1 e3 04 4d 03 5a 10 49 3b 33 75
0x00007fff6d7c2a2d:   04 41 ff 63 08 49 83 3b 01 76 0d 49 83 c3 10 49 

Register to memory mapping:

RAX=0x00007ff5727c81a0 is an unknown value
RBX=0x000000011ac96450: Java_jogamp_nativewindow_macosx_OSXUtil_GetScreenRefreshRate0+0x1cf0 in /private/var/folders/_m/yh4n20q10h157qj87mnyrcjr0000gn/T/jogamp_0000/file_cache/jln466793461622681113/jln719237612654502355/libnativewindow_macosx.jnilib at 0x000000011ac8f000
RCX=0x0000000000000001 is an unknown value
RDX=0x0000000000000000 is an unknown value
RSP=0x00007ffeef6dd248 is pointing into the stack for thread: 0x00007ff5708b2800
RBP=0x00007ffeef6dd300 is pointing into the stack for thread: 0x00007ff5708b2800
RSI=0x00007fff3f7937eb: GCC_except_table7+0x9eaf in /System/Library/Frameworks/AppKit.framework/Versions/C/AppKit at 0x00007fff3eb84000
RDI=0x00007ff573a11fb0 is an unknown value
R8 =0x0000000000000000 is an unknown value
R9 =0x0000000000000000 is an unknown value
R10=0x0000000000000000 is an unknown value
R11=0x00007fff3f7937eb: GCC_except_table7+0x9eaf in /System/Library/Frameworks/AppKit.framework/Versions/C/AppKit at 0x00007fff3eb84000
R12=0x0000000000000000 is an unknown value
R13={method} {0x00000001935c2dd0} 'UnsetJAWTRootSurfaceLayer0' '(JJ)V' in 'jogamp/nativewindow/jawt/macosx/MacOSXJAWTWindow'
R14=0x000000011ac96440: Java_jogamp_nativewindow_macosx_OSXUtil_GetScreenRefreshRate0+0x1ce0 in /private/var/folders/_m/yh4n20q10h157qj87mnyrcjr0000gn/T/jogamp_0000/file_cache/jln466793461622681113/jln719237612654502355/libnativewindow_macosx.jnilib at 0x000000011ac8f000
R15=0x00007ff5708b2800 is a thread


Stack: [0x00007ffeeeee2000,0x00007ffeef6e2000],  sp=0x00007ffeef6dd248,  free space=8172k
Native frames: (J=compiled Java code, j=interpreted, Vv=VM code, C=native code)
C  [libobjc.A.dylib+0x7a1d]  objc_msgSend+0x1d
j  jogamp.nativewindow.jawt.macosx.MacOSXJAWTWindow.UnsetJAWTRootSurfaceLayer0(JJ)V+0
j  jogamp.nativewindow.jawt.macosx.MacOSXJAWTWindow.access$200(JJ)V+2
j  jogamp.nativewindow.jawt.macosx.MacOSXJAWTWindow$1.run()V+38
J 3194 C1 com.jogamp.common.util.RunnableTask.run()V (345 bytes) @ 0x000000010485eb74 [0x000000010485e9e0+0x194]
v  ~StubRoutines::call_stub
V  [libjvm.dylib+0x2ef9fe]
V  [libjvm.dylib+0x326d3c]
V  [libjvm.dylib+0x31951f]
C  [libnativewindow_macosx.jnilib+0x5326]  Java_jogamp_nativewindow_jawt_macosx_MacOSXJAWTWindow_UnsetJAWTRootSurfaceLayer0+0x2b6
C  [Foundation+0xb1bab]  __NSThreadPerformPerform+0x147
C  [CoreFoundation+0x58395]  __CFRUNLOOP_IS_CALLING_OUT_TO_A_SOURCE0_PERFORM_FUNCTION__+0x11
C  [CoreFoundation+0x5833b]  __CFRunLoopDoSource0+0x6c
C  [CoreFoundation+0x3be29]  __CFRunLoopDoSources0+0x11b
C  [CoreFoundation+0x3b37a]  __CFRunLoopRun+0x4c3
C  [CoreFoundation+0x3ac64]  CFRunLoopRunSpecific+0x1cf
C  [HIToolbox+0xaab5]  RunCurrentEventLoopInMode+0x125
C  [HIToolbox+0xa6f4]  ReceiveNextEventCommon+0x173
C  [HIToolbox+0xa568]  _BlockUntilNextEventMatchingListInModeWithFilter+0x40
C  [AppKit+0x1b363]  _DPSNextEvent+0x3e5
C  [AppKit+0x1a102]  -[NSApplication(NSEvent) _nextEventMatchingEventMask:untilDate:inMode:dequeue:]+0x552
C  [libosxapp.dylib+0x2328]  -[NSApplicationAWT nextEventMatchingMask:untilDate:inMode:dequeue:]+0x7c
C  [AppKit+0x14165]  -[NSApplication run]+0x2bb
C  [libosxapp.dylib+0x1f72]  +[NSApplicationAWT runAWTLoopWithApp:]+0x9c
C  [libawt_lwawt.dylib+0x4711f]  -[AWTStarter starter:]+0x389
C  [Foundation+0xb1bab]  __NSThreadPerformPerform+0x147
C  [CoreFoundation+0x58395]  __CFRUNLOOP_IS_CALLING_OUT_TO_A_SOURCE0_PERFORM_FUNCTION__+0x11
C  [CoreFoundation+0x5833b]  __CFRunLoopDoSource0+0x6c
C  [CoreFoundation+0x3bdd1]  __CFRunLoopDoSources0+0xc3
C  [CoreFoundation+0x3b37a]  __CFRunLoopRun+0x4c3
C  [CoreFoundation+0x3ac64]  CFRunLoopRunSpecific+0x1cf
C  [java+0x646e]  CreateExecutionEnvironment+0x367
C  [java+0x203c]  JLI_Launch+0x7a0
C  [java+0x84cb]  main+0x65
C  [java+0x1894]  start+0x34
C  0x0000000000000007

Java frames: (J=compiled Java code, j=interpreted, Vv=VM code)
j  jogamp.nativewindow.jawt.macosx.MacOSXJAWTWindow.UnsetJAWTRootSurfaceLayer0(JJ)V+0
j  jogamp.nativewindow.jawt.macosx.MacOSXJAWTWindow.access$200(JJ)V+2
j  jogamp.nativewindow.jawt.macosx.MacOSXJAWTWindow$1.run()V+38
J 3194 C1 com.jogamp.common.util.RunnableTask.run()V (345 bytes) @ 0x000000010485eb74 [0x000000010485e9e0+0x194]
v  ~StubRoutines::call_stub

---------------  P R O C E S S  ---------------

Java Threads: ( => current thread )
  0x00007ff570cd0800 JavaThread "Thread-19" [_thread_blocked, id=65827, stack(0x00007000059b6000,0x0000700005ab6000)]
  0x00007ff5703a3800 JavaThread "AWT-EventQueue-1" [_thread_blocked, id=54575, stack(0x00007000058b3000,0x00007000059b3000)]
  0x00007ff570979800 JavaThread "DestroyJavaVM" [_thread_blocked, id=5891, stack(0x00007000041e8000,0x00007000042e8000)]
  0x00007ff5712a6000 JavaThread "AWT-EventQueue-0" [_thread_blocked, id=76039, stack(0x00007000056ad000,0x00007000057ad000)]
  0x00007ff57012b800 JavaThread "Java2D Disposer" daemon [_thread_blocked, id=50703, stack(0x0000700005424000,0x0000700005524000)]
  0x00007ff571211000 JavaThread "Java2D Queue Flusher" daemon [_thread_blocked, id=80399, stack(0x0000700005321000,0x0000700005421000)]
  0x00007ff5711b2800 JavaThread "AWT-Shutdown" [_thread_blocked, id=39719, stack(0x0000700005095000,0x0000700005195000)]
=>0x00007ff5708b2800 JavaThread "AWT-AppKit" daemon [_thread_in_native, id=775, stack(0x00007ffeeeee2000,0x00007ffeef6e2000)]
  0x00007ff571007800 JavaThread "Service Thread" daemon [_thread_blocked, id=17667, stack(0x0000700004e0c000,0x0000700004f0c000)]
  0x00007ff57100c800 JavaThread "C1 CompilerThread2" daemon [_thread_blocked, id=18179, stack(0x0000700004d09000,0x0000700004e09000)]
  0x00007ff57080b000 JavaThread "C2 CompilerThread1" daemon [_thread_blocked, id=14083, stack(0x0000700004c06000,0x0000700004d06000)]
  0x00007ff57100c000 JavaThread "C2 CompilerThread0" daemon [_thread_blocked, id=13827, stack(0x0000700004b03000,0x0000700004c03000)]
  0x00007ff570004000 JavaThread "Signal Dispatcher" daemon [_thread_blocked, id=13315, stack(0x0000700004a00000,0x0000700004b00000)]
  0x00007ff571015800 JavaThread "Finalizer" daemon [_thread_blocked, id=20227, stack(0x00007000048fd000,0x00007000049fd000)]
  0x00007ff570808800 JavaThread "Reference Handler" daemon [_thread_blocked, id=20483, stack(0x00007000047fa000,0x00007000048fa000)]

Other Threads:
  0x00007ff571839800 VMThread [stack: 0x00007000046f7000,0x00007000047f7000] [id=20995]
  0x00007ff571847800 WatcherThread [stack: 0x0000700004f0f000,0x000070000500f000] [id=17411]

VM state:not at safepoint (normal execution)

VM Mutex/Monitor currently owned by a thread: None

Heap:
 PSYoungGen      total 94208K, used 77413K [0x0000000795580000, 0x000000079c200000, 0x00000007c0000000)
  eden space 82432K, 87% used [0x0000000795580000,0x0000000799c35600,0x000000079a600000)
  from space 11776K, 42% used [0x000000079b680000,0x000000079bb640c0,0x000000079c200000)
  to   space 14336K, 0% used [0x000000079a600000,0x000000079a600000,0x000000079b400000)
 ParOldGen       total 64000K, used 21219K [0x0000000740000000, 0x0000000743e80000, 0x0000000795580000)
  object space 64000K, 33% used [0x0000000740000000,0x00000007414b8e08,0x0000000743e80000)
 Metaspace       used 24928K, capacity 25325K, committed 25520K, reserved 1073152K
  class space    used 2496K, capacity 2657K, committed 2736K, reserved 1048576K

Card table byte_map: [0x00000001021c0000,0x00000001025c1000] byte_map_base: 0x00000000fe7c0000

Marking Bits: (ParMarkBitMap*) 0x0000000100e42e00
 Begin Bits: [0x0000000112db1000, 0x0000000114db1000)
 End Bits:   [0x0000000114db1000, 0x0000000116db1000)

Polling page: 0x0000000101541000

CodeCache: size=245760Kb used=12664Kb max_used=12689Kb free=233095Kb
 bounds [0x0000000103db1000, 0x0000000104a31000, 0x0000000112db1000]
 total_blobs=4445 nmethods=3500 adapters=858
 compilation: enabled

Compilation events (10 events):
Event: 37.008 Thread 0x00007ff57100c800 3524       3       java.awt.EventQueue::coalescePeerEvent (66 bytes)
Event: 37.009 Thread 0x00007ff57100c800 nmethod 3524 0x0000000104a20710 code [0x0000000104a208c0, 0x0000000104a20fa8]
Event: 37.934 Thread 0x00007ff57100c800 3525       1       sun.java2d.SurfaceData::isValid (5 bytes)
Event: 37.935 Thread 0x00007ff57100c800 nmethod 3525 0x0000000104a21210 code [0x0000000104a21360, 0x0000000104a21470]
Event: 37.935 Thread 0x00007ff57100c800 3526       3       sun.java2d.pipe.RenderBuffer::putFloat (26 bytes)
Event: 37.936 Thread 0x00007ff57100c800 nmethod 3526 0x0000000103ed0150 code [0x0000000103ed02c0, 0x0000000103ed0450]
Event: 37.977 Thread 0x00007ff57100c800 3528       3       java.awt.geom.AffineTransform::getScaleY (5 bytes)
Event: 37.977 Thread 0x00007ff57100c800 nmethod 3528 0x0000000103f29790 code [0x0000000103f298e0, 0x0000000103f29a30]
Event: 37.991 Thread 0x00007ff57100c800 3529       3       java.awt.geom.AffineTransform::getScaleX (5 bytes)
Event: 37.991 Thread 0x00007ff57100c800 nmethod 3529 0x0000000103ec67d0 code [0x0000000103ec6920, 0x0000000103ec6a70]

GC Heap History (10 events):
Event: 5.082 GC heap before
{Heap before GC invocations=5 (full 1):
 PSYoungGen      total 38400K, used 38368K [0x0000000795580000, 0x0000000799000000, 0x00000007c0000000)
  eden space 33280K, 100% used [0x0000000795580000,0x0000000797600000,0x0000000797600000)
  from space 5120K, 99% used [0x0000000797600000,0x0000000797af8130,0x0000000797b00000)
  to   space 5120K, 0% used [0x0000000798b00000,0x0000000798b00000,0x0000000799000000)
 ParOldGen       total 64000K, used 18203K [0x0000000740000000, 0x0000000743e80000, 0x0000000795580000)
  object space 64000K, 28% used [0x0000000740000000,0x00000007411c6c78,0x0000000743e80000)
 Metaspace       used 24086K, capacity 24515K, committed 24624K, reserved 1071104K
  class space    used 2451K, capacity 2558K, committed 2608K, reserved 1048576K
Event: 5.087 GC heap after
Heap after GC invocations=5 (full 1):
 PSYoungGen      total 53248K, used 5104K [0x0000000795580000, 0x0000000799000000, 0x00000007c0000000)
  eden space 48128K, 0% used [0x0000000795580000,0x0000000795580000,0x0000000798480000)
  from space 5120K, 99% used [0x0000000798b00000,0x0000000798ffc0d0,0x0000000799000000)
  to   space 5120K, 0% used [0x0000000798600000,0x0000000798600000,0x0000000798b00000)
 ParOldGen       total 64000K, used 20955K [0x0000000740000000, 0x0000000743e80000, 0x0000000795580000)
  object space 64000K, 32% used [0x0000000740000000,0x0000000741476df8,0x0000000743e80000)
 Metaspace       used 24086K, capacity 24515K, committed 24624K, reserved 1071104K
  class space    used 2451K, capacity 2558K, committed 2608K, reserved 1048576K
}
Event: 10.155 GC heap before
{Heap before GC invocations=6 (full 1):
 PSYoungGen      total 53248K, used 53232K [0x0000000795580000, 0x0000000799000000, 0x00000007c0000000)
  eden space 48128K, 100% used [0x0000000795580000,0x0000000798480000,0x0000000798480000)
  from space 5120K, 99% used [0x0000000798b00000,0x0000000798ffc0d0,0x0000000799000000)
  to   space 5120K, 0% used [0x0000000798600000,0x0000000798600000,0x0000000798b00000)
 ParOldGen       total 64000K, used 20955K [0x0000000740000000, 0x0000000743e80000, 0x0000000795580000)
  object space 64000K, 32% used [0x0000000740000000,0x0000000741476df8,0x0000000743e80000)
 Metaspace       used 24601K, capacity 25001K, committed 25136K, reserved 1071104K
  class space    used 2481K, capacity 2591K, committed 2608K, reserved 1048576K
Event: 10.161 GC heap after
Heap after GC invocations=6 (full 1):
 PSYoungGen      total 54784K, used 4992K [0x0000000795580000, 0x000000079b580000, 0x00000007c0000000)
  eden space 49664K, 0% used [0x0000000795580000,0x0000000795580000,0x0000000798600000)
  from space 5120K, 97% used [0x0000000798600000,0x0000000798ae00d0,0x0000000798b00000)
  to   space 15872K, 0% used [0x000000079a600000,0x000000079a600000,0x000000079b580000)
 ParOldGen       total 64000K, used 21219K [0x0000000740000000, 0x0000000743e80000, 0x0000000795580000)
  object space 64000K, 33% used [0x0000000740000000,0x00000007414b8e08,0x0000000743e80000)
 Metaspace       used 24601K, capacity 25001K, committed 25136K, reserved 1071104K
  class space    used 2481K, capacity 2591K, committed 2608K, reserved 1048576K
}
Event: 15.519 GC heap before
{Heap before GC invocations=7 (full 1):
 PSYoungGen      total 54784K, used 54656K [0x0000000795580000, 0x000000079b580000, 0x00000007c0000000)
  eden space 49664K, 100% used [0x0000000795580000,0x0000000798600000,0x0000000798600000)
  from space 5120K, 97% used [0x0000000798600000,0x0000000798ae00d0,0x0000000798b00000)
  to   space 15872K, 0% used [0x000000079a600000,0x000000079a600000,0x000000079b580000)
 ParOldGen       total 64000K, used 21219K [0x0000000740000000, 0x0000000743e80000, 0x0000000795580000)
  object space 64000K, 33% used [0x0000000740000000,0x00000007414b8e08,0x0000000743e80000)
 Metaspace       used 24723K, capacity 25129K, committed 25392K, reserved 1073152K
  class space    used 2481K, capacity 2591K, committed 2608K, reserved 1048576K
Event: 15.524 GC heap after
Heap after GC invocations=7 (full 1):
 PSYoungGen      total 80384K, used 4992K [0x0000000795580000, 0x000000079b400000, 0x00000007c0000000)
  eden space 66048K, 0% used [0x0000000795580000,0x0000000795580000,0x0000000799600000)
  from space 14336K, 34% used [0x000000079a600000,0x000000079aae00d0,0x000000079b400000)
  to   space 15360K, 0% used [0x0000000799600000,0x0000000799600000,0x000000079a500000)
 ParOldGen       total 64000K, used 21219K [0x0000000740000000, 0x0000000743e80000, 0x0000000795580000)
  object space 64000K, 33% used [0x0000000740000000,0x00000007414b8e08,0x0000000743e80000)
 Metaspace       used 24723K, capacity 25129K, committed 25392K, reserved 1073152K
  class space    used 2481K, capacity 2591K, committed 2608K, reserved 1048576K
}
Event: 22.953 GC heap before
{Heap before GC invocations=8 (full 1):
 PSYoungGen      total 80384K, used 71040K [0x0000000795580000, 0x000000079b400000, 0x00000007c0000000)
  eden space 66048K, 100% used [0x0000000795580000,0x0000000799600000,0x0000000799600000)
  from space 14336K, 34% used [0x000000079a600000,0x000000079aae00d0,0x000000079b400000)
  to   space 15360K, 0% used [0x0000000799600000,0x0000000799600000,0x000000079a500000)
 ParOldGen       total 64000K, used 21219K [0x0000000740000000, 0x0000000743e80000, 0x0000000795580000)
  object space 64000K, 33% used [0x0000000740000000,0x00000007414b8e08,0x0000000743e80000)
 Metaspace       used 24810K, capacity 25193K, committed 25392K, reserved 1073152K
  class space    used 2483K, capacity 2591K, committed 2608K, reserved 1048576K
Event: 22.959 GC heap after
Heap after GC invocations=8 (full 1):
 PSYoungGen      total 81408K, used 5008K [0x0000000795580000, 0x000000079c500000, 0x00000007c0000000)
  eden space 66048K, 0% used [0x0000000795580000,0x0000000795580000,0x0000000799600000)
  from space 15360K, 32% used [0x0000000799600000,0x0000000799ae40c0,0x000000079a500000)
  to   space 14848K, 0% used [0x000000079b680000,0x000000079b680000,0x000000079c500000)
 ParOldGen       total 64000K, used 21219K [0x0000000740000000, 0x0000000743e80000, 0x0000000795580000)
  object space 64000K, 33% used [0x0000000740000000,0x00000007414b8e08,0x0000000743e80000)
 Metaspace       used 24810K, capacity 25193K, committed 25392K, reserved 1073152K
  class space    used 2483K, capacity 2591K, committed 2608K, reserved 1048576K
}
Event: 30.329 GC heap before
{Heap before GC invocations=9 (full 1):
 PSYoungGen      total 81408K, used 71056K [0x0000000795580000, 0x000000079c500000, 0x00000007c0000000)
  eden space 66048K, 100% used [0x0000000795580000,0x0000000799600000,0x0000000799600000)
  from space 15360K, 32% used [0x0000000799600000,0x0000000799ae40c0,0x000000079a500000)
  to   space 14848K, 0% used [0x000000079b680000,0x000000079b680000,0x000000079c500000)
 ParOldGen       total 64000K, used 21219K [0x0000000740000000, 0x0000000743e80000, 0x0000000795580000)
  object space 64000K, 33% used [0x0000000740000000,0x00000007414b8e08,0x0000000743e80000)
 Metaspace       used 24811K, capacity 25193K, committed 25392K, reserved 1073152K
  class space    used 2483K, capacity 2591K, committed 2608K, reserved 1048576K
Event: 30.339 GC heap after
Heap after GC invocations=9 (full 1):
 PSYoungGen      total 94208K, used 5008K [0x0000000795580000, 0x000000079c200000, 0x00000007c0000000)
  eden space 82432K, 0% used [0x0000000795580000,0x0000000795580000,0x000000079a600000)
  from space 11776K, 42% used [0x000000079b680000,0x000000079bb640c0,0x000000079c200000)
  to   space 14336K, 0% used [0x000000079a600000,0x000000079a600000,0x000000079b400000)
 ParOldGen       total 64000K, used 21219K [0x0000000740000000, 0x0000000743e80000, 0x0000000795580000)
  object space 64000K, 33% used [0x0000000740000000,0x00000007414b8e08,0x0000000743e80000)
 Metaspace       used 24811K, capacity 25193K, committed 25392K, reserved 1073152K
  class space    used 2483K, capacity 2591K, committed 2608K, reserved 1048576K
}

Deoptimization events (10 events):
Event: 3.541 Thread 0x00007ff5703a3800 Uncommon trap: reason=class_check action=maybe_recompile pc=0x0000000104273f3c method=java.util.regex.Matcher.search(I)Z @ 86
Event: 5.596 Thread 0x00007ff5703a3800 Uncommon trap: reason=predicate action=maybe_recompile pc=0x00000001046b8898 method=java.util.Vector.indexOf(Ljava/lang/Object;I)I @ 44
Event: 37.928 Thread 0x00007ff5712a6000 Uncommon trap: reason=unstable_if action=reinterpret pc=0x00000001049c9130 method=java.awt.EventQueue.getPriority(Ljava/awt/AWTEvent;)I @ 71
Event: 37.928 Thread 0x00007ff5703a3800 Uncommon trap: reason=unstable_if action=reinterpret pc=0x00000001044d1828 method=com.jogamp.common.util.VersionNumber.compareTo(Lcom/jogamp/common/util/VersionNumber;)I @ 21
Event: 37.928 Thread 0x00007ff5703a3800 Uncommon trap: reason=unstable_if action=reinterpret pc=0x0000000103ebfe08 method=java.awt.EventQueue.uncacheEQItem(Lsun/awt/EventQueueItem;)V @ 23
Event: 37.933 Thread 0x00007ff5712a6000 Uncommon trap: reason=unstable_if action=reinterpret pc=0x00000001049ee7e4 method=sun.java2d.pipe.Region.intersectsQuickCheck(Lsun/java2d/pipe/Region;)Z @ 41
Event: 37.976 Thread 0x00007ff571a12800 Uncommon trap: reason=class_check action=maybe_recompile pc=0x0000000104290520 method=java.util.HashMap.putVal(ILjava/lang/Object;Ljava/lang/Object;ZZ)Ljava/lang/Object; @ 91
Event: 37.976 Thread 0x00007ff571a12800 Uncommon trap: reason=class_check action=maybe_recompile pc=0x000000010422c87c method=java.util.HashMap.putVal(ILjava/lang/Object;Ljava/lang/Object;ZZ)Ljava/lang/Object; @ 91
Event: 37.989 Thread 0x00007ff5703a3800 Uncommon trap: reason=unstable_if action=reinterpret pc=0x0000000104845310 method=java.security.AccessControlContext.optimize()Ljava/security/AccessControlContext; @ 233
Event: 37.991 Thread 0x00007ff570cd0800 Uncommon trap: reason=bimorphic action=maybe_recompile pc=0x000000010472ff34 method=java.util.Vector.indexOf(Ljava/lang/Object;I)I @ 51

Classes redefined (0 events):
No events

Internal exceptions (10 events):
Event: 0.169 Thread 0x00007ff571805800 Exception <a 'java/lang/NoSuchFieldError': method resolution failed> (0x00000007957a7218) thrown at [/Users/java_re/workspace/8-2-build-macosx-x86_64/jdk8u191/11896/hotspot/src/share/vm/prims/methodHandles.cpp, line 1167]
Event: 0.351 Thread 0x00007ff571805800 Exception <a 'java/io/FileNotFoundException'> (0x00000007958228c8) thrown at [/Users/java_re/workspace/8-2-build-macosx-x86_64/jdk8u191/11896/hotspot/src/share/vm/prims/jni.cpp, line 709]
Event: 0.351 Thread 0x00007ff571805800 Exception <a 'java/io/FileNotFoundException'> (0x0000000795823430) thrown at [/Users/java_re/workspace/8-2-build-macosx-x86_64/jdk8u191/11896/hotspot/src/share/vm/prims/jni.cpp, line 709]
Event: 0.456 Thread 0x00007ff571805800 Exception <a 'java/io/FileNotFoundException'> (0x00000007958a6938) thrown at [/Users/java_re/workspace/8-2-build-macosx-x86_64/jdk8u191/11896/hotspot/src/share/vm/prims/jni.cpp, line 709]
Event: 2.077 Thread 0x00007ff570967000 Exception <a 'java/lang/UnsatisfiedLinkError': com.jogamp.common.util.JarUtil.fixNativeLibAttribs(Ljava/lang/String;)Z> (0x0000000796cc0fa0) thrown at [/Users/java_re/workspace/8-2-build-macosx-x86_64/jdk8u191/11896/hotspot/src/share/vm/prims/nativeLookup
Event: 2.320 Thread 0x00007ff571015800 Exception <a 'java/lang/NullPointerException'> (0x00000007956a4598) thrown at [/Users/java_re/workspace/8-2-build-macosx-x86_64/jdk8u191/11896/hotspot/src/share/vm/interpreter/linkResolver.cpp, line 1185]
Event: 2.850 Thread 0x00007ff5703a3800 Exception <a 'java/io/FileNotFoundException'> (0x0000000795fbc6a0) thrown at [/Users/java_re/workspace/8-2-build-macosx-x86_64/jdk8u191/11896/hotspot/src/share/vm/prims/jni.cpp, line 709]
Event: 2.850 Thread 0x00007ff5703a3800 Exception <a 'java/io/FileNotFoundException'> (0x0000000795fc2780) thrown at [/Users/java_re/workspace/8-2-build-macosx-x86_64/jdk8u191/11896/hotspot/src/share/vm/prims/jni.cpp, line 709]
Event: 2.850 Thread 0x00007ff5703a3800 Implicit null exception at 0x0000000103fa3eb6 to 0x0000000103fa4279
Event: 2.965 Thread 0x00007ff5703a3800 Implicit null exception at 0x0000000104183c06 to 0x0000000104183e4d

Events (10 events):
Event: 37.989 Executing VM operation: Deoptimize
Event: 37.990 Executing VM operation: Deoptimize done
Event: 37.990 loading class java/awt/Toolkit$ToolkitEventMulticaster
Event: 37.990 loading class java/awt/Toolkit$ToolkitEventMulticaster done
Event: 37.991 Thread 0x00007ff571a12800 Thread exited: 0x00007ff571a12800
Event: 37.991 Thread 0x00007ff570cd0800 Uncommon trap: trap_request=0xffffffc6 fr.pc=0x000000010472ff34
Event: 37.991 Thread 0x00007ff570cd0800 DEOPT PACKING pc=0x000000010472ff34 sp=0x0000700005ab5800
Event: 37.991 Thread 0x00007ff570cd0800 DEOPT UNPACKING pc=0x0000000103df673a sp=0x0000700005ab57b0 mode 2
Event: 37.991 loading class java/awt/Window$1DisposeAction
Event: 37.991 loading class java/awt/Window$1DisposeAction done


Dynamic libraries:
0x00007fff40df0000 	/System/Library/Frameworks/Cocoa.framework/Versions/A/Cocoa
0x00007fff4d0af000 	/System/Library/Frameworks/Security.framework/Versions/A/Security
0x00007fff3f9f7000 	/System/Library/Frameworks/ApplicationServices.framework/Versions/A/ApplicationServices
0x00007fff6e69e000 	/usr/lib/libz.1.dylib
0x00007fff6bd13000 	/usr/lib/libSystem.B.dylib
0x00007fff6d7bb000 	/usr/lib/libobjc.A.dylib
0x00007fff41613000 	/System/Library/Frameworks/CoreFoundation.framework/Versions/A/CoreFoundation
0x00007fff43998000 	/System/Library/Frameworks/Foundation.framework/Versions/C/Foundation
0x00007fff3eb84000 	/System/Library/Frameworks/AppKit.framework/Versions/C/AppKit
0x00007fff41187000 	/System/Library/Frameworks/CoreData.framework/Versions/A/CoreData
0x00007fff64ee1000 	/System/Library/PrivateFrameworks/RemoteViewServices.framework/Versions/A/RemoteViewServices
0x00007fff699e1000 	/System/Library/PrivateFrameworks/UIFoundation.framework/Versions/A/UIFoundation
0x00007fff6b199000 	/System/Library/PrivateFrameworks/XCTTargetBootstrap.framework/Versions/A/XCTTargetBootstrap
0x00007fff5f9e4000 	/System/Library/PrivateFrameworks/IconServices.framework/Versions/A/IconServices
0x00007fff46262000 	/System/Library/Frameworks/Metal.framework/Versions/A/Metal
0x00007fff56be6000 	/System/Library/PrivateFrameworks/DesktopServicesPriv.framework/Versions/A/DesktopServicesPriv
0x00007fff6cace000 	/usr/lib/libenergytrace.dylib
0x00007fff67752000 	/System/Library/PrivateFrameworks/SkyLight.framework/Versions/A/SkyLight
0x00007fff41a62000 	/System/Library/Frameworks/CoreGraphics.framework/Versions/A/CoreGraphics
0x00007fff3d93f000 	/System/Library/Frameworks/Accelerate.framework/Versions/A/Accelerate
0x00007fff44122000 	/System/Library/Frameworks/IOSurface.framework/Versions/A/IOSurface
0x00007fff56a48000 	/System/Library/PrivateFrameworks/DFRFoundation.framework/Versions/A/DFRFoundation
0x00007fff3fefc000 	/System/Library/Frameworks/AudioToolbox.framework/Versions/A/AudioToolbox
0x00007fff4019b000 	/System/Library/Frameworks/AudioUnit.framework/Versions/A/AudioUnit
0x00007fff56adf000 	/System/Library/PrivateFrameworks/DataDetectorsCore.framework/Versions/A/DataDetectorsCore
0x00007fff408da000 	/System/Library/Frameworks/Carbon.framework/Versions/A/Frameworks/HIToolbox.framework/Versions/A/HIToolbox
0x00007fff6cc29000 	/usr/lib/libicucore.A.dylib
0x00007fff4c602000 	/System/Library/Frameworks/QuartzCore.framework/Versions/A/QuartzCore
0x00007fff40cc1000 	/System/Library/Frameworks/Carbon.framework/Versions/A/Frameworks/SpeechRecognition.framework/Versions/A/SpeechRecognition
0x00007fff6be76000 	/usr/lib/libauto.dylib
0x00007fff6e591000 	/usr/lib/libxml2.2.dylib
0x00007fff56647000 	/System/Library/PrivateFrameworks/CoreUI.framework/Versions/A/CoreUI
0x00007fff41065000 	/System/Library/Frameworks/CoreAudio.framework/Versions/A/CoreAudio
0x00007fff437ca000 	/System/Library/Frameworks/DiskArbitration.framework/Versions/A/DiskArbitration
0x00007fff6ced9000 	/usr/lib/liblangid.dylib
0x00007fff60e94000 	/System/Library/PrivateFrameworks/MultitouchSupport.framework/Versions/A/MultitouchSupport
0x00007fff4408d000 	/System/Library/Frameworks/IOKit.framework/Versions/A/IOKit
0x00007fff6b961000 	/usr/lib/libDiagnosticMessagesClient.dylib
0x00007fff428d0000 	/System/Library/Frameworks/CoreServices.framework/Versions/A/CoreServices
0x00007fff62bca000 	/System/Library/PrivateFrameworks/PerformanceAnalysis.framework/Versions/A/PerformanceAnalysis
0x00007fff4b797000 	/System/Library/Frameworks/OpenGL.framework/Versions/A/OpenGL
0x00007fff40dfe000 	/System/Library/Frameworks/ColorSync.framework/Versions/A/ColorSync
0x00007fff420f1000 	/System/Library/Frameworks/CoreImage.framework/Versions/A/CoreImage
0x00007fff43313000 	/System/Library/Frameworks/CoreText.framework/Versions/A/CoreText
0x00007fff44183000 	/System/Library/Frameworks/ImageIO.framework/Versions/A/ImageIO
0x00007fff52c82000 	/System/Library/PrivateFrameworks/Backup.framework/Versions/A/Backup
0x00007fff6bdc9000 	/usr/lib/libarchive.2.dylib
0x00007fff404ff000 	/System/Library/Frameworks/CFNetwork.framework/Versions/A/CFNetwork
0x00007fff4d85a000 	/System/Library/Frameworks/SystemConfiguration.framework/Versions/A/SystemConfiguration
0x00007fff6b88a000 	/usr/lib/libCRFSuite.dylib
0x00007fff6bf6d000 	/usr/lib/libc++.1.dylib
0x00007fff6bfc5000 	/usr/lib/libc++abi.dylib
0x00007fff6e721000 	/usr/lib/system/libcache.dylib
0x00007fff6e726000 	/usr/lib/system/libcommonCrypto.dylib
0x00007fff6e731000 	/usr/lib/system/libcompiler_rt.dylib
0x00007fff6e739000 	/usr/lib/system/libcopyfile.dylib
0x00007fff6e743000 	/usr/lib/system/libcorecrypto.dylib
0x00007fff6e84e000 	/usr/lib/system/libdispatch.dylib
0x00007fff6e889000 	/usr/lib/system/libdyld.dylib
0x00007fff6e8b9000 	/usr/lib/system/libkeymgr.dylib
0x00007fff6e8c7000 	/usr/lib/system/liblaunch.dylib
0x00007fff6e8c8000 	/usr/lib/system/libmacho.dylib
0x00007fff6e8ce000 	/usr/lib/system/libquarantine.dylib
0x00007fff6e8d1000 	/usr/lib/system/libremovefile.dylib
0x00007fff6e8d3000 	/usr/lib/system/libsystem_asl.dylib
0x00007fff6e8eb000 	/usr/lib/system/libsystem_blocks.dylib
0x00007fff6e8ec000 	/usr/lib/system/libsystem_c.dylib
0x00007fff6e975000 	/usr/lib/system/libsystem_configuration.dylib
0x00007fff6e979000 	/usr/lib/system/libsystem_coreservices.dylib
0x00007fff6e97d000 	/usr/lib/system/libsystem_darwin.dylib
0x00007fff6e984000 	/usr/lib/system/libsystem_dnssd.dylib
0x00007fff6e98b000 	/usr/lib/system/libsystem_info.dylib
0x00007fff6ea01000 	/usr/lib/system/libsystem_m.dylib
0x00007fff6ea4d000 	/usr/lib/system/libsystem_malloc.dylib
0x00007fff6ea72000 	/usr/lib/system/libsystem_networkextension.dylib
0x00007fff6ea7e000 	/usr/lib/system/libsystem_notify.dylib
0x00007fff6ea9b000 	/usr/lib/system/libsystem_sandbox.dylib
0x00007fff6ea9f000 	/usr/lib/system/libsystem_secinit.dylib
0x00007fff6e9d8000 	/usr/lib/system/libsystem_kernel.dylib
0x00007fff6ea86000 	/usr/lib/system/libsystem_platform.dylib
0x00007fff6ea90000 	/usr/lib/system/libsystem_pthread.dylib
0x00007fff6eaa2000 	/usr/lib/system/libsystem_symptoms.dylib
0x00007fff6eaaa000 	/usr/lib/system/libsystem_trace.dylib
0x00007fff6eac1000 	/usr/lib/system/libunwind.dylib
0x00007fff6eac7000 	/usr/lib/system/libxpc.dylib
0x00007fff6bf4d000 	/usr/lib/libbsm.0.dylib
0x00007fff6e8ba000 	/usr/lib/system/libkxld.dylib
0x00007fff51f2f000 	/System/Library/PrivateFrameworks/AppleFSCompression.framework/Versions/A/AppleFSCompression
0x00007fff6bbd2000 	/usr/lib/libOpenScriptingUtil.dylib
0x00007fff6c2b0000 	/usr/lib/libcoretls.dylib
0x00007fff6c2c7000 	/usr/lib/libcoretls_cfhelpers.dylib
0x00007fff6df54000 	/usr/lib/libpam.2.dylib
0x00007fff6e117000 	/usr/lib/libsqlite3.dylib
0x00007fff6e57f000 	/usr/lib/libxar.1.dylib
0x00007fff6bf5e000 	/usr/lib/libbz2.1.0.dylib
0x00007fff6cedb000 	/usr/lib/liblzma.5.dylib
0x00007fff6d3d1000 	/usr/lib/libnetwork.dylib
0x00007fff6bdb2000 	/usr/lib/libapple_nghttp2.dylib
0x00007fff6df5b000 	/usr/lib/libpcap.A.dylib
0x00007fff42c74000 	/System/Library/Frameworks/CoreServices.framework/Versions/A/Frameworks/FSEvents.framework/Versions/A/FSEvents
0x00007fff42950000 	/System/Library/Frameworks/CoreServices.framework/Versions/A/Frameworks/CarbonCore.framework/Versions/A/CarbonCore
0x00007fff42e49000 	/System/Library/Frameworks/CoreServices.framework/Versions/A/Frameworks/Metadata.framework/Versions/A/Metadata
0x00007fff42eec000 	/System/Library/Frameworks/CoreServices.framework/Versions/A/Frameworks/OSServices.framework/Versions/A/OSServices
0x00007fff42f38000 	/System/Library/Frameworks/CoreServices.framework/Versions/A/Frameworks/SearchKit.framework/Versions/A/SearchKit
0x00007fff428d1000 	/System/Library/Frameworks/CoreServices.framework/Versions/A/Frameworks/AE.framework/Versions/A/AE
0x00007fff42c7d000 	/System/Library/Frameworks/CoreServices.framework/Versions/A/Frameworks/LaunchServices.framework/Versions/A/LaunchServices
0x00007fff42c29000 	/System/Library/Frameworks/CoreServices.framework/Versions/A/Frameworks/DictionaryServices.framework/Versions/A/DictionaryServices
0x00007fff42fa7000 	/System/Library/Frameworks/CoreServices.framework/Versions/A/Frameworks/SharedFileList.framework/Versions/A/SharedFileList
0x00007fff47728000 	/System/Library/Frameworks/NetFS.framework/Versions/A/NetFS
0x00007fff61131000 	/System/Library/PrivateFrameworks/NetAuth.framework/Versions/A/NetAuth
0x00007fff6b5cd000 	/System/Library/PrivateFrameworks/login.framework/Versions/A/Frameworks/loginsupport.framework/Versions/A/loginsupport
0x00007fff695d9000 	/System/Library/PrivateFrameworks/TCC.framework/Versions/A/TCC
0x00007fff55c4f000 	/System/Library/PrivateFrameworks/CoreNLP.framework/Versions/A/CoreNLP
0x00007fff60b85000 	/System/Library/PrivateFrameworks/MetadataUtilities.framework/Versions/A/MetadataUtilities
0x00007fff6cfbc000 	/usr/lib/libmecabra.dylib
0x00007fff3f9f8000 	/System/Library/Frameworks/ApplicationServices.framework/Versions/A/Frameworks/ATS.framework/Versions/A/ATS
0x00007fff3fd63000 	/System/Library/Frameworks/ApplicationServices.framework/Versions/A/Frameworks/ColorSyncLegacy.framework/Versions/A/ColorSyncLegacy
0x00007fff3fe04000 	/System/Library/Frameworks/ApplicationServices.framework/Versions/A/Frameworks/HIServices.framework/Versions/A/HIServices
0x00007fff3fe57000 	/System/Library/Frameworks/ApplicationServices.framework/Versions/A/Frameworks/LangAnalysis.framework/Versions/A/LangAnalysis
0x00007fff3fe66000 	/System/Library/Frameworks/ApplicationServices.framework/Versions/A/Frameworks/PrintCore.framework/Versions/A/PrintCore
0x00007fff3feb3000 	/System/Library/Frameworks/ApplicationServices.framework/Versions/A/Frameworks/QD.framework/Versions/A/QD
0x00007fff3feef000 	/System/Library/Frameworks/ApplicationServices.framework/Versions/A/Frameworks/SpeechSynthesis.framework/Versions/A/SpeechSynthesis
0x00007fff6bfed000 	/usr/lib/libcompression.dylib
0x00007fff41529000 	/System/Library/Frameworks/CoreDisplay.framework/Versions/A/CoreDisplay
0x00007fff4652a000 	/System/Library/Frameworks/MetalPerformanceShaders.framework/Versions/A/MetalPerformanceShaders
0x00007fff3d957000 	/System/Library/Frameworks/Accelerate.framework/Versions/A/Frameworks/vImage.framework/Versions/A/vImage
0x00007fff3e9d3000 	/System/Library/Frameworks/Accelerate.framework/Versions/A/Frameworks/vecLib.framework/Versions/A/vecLib
0x00007fff3e91d000 	/System/Library/Frameworks/Accelerate.framework/Versions/A/Frameworks/vecLib.framework/Versions/A/libvMisc.dylib
0x00007fff3e738000 	/System/Library/Frameworks/Accelerate.framework/Versions/A/Frameworks/vecLib.framework/Versions/A/libvDSP.dylib
0x00007fff3dff8000 	/System/Library/Frameworks/Accelerate.framework/Versions/A/Frameworks/vecLib.framework/Versions/A/libBLAS.dylib
0x00007fff3e2e3000 	/System/Library/Frameworks/Accelerate.framework/Versions/A/Frameworks/vecLib.framework/Versions/A/libLAPACK.dylib
0x00007fff3e68a000 	/System/Library/Frameworks/Accelerate.framework/Versions/A/Frameworks/vecLib.framework/Versions/A/libLinearAlgebra.dylib
0x00007fff3e724000 	/System/Library/Frameworks/Accelerate.framework/Versions/A/Frameworks/vecLib.framework/Versions/A/libSparseBLAS.dylib
0x00007fff3e6a0000 	/System/Library/Frameworks/Accelerate.framework/Versions/A/Frameworks/vecLib.framework/Versions/A/libQuadrature.dylib
0x00007fff3e270000 	/System/Library/Frameworks/Accelerate.framework/Versions/A/Frameworks/vecLib.framework/Versions/A/libBNNS.dylib
0x00007fff3e6a6000 	/System/Library/Frameworks/Accelerate.framework/Versions/A/Frameworks/vecLib.framework/Versions/A/libSparse.dylib
0x00007fff5d176000 	/System/Library/PrivateFrameworks/GPUWrangler.framework/Versions/A/GPUWrangler
0x00007fff5f5ab000 	/System/Library/PrivateFrameworks/IOAccelerator.framework/Versions/A/IOAccelerator
0x00007fff5f5b6000 	/System/Library/PrivateFrameworks/IOPresentment.framework/Versions/A/IOPresentment
0x00007fff56a58000 	/System/Library/PrivateFrameworks/DSExternalDisplay.framework/Versions/A/DSExternalDisplay
0x00007fff4abdc000 	/System/Library/Frameworks/OpenGL.framework/Versions/A/Libraries/libCoreFSCache.dylib
0x00007fff46312000 	/System/Library/Frameworks/MetalPerformanceShaders.framework/Frameworks/MPSCore.framework/Versions/A/MPSCore
0x00007fff46333000 	/System/Library/Frameworks/MetalPerformanceShaders.framework/Frameworks/MPSImage.framework/Versions/A/MPSImage
0x00007fff463db000 	/System/Library/Frameworks/MetalPerformanceShaders.framework/Frameworks/MPSNeuralNetwork.framework/Versions/A/MPSNeuralNetwork
0x00007fff463b2000 	/System/Library/Frameworks/MetalPerformanceShaders.framework/Frameworks/MPSMatrix.framework/Versions/A/MPSMatrix
0x00007fff4650e000 	/System/Library/Frameworks/MetalPerformanceShaders.framework/Frameworks/MPSRayIntersector.framework/Versions/A/MPSRayIntersector
0x00007fff60bae000 	/System/Library/PrivateFrameworks/MetalTools.framework/Versions/A/MetalTools
0x00007fff51629000 	/System/Library/PrivateFrameworks/AggregateDictionary.framework/Versions/A/AggregateDictionary
0x00007fff6bbb2000 	/usr/lib/libMobileGestalt.dylib
0x00007fff43479000 	/System/Library/Frameworks/CoreVideo.framework/Versions/A/CoreVideo
0x00007fff5dfe6000 	/System/Library/PrivateFrameworks/GraphVisualizer.framework/Versions/A/GraphVisualizer
0x00007fff57d81000 	/System/Library/PrivateFrameworks/FaceCore.framework/Versions/A/FaceCore
0x00007fff4a1f4000 	/System/Library/Frameworks/OpenCL.framework/Versions/A/OpenCL
0x00007fff6b999000 	/usr/lib/libFosl_dynamic.dylib
0x00007fff61a09000 	/System/Library/PrivateFrameworks/OTSVG.framework/Versions/A/OTSVG
0x00007fff3fafc000 	/System/Library/Frameworks/ApplicationServices.framework/Versions/A/Frameworks/ATS.framework/Versions/A/Resources/libFontParser.dylib
0x00007fff3fc1c000 	/System/Library/Frameworks/ApplicationServices.framework/Versions/A/Frameworks/ATS.framework/Versions/A/Resources/libFontRegistry.dylib
0x00007fff4440d000 	/System/Library/Frameworks/ImageIO.framework/Versions/A/Resources/libJPEG.dylib
0x00007fff4472f000 	/System/Library/Frameworks/ImageIO.framework/Versions/A/Resources/libTIFF.dylib
0x00007fff44705000 	/System/Library/Frameworks/ImageIO.framework/Versions/A/Resources/libPng.dylib
0x00007fff44322000 	/System/Library/Frameworks/ImageIO.framework/Versions/A/Resources/libGIF.dylib
0x00007fff44327000 	/System/Library/Frameworks/ImageIO.framework/Versions/A/Resources/libJP2.dylib
0x00007fff4472c000 	/System/Library/Frameworks/ImageIO.framework/Versions/A/Resources/libRadiance.dylib
0x00007fff52088000 	/System/Library/PrivateFrameworks/AppleJPEG.framework/Versions/A/AppleJPEG
0x00007fff4abe7000 	/System/Library/Frameworks/OpenGL.framework/Versions/A/Libraries/libGFXShared.dylib
0x00007fff4adaa000 	/System/Library/Frameworks/OpenGL.framework/Versions/A/Libraries/libGLU.dylib
0x00007fff4abf0000 	/System/Library/Frameworks/OpenGL.framework/Versions/A/Libraries/libGL.dylib
0x00007fff4abfc000 	/System/Library/Frameworks/OpenGL.framework/Versions/A/Libraries/libGLImage.dylib
0x00007fff4abd9000 	/System/Library/Frameworks/OpenGL.framework/Versions/A/Libraries/libCVMSPluginSupport.dylib
0x00007fff4abe2000 	/System/Library/Frameworks/OpenGL.framework/Versions/A/Libraries/libCoreVMClient.dylib
0x00007fff6c93f000 	/usr/lib/libcups.2.dylib
0x00007fff45827000 	/System/Library/Frameworks/Kerberos.framework/Versions/A/Kerberos
0x00007fff43dd7000 	/System/Library/Frameworks/GSS.framework/Versions/A/GSS
0x00007fff6e0ab000 	/usr/lib/libresolv.9.dylib
0x00007fff6cb37000 	/usr/lib/libiconv.2.dylib
0x00007fff5e146000 	/System/Library/PrivateFrameworks/Heimdal.framework/Versions/A/Heimdal
0x00007fff6cb06000 	/usr/lib/libheimdal-asn1.dylib
0x00007fff4a26a000 	/System/Library/Frameworks/OpenDirectory.framework/Versions/A/OpenDirectory
0x00007fff5494b000 	/System/Library/PrivateFrameworks/CommonAuth.framework/Versions/A/CommonAuth
0x00007fff4a24d000 	/System/Library/Frameworks/OpenDirectory.framework/Versions/A/Frameworks/CFOpenDirectory.framework/Versions/A/CFOpenDirectory
0x00007fff4d3d8000 	/System/Library/Frameworks/SecurityFoundation.framework/Versions/A/SecurityFoundation
0x00007fff50b38000 	/System/Library/PrivateFrameworks/APFS.framework/Versions/A/APFS
0x00007fff6e57b000 	/usr/lib/libutil.dylib
0x00007fff6bfdb000 	/usr/lib/libcharset.1.dylib
0x00007fff52324000 	/System/Library/PrivateFrameworks/AppleSauce.framework/Versions/A/AppleSauce
0x00007fff524b2000 	/System/Library/PrivateFrameworks/AssertionServices.framework/Versions/A/AssertionServices
0x00007fff52d25000 	/System/Library/PrivateFrameworks/BaseBoard.framework/Versions/A/BaseBoard
0x00007fff6cf0b000 	/usr/lib/libmecab.1.0.0.dylib
0x00007fff6cb00000 	/usr/lib/libgermantok.dylib
0x00007fff6bd9e000 	/usr/lib/libThaiTokenizer.dylib
0x00007fff6b8c5000 	/usr/lib/libChineseTokenizer.dylib
0x00007fff5fce2000 	/System/Library/PrivateFrameworks/LanguageModeling.framework/Versions/A/LanguageModeling
0x00007fff55665000 	/System/Library/PrivateFrameworks/CoreEmoji.framework/Versions/A/CoreEmoji
0x00007fff5fdda000 	/System/Library/PrivateFrameworks/Lexicon.framework/Versions/A/Lexicon
0x00007fff5fe22000 	/System/Library/PrivateFrameworks/LinguisticData.framework/Versions/A/LinguisticData
0x00007fff6bfdc000 	/usr/lib/libcmph.dylib
0x00007fff4d499000 	/System/Library/Frameworks/ServiceManagement.framework/Versions/A/ServiceManagement
0x00007fff52c78000 	/System/Library/PrivateFrameworks/BackgroundTaskManagement.framework/Versions/A/BackgroundTaskManagement
0x00007fff6e675000 	/usr/lib/libxslt.1.dylib
0x00007fff40bec000 	/System/Library/Frameworks/Carbon.framework/Versions/A/Frameworks/Ink.framework/Versions/A/Ink
0x00007fff69859000 	/System/Library/PrivateFrameworks/TextureIO.framework/Versions/A/TextureIO
0x00007fff6bdf3000 	/usr/lib/libate.dylib
0x00007fff569b4000 	/System/Library/PrivateFrameworks/CrashReporterSupport.framework/Versions/A/CrashReporterSupport
0x00007fff6687a000 	/System/Library/PrivateFrameworks/Sharing.framework/Versions/A/Sharing
0x00007fff52804000 	/System/Library/PrivateFrameworks/AuthKit.framework/Versions/A/AuthKit
0x00007fff51c27000 	/System/Library/PrivateFrameworks/Apple80211.framework/Versions/A/Apple80211
0x00007fff56774000 	/System/Library/PrivateFrameworks/CoreUtils.framework/Versions/A/CoreUtils
0x00007fff434b7000 	/System/Library/Frameworks/CoreWLAN.framework/Versions/A/CoreWLAN
0x00007fff43f21000 	/System/Library/Frameworks/IOBluetooth.framework/Versions/A/IOBluetooth
0x00007fff64b98000 	/System/Library/PrivateFrameworks/ProtocolBuffer.framework/Versions/A/ProtocolBuffer
0x00007fff60deb000 	/System/Library/PrivateFrameworks/MobileKeyBag.framework/Versions/A/MobileKeyBag
0x00007fff55f8c000 	/System/Library/PrivateFrameworks/CorePhoneNumbers.framework/Versions/A/CorePhoneNumbers
0x00007fff5203c000 	/System/Library/PrivateFrameworks/AppleIDAuthSupport.framework/Versions/A/AppleIDAuthSupport
0x00007fff5fcb3000 	/System/Library/PrivateFrameworks/KeychainCircle.framework/Versions/A/KeychainCircle
0x00007fff64d65000 	/System/Library/PrivateFrameworks/ROCKit.framework/Versions/A/ROCKit
0x00007fff56950000 	/System/Library/PrivateFrameworks/CoreWiFi.framework/Versions/A/CoreWiFi
0x00007fff4115b000 	/System/Library/Frameworks/CoreBluetooth.framework/Versions/A/CoreBluetooth
0x00007fff56ba4000 	/System/Library/PrivateFrameworks/DebugSymbols.framework/Versions/A/DebugSymbols
0x00007fff56529000 	/System/Library/PrivateFrameworks/CoreSymbolication.framework/Versions/A/CoreSymbolication
0x00007fff69043000 	/System/Library/PrivateFrameworks/Symbolication.framework/Versions/A/Symbolication
0x00007fff681d5000 	/System/Library/PrivateFrameworks/SpeechRecognitionCore.framework/Versions/A/SpeechRecognitionCore
0x0000000100549000 	/Library/Java/JavaVirtualMachines/jdk1.8.0_191.jdk/Contents/Home/jre/lib/server/libjvm.dylib
0x00007fff6e43f000 	/usr/lib/libstdc++.6.dylib
0x00000001014fd000 	/Library/Java/JavaVirtualMachines/jdk1.8.0_191.jdk/Contents/Home/jre/lib/libverify.dylib
0x000000010150b000 	/Library/Java/JavaVirtualMachines/jdk1.8.0_191.jdk/Contents/Home/jre/lib/libjava.dylib
0x000000010158b000 	/Library/Java/JavaVirtualMachines/jdk1.8.0_191.jdk/Contents/Home/jre/lib/libzip.dylib
0x0000000117834000 	/Library/Java/JavaVirtualMachines/jdk1.8.0_191.jdk/Contents/Home/jre/lib/libawt.dylib
0x00000001178de000 	/Library/Java/JavaVirtualMachines/jdk1.8.0_191.jdk/Contents/Home/jre/lib/./libmlib_image.dylib
0x00007fff45810000 	/System/Library/Frameworks/JavaVM.framework/Versions/A/Frameworks/JavaNativeFoundation.framework/Versions/A/JavaNativeFoundation
0x00007fff45819000 	/System/Library/Frameworks/JavaVM.framework/Versions/A/Frameworks/JavaRuntimeSupport.framework/Versions/A/JavaRuntimeSupport
0x00007fff45822000 	/System/Library/Frameworks/JavaVM.framework/Versions/A/JavaVM
0x00007fff5fbca000 	/System/Library/PrivateFrameworks/JavaLaunching.framework/Versions/A/JavaLaunching
0x00007fff408d5000 	/System/Library/Frameworks/Carbon.framework/Versions/A/Carbon
0x00007fff408d6000 	/System/Library/Frameworks/Carbon.framework/Versions/A/Frameworks/CommonPanels.framework/Versions/A/CommonPanels
0x00007fff40be2000 	/System/Library/Frameworks/Carbon.framework/Versions/A/Frameworks/Help.framework/Versions/A/Help
0x00007fff40be6000 	/System/Library/Frameworks/Carbon.framework/Versions/A/Frameworks/ImageCapture.framework/Versions/A/ImageCapture
0x00007fff40c81000 	/System/Library/Frameworks/Carbon.framework/Versions/A/Frameworks/OpenScripting.framework/Versions/A/OpenScripting
0x00007fff40cbc000 	/System/Library/Frameworks/Carbon.framework/Versions/A/Frameworks/Print.framework/Versions/A/Print
0x00007fff40cbe000 	/System/Library/Frameworks/Carbon.framework/Versions/A/Frameworks/SecurityHI.framework/Versions/A/SecurityHI
0x00000001179aa000 	/Library/Java/JavaVirtualMachines/jdk1.8.0_191.jdk/Contents/Home/jre/lib/libawt_lwawt.dylib
0x0000000117a64000 	/Library/Java/JavaVirtualMachines/jdk1.8.0_191.jdk/Contents/Home/jre/lib/./libosxapp.dylib
0x00007fff43970000 	/System/Library/Frameworks/ExceptionHandling.framework/Versions/A/ExceptionHandling
0x00007fff56123000 	/System/Library/PrivateFrameworks/CoreServicesInternal.framework/Versions/A/CoreServicesInternal
0x00007fff374a8000 	/System/Library/CoreServices/RawCamera.bundle/Contents/MacOS/RawCamera
0x00007fff60c55000 	/System/Library/PrivateFrameworks/MobileAsset.framework/Versions/A/MobileAsset
0x00007fff688c7000 	/System/Library/PrivateFrameworks/StreamingZip.framework/Versions/A/StreamingZip
0x00007fff45bc2000 	/System/Library/Frameworks/MediaToolbox.framework/Versions/A/MediaToolbox
0x00007fff551ea000 	/System/Library/PrivateFrameworks/CoreAVCHD.framework/Versions/A/CoreAVCHD
0x00007fff45afe000 	/System/Library/Frameworks/MediaAccessibility.framework/Versions/A/MediaAccessibility
0x00007fff60687000 	/System/Library/PrivateFrameworks/Mangrove.framework/Versions/A/Mangrove
0x00007fff4276b000 	/System/Library/Frameworks/CoreMedia.framework/Versions/A/CoreMedia
0x00007fff4db2b000 	/System/Library/Frameworks/VideoToolbox.framework/Versions/A/VideoToolbox
0x00007fff54e12000 	/System/Library/PrivateFrameworks/CoreAUC.framework/Versions/A/CoreAUC
0x00007fff6e115000 	/usr/lib/libspindump.dylib
0x00007fff52417000 	/System/Library/PrivateFrameworks/AppleVA.framework/Versions/A/AppleVA
0x00007fff3d940000 	/System/Library/Frameworks/Accelerate.framework/Versions/A/Frameworks/vImage.framework/Versions/A/Libraries/libCGInterfaces.dylib
0x00007fff3fcc6000 	/System/Library/Frameworks/ApplicationServices.framework/Versions/A/Frameworks/ATS.framework/Versions/A/Resources/libTrueTypeScaler.dylib
0x00007fff3abef000 	/System/Library/Extensions/AppleIntelKBLGraphicsMTLDriver.bundle/Contents/MacOS/AppleIntelKBLGraphicsMTLDriver
0x00007fff5bacb000 	/System/Library/PrivateFrameworks/GPUCompiler.framework/Versions/3902/Libraries/libmetal_timestamp.dylib
0x00007fff581b3000 	/System/Library/PrivateFrameworks/FamilyControls.framework/Versions/A/FamilyControls
0x00007fff5493e000 	/System/Library/PrivateFrameworks/CommerceKit.framework/Versions/A/Frameworks/CommerceCore.framework/Versions/A/CommerceCore
0x00007fff6932c000 	/System/Library/PrivateFrameworks/SystemAdministration.framework/Versions/A/SystemAdministration
0x00007fff51b21000 	/System/Library/PrivateFrameworks/AppContainer.framework/Versions/A/AppContainer
0x00007fff51b3e000 	/System/Library/PrivateFrameworks/AppSandbox.framework/Versions/A/AppSandbox
0x00007fff66712000 	/System/Library/PrivateFrameworks/SecCodeWrapper.framework/Versions/A/SecCodeWrapper
0x00007fff6e0c5000 	/usr/lib/libsandbox.1.dylib
0x00007fff6bb7d000 	/usr/lib/libMatch.1.dylib
0x00007fff56f44000 	/System/Library/PrivateFrameworks/DiskManagement.framework/Versions/A/DiskManagement
0x00007fff436dd000 	/System/Library/Frameworks/DirectoryService.framework/Versions/A/DirectoryService
0x00007fff56e71000 	/System/Library/PrivateFrameworks/DiskImages.framework/Versions/A/DiskImages
0x00007fff5ff21000 	/System/Library/PrivateFrameworks/LoginUIKit.framework/Versions/A/Frameworks/LoginUICore.framework/Versions/A/LoginUICore
0x00007fff6b8d1000 	/usr/lib/libCoreStorage.dylib
0x00007fff6c92b000 	/usr/lib/libcsfde.dylib
0x00007fff6df42000 	/usr/lib/libodfde.dylib
0x00007fff607a8000 	/System/Library/PrivateFrameworks/MediaKit.framework/Versions/A/MediaKit
0x00007fff436e9000 	/System/Library/Frameworks/DiscRecording.framework/Versions/A/DiscRecording
0x00007fff570b1000 	/System/Library/PrivateFrameworks/EFILogin.framework/Versions/A/EFILogin
0x00007fff64b40000 	/System/Library/PrivateFrameworks/ProtectedCloudStorage.framework/Versions/A/ProtectedCloudStorage
0x00007fff6c9c0000 	/usr/lib/libcurl.4.dylib
0x00007fff6c792000 	/usr/lib/libcrypto.42.dylib
0x00007fff6e3f1000 	/usr/lib/libssl.44.dylib
0x00007fff45841000 	/System/Library/Frameworks/LDAP.framework/Versions/A/LDAP
0x00007fff699da000 	/System/Library/PrivateFrameworks/TrustEvaluationAgent.framework/Versions/A/TrustEvaluationAgent
0x00007fff6e102000 	/usr/lib/libsasl2.2.dylib
0x00007fff55449000 	/System/Library/PrivateFrameworks/CoreDaemon.framework/Versions/B/CoreDaemon
0x00007fff5231f000 	/System/Library/PrivateFrameworks/AppleSRP.framework/Versions/A/AppleSRP
0x00007fff6a88a000 	/System/Library/PrivateFrameworks/ViewBridge.framework/Versions/A/ViewBridge
0x00007fff4b7a7000 	/System/Library/Frameworks/OpenGL.framework/Versions/A/Resources/GLEngine.bundle/GLEngine
0x00007fff4ac37000 	/System/Library/Frameworks/OpenGL.framework/Versions/A/Libraries/libGLProgrammability.dylib
0x00007fff39e0e000 	/System/Library/Extensions/AppleIntelKBLGraphicsGLDriver.bundle/Contents/MacOS/AppleIntelKBLGraphicsGLDriver
0x00007fff5d16a000 	/System/Library/PrivateFrameworks/GPUSupport.framework/Versions/A/Libraries/libGPUSupportMercury.dylib
0x00007fff4b93e000 	/System/Library/Frameworks/OpenGL.framework/Versions/A/Resources/GLRendererFloat.bundle/GLRendererFloat
0x00007fff4a1eb000 	/System/Library/Frameworks/OpenCL.framework/Versions/A/Libraries/libcldcpuengine.dylib
0x00007fff6c467000 	/usr/lib/libcrypto.35.dylib
0x000000011d0e5000 	/Library/Java/JavaVirtualMachines/jdk1.8.0_191.jdk/Contents/Home/jre/lib/libfontmanager.dylib
0x000000011d14c000 	/usr/lib/libobjc-trampolines.dylib
0x000000011e515000 	/Library/Java/JavaVirtualMachines/jdk1.8.0_191.jdk/Contents/Home/jre/lib/libosxui.dylib
0x000000011f1eb000 	/Library/Java/JavaVirtualMachines/jdk1.8.0_191.jdk/Contents/Home/jre/lib/libnet.dylib
0x000000011f24a000 	/Library/Java/JavaVirtualMachines/jdk1.8.0_191.jdk/Contents/Home/jre/lib/libnio.dylib
0x000000011ac84000 	/private/var/folders/_m/yh4n20q10h157qj87mnyrcjr0000gn/T/jogamp_0000/file_cache/jln466793461622681113/jln719237612654502355/libgluegen-rt.jnilib
0x000000011ac89000 	/private/var/folders/_m/yh4n20q10h157qj87mnyrcjr0000gn/T/jogamp_0000/file_cache/jln466793461622681113/jln719237612654502355/libnativewindow_awt.jnilib
0x000000011ac8c000 	/Library/Java/JavaVirtualMachines/jdk1.8.0_191.jdk/Contents/Home/jre/lib/libjawt.dylib
0x000000011ac8f000 	/private/var/folders/_m/yh4n20q10h157qj87mnyrcjr0000gn/T/jogamp_0000/file_cache/jln466793461622681113/jln719237612654502355/libnativewindow_macosx.jnilib
0x00000001936c6000 	/private/var/folders/_m/yh4n20q10h157qj87mnyrcjr0000gn/T/jogamp_0000/file_cache/jln466793461622681113/jln719237612654502355/libjogl_desktop.jnilib
0x000000011e27b000 	/Library/Java/JavaVirtualMachines/jdk1.8.0_191.jdk/Contents/Home/jre/lib/libsunec.dylib
0x000000019b0cd000 	/Library/Java/JavaVirtualMachines/jdk1.8.0_191.jdk/Contents/Home/jre/lib/libjpeg.dylib

VM Arguments:
jvm_args: -Djava.security.policy=java.policy.applet -Dfile.encoding=UTF-8 
java_command: sun.applet.AppletViewer module3.EarthquakeCityMap1549920273872.html
java_class_path (initial): /Users/philip/EclipseWorkspace/UCSDUnfoldingMaps/build:/Users/philip/EclipseWorkspace/UCSDUnfoldingMaps/lib/core.jar:/Users/philip/EclipseWorkspace/UCSDUnfoldingMaps/lib/gluegen-rt.jar:/Users/philip/EclipseWorkspace/UCSDUnfoldingMaps/lib/jogl-all.jar:/Users/philip/EclipseWorkspace/UCSDUnfoldingMaps/lib/log4j-1.2.15.jar:/Users/philip/EclipseWorkspace/UCSDUnfoldingMaps/lib/sqlite-jdbc-3.7.2.jar:/Users/philip/EclipseWorkspace/UCSDUnfoldingMaps/lib/json4processing.jar:/Users/philip/EclipseWorkspace/UCSDUnfoldingMaps/lib/libTUIO.jar:/Users/philip/EclipseWorkspace/UCSDUnfoldingMaps/lib/unfolding.0.9.7-uscd.jar
Launcher Type: SUN_STANDARD

Environment Variables:
PATH=/usr/bin:/bin:/usr/sbin:/sbin
SHELL=/bin/bash

Signal Handlers:
SIGSEGV: [libjvm.dylib+0x5b5de9], sa_mask[0]=11111111011111110111111111111111, sa_flags=SA_ONSTACK|SA_RESTART|SA_SIGINFO
SIGBUS: [libjvm.dylib+0x5b5de9], sa_mask[0]=11111111011111110111111111111111, sa_flags=SA_RESTART|SA_SIGINFO
SIGFPE: [libjvm.dylib+0x48b6b0], sa_mask[0]=11111111011111110111111111111111, sa_flags=SA_RESTART|SA_SIGINFO
SIGPIPE: [libjvm.dylib+0x48b6b0], sa_mask[0]=11111111011111110111111111111111, sa_flags=SA_RESTART|SA_SIGINFO
SIGXFSZ: [libjvm.dylib+0x48b6b0], sa_mask[0]=11111111011111110111111111111111, sa_flags=SA_RESTART|SA_SIGINFO
SIGILL: [libjvm.dylib+0x48b6b0], sa_mask[0]=11111111011111110111111111111111, sa_flags=SA_RESTART|SA_SIGINFO
SIGUSR1: SIG_DFL, sa_mask[0]=00000000000000000000000000000000, sa_flags=none
SIGUSR2: [libjvm.dylib+0x48b1ce], sa_mask[0]=00100000000000000000000000000000, sa_flags=SA_RESTART|SA_SIGINFO
SIGHUP: [libjvm.dylib+0x489759], sa_mask[0]=11111111011111110111111111111111, sa_flags=SA_RESTART|SA_SIGINFO
SIGINT: [libjvm.dylib+0x489759], sa_mask[0]=11111111011111110111111111111111, sa_flags=SA_RESTART|SA_SIGINFO
SIGTERM: [libjvm.dylib+0x489759], sa_mask[0]=11111111011111110111111111111111, sa_flags=SA_RESTART|SA_SIGINFO
SIGQUIT: [libjvm.dylib+0x489759], sa_mask[0]=11111111011111110111111111111111, sa_flags=SA_RESTART|SA_SIGINFO


---------------  S Y S T E M  ---------------

OS:Bsduname:Darwin 18.2.0 Darwin Kernel Version 18.2.0: Thu Dec 20 20:46:53 PST 2018; root:xnu-4903.241.1~1/RELEASE_X86_64 x86_64
rlimit: STACK 8192k, CORE 0k, NPROC 709, NOFILE 10240, AS infinity
load average:2.58 1.89 1.87

CPU:total 4 (initial active 4) (2 cores per cpu, 2 threads per core) family 6 model 142 stepping 9, cmov, cx8, fxsr, mmx, sse, sse2, sse3, ssse3, sse4.1, sse4.2, popcnt, avx, avx2, aes, clmul, erms, rtm, 3dnowpref, lzcnt, ht, tsc, tscinvbit, bmi1, bmi2, adx

Memory: 4k page, physical 8388608k(543888k free)

/proc/meminfo:


vm_info: Java HotSpot(TM) 64-Bit Server VM (25.191-b12) for bsd-amd64 JRE (1.8.0_191-b12), built on Oct  6 2018 08:37:07 by "java_re" with gcc 4.2.1 (Based on Apple Inc. build 5658) (LLVM build 2336.11.00)

time: Mon Feb 11 16:25:11 2019
elapsed time: 38 seconds (0d 0h 0m 38s)

