#
# A fatal error has been detected by the Java Runtime Environment:
#
#  SIGSEGV (0xb) at pc=0x00007fff6d7c2a1d, pid=5365, tid=0x0000000000000307
#
# JRE version: Java(TM) SE Runtime Environment (8.0_191-b12) (build 1.8.0_191-b12)
# Java VM: Java HotSpot(TM) 64-Bit Server VM (25.191-b12 mixed mode bsd-amd64 compressed oops)
# Problematic frame:
# C  [libobjc.A.dylib+0x7a1d]  objc_msgSend+0x1d
#
# Failed to write core dump. Core dumps have been disabled. To enable core dumping, try "ulimit -c unlimited" before starting Java again
#
# If you would like to submit a bug report, please visit:
#   http://bugreport.java.com/bugreport/crash.jsp
# The crash happened outside the Java Virtual Machine in native code.
# See problematic frame for where to report the bug.
#

---------------  T H R E A D  ---------------

Current thread (0x00007fe7df8df000):  JavaThread "AWT-AppKit" daemon [_thread_in_native, id=775, stack(0x00007ffee4770000,0x00007ffee4f70000)]

siginfo: si_signo: 11 (SIGSEGV), si_code: 1 (SEGV_MAPERR), si_addr: 0x0000000000000018

Registers:
RAX=0x00007fe7e05c05a0, RBX=0x0000000125419450, RCX=0x0000000000000001, RDX=0x0000000000000000
RSP=0x00007ffee4f6b338, RBP=0x00007ffee4f6b3f0, RSI=0x00007fff3f7937eb, RDI=0x00007fe7e1849ac0
R8 =0x000000007e03001a, R9 =0x00007fe7e0300000, R10=0x0000000000000000, R11=0x00007fff3f7937eb
R12=0x0000000000000000, R13=0x000000019ddd6bd8, R14=0x0000000125419440, R15=0x00007fe7df8df000
RIP=0x00007fff6d7c2a1d, EFLAGS=0x0000000000010246, ERR=0x0000000000000004
  TRAPNO=0x000000000000000e

Top of Stack: (sp=0x00007ffee4f6b338)
0x00007ffee4f6b338:   0000000125417157 00007ffee4f6b390
0x00007ffee4f6b348:   0000000000000003 00007ffee4f6b370
0x00007ffee4f6b358:   000000010b743392 000000019ddd6bd8
0x00007ffee4f6b368:   000000019ddd6bd8 00007fe7e05c05a0
0x00007ffee4f6b378:   00000001254196a0 0000000125419710
0x00007ffee4f6b388:   00007fff9a08eca8 00007fff9b784e38
0x00007ffee4f6b398:   0000000125419450 0000000125419690
0x00007ffee4f6b3a8:   00007fe7e05c05a0 00007fe7e1849ac0
0x00007ffee4f6b3b8:   00007fe7ddeb0bf0 00007fe7e05c05a0
0x00007ffee4f6b3c8:   00007fe7e1849ac0 00007ffee4f6b478
0x00007ffee4f6b3d8:   00007fe7df8df1f8 000000019ddd6bd8
0x00007ffee4f6b3e8:   00007ffee4f6b4a0 00007ffee4f6b468
0x00007ffee4f6b3f8:   0000000114604667 000000019ddd6bd8
0x00007ffee4f6b408:   00007ffee4f6b4a0 00007ffee4f6b468
0x00007ffee4f6b418:   00000001146043c7 0000000114604382
0x00007ffee4f6b428:   00007ffee4f6b428 000000019ddd6bd8
0x00007ffee4f6b438:   00007ffee4f6b4a0 000000019ddfa028
0x00007ffee4f6b448:   0000000000000000 000000019ddd6bd8
0x00007ffee4f6b458:   0000000000000000 00007ffee4f6b488
0x00007ffee4f6b468:   00007ffee4f6b4e8 00000001145f42bd
0x00007ffee4f6b478:   00000007403d3be8 00000001145fdd18
0x00007ffee4f6b488:   00007fe7e05c05a0 00007ffee4f6b4e8
0x00007ffee4f6b498:   00007fe7e1849ac0 00000001145ff782
0x00007ffee4f6b4a8:   00007ffee4f6b4a8 000000019ddd6da2
0x00007ffee4f6b4b8:   00007ffee4f6b510 000000019ddfa028
0x00007ffee4f6b4c8:   0000000000000000 000000019ddd6db0
0x00007ffee4f6b4d8:   00007ffee4f6b488 00007ffee4f6b4f8
0x00007ffee4f6b4e8:   00007ffee4f6b558 00000001145f42bd
0x00007ffee4f6b4f8:   00007fe7e05c05a0 00000007402c1858
0x00007ffee4f6b508:   00007fe7e1849ac0 00000007402c1858
0x00007ffee4f6b518:   00007ffee4f6b518 00000001a178709e
0x00007ffee4f6b528:   00007ffee4f6b568 00000001a1787158 

Instructions: (pc=0x00007fff6d7c2a1d)
0x00007fff6d7c29fd:   0f 1f 00 48 85 ff 2e 74 62 40 f6 c7 01 2e 75 66
0x00007fff6d7c2a0d:   49 ba f8 ff ff ff ff 7f 00 00 4c 23 17 49 89 f3
0x00007fff6d7c2a1d:   45 23 5a 18 49 c1 e3 04 4d 03 5a 10 49 3b 33 75
0x00007fff6d7c2a2d:   04 41 ff 63 08 49 83 3b 01 76 0d 49 83 c3 10 49 

Register to memory mapping:

RAX=0x00007fe7e05c05a0 is an unknown value
RBX=0x0000000125419450: Java_jogamp_nativewindow_macosx_OSXUtil_GetScreenRefreshRate0+0x1cf0 in /private/var/folders/_m/yh4n20q10h157qj87mnyrcjr0000gn/T/jogamp_0000/file_cache/jln1424100778830694417/jln2075490340212596533/libnativewindow_macosx.jnilib at 0x0000000125412000
RCX=0x0000000000000001 is an unknown value
RDX=0x0000000000000000 is an unknown value
RSP=0x00007ffee4f6b338 is pointing into the stack for thread: 0x00007fe7df8df000
RBP=0x00007ffee4f6b3f0 is pointing into the stack for thread: 0x00007fe7df8df000
RSI=0x00007fff3f7937eb: GCC_except_table7+0x9eaf in /System/Library/Frameworks/AppKit.framework/Versions/C/AppKit at 0x00007fff3eb84000
RDI=0x00007fe7e1849ac0 is an unknown value
R8 =0x000000007e03001a is an unknown value
R9 =0x00007fe7e0300000 is an unknown value
R10=0x0000000000000000 is an unknown value
R11=0x00007fff3f7937eb: GCC_except_table7+0x9eaf in /System/Library/Frameworks/AppKit.framework/Versions/C/AppKit at 0x00007fff3eb84000
R12=0x0000000000000000 is an unknown value
R13={method} {0x000000019ddd6bd8} 'UnsetJAWTRootSurfaceLayer0' '(JJ)V' in 'jogamp/nativewindow/jawt/macosx/MacOSXJAWTWindow'
R14=0x0000000125419440: Java_jogamp_nativewindow_macosx_OSXUtil_GetScreenRefreshRate0+0x1ce0 in /private/var/folders/_m/yh4n20q10h157qj87mnyrcjr0000gn/T/jogamp_0000/file_cache/jln1424100778830694417/jln2075490340212596533/libnativewindow_macosx.jnilib at 0x0000000125412000
R15=0x00007fe7df8df000 is a thread


Stack: [0x00007ffee4770000,0x00007ffee4f70000],  sp=0x00007ffee4f6b338,  free space=8172k
Native frames: (J=compiled Java code, j=interpreted, Vv=VM code, C=native code)
C  [libobjc.A.dylib+0x7a1d]  objc_msgSend+0x1d
j  jogamp.nativewindow.jawt.macosx.MacOSXJAWTWindow.UnsetJAWTRootSurfaceLayer0(JJ)V+0
j  jogamp.nativewindow.jawt.macosx.MacOSXJAWTWindow.access$200(JJ)V+2
j  jogamp.nativewindow.jawt.macosx.MacOSXJAWTWindow$1.run()V+38
j  com.jogamp.common.util.RunnableTask.run()V+24
v  ~StubRoutines::call_stub
V  [libjvm.dylib+0x2ef9fe]
V  [libjvm.dylib+0x326d3c]
V  [libjvm.dylib+0x31951f]
C  [libnativewindow_macosx.jnilib+0x5326]  Java_jogamp_nativewindow_jawt_macosx_MacOSXJAWTWindow_UnsetJAWTRootSurfaceLayer0+0x2b6
C  [Foundation+0xb1bab]  __NSThreadPerformPerform+0x147
C  [CoreFoundation+0x58395]  __CFRUNLOOP_IS_CALLING_OUT_TO_A_SOURCE0_PERFORM_FUNCTION__+0x11
C  [CoreFoundation+0x5833b]  __CFRunLoopDoSource0+0x6c
C  [CoreFoundation+0x3be29]  __CFRunLoopDoSources0+0x11b
C  [CoreFoundation+0x3b37a]  __CFRunLoopRun+0x4c3
C  [CoreFoundation+0x3ac64]  CFRunLoopRunSpecific+0x1cf
C  [HIToolbox+0xaab5]  RunCurrentEventLoopInMode+0x125
C  [HIToolbox+0xa6f4]  ReceiveNextEventCommon+0x173
C  [HIToolbox+0xa568]  _BlockUntilNextEventMatchingListInModeWithFilter+0x40
C  [AppKit+0x1b363]  _DPSNextEvent+0x3e5
C  [AppKit+0x1a102]  -[NSApplication(NSEvent) _nextEventMatchingEventMask:untilDate:inMode:dequeue:]+0x552
C  [libosxapp.dylib+0x2328]  -[NSApplicationAWT nextEventMatchingMask:untilDate:inMode:dequeue:]+0x7c
C  [AppKit+0x14165]  -[NSApplication run]+0x2bb
C  [libosxapp.dylib+0x1f72]  +[NSApplicationAWT runAWTLoopWithApp:]+0x9c
C  [libawt_lwawt.dylib+0x4711f]  -[AWTStarter starter:]+0x389
C  [Foundation+0xb1bab]  __NSThreadPerformPerform+0x147
C  [CoreFoundation+0x58395]  __CFRUNLOOP_IS_CALLING_OUT_TO_A_SOURCE0_PERFORM_FUNCTION__+0x11
C  [CoreFoundation+0x5833b]  __CFRunLoopDoSource0+0x6c
C  [CoreFoundation+0x3bdd1]  __CFRunLoopDoSources0+0xc3
C  [CoreFoundation+0x3b37a]  __CFRunLoopRun+0x4c3
C  [CoreFoundation+0x3ac64]  CFRunLoopRunSpecific+0x1cf
C  [java+0x646e]  CreateExecutionEnvironment+0x367
C  [java+0x203c]  JLI_Launch+0x7a0
C  [java+0x84cb]  main+0x65
C  [java+0x1894]  start+0x34
C  0x0000000000000007

Java frames: (J=compiled Java code, j=interpreted, Vv=VM code)
j  jogamp.nativewindow.jawt.macosx.MacOSXJAWTWindow.UnsetJAWTRootSurfaceLayer0(JJ)V+0
j  jogamp.nativewindow.jawt.macosx.MacOSXJAWTWindow.access$200(JJ)V+2
j  jogamp.nativewindow.jawt.macosx.MacOSXJAWTWindow$1.run()V+38
j  com.jogamp.common.util.RunnableTask.run()V+24
v  ~StubRoutines::call_stub

---------------  P R O C E S S  ---------------

Java Threads: ( => current thread )
  0x00007fe7de051000 JavaThread "NativeWindowFactory_ShutdownHook" [_thread_in_native, id=72051, stack(0x000070000a4c1000,0x000070000a5c1000)]
  0x00007fe7debc2800 JavaThread "Thread-19" [_thread_blocked, id=58383, stack(0x000070000a950000,0x000070000aa50000)]
  0x00007fe7df357000 JavaThread "AWT-EventQueue-1" [_thread_blocked, id=54807, stack(0x000070000a84d000,0x000070000a94d000)]
  0x00007fe7df923800 JavaThread "DestroyJavaVM" [_thread_blocked, id=6915, stack(0x0000700009205000,0x0000700009305000)]
  0x00007fe7de97d000 JavaThread "AWT-EventQueue-0" [_thread_blocked, id=51203, stack(0x000070000a647000,0x000070000a747000)]
  0x00007fe7df1a0000 JavaThread "Java2D Disposer" daemon [_thread_blocked, id=77587, stack(0x000070000a3be000,0x000070000a4be000)]
  0x00007fe7de169800 JavaThread "Java2D Queue Flusher" daemon [_thread_blocked, id=80399, stack(0x000070000a2bb000,0x000070000a3bb000)]
  0x00007fe7de13d000 JavaThread "AWT-Shutdown" [_thread_blocked, id=39719, stack(0x000070000a0b2000,0x000070000a1b2000)]
=>0x00007fe7df8df000 JavaThread "AWT-AppKit" daemon [_thread_in_native, id=775, stack(0x00007ffee4770000,0x00007ffee4f70000)]
  0x00007fe7de007800 JavaThread "Service Thread" daemon [_thread_blocked, id=15107, stack(0x0000700009e29000,0x0000700009f29000)]
  0x00007fe7de019800 JavaThread "C1 CompilerThread2" daemon [_thread_blocked, id=14851, stack(0x0000700009d26000,0x0000700009e26000)]
  0x00007fe7de019000 JavaThread "C2 CompilerThread1" daemon [_thread_blocked, id=14339, stack(0x0000700009c23000,0x0000700009d23000)]
  0x00007fe7de017000 JavaThread "C2 CompilerThread0" daemon [_thread_blocked, id=13827, stack(0x0000700009b20000,0x0000700009c20000)]
  0x00007fe7de006800 JavaThread "Signal Dispatcher" daemon [_thread_blocked, id=18947, stack(0x0000700009a1d000,0x0000700009b1d000)]
  0x00007fe7df066800 JavaThread "Finalizer" daemon [_thread_blocked, id=12291, stack(0x000070000991a000,0x0000700009a1a000)]
  0x00007fe7df066000 JavaThread "Reference Handler" daemon [_thread_blocked, id=20739, stack(0x0000700009817000,0x0000700009917000)]

Other Threads:
  0x00007fe7df05f000 VMThread [stack: 0x0000700009714000,0x0000700009814000] [id=20995]
  0x00007fe7df034800 WatcherThread [stack: 0x0000700009f2c000,0x000070000a02c000] [id=15619]

VM state:not at safepoint (normal execution)

VM Mutex/Monitor currently owned by a thread: None

Heap:
 PSYoungGen      total 61440K, used 5791K [0x0000000795580000, 0x000000079a480000, 0x00000007c0000000)
  eden space 56320K, 1% used [0x0000000795580000,0x000000079563bbd8,0x0000000798c80000)
  from space 5120K, 98% used [0x0000000798d80000,0x000000079926c100,0x0000000799280000)
  to   space 12288K, 0% used [0x0000000799880000,0x0000000799880000,0x000000079a480000)
 ParOldGen       total 63488K, used 20953K [0x0000000740000000, 0x0000000743e00000, 0x0000000795580000)
  object space 63488K, 33% used [0x0000000740000000,0x0000000741476508,0x0000000743e00000)
 Metaspace       used 24632K, capacity 25113K, committed 25264K, reserved 1071104K
  class space    used 2476K, capacity 2625K, committed 2736K, reserved 1048576K

Card table byte_map: [0x000000010c974000,0x000000010cd75000] byte_map_base: 0x0000000108f74000

Marking Bits: (ParMarkBitMap*) 0x000000010bef9e00
 Begin Bits: [0x000000010d020000, 0x000000010f020000)
 End Bits:   [0x000000010f020000, 0x0000000111020000)

Polling page: 0x000000010acff000

CodeCache: size=245760Kb used=12013Kb max_used=12019Kb free=233746Kb
 bounds [0x00000001145ec000, 0x00000001151bc000, 0x00000001235ec000]
 total_blobs=4288 nmethods=3343 adapters=858
 compilation: enabled

Compilation events (10 events):
Event: 108.072 Thread 0x00007fe7de019800 nmethod 3365 0x00000001151a8250 code [0x00000001151a8420, 0x00000001151a8a38]
Event: 108.079 Thread 0x00007fe7de019800 3366       3       java.util.IdentityHashMap::get (60 bytes)
Event: 108.080 Thread 0x00007fe7de019800 nmethod 3366 0x00000001151afe10 code [0x00000001151affc0, 0x00000001151b0468]
Event: 108.084 Thread 0x00007fe7de019800 3367       1       java.awt.event.PaintEvent::getUpdateRect (5 bytes)
Event: 108.084 Thread 0x00007fe7de019800 nmethod 3367 0x00000001151a7f90 code [0x00000001151a80e0, 0x00000001151a81f0]
Event: 108.084 Thread 0x00007fe7de019800 3368       1       java.awt.AlphaComposite::getRule (5 bytes)
Event: 108.084 Thread 0x00007fe7de019800 nmethod 3368 0x00000001151b0690 code [0x00000001151b07e0, 0x00000001151b08f0]
Event: 108.084 Thread 0x00007fe7de019000 3369       4       java.util.concurrent.locks.AbstractQueuedSynchronizer$ConditionObject::signalAll (33 bytes)
Event: 108.087 Thread 0x00007fe7de019000 nmethod 3369 0x00000001151b37d0 code [0x00000001151b3940, 0x00000001151b3bb8]
Event: 108.087 Thread 0x00007fe7de019800 3370       3       sun.reflect.ReflectionFactory::copyConstructor (10 bytes)

GC Heap History (10 events):
Event: 49.825 GC heap before
{Heap before GC invocations=9 (full 1):
 PSYoungGen      total 80384K, used 69952K [0x0000000795580000, 0x000000079c280000, 0x00000007c0000000)
  eden space 65024K, 100% used [0x0000000795580000,0x0000000799500000,0x0000000799500000)
  from space 15360K, 32% used [0x0000000799500000,0x00000007999d00f0,0x000000079a400000)
  to   space 14848K, 0% used [0x000000079b400000,0x000000079b400000,0x000000079c280000)
 ParOldGen       total 63488K, used 20937K [0x0000000740000000, 0x0000000743e00000, 0x0000000795580000)
  object space 63488K, 32% used [0x0000000740000000,0x0000000741472508,0x0000000743e00000)
 Metaspace       used 24444K, capacity 24821K, committed 24880K, reserved 1071104K
  class space    used 2462K, capacity 2591K, committed 2608K, reserved 1048576K
Event: 49.832 GC heap after
Heap after GC invocations=9 (full 1):
 PSYoungGen      total 68608K, used 4928K [0x0000000795580000, 0x000000079b900000, 0x00000007c0000000)
  eden space 63488K, 0% used [0x0000000795580000,0x0000000795580000,0x0000000799380000)
  from space 5120K, 96% used [0x000000079b400000,0x000000079b8d00f0,0x000000079b900000)
  to   space 14336K, 0% used [0x0000000799d00000,0x0000000799d00000,0x000000079ab00000)
 ParOldGen       total 63488K, used 20937K [0x0000000740000000, 0x0000000743e00000, 0x0000000795580000)
  object space 63488K, 32% used [0x0000000740000000,0x0000000741472508,0x0000000743e00000)
 Metaspace       used 24444K, capacity 24821K, committed 24880K, reserved 1071104K
  class space    used 2462K, capacity 2591K, committed 2608K, reserved 1048576K
}
Event: 62.160 GC heap before
{Heap before GC invocations=10 (full 1):
 PSYoungGen      total 68608K, used 68416K [0x0000000795580000, 0x000000079b900000, 0x00000007c0000000)
  eden space 63488K, 100% used [0x0000000795580000,0x0000000799380000,0x0000000799380000)
  from space 5120K, 96% used [0x000000079b400000,0x000000079b8d00f0,0x000000079b900000)
  to   space 14336K, 0% used [0x0000000799d00000,0x0000000799d00000,0x000000079ab00000)
 ParOldGen       total 63488K, used 20937K [0x0000000740000000, 0x0000000743e00000, 0x0000000795580000)
  object space 63488K, 32% used [0x0000000740000000,0x0000000741472508,0x0000000743e00000)
 Metaspace       used 24444K, capacity 24821K, committed 24880K, reserved 1071104K
  class space    used 2462K, capacity 2591K, committed 2608K, reserved 1048576K
Event: 62.166 GC heap after
Heap after GC invocations=10 (full 1):
 PSYoungGen      total 67072K, used 4992K [0x0000000795580000, 0x000000079b480000, 0x00000007c0000000)
  eden space 61952K, 0% used [0x0000000795580000,0x0000000795580000,0x0000000799200000)
  from space 5120K, 97% used [0x0000000799d00000,0x000000079a1e00f0,0x000000079a200000)
  to   space 14336K, 0% used [0x000000079a680000,0x000000079a680000,0x000000079b480000)
 ParOldGen       total 63488K, used 20937K [0x0000000740000000, 0x0000000743e00000, 0x0000000795580000)
  object space 63488K, 32% used [0x0000000740000000,0x0000000741472508,0x0000000743e00000)
 Metaspace       used 24444K, capacity 24821K, committed 24880K, reserved 1071104K
  class space    used 2462K, capacity 2591K, committed 2608K, reserved 1048576K
}
Event: 74.205 GC heap before
{Heap before GC invocations=11 (full 1):
 PSYoungGen      total 67072K, used 66944K [0x0000000795580000, 0x000000079b480000, 0x00000007c0000000)
  eden space 61952K, 100% used [0x0000000795580000,0x0000000799200000,0x0000000799200000)
  from space 5120K, 97% used [0x0000000799d00000,0x000000079a1e00f0,0x000000079a200000)
  to   space 14336K, 0% used [0x000000079a680000,0x000000079a680000,0x000000079b480000)
 ParOldGen       total 63488K, used 20937K [0x0000000740000000, 0x0000000743e00000, 0x0000000795580000)
  object space 63488K, 32% used [0x0000000740000000,0x0000000741472508,0x0000000743e00000)
 Metaspace       used 24444K, capacity 24821K, committed 24880K, reserved 1071104K
  class space    used 2462K, capacity 2591K, committed 2608K, reserved 1048576K
Event: 74.214 GC heap after
Heap after GC invocations=11 (full 1):
 PSYoungGen      total 65536K, used 4928K [0x0000000795580000, 0x000000079ab80000, 0x00000007c0000000)
  eden space 60416K, 0% used [0x0000000795580000,0x0000000795580000,0x0000000799080000)
  from space 5120K, 96% used [0x000000079a680000,0x000000079ab500f0,0x000000079ab80000)
  to   space 13824K, 0% used [0x0000000799080000,0x0000000799080000,0x0000000799e00000)
 ParOldGen       total 63488K, used 20945K [0x0000000740000000, 0x0000000743e00000, 0x0000000795580000)
  object space 63488K, 32% used [0x0000000740000000,0x0000000741474508,0x0000000743e00000)
 Metaspace       used 24444K, capacity 24821K, committed 24880K, reserved 1071104K
  class space    used 2462K, capacity 2591K, committed 2608K, reserved 1048576K
}
Event: 85.952 GC heap before
{Heap before GC invocations=12 (full 1):
 PSYoungGen      total 65536K, used 65344K [0x0000000795580000, 0x000000079ab80000, 0x00000007c0000000)
  eden space 60416K, 100% used [0x0000000795580000,0x0000000799080000,0x0000000799080000)
  from space 5120K, 96% used [0x000000079a680000,0x000000079ab500f0,0x000000079ab80000)
  to   space 13824K, 0% used [0x0000000799080000,0x0000000799080000,0x0000000799e00000)
 ParOldGen       total 63488K, used 20945K [0x0000000740000000, 0x0000000743e00000, 0x0000000795580000)
  object space 63488K, 32% used [0x0000000740000000,0x0000000741474508,0x0000000743e00000)
 Metaspace       used 24444K, capacity 24821K, committed 24880K, reserved 1071104K
  class space    used 2462K, capacity 2591K, committed 2608K, reserved 1048576K
Event: 85.957 GC heap after
Heap after GC invocations=12 (full 1):
 PSYoungGen      total 64000K, used 4928K [0x0000000795580000, 0x000000079a900000, 0x00000007c0000000)
  eden space 58880K, 0% used [0x0000000795580000,0x0000000795580000,0x0000000798f00000)
  from space 5120K, 96% used [0x0000000799080000,0x00000007995500f0,0x0000000799580000)
  to   space 13312K, 0% used [0x0000000799c00000,0x0000000799c00000,0x000000079a900000)
 ParOldGen       total 63488K, used 20945K [0x0000000740000000, 0x0000000743e00000, 0x0000000795580000)
  object space 63488K, 32% used [0x0000000740000000,0x0000000741474508,0x0000000743e00000)
 Metaspace       used 24444K, capacity 24821K, committed 24880K, reserved 1071104K
  class space    used 2462K, capacity 2591K, committed 2608K, reserved 1048576K
}
Event: 97.315 GC heap before
{Heap before GC invocations=13 (full 1):
 PSYoungGen      total 64000K, used 63808K [0x0000000795580000, 0x000000079a900000, 0x00000007c0000000)
  eden space 58880K, 100% used [0x0000000795580000,0x0000000798f00000,0x0000000798f00000)
  from space 5120K, 96% used [0x0000000799080000,0x00000007995500f0,0x0000000799580000)
  to   space 13312K, 0% used [0x0000000799c00000,0x0000000799c00000,0x000000079a900000)
 ParOldGen       total 63488K, used 20945K [0x0000000740000000, 0x0000000743e00000, 0x0000000795580000)
  object space 63488K, 32% used [0x0000000740000000,0x0000000741474508,0x0000000743e00000)
 Metaspace       used 24445K, capacity 24821K, committed 24880K, reserved 1071104K
  class space    used 2462K, capacity 2591K, committed 2608K, reserved 1048576K
Event: 97.345 GC heap after
Heap after GC invocations=13 (full 1):
 PSYoungGen      total 68096K, used 4992K [0x0000000795580000, 0x000000079a680000, 0x00000007c0000000)
  eden space 57344K, 0% used [0x0000000795580000,0x0000000795580000,0x0000000798d80000)
  from space 10752K, 46% used [0x0000000799c00000,0x000000079a0e00f0,0x000000079a680000)
  to   space 12800K, 0% used [0x0000000798d80000,0x0000000798d80000,0x0000000799a00000)
 ParOldGen       total 63488K, used 20945K [0x0000000740000000, 0x0000000743e00000, 0x0000000795580000)
  object space 63488K, 32% used [0x0000000740000000,0x0000000741474508,0x0000000743e00000)
 Metaspace       used 24445K, capacity 24821K, committed 24880K, reserved 1071104K
  class space    used 2462K, capacity 2591K, committed 2608K, reserved 1048576K
}

Deoptimization events (10 events):
Event: 108.062 Thread 0x00007fe7df29b800 Uncommon trap: reason=class_check action=maybe_recompile pc=0x0000000114a811ac method=java.util.HashMap.putVal(ILjava/lang/Object;Ljava/lang/Object;ZZ)Ljava/lang/Object; @ 91
Event: 108.063 Thread 0x00007fe7de97d000 Uncommon trap: reason=bimorphic action=maybe_recompile pc=0x000000011510c370 method=java.awt.event.InvocationEvent.dispatch()V @ 47
Event: 108.068 Thread 0x00007fe7df8df000 Uncommon trap: reason=class_check action=maybe_recompile pc=0x00000001146ed440 method=com.jogamp.common.util.RunnableTask.run()V @ 24
Event: 108.069 Thread 0x00007fe7df8df000 Uncommon trap: reason=unstable_if action=reinterpret pc=0x00000001150a0b7c method=jogamp.nativewindow.macosx.OSXUtil.RunOnMainThread(ZZLjava/lang/Runnable;)V @ 3
Event: 108.082 Thread 0x00007fe7df357000 Uncommon trap: reason=unstable_if action=reinterpret pc=0x0000000115053458 method=java.util.LinkedList$ListItr.<init>(Ljava/util/LinkedList;I)V @ 26
Event: 108.083 Thread 0x00007fe7df357000 Uncommon trap: reason=unstable_if action=reinterpret pc=0x0000000114f4df68 method=java.security.AccessControlContext.optimize()Ljava/security/AccessControlContext; @ 233
Event: 108.084 Thread 0x00007fe7df357000 Uncommon trap: reason=unstable_if action=reinterpret pc=0x0000000115055ac4 method=java.util.LinkedList$ListItr.<init>(Ljava/util/LinkedList;I)V @ 26
Event: 108.084 Thread 0x00007fe7de97d000 Uncommon trap: reason=bimorphic action=maybe_recompile pc=0x000000011510c370 method=java.awt.event.InvocationEvent.dispatch()V @ 47
Event: 108.084 Thread 0x00007fe7debc2800 Uncommon trap: reason=predicate action=maybe_recompile pc=0x0000000114e746d0 method=java.util.Vector.indexOf(Ljava/lang/Object;I)I @ 44
Event: 108.087 Thread 0x00007fe7df8df000 Uncommon trap: reason=class_check action=maybe_recompile pc=0x00000001146ed440 method=com.jogamp.common.util.RunnableTask.run()V @ 24

Classes redefined (0 events):
No events

Internal exceptions (10 events):
Event: 0.290 Thread 0x00007fe7df002000 Exception <a 'java/io/FileNotFoundException'> (0x0000000795823430) thrown at [/Users/java_re/workspace/8-2-build-macosx-x86_64/jdk8u191/11896/hotspot/src/share/vm/prims/jni.cpp, line 709]
Event: 0.388 Thread 0x00007fe7df002000 Exception <a 'java/io/FileNotFoundException'> (0x00000007958a6938) thrown at [/Users/java_re/workspace/8-2-build-macosx-x86_64/jdk8u191/11896/hotspot/src/share/vm/prims/jni.cpp, line 709]
Event: 1.993 Thread 0x00007fe7de46a000 Exception <a 'java/lang/UnsatisfiedLinkError': com.jogamp.common.util.JarUtil.fixNativeLibAttribs(Ljava/lang/String;)Z> (0x0000000796c98ef8) thrown at [/Users/java_re/workspace/8-2-build-macosx-x86_64/jdk8u191/11896/hotspot/src/share/vm/prims/nativeLookup
Event: 2.245 Thread 0x00007fe7df066800 Exception <a 'java/lang/NullPointerException'> (0x00000007956a3160) thrown at [/Users/java_re/workspace/8-2-build-macosx-x86_64/jdk8u191/11896/hotspot/src/share/vm/interpreter/linkResolver.cpp, line 1185]
Event: 2.767 Thread 0x00007fe7df357000 Exception <a 'java/io/FileNotFoundException'> (0x0000000795f21790) thrown at [/Users/java_re/workspace/8-2-build-macosx-x86_64/jdk8u191/11896/hotspot/src/share/vm/prims/jni.cpp, line 709]
Event: 2.767 Thread 0x00007fe7df357000 Exception <a 'java/io/FileNotFoundException'> (0x0000000795f27870) thrown at [/Users/java_re/workspace/8-2-build-macosx-x86_64/jdk8u191/11896/hotspot/src/share/vm/prims/jni.cpp, line 709]
Event: 2.767 Thread 0x00007fe7df357000 Implicit null exception at 0x00000001147d4bb6 to 0x00000001147d4f79
Event: 2.913 Thread 0x00007fe7df357000 Implicit null exception at 0x00000001149b4bc6 to 0x00000001149b4e0d
Event: 103.330 Thread 0x00007fe7df357000 Implicit null exception at 0x0000000114c4fca5 to 0x0000000114c4fdf9
Event: 108.046 Thread 0x00007fe7df357000 Implicit null exception at 0x00000001150ec93e to 0x00000001150ed589

Events (10 events):
Event: 108.084 Thread 0x00007fe7de97d000 DEOPT UNPACKING pc=0x000000011463173a sp=0x000070000a744ec0 mode 2
Event: 108.084 Thread 0x00007fe7df29b800 Thread exited: 0x00007fe7df29b800
Event: 108.084 Thread 0x00007fe7debc2800 Uncommon trap: trap_request=0xffffff86 fr.pc=0x0000000114e746d0
Event: 108.084 Thread 0x00007fe7debc2800 DEOPT PACKING pc=0x0000000114e746d0 sp=0x000070000aa4f810
Event: 108.084 Thread 0x00007fe7debc2800 DEOPT UNPACKING pc=0x000000011463173a sp=0x000070000aa4f7c0 mode 2
Event: 108.084 loading class java/awt/Window$1DisposeAction
Event: 108.084 loading class java/awt/Window$1DisposeAction done
Event: 108.087 Thread 0x00007fe7df8df000 Uncommon trap: trap_request=0xffffffde fr.pc=0x00000001146ed440
Event: 108.087 Thread 0x00007fe7df8df000 DEOPT PACKING pc=0x00000001146ed440 sp=0x00007ffee4f6b5b0
Event: 108.087 Thread 0x00007fe7df8df000 DEOPT UNPACKING pc=0x000000011463173a sp=0x00007ffee4f6b558 mode 2


Dynamic libraries:
0x00007fff40df0000 	/System/Library/Frameworks/Cocoa.framework/Versions/A/Cocoa
0x00007fff4d0af000 	/System/Library/Frameworks/Security.framework/Versions/A/Security
0x00007fff3f9f7000 	/System/Library/Frameworks/ApplicationServices.framework/Versions/A/ApplicationServices
0x00007fff6e69e000 	/usr/lib/libz.1.dylib
0x00007fff6bd13000 	/usr/lib/libSystem.B.dylib
0x00007fff6d7bb000 	/usr/lib/libobjc.A.dylib
0x00007fff41613000 	/System/Library/Frameworks/CoreFoundation.framework/Versions/A/CoreFoundation
0x00007fff43998000 	/System/Library/Frameworks/Foundation.framework/Versions/C/Foundation
0x00007fff3eb84000 	/System/Library/Frameworks/AppKit.framework/Versions/C/AppKit
0x00007fff41187000 	/System/Library/Frameworks/CoreData.framework/Versions/A/CoreData
0x00007fff64ee1000 	/System/Library/PrivateFrameworks/RemoteViewServices.framework/Versions/A/RemoteViewServices
0x00007fff699e1000 	/System/Library/PrivateFrameworks/UIFoundation.framework/Versions/A/UIFoundation
0x00007fff6b199000 	/System/Library/PrivateFrameworks/XCTTargetBootstrap.framework/Versions/A/XCTTargetBootstrap
0x00007fff5f9e4000 	/System/Library/PrivateFrameworks/IconServices.framework/Versions/A/IconServices
0x00007fff46262000 	/System/Library/Frameworks/Metal.framework/Versions/A/Metal
0x00007fff56be6000 	/System/Library/PrivateFrameworks/DesktopServicesPriv.framework/Versions/A/DesktopServicesPriv
0x00007fff6cace000 	/usr/lib/libenergytrace.dylib
0x00007fff67752000 	/System/Library/PrivateFrameworks/SkyLight.framework/Versions/A/SkyLight
0x00007fff41a62000 	/System/Library/Frameworks/CoreGraphics.framework/Versions/A/CoreGraphics
0x00007fff3d93f000 	/System/Library/Frameworks/Accelerate.framework/Versions/A/Accelerate
0x00007fff44122000 	/System/Library/Frameworks/IOSurface.framework/Versions/A/IOSurface
0x00007fff56a48000 	/System/Library/PrivateFrameworks/DFRFoundation.framework/Versions/A/DFRFoundation
0x00007fff3fefc000 	/System/Library/Frameworks/AudioToolbox.framework/Versions/A/AudioToolbox
0x00007fff4019b000 	/System/Library/Frameworks/AudioUnit.framework/Versions/A/AudioUnit
0x00007fff56adf000 	/System/Library/PrivateFrameworks/DataDetectorsCore.framework/Versions/A/DataDetectorsCore
0x00007fff408da000 	/System/Library/Frameworks/Carbon.framework/Versions/A/Frameworks/HIToolbox.framework/Versions/A/HIToolbox
0x00007fff6cc29000 	/usr/lib/libicucore.A.dylib
0x00007fff4c602000 	/System/Library/Frameworks/QuartzCore.framework/Versions/A/QuartzCore
0x00007fff40cc1000 	/System/Library/Frameworks/Carbon.framework/Versions/A/Frameworks/SpeechRecognition.framework/Versions/A/SpeechRecognition
0x00007fff6be76000 	/usr/lib/libauto.dylib
0x00007fff6e591000 	/usr/lib/libxml2.2.dylib
0x00007fff56647000 	/System/Library/PrivateFrameworks/CoreUI.framework/Versions/A/CoreUI
0x00007fff41065000 	/System/Library/Frameworks/CoreAudio.framework/Versions/A/CoreAudio
0x00007fff437ca000 	/System/Library/Frameworks/DiskArbitration.framework/Versions/A/DiskArbitration
0x00007fff6ced9000 	/usr/lib/liblangid.dylib
0x00007fff60e94000 	/System/Library/PrivateFrameworks/MultitouchSupport.framework/Versions/A/MultitouchSupport
0x00007fff4408d000 	/System/Library/Frameworks/IOKit.framework/Versions/A/IOKit
0x00007fff6b961000 	/usr/lib/libDiagnosticMessagesClient.dylib
0x00007fff428d0000 	/System/Library/Frameworks/CoreServices.framework/Versions/A/CoreServices
0x00007fff62bca000 	/System/Library/PrivateFrameworks/PerformanceAnalysis.framework/Versions/A/PerformanceAnalysis
0x00007fff4b797000 	/System/Library/Frameworks/OpenGL.framework/Versions/A/OpenGL
0x00007fff40dfe000 	/System/Library/Frameworks/ColorSync.framework/Versions/A/ColorSync
0x00007fff420f1000 	/System/Library/Frameworks/CoreImage.framework/Versions/A/CoreImage
0x00007fff43313000 	/System/Library/Frameworks/CoreText.framework/Versions/A/CoreText
0x00007fff44183000 	/System/Library/Frameworks/ImageIO.framework/Versions/A/ImageIO
0x00007fff52c82000 	/System/Library/PrivateFrameworks/Backup.framework/Versions/A/Backup
0x00007fff6bdc9000 	/usr/lib/libarchive.2.dylib
0x00007fff404ff000 	/System/Library/Frameworks/CFNetwork.framework/Versions/A/CFNetwork
0x00007fff4d85a000 	/System/Library/Frameworks/SystemConfiguration.framework/Versions/A/SystemConfiguration
0x00007fff6b88a000 	/usr/lib/libCRFSuite.dylib
0x00007fff6bf6d000 	/usr/lib/libc++.1.dylib
0x00007fff6bfc5000 	/usr/lib/libc++abi.dylib
0x00007fff6e721000 	/usr/lib/system/libcache.dylib
0x00007fff6e726000 	/usr/lib/system/libcommonCrypto.dylib
0x00007fff6e731000 	/usr/lib/system/libcompiler_rt.dylib
0x00007fff6e739000 	/usr/lib/system/libcopyfile.dylib
0x00007fff6e743000 	/usr/lib/system/libcorecrypto.dylib
0x00007fff6e84e000 	/usr/lib/system/libdispatch.dylib
0x00007fff6e889000 	/usr/lib/system/libdyld.dylib
0x00007fff6e8b9000 	/usr/lib/system/libkeymgr.dylib
0x00007fff6e8c7000 	/usr/lib/system/liblaunch.dylib
0x00007fff6e8c8000 	/usr/lib/system/libmacho.dylib
0x00007fff6e8ce000 	/usr/lib/system/libquarantine.dylib
0x00007fff6e8d1000 	/usr/lib/system/libremovefile.dylib
0x00007fff6e8d3000 	/usr/lib/system/libsystem_asl.dylib
0x00007fff6e8eb000 	/usr/lib/system/libsystem_blocks.dylib
0x00007fff6e8ec000 	/usr/lib/system/libsystem_c.dylib
0x00007fff6e975000 	/usr/lib/system/libsystem_configuration.dylib
0x00007fff6e979000 	/usr/lib/system/libsystem_coreservices.dylib
0x00007fff6e97d000 	/usr/lib/system/libsystem_darwin.dylib
0x00007fff6e984000 	/usr/lib/system/libsystem_dnssd.dylib
0x00007fff6e98b000 	/usr/lib/system/libsystem_info.dylib
0x00007fff6ea01000 	/usr/lib/system/libsystem_m.dylib
0x00007fff6ea4d000 	/usr/lib/system/libsystem_malloc.dylib
0x00007fff6ea72000 	/usr/lib/system/libsystem_networkextension.dylib
0x00007fff6ea7e000 	/usr/lib/system/libsystem_notify.dylib
0x00007fff6ea9b000 	/usr/lib/system/libsystem_sandbox.dylib
0x00007fff6ea9f000 	/usr/lib/system/libsystem_secinit.dylib
0x00007fff6e9d8000 	/usr/lib/system/libsystem_kernel.dylib
0x00007fff6ea86000 	/usr/lib/system/libsystem_platform.dylib
0x00007fff6ea90000 	/usr/lib/system/libsystem_pthread.dylib
0x00007fff6eaa2000 	/usr/lib/system/libsystem_symptoms.dylib
0x00007fff6eaaa000 	/usr/lib/system/libsystem_trace.dylib
0x00007fff6eac1000 	/usr/lib/system/libunwind.dylib
0x00007fff6eac7000 	/usr/lib/system/libxpc.dylib
0x00007fff6bf4d000 	/usr/lib/libbsm.0.dylib
0x00007fff6e8ba000 	/usr/lib/system/libkxld.dylib
0x00007fff51f2f000 	/System/Library/PrivateFrameworks/AppleFSCompression.framework/Versions/A/AppleFSCompression
0x00007fff6bbd2000 	/usr/lib/libOpenScriptingUtil.dylib
0x00007fff6c2b0000 	/usr/lib/libcoretls.dylib
0x00007fff6c2c7000 	/usr/lib/libcoretls_cfhelpers.dylib
0x00007fff6df54000 	/usr/lib/libpam.2.dylib
0x00007fff6e117000 	/usr/lib/libsqlite3.dylib
0x00007fff6e57f000 	/usr/lib/libxar.1.dylib
0x00007fff6bf5e000 	/usr/lib/libbz2.1.0.dylib
0x00007fff6cedb000 	/usr/lib/liblzma.5.dylib
0x00007fff6d3d1000 	/usr/lib/libnetwork.dylib
0x00007fff6bdb2000 	/usr/lib/libapple_nghttp2.dylib
0x00007fff6df5b000 	/usr/lib/libpcap.A.dylib
0x00007fff42c74000 	/System/Library/Frameworks/CoreServices.framework/Versions/A/Frameworks/FSEvents.framework/Versions/A/FSEvents
0x00007fff42950000 	/System/Library/Frameworks/CoreServices.framework/Versions/A/Frameworks/CarbonCore.framework/Versions/A/CarbonCore
0x00007fff42e49000 	/System/Library/Frameworks/CoreServices.framework/Versions/A/Frameworks/Metadata.framework/Versions/A/Metadata
0x00007fff42eec000 	/System/Library/Frameworks/CoreServices.framework/Versions/A/Frameworks/OSServices.framework/Versions/A/OSServices
0x00007fff42f38000 	/System/Library/Frameworks/CoreServices.framework/Versions/A/Frameworks/SearchKit.framework/Versions/A/SearchKit
0x00007fff428d1000 	/System/Library/Frameworks/CoreServices.framework/Versions/A/Frameworks/AE.framework/Versions/A/AE
0x00007fff42c7d000 	/System/Library/Frameworks/CoreServices.framework/Versions/A/Frameworks/LaunchServices.framework/Versions/A/LaunchServices
0x00007fff42c29000 	/System/Library/Frameworks/CoreServices.framework/Versions/A/Frameworks/DictionaryServices.framework/Versions/A/DictionaryServices
0x00007fff42fa7000 	/System/Library/Frameworks/CoreServices.framework/Versions/A/Frameworks/SharedFileList.framework/Versions/A/SharedFileList
0x00007fff47728000 	/System/Library/Frameworks/NetFS.framework/Versions/A/NetFS
0x00007fff61131000 	/System/Library/PrivateFrameworks/NetAuth.framework/Versions/A/NetAuth
0x00007fff6b5cd000 	/System/Library/PrivateFrameworks/login.framework/Versions/A/Frameworks/loginsupport.framework/Versions/A/loginsupport
0x00007fff695d9000 	/System/Library/PrivateFrameworks/TCC.framework/Versions/A/TCC
0x00007fff55c4f000 	/System/Library/PrivateFrameworks/CoreNLP.framework/Versions/A/CoreNLP
0x00007fff60b85000 	/System/Library/PrivateFrameworks/MetadataUtilities.framework/Versions/A/MetadataUtilities
0x00007fff6cfbc000 	/usr/lib/libmecabra.dylib
0x00007fff3f9f8000 	/System/Library/Frameworks/ApplicationServices.framework/Versions/A/Frameworks/ATS.framework/Versions/A/ATS
0x00007fff3fd63000 	/System/Library/Frameworks/ApplicationServices.framework/Versions/A/Frameworks/ColorSyncLegacy.framework/Versions/A/ColorSyncLegacy
0x00007fff3fe04000 	/System/Library/Frameworks/ApplicationServices.framework/Versions/A/Frameworks/HIServices.framework/Versions/A/HIServices
0x00007fff3fe57000 	/System/Library/Frameworks/ApplicationServices.framework/Versions/A/Frameworks/LangAnalysis.framework/Versions/A/LangAnalysis
0x00007fff3fe66000 	/System/Library/Frameworks/ApplicationServices.framework/Versions/A/Frameworks/PrintCore.framework/Versions/A/PrintCore
0x00007fff3feb3000 	/System/Library/Frameworks/ApplicationServices.framework/Versions/A/Frameworks/QD.framework/Versions/A/QD
0x00007fff3feef000 	/System/Library/Frameworks/ApplicationServices.framework/Versions/A/Frameworks/SpeechSynthesis.framework/Versions/A/SpeechSynthesis
0x00007fff6bfed000 	/usr/lib/libcompression.dylib
0x00007fff41529000 	/System/Library/Frameworks/CoreDisplay.framework/Versions/A/CoreDisplay
0x00007fff4652a000 	/System/Library/Frameworks/MetalPerformanceShaders.framework/Versions/A/MetalPerformanceShaders
0x00007fff3d957000 	/System/Library/Frameworks/Accelerate.framework/Versions/A/Frameworks/vImage.framework/Versions/A/vImage
0x00007fff3e9d3000 	/System/Library/Frameworks/Accelerate.framework/Versions/A/Frameworks/vecLib.framework/Versions/A/vecLib
0x00007fff3e91d000 	/System/Library/Frameworks/Accelerate.framework/Versions/A/Frameworks/vecLib.framework/Versions/A/libvMisc.dylib
0x00007fff3e738000 	/System/Library/Frameworks/Accelerate.framework/Versions/A/Frameworks/vecLib.framework/Versions/A/libvDSP.dylib
0x00007fff3dff8000 	/System/Library/Frameworks/Accelerate.framework/Versions/A/Frameworks/vecLib.framework/Versions/A/libBLAS.dylib
0x00007fff3e2e3000 	/System/Library/Frameworks/Accelerate.framework/Versions/A/Frameworks/vecLib.framework/Versions/A/libLAPACK.dylib
0x00007fff3e68a000 	/System/Library/Frameworks/Accelerate.framework/Versions/A/Frameworks/vecLib.framework/Versions/A/libLinearAlgebra.dylib
0x00007fff3e724000 	/System/Library/Frameworks/Accelerate.framework/Versions/A/Frameworks/vecLib.framework/Versions/A/libSparseBLAS.dylib
0x00007fff3e6a0000 	/System/Library/Frameworks/Accelerate.framework/Versions/A/Frameworks/vecLib.framework/Versions/A/libQuadrature.dylib
0x00007fff3e270000 	/System/Library/Frameworks/Accelerate.framework/Versions/A/Frameworks/vecLib.framework/Versions/A/libBNNS.dylib
0x00007fff3e6a6000 	/System/Library/Frameworks/Accelerate.framework/Versions/A/Frameworks/vecLib.framework/Versions/A/libSparse.dylib
0x00007fff5d176000 	/System/Library/PrivateFrameworks/GPUWrangler.framework/Versions/A/GPUWrangler
0x00007fff5f5ab000 	/System/Library/PrivateFrameworks/IOAccelerator.framework/Versions/A/IOAccelerator
0x00007fff5f5b6000 	/System/Library/PrivateFrameworks/IOPresentment.framework/Versions/A/IOPresentment
0x00007fff56a58000 	/System/Library/PrivateFrameworks/DSExternalDisplay.framework/Versions/A/DSExternalDisplay
0x00007fff4abdc000 	/System/Library/Frameworks/OpenGL.framework/Versions/A/Libraries/libCoreFSCache.dylib
0x00007fff46312000 	/System/Library/Frameworks/MetalPerformanceShaders.framework/Frameworks/MPSCore.framework/Versions/A/MPSCore
0x00007fff46333000 	/System/Library/Frameworks/MetalPerformanceShaders.framework/Frameworks/MPSImage.framework/Versions/A/MPSImage
0x00007fff463db000 	/System/Library/Frameworks/MetalPerformanceShaders.framework/Frameworks/MPSNeuralNetwork.framework/Versions/A/MPSNeuralNetwork
0x00007fff463b2000 	/System/Library/Frameworks/MetalPerformanceShaders.framework/Frameworks/MPSMatrix.framework/Versions/A/MPSMatrix
0x00007fff4650e000 	/System/Library/Frameworks/MetalPerformanceShaders.framework/Frameworks/MPSRayIntersector.framework/Versions/A/MPSRayIntersector
0x00007fff60bae000 	/System/Library/PrivateFrameworks/MetalTools.framework/Versions/A/MetalTools
0x00007fff51629000 	/System/Library/PrivateFrameworks/AggregateDictionary.framework/Versions/A/AggregateDictionary
0x00007fff6bbb2000 	/usr/lib/libMobileGestalt.dylib
0x00007fff43479000 	/System/Library/Frameworks/CoreVideo.framework/Versions/A/CoreVideo
0x00007fff5dfe6000 	/System/Library/PrivateFrameworks/GraphVisualizer.framework/Versions/A/GraphVisualizer
0x00007fff57d81000 	/System/Library/PrivateFrameworks/FaceCore.framework/Versions/A/FaceCore
0x00007fff4a1f4000 	/System/Library/Frameworks/OpenCL.framework/Versions/A/OpenCL
0x00007fff6b999000 	/usr/lib/libFosl_dynamic.dylib
0x00007fff61a09000 	/System/Library/PrivateFrameworks/OTSVG.framework/Versions/A/OTSVG
0x00007fff3fafc000 	/System/Library/Frameworks/ApplicationServices.framework/Versions/A/Frameworks/ATS.framework/Versions/A/Resources/libFontParser.dylib
0x00007fff3fc1c000 	/System/Library/Frameworks/ApplicationServices.framework/Versions/A/Frameworks/ATS.framework/Versions/A/Resources/libFontRegistry.dylib
0x00007fff4440d000 	/System/Library/Frameworks/ImageIO.framework/Versions/A/Resources/libJPEG.dylib
0x00007fff4472f000 	/System/Library/Frameworks/ImageIO.framework/Versions/A/Resources/libTIFF.dylib
0x00007fff44705000 	/System/Library/Frameworks/ImageIO.framework/Versions/A/Resources/libPng.dylib
0x00007fff44322000 	/System/Library/Frameworks/ImageIO.framework/Versions/A/Resources/libGIF.dylib
0x00007fff44327000 	/System/Library/Frameworks/ImageIO.framework/Versions/A/Resources/libJP2.dylib
0x00007fff4472c000 	/System/Library/Frameworks/ImageIO.framework/Versions/A/Resources/libRadiance.dylib
0x00007fff52088000 	/System/Library/PrivateFrameworks/AppleJPEG.framework/Versions/A/AppleJPEG
0x00007fff4abe7000 	/System/Library/Frameworks/OpenGL.framework/Versions/A/Libraries/libGFXShared.dylib
0x00007fff4adaa000 	/System/Library/Frameworks/OpenGL.framework/Versions/A/Libraries/libGLU.dylib
0x00007fff4abf0000 	/System/Library/Frameworks/OpenGL.framework/Versions/A/Libraries/libGL.dylib
0x00007fff4abfc000 	/System/Library/Frameworks/OpenGL.framework/Versions/A/Libraries/libGLImage.dylib
0x00007fff4abd9000 	/System/Library/Frameworks/OpenGL.framework/Versions/A/Libraries/libCVMSPluginSupport.dylib
0x00007fff4abe2000 	/System/Library/Frameworks/OpenGL.framework/Versions/A/Libraries/libCoreVMClient.dylib
0x00007fff6c93f000 	/usr/lib/libcups.2.dylib
0x00007fff45827000 	/System/Library/Frameworks/Kerberos.framework/Versions/A/Kerberos
0x00007fff43dd7000 	/System/Library/Frameworks/GSS.framework/Versions/A/GSS
0x00007fff6e0ab000 	/usr/lib/libresolv.9.dylib
0x00007fff6cb37000 	/usr/lib/libiconv.2.dylib
0x00007fff5e146000 	/System/Library/PrivateFrameworks/Heimdal.framework/Versions/A/Heimdal
0x00007fff6cb06000 	/usr/lib/libheimdal-asn1.dylib
0x00007fff4a26a000 	/System/Library/Frameworks/OpenDirectory.framework/Versions/A/OpenDirectory
0x00007fff5494b000 	/System/Library/PrivateFrameworks/CommonAuth.framework/Versions/A/CommonAuth
0x00007fff4a24d000 	/System/Library/Frameworks/OpenDirectory.framework/Versions/A/Frameworks/CFOpenDirectory.framework/Versions/A/CFOpenDirectory
0x00007fff4d3d8000 	/System/Library/Frameworks/SecurityFoundation.framework/Versions/A/SecurityFoundation
0x00007fff50b38000 	/System/Library/PrivateFrameworks/APFS.framework/Versions/A/APFS
0x00007fff6e57b000 	/usr/lib/libutil.dylib
0x00007fff6bfdb000 	/usr/lib/libcharset.1.dylib
0x00007fff52324000 	/System/Library/PrivateFrameworks/AppleSauce.framework/Versions/A/AppleSauce
0x00007fff524b2000 	/System/Library/PrivateFrameworks/AssertionServices.framework/Versions/A/AssertionServices
0x00007fff52d25000 	/System/Library/PrivateFrameworks/BaseBoard.framework/Versions/A/BaseBoard
0x00007fff6cf0b000 	/usr/lib/libmecab.1.0.0.dylib
0x00007fff6cb00000 	/usr/lib/libgermantok.dylib
0x00007fff6bd9e000 	/usr/lib/libThaiTokenizer.dylib
0x00007fff6b8c5000 	/usr/lib/libChineseTokenizer.dylib
0x00007fff5fce2000 	/System/Library/PrivateFrameworks/LanguageModeling.framework/Versions/A/LanguageModeling
0x00007fff55665000 	/System/Library/PrivateFrameworks/CoreEmoji.framework/Versions/A/CoreEmoji
0x00007fff5fdda000 	/System/Library/PrivateFrameworks/Lexicon.framework/Versions/A/Lexicon
0x00007fff5fe22000 	/System/Library/PrivateFrameworks/LinguisticData.framework/Versions/A/LinguisticData
0x00007fff6bfdc000 	/usr/lib/libcmph.dylib
0x00007fff4d499000 	/System/Library/Frameworks/ServiceManagement.framework/Versions/A/ServiceManagement
0x00007fff52c78000 	/System/Library/PrivateFrameworks/BackgroundTaskManagement.framework/Versions/A/BackgroundTaskManagement
0x00007fff6e675000 	/usr/lib/libxslt.1.dylib
0x00007fff40bec000 	/System/Library/Frameworks/Carbon.framework/Versions/A/Frameworks/Ink.framework/Versions/A/Ink
0x00007fff69859000 	/System/Library/PrivateFrameworks/TextureIO.framework/Versions/A/TextureIO
0x00007fff6bdf3000 	/usr/lib/libate.dylib
0x00007fff569b4000 	/System/Library/PrivateFrameworks/CrashReporterSupport.framework/Versions/A/CrashReporterSupport
0x00007fff6687a000 	/System/Library/PrivateFrameworks/Sharing.framework/Versions/A/Sharing
0x00007fff52804000 	/System/Library/PrivateFrameworks/AuthKit.framework/Versions/A/AuthKit
0x00007fff51c27000 	/System/Library/PrivateFrameworks/Apple80211.framework/Versions/A/Apple80211
0x00007fff56774000 	/System/Library/PrivateFrameworks/CoreUtils.framework/Versions/A/CoreUtils
0x00007fff434b7000 	/System/Library/Frameworks/CoreWLAN.framework/Versions/A/CoreWLAN
0x00007fff43f21000 	/System/Library/Frameworks/IOBluetooth.framework/Versions/A/IOBluetooth
0x00007fff64b98000 	/System/Library/PrivateFrameworks/ProtocolBuffer.framework/Versions/A/ProtocolBuffer
0x00007fff60deb000 	/System/Library/PrivateFrameworks/MobileKeyBag.framework/Versions/A/MobileKeyBag
0x00007fff55f8c000 	/System/Library/PrivateFrameworks/CorePhoneNumbers.framework/Versions/A/CorePhoneNumbers
0x00007fff5203c000 	/System/Library/PrivateFrameworks/AppleIDAuthSupport.framework/Versions/A/AppleIDAuthSupport
0x00007fff5fcb3000 	/System/Library/PrivateFrameworks/KeychainCircle.framework/Versions/A/KeychainCircle
0x00007fff64d65000 	/System/Library/PrivateFrameworks/ROCKit.framework/Versions/A/ROCKit
0x00007fff56950000 	/System/Library/PrivateFrameworks/CoreWiFi.framework/Versions/A/CoreWiFi
0x00007fff4115b000 	/System/Library/Frameworks/CoreBluetooth.framework/Versions/A/CoreBluetooth
0x00007fff56ba4000 	/System/Library/PrivateFrameworks/DebugSymbols.framework/Versions/A/DebugSymbols
0x00007fff56529000 	/System/Library/PrivateFrameworks/CoreSymbolication.framework/Versions/A/CoreSymbolication
0x00007fff69043000 	/System/Library/PrivateFrameworks/Symbolication.framework/Versions/A/Symbolication
0x00007fff681d5000 	/System/Library/PrivateFrameworks/SpeechRecognitionCore.framework/Versions/A/SpeechRecognitionCore
0x000000010b600000 	/Library/Java/JavaVirtualMachines/jdk1.8.0_191.jdk/Contents/Home/jre/lib/server/libjvm.dylib
0x00007fff6e43f000 	/usr/lib/libstdc++.6.dylib
0x000000010acbb000 	/Library/Java/JavaVirtualMachines/jdk1.8.0_191.jdk/Contents/Home/jre/lib/libverify.dylib
0x000000010acc9000 	/Library/Java/JavaVirtualMachines/jdk1.8.0_191.jdk/Contents/Home/jre/lib/libjava.dylib
0x000000010ad49000 	/Library/Java/JavaVirtualMachines/jdk1.8.0_191.jdk/Contents/Home/jre/lib/libzip.dylib
0x0000000112ec1000 	/Library/Java/JavaVirtualMachines/jdk1.8.0_191.jdk/Contents/Home/jre/lib/libawt.dylib
0x0000000112f6b000 	/Library/Java/JavaVirtualMachines/jdk1.8.0_191.jdk/Contents/Home/jre/lib/./libmlib_image.dylib
0x00007fff45810000 	/System/Library/Frameworks/JavaVM.framework/Versions/A/Frameworks/JavaNativeFoundation.framework/Versions/A/JavaNativeFoundation
0x00007fff45819000 	/System/Library/Frameworks/JavaVM.framework/Versions/A/Frameworks/JavaRuntimeSupport.framework/Versions/A/JavaRuntimeSupport
0x00007fff45822000 	/System/Library/Frameworks/JavaVM.framework/Versions/A/JavaVM
0x00007fff5fbca000 	/System/Library/PrivateFrameworks/JavaLaunching.framework/Versions/A/JavaLaunching
0x00007fff408d5000 	/System/Library/Frameworks/Carbon.framework/Versions/A/Carbon
0x00007fff408d6000 	/System/Library/Frameworks/Carbon.framework/Versions/A/Frameworks/CommonPanels.framework/Versions/A/CommonPanels
0x00007fff40be2000 	/System/Library/Frameworks/Carbon.framework/Versions/A/Frameworks/Help.framework/Versions/A/Help
0x00007fff40be6000 	/System/Library/Frameworks/Carbon.framework/Versions/A/Frameworks/ImageCapture.framework/Versions/A/ImageCapture
0x00007fff40c81000 	/System/Library/Frameworks/Carbon.framework/Versions/A/Frameworks/OpenScripting.framework/Versions/A/OpenScripting
0x00007fff40cbc000 	/System/Library/Frameworks/Carbon.framework/Versions/A/Frameworks/Print.framework/Versions/A/Print
0x00007fff40cbe000 	/System/Library/Frameworks/Carbon.framework/Versions/A/Frameworks/SecurityHI.framework/Versions/A/SecurityHI
0x0000000113037000 	/Library/Java/JavaVirtualMachines/jdk1.8.0_191.jdk/Contents/Home/jre/lib/libawt_lwawt.dylib
0x00000001130f1000 	/Library/Java/JavaVirtualMachines/jdk1.8.0_191.jdk/Contents/Home/jre/lib/./libosxapp.dylib
0x00007fff43970000 	/System/Library/Frameworks/ExceptionHandling.framework/Versions/A/ExceptionHandling
0x00007fff56123000 	/System/Library/PrivateFrameworks/CoreServicesInternal.framework/Versions/A/CoreServicesInternal
0x00007fff374a8000 	/System/Library/CoreServices/RawCamera.bundle/Contents/MacOS/RawCamera
0x00007fff60c55000 	/System/Library/PrivateFrameworks/MobileAsset.framework/Versions/A/MobileAsset
0x00007fff688c7000 	/System/Library/PrivateFrameworks/StreamingZip.framework/Versions/A/StreamingZip
0x00007fff45bc2000 	/System/Library/Frameworks/MediaToolbox.framework/Versions/A/MediaToolbox
0x00007fff551ea000 	/System/Library/PrivateFrameworks/CoreAVCHD.framework/Versions/A/CoreAVCHD
0x00007fff45afe000 	/System/Library/Frameworks/MediaAccessibility.framework/Versions/A/MediaAccessibility
0x00007fff60687000 	/System/Library/PrivateFrameworks/Mangrove.framework/Versions/A/Mangrove
0x00007fff4276b000 	/System/Library/Frameworks/CoreMedia.framework/Versions/A/CoreMedia
0x00007fff4db2b000 	/System/Library/Frameworks/VideoToolbox.framework/Versions/A/VideoToolbox
0x00007fff54e12000 	/System/Library/PrivateFrameworks/CoreAUC.framework/Versions/A/CoreAUC
0x00007fff6e115000 	/usr/lib/libspindump.dylib
0x00007fff52417000 	/System/Library/PrivateFrameworks/AppleVA.framework/Versions/A/AppleVA
0x00007fff3d940000 	/System/Library/Frameworks/Accelerate.framework/Versions/A/Frameworks/vImage.framework/Versions/A/Libraries/libCGInterfaces.dylib
0x00007fff3fcc6000 	/System/Library/Frameworks/ApplicationServices.framework/Versions/A/Frameworks/ATS.framework/Versions/A/Resources/libTrueTypeScaler.dylib
0x00007fff3abef000 	/System/Library/Extensions/AppleIntelKBLGraphicsMTLDriver.bundle/Contents/MacOS/AppleIntelKBLGraphicsMTLDriver
0x00007fff5bacb000 	/System/Library/PrivateFrameworks/GPUCompiler.framework/Versions/3902/Libraries/libmetal_timestamp.dylib
0x00007fff581b3000 	/System/Library/PrivateFrameworks/FamilyControls.framework/Versions/A/FamilyControls
0x00007fff5493e000 	/System/Library/PrivateFrameworks/CommerceKit.framework/Versions/A/Frameworks/CommerceCore.framework/Versions/A/CommerceCore
0x00007fff6932c000 	/System/Library/PrivateFrameworks/SystemAdministration.framework/Versions/A/SystemAdministration
0x00007fff51b21000 	/System/Library/PrivateFrameworks/AppContainer.framework/Versions/A/AppContainer
0x00007fff51b3e000 	/System/Library/PrivateFrameworks/AppSandbox.framework/Versions/A/AppSandbox
0x00007fff66712000 	/System/Library/PrivateFrameworks/SecCodeWrapper.framework/Versions/A/SecCodeWrapper
0x00007fff6e0c5000 	/usr/lib/libsandbox.1.dylib
0x00007fff6bb7d000 	/usr/lib/libMatch.1.dylib
0x00007fff56f44000 	/System/Library/PrivateFrameworks/DiskManagement.framework/Versions/A/DiskManagement
0x00007fff436dd000 	/System/Library/Frameworks/DirectoryService.framework/Versions/A/DirectoryService
0x00007fff56e71000 	/System/Library/PrivateFrameworks/DiskImages.framework/Versions/A/DiskImages
0x00007fff5ff21000 	/System/Library/PrivateFrameworks/LoginUIKit.framework/Versions/A/Frameworks/LoginUICore.framework/Versions/A/LoginUICore
0x00007fff6b8d1000 	/usr/lib/libCoreStorage.dylib
0x00007fff6c92b000 	/usr/lib/libcsfde.dylib
0x00007fff6df42000 	/usr/lib/libodfde.dylib
0x00007fff607a8000 	/System/Library/PrivateFrameworks/MediaKit.framework/Versions/A/MediaKit
0x00007fff436e9000 	/System/Library/Frameworks/DiscRecording.framework/Versions/A/DiscRecording
0x00007fff570b1000 	/System/Library/PrivateFrameworks/EFILogin.framework/Versions/A/EFILogin
0x00007fff64b40000 	/System/Library/PrivateFrameworks/ProtectedCloudStorage.framework/Versions/A/ProtectedCloudStorage
0x00007fff6c9c0000 	/usr/lib/libcurl.4.dylib
0x00007fff6c792000 	/usr/lib/libcrypto.42.dylib
0x00007fff6e3f1000 	/usr/lib/libssl.44.dylib
0x00007fff45841000 	/System/Library/Frameworks/LDAP.framework/Versions/A/LDAP
0x00007fff699da000 	/System/Library/PrivateFrameworks/TrustEvaluationAgent.framework/Versions/A/TrustEvaluationAgent
0x00007fff6e102000 	/usr/lib/libsasl2.2.dylib
0x00007fff55449000 	/System/Library/PrivateFrameworks/CoreDaemon.framework/Versions/B/CoreDaemon
0x00007fff5231f000 	/System/Library/PrivateFrameworks/AppleSRP.framework/Versions/A/AppleSRP
0x00007fff6a88a000 	/System/Library/PrivateFrameworks/ViewBridge.framework/Versions/A/ViewBridge
0x00007fff4b7a7000 	/System/Library/Frameworks/OpenGL.framework/Versions/A/Resources/GLEngine.bundle/GLEngine
0x00007fff4ac37000 	/System/Library/Frameworks/OpenGL.framework/Versions/A/Libraries/libGLProgrammability.dylib
0x00007fff39e0e000 	/System/Library/Extensions/AppleIntelKBLGraphicsGLDriver.bundle/Contents/MacOS/AppleIntelKBLGraphicsGLDriver
0x00007fff5d16a000 	/System/Library/PrivateFrameworks/GPUSupport.framework/Versions/A/Libraries/libGPUSupportMercury.dylib
0x00007fff4b93e000 	/System/Library/Frameworks/OpenGL.framework/Versions/A/Resources/GLRendererFloat.bundle/GLRendererFloat
0x00007fff4a1eb000 	/System/Library/Frameworks/OpenCL.framework/Versions/A/Libraries/libcldcpuengine.dylib
0x00007fff6c467000 	/usr/lib/libcrypto.35.dylib
0x000000012785a000 	/Library/Java/JavaVirtualMachines/jdk1.8.0_191.jdk/Contents/Home/jre/lib/libfontmanager.dylib
0x00000001278c1000 	/usr/lib/libobjc-trampolines.dylib
0x0000000128c8a000 	/Library/Java/JavaVirtualMachines/jdk1.8.0_191.jdk/Contents/Home/jre/lib/libosxui.dylib
0x0000000129960000 	/Library/Java/JavaVirtualMachines/jdk1.8.0_191.jdk/Contents/Home/jre/lib/libnet.dylib
0x00000001299bf000 	/Library/Java/JavaVirtualMachines/jdk1.8.0_191.jdk/Contents/Home/jre/lib/libnio.dylib
0x0000000125407000 	/private/var/folders/_m/yh4n20q10h157qj87mnyrcjr0000gn/T/jogamp_0000/file_cache/jln1424100778830694417/jln2075490340212596533/libgluegen-rt.jnilib
0x000000012540c000 	/private/var/folders/_m/yh4n20q10h157qj87mnyrcjr0000gn/T/jogamp_0000/file_cache/jln1424100778830694417/jln2075490340212596533/libnativewindow_awt.jnilib
0x000000012540f000 	/Library/Java/JavaVirtualMachines/jdk1.8.0_191.jdk/Contents/Home/jre/lib/libjawt.dylib
0x0000000125412000 	/private/var/folders/_m/yh4n20q10h157qj87mnyrcjr0000gn/T/jogamp_0000/file_cache/jln1424100778830694417/jln2075490340212596533/libnativewindow_macosx.jnilib
0x00000001955f7000 	/private/var/folders/_m/yh4n20q10h157qj87mnyrcjr0000gn/T/jogamp_0000/file_cache/jln1424100778830694417/jln2075490340212596533/libjogl_desktop.jnilib
0x0000000125ed3000 	/Library/Java/JavaVirtualMachines/jdk1.8.0_191.jdk/Contents/Home/jre/lib/libsunec.dylib
0x000000019580f000 	/Library/Java/JavaVirtualMachines/jdk1.8.0_191.jdk/Contents/Home/jre/lib/libjpeg.dylib

VM Arguments:
jvm_args: -Djava.security.policy=java.policy.applet -Dfile.encoding=UTF-8 
java_command: sun.applet.AppletViewer module3.EarthquakeCityMap1549919966583.html
java_class_path (initial): /Users/philip/EclipseWorkspace/UCSDUnfoldingMaps/build:/Users/philip/EclipseWorkspace/UCSDUnfoldingMaps/lib/core.jar:/Users/philip/EclipseWorkspace/UCSDUnfoldingMaps/lib/gluegen-rt.jar:/Users/philip/EclipseWorkspace/UCSDUnfoldingMaps/lib/jogl-all.jar:/Users/philip/EclipseWorkspace/UCSDUnfoldingMaps/lib/log4j-1.2.15.jar:/Users/philip/EclipseWorkspace/UCSDUnfoldingMaps/lib/sqlite-jdbc-3.7.2.jar:/Users/philip/EclipseWorkspace/UCSDUnfoldingMaps/lib/json4processing.jar:/Users/philip/EclipseWorkspace/UCSDUnfoldingMaps/lib/libTUIO.jar:/Users/philip/EclipseWorkspace/UCSDUnfoldingMaps/lib/unfolding.0.9.7-uscd.jar
Launcher Type: SUN_STANDARD

Environment Variables:
PATH=/usr/bin:/bin:/usr/sbin:/sbin
SHELL=/bin/bash

Signal Handlers:
SIGSEGV: [libjvm.dylib+0x5b5de9], sa_mask[0]=11111111011111110111111111111111, sa_flags=SA_ONSTACK|SA_RESTART|SA_SIGINFO
SIGBUS: [libjvm.dylib+0x5b5de9], sa_mask[0]=11111111011111110111111111111111, sa_flags=SA_RESTART|SA_SIGINFO
SIGFPE: [libjvm.dylib+0x48b6b0], sa_mask[0]=11111111011111110111111111111111, sa_flags=SA_RESTART|SA_SIGINFO
SIGPIPE: [libjvm.dylib+0x48b6b0], sa_mask[0]=11111111011111110111111111111111, sa_flags=SA_RESTART|SA_SIGINFO
SIGXFSZ: [libjvm.dylib+0x48b6b0], sa_mask[0]=11111111011111110111111111111111, sa_flags=SA_RESTART|SA_SIGINFO
SIGILL: [libjvm.dylib+0x48b6b0], sa_mask[0]=11111111011111110111111111111111, sa_flags=SA_RESTART|SA_SIGINFO
SIGUSR1: SIG_DFL, sa_mask[0]=00000000000000000000000000000000, sa_flags=none
SIGUSR2: [libjvm.dylib+0x48b1ce], sa_mask[0]=00100000000000000000000000000000, sa_flags=SA_RESTART|SA_SIGINFO
SIGHUP: [libjvm.dylib+0x489759], sa_mask[0]=11111111011111110111111111111111, sa_flags=SA_RESTART|SA_SIGINFO
SIGINT: [libjvm.dylib+0x489759], sa_mask[0]=11111111011111110111111111111111, sa_flags=SA_RESTART|SA_SIGINFO
SIGTERM: [libjvm.dylib+0x489759], sa_mask[0]=11111111011111110111111111111111, sa_flags=SA_RESTART|SA_SIGINFO
SIGQUIT: [libjvm.dylib+0x489759], sa_mask[0]=11111111011111110111111111111111, sa_flags=SA_RESTART|SA_SIGINFO


---------------  S Y S T E M  ---------------

OS:Bsduname:Darwin 18.2.0 Darwin Kernel Version 18.2.0: Thu Dec 20 20:46:53 PST 2018; root:xnu-4903.241.1~1/RELEASE_X86_64 x86_64
rlimit: STACK 8192k, CORE 0k, NPROC 709, NOFILE 10240, AS infinity
load average:2.24 1.79 1.88

CPU:total 4 (initial active 4) (2 cores per cpu, 2 threads per core) family 6 model 142 stepping 9, cmov, cx8, fxsr, mmx, sse, sse2, sse3, ssse3, sse4.1, sse4.2, popcnt, avx, avx2, aes, clmul, erms, rtm, 3dnowpref, lzcnt, ht, tsc, tscinvbit, bmi1, bmi2, adx

Memory: 4k page, physical 8388608k(639616k free)

/proc/meminfo:


vm_info: Java HotSpot(TM) 64-Bit Server VM (25.191-b12) for bsd-amd64 JRE (1.8.0_191-b12), built on Oct  6 2018 08:37:07 by "java_re" with gcc 4.2.1 (Based on Apple Inc. build 5658) (LLVM build 2336.11.00)

time: Mon Feb 11 16:21:14 2019
elapsed time: 108 seconds (0d 0h 1m 48s)

